************************************************************
*                                                          *
*                     W E L C O M E to                     *
*              M A D G R A P H 5 _ a M C @ N L O           *
*                                                          *
*                                                          *
*                 *                       *                *
*                   *        * *        *                  *
*                     * * * * 5 * * * *                    *
*                   *        * *        *                  *
*                 *                       *                *
*                                                          *
*         VERSION 3.5.1                 2023-07-11         *
*                                                          *
*    The MadGraph5_aMC@NLO Development Team - Find us at   *
*              http://madgraph.phys.ucl.ac.be/             *
*                            and                           *
*            http://amcatnlo.web.cern.ch/amcatnlo/         *
*                                                          *
*               Type 'help' for in-line help.              *
*           Type 'tutorial' to learn how MG5 works         *
*    Type 'tutorial aMCatNLO' to learn how aMC@NLO works   *
*    Type 'tutorial MadLoop' to learn how MadLoop works    *
*                                                          *
************************************************************
load MG5 configuration from ../mg5amcnlo/input/mg5_configuration.txt 
fastjet-config does not seem to correspond to a valid fastjet-config executable (v3+). We will use fjcore instead.
 Please set the 'fastjet'variable to the full (absolute) /PATH/TO/fastjet-config (including fastjet-config).
 MG5_aMC> set fastjet /PATH/TO/fastjet-config

eMELA-config does not seem to correspond to a valid eMELA-config executable.
 Please set the 'fastjet'variable to the full (absolute) /PATH/TO/eMELA-config (including eMELA-config).
 MG5_aMC> set eMELA /PATH/TO/eMELA-config

lhapdf-config does not seem to correspond to a valid lhapdf-config executable. 
Please set the 'lhapdf' variable to the (absolute) /PATH/TO/lhapdf-config (including lhapdf-config).
Note that you can still compile and run aMC@NLO with the built-in PDFs
 MG5_aMC> set lhapdf /PATH/TO/lhapdf-config

None does not seem to correspond to a valid lhapdf-config executable. 
Please set the 'lhapdf' variable to the (absolute) /PATH/TO/lhapdf-config (including lhapdf-config).
Note that you can still compile and run aMC@NLO with the built-in PDFs
 MG5_aMC> set lhapdf /PATH/TO/lhapdf-config

Using default text editor "vi". Set another one in ./input/mg5_configuration.txt
Using default eps viewer "evince". Set another one in ./input/mg5_configuration.txt
Using default web browser "firefox". Set another one in ./input/mg5_configuration.txt
import /vols/cms/us322/02_event_generation_14_new/mg_processes/signal_supp_7/morphing_basis_vector_8/madminer/cards/mg_commands_0.dat
The import format was not given, so we guess it as command
launch /vols/cms/us322/02_event_generation_14_new/mg_processes/signal_supp_7/morphing_basis_vector_8
************************************************************
*                                                          *
*                      W E L C O M E to                    *
*             M A D G R A P H 5 _ a M C @ N L O            *
*                      M A D E V E N T                     *
*                                                          *
*                 *                       *                *
*                   *        * *        *                  *
*                     * * * * 5 * * * *                    *
*                   *        * *        *                  *
*                 *                       *                *
*                                                          *
*         VERSION 3.5.1                 2023-07-11         *
*                                                          *
*    The MadGraph5_aMC@NLO Development Team - Find us at   *
*    https://server06.fynu.ucl.ac.be/projects/madgraph     *
*                                                          *
*               Type 'help' for in-line help.              *
*                                                          *
************************************************************
INFO: load configuration from /vols/cms/us322/02_event_generation_14_new/mg_processes/signal_supp_7/morphing_basis_vector_8/Cards/me5_configuration.txt  
INFO: load configuration from /vols/cms/us322/mg5amcnlo/input/mg5_configuration.txt  
INFO: load configuration from /vols/cms/us322/02_event_generation_14_new/mg_processes/signal_supp_7/morphing_basis_vector_8/Cards/me5_configuration.txt  
Using default text editor "vi". Set another one in ./input/mg5_configuration.txt
generate_events run_01
stty: 'standard input': Inappropriate ioctl for device
The following switches determine which programs are run:
/===========================================================================\
| 1. Choose the shower/hadronization program   [1m  shower[0m = [32mPythia8[0m           |
| 2. Choose the detector simulation program    [1mdetector[0m = [01mNot Avail.[0m        |
| 3. Choose an analysis package (plot/convert) [1manalysis[0m = [01mNot Avail.[0m        |
| 4. Decay onshell particles                   [1m madspin[0m = [32mON[0m                |
| 5. Add weights to events for new hypp.       [1mreweight[0m = [32mON[0m                |
\===========================================================================/
Either type the switch number (1 to 5) to change its setting,
Set any switch explicitly (e.g. type 'shower=OFF' at the prompt)
Type 'help' for the list of all valid option
Type '0', 'auto', 'done' or just press enter when you are done.
[1;34mfound line : order=LO[0m
[1;34mThis answer is not valid for current question. Keep it for next question and use here default: 0[0m
Do you want to edit a card (press enter to bypass editing)?
/------------------------------------------------------------\
|  [31m1[0m. param         : [32mparam_card.dat[0m                         |
|  [31m2[0m. run           : [32mrun_card.dat[0m                           |
|  [31m3[0m. pythia8       : [32mpythia8_card.dat[0m                       |
|  [31m4[0m. madspin       : [32mmadspin_card.dat[0m                       |
|  [31m5[0m. reweight      : [32mreweight_card.dat[0m                      |
|  [31m6[0m. MadLoopParams : [32mMadLoopParams.dat[0m                      |
\------------------------------------------------------------/
 you can also
   - enter the path to a valid card or banner.
   - use the 'set' command to modify a parameter directly.
     The set option works only for param_card and run_card.
     Type 'help set' for more information on this command.
   - call an external program (ASperGE/MadWidth/...).
     Type 'help' for the list of available command
 [[4m0[0m, done, 1, param, 2, run, 3, pythia8, 4, enter path, ... ]
[1;34mfound line : order=LO[0m
[1;34mThis answer is not valid for current question. Keep it for next question and use here default: 0[0m
INFO: Update the dependent parameter of the param_card.dat 
[1;34mWARNING: update the strong coupling value (alpha_s) to the value from the pdf selected: 0.119 [0m
[1;34mWARNING: Unknow type of information in the card: dim64f2l,dim64f4l,dim64f [0m
Generating 25000 events with run name run_01
survey  run_01 
INFO: compile directory 
initMadLoop -r -f
Error: no DISPLAY environment variable specified
Initializing MadLoop loop-induced matrix elements (this can take some time)...
MadLoop initialization finished.
compile Source Directory
Using random number seed offset = 25485
INFO: Running Survey 
Creating Jobs
Working on SubProcesses
INFO:     P0_gg_hh  
INFO:  Idle: 1,  Running: 3,  Completed: 0 [ current time: 22h17 ] 
INFO:  Idle: 0,  Running: 3,  Completed: 1 [  13.2s  ] 
INFO: P0_gg_hh/G1 is at 0.0931 +- 0.00265 pb. Now submitting iteration #2. 
INFO:  Idle: 0,  Running: 3,  Completed: 6 [  34.9s  ] 
INFO: P0_gg_hh/G1 is at 0.09464 +- 0.000604 pb. Now submitting iteration #3. 
INFO:  Idle: 0,  Running: 3,  Completed: 11 [  1m 17s  ] 
INFO: Survey finished for P0_gg_hh/G1 at 0.09494 +- 0.000225 pb 
INFO:  Idle: 0,  Running: 0,  Completed: 15 [  1m 18s  ] 
INFO: End survey 
refine 25000
Creating Jobs
INFO: Refine results to 25000 
INFO: Generating 25000.0 unweighted events. 
sum of cpu time of last step: 0 second
INFO: Effective Luminosity 302802.73427214223 pb^-1 
INFO: need to improve 1 channels 
- Current estimate of cross-section: 0.094943 +- 0.00022475
INFO:  Idle: 0,  Running: 16,  Completed: 0 [ current time: 22h19 ] 
INFO:  Idle: 0,  Running: 15,  Completed: 1 [  58.7s  ] 
INFO: P0_gg_hh/G1 is at 4377/28670 (15%) event. Resubmit 30 job at iteration 1. 
INFO:  Idle: 13,  Running: 16,  Completed: 18 [  1m 58s  ] 
INFO:  Idle: 0,  Running: 13,  Completed: 34 [  2m 49s  ] 
INFO: P0_gg_hh/G1 is at 3870/28803 (13%) event. Resubmit 75 job at iteration 2. 
INFO:  Idle: 58,  Running: 16,  Completed: 49 [  3m 48s  ] 
INFO:  Idle: 42,  Running: 16,  Completed: 65 [  4m 47s  ] 
INFO:  Idle: 27,  Running: 16,  Completed: 80 [  4m 50s  ] 
INFO:  Idle: 26,  Running: 16,  Completed: 81 [  5m 46s  ] 
INFO:  Idle: 13,  Running: 16,  Completed: 94 [  5m 50s  ] 
INFO:  Idle: 10,  Running: 16,  Completed: 97 [  6m 46s  ] 
INFO:  Idle: 0,  Running: 13,  Completed: 110 [  6m 50s  ] 
INFO:  Idle: 0,  Running: 10,  Completed: 113 [  7m 27s  ] 
INFO: P0_gg_hh/G1 is at 10175/28781 ('35%') event. Resubmit 112 job at iteration 3. 
INFO:  Idle: 95,  Running: 16,  Completed: 125 [  8m 27s  ] 
INFO:  Idle: 80,  Running: 16,  Completed: 140 [  8m 33s  ] 
INFO:  Idle: 79,  Running: 16,  Completed: 141 [  9m 26s  ] 
INFO:  Idle: 65,  Running: 16,  Completed: 155 [  9m 31s  ] 
INFO:  Idle: 63,  Running: 16,  Completed: 157 [  10m 25s  ] 
INFO:  Idle: 49,  Running: 16,  Completed: 171 [  10m 30s  ] 
INFO:  Idle: 47,  Running: 16,  Completed: 173 [  11m 24s  ] 
INFO:  Idle: 35,  Running: 16,  Completed: 185 [  11m 29s  ] 
INFO:  Idle: 32,  Running: 16,  Completed: 188 [  11m 35s  ] 
INFO:  Idle: 31,  Running: 16,  Completed: 189 [  12m 23s  ] 
INFO:  Idle: 20,  Running: 16,  Completed: 200 [  12m 27s  ] 
INFO:  Idle: 17,  Running: 16,  Completed: 203 [  12m 33s  ] 
INFO:  Idle: 15,  Running: 16,  Completed: 205 [  13m 22s  ] 
INFO:  Idle: 4,  Running: 16,  Completed: 216 [  13m 26s  ] 
INFO:  Idle: 1,  Running: 16,  Completed: 219 [  13m 32s  ] 
INFO:  Idle: 0,  Running: 15,  Completed: 221 [  14m 21s  ] 
INFO:  Idle: 0,  Running: 4,  Completed: 232 [  14m 24s  ] 
INFO: P0_gg_hh/G1 is at 19643/28797 ('68%') event. Resubmit 109 job at iteration 4. 
INFO:  Idle: 92,  Running: 16,  Completed: 238 [  15m 25s  ] 
INFO:  Idle: 79,  Running: 16,  Completed: 251 [  15m 30s  ] 
INFO:  Idle: 76,  Running: 16,  Completed: 254 [  16m 24s  ] 
INFO:  Idle: 66,  Running: 16,  Completed: 264 [  16m 29s  ] 
INFO:  Idle: 61,  Running: 16,  Completed: 269 [  16m 33s  ] 
INFO:  Idle: 60,  Running: 16,  Completed: 270 [  17m 24s  ] 
INFO:  Idle: 53,  Running: 16,  Completed: 277 [  17m 28s  ] 
INFO:  Idle: 45,  Running: 16,  Completed: 285 [  17m 33s  ] 
INFO:  Idle: 44,  Running: 16,  Completed: 286 [  18m 23s  ] 
INFO:  Idle: 38,  Running: 16,  Completed: 292 [  18m 27s  ] 
INFO:  Idle: 31,  Running: 16,  Completed: 299 [  18m 31s  ] 
INFO:  Idle: 29,  Running: 16,  Completed: 301 [  18m 34s  ] 
INFO:  Idle: 28,  Running: 16,  Completed: 302 [  19m 22s  ] 
INFO:  Idle: 22,  Running: 16,  Completed: 308 [  19m 27s  ] 
INFO:  Idle: 16,  Running: 16,  Completed: 314 [  19m 30s  ] 
INFO:  Idle: 12,  Running: 16,  Completed: 318 [  20m 21s  ] 
INFO:  Idle: 6,  Running: 16,  Completed: 324 [  20m 26s  ] 
INFO:  Idle: 0,  Running: 16,  Completed: 330 [  20m 29s  ] 
INFO:  Idle: 0,  Running: 12,  Completed: 334 [  21m 12s  ] 
INFO: found enough event for P0_gg_hh/G1 
INFO:  Idle: 0,  Running: 0,  Completed: 347 [  21m 15s  ] 
INFO:  Idle: 0,  Running: 0,  Completed: 347 [  21m 15s  ] 
INFO: Combining runs 
sum of cpu time of last step: 0 second
INFO: finish refine 
refine 25000 --treshold=0.9
No need for second refine due to stability of cross-section
INFO: Combining Events 
 
 
 
  === Results Summary for run: run_01 tag: tag_1 ===

     Cumulative sequential time for this run: 22m12s
     Cross-section :   0.09503 +- 8.197e-05 pb
     Nb of events :  25000
 
store_events
INFO: Storing parton level results 
INFO: End Parton 
reweight -from_cards
INFO: Extracting the banner ... 
INFO: process: p p > H H QED=2 QCD=2  
INFO: options: NP=2  
INFO: Running Reweighting 
change output default
change helicity False
launch --rwgt_name=sm
INFO: detected model: SMEFTatNLO-LO. Loading... 
INFO: generating the square matrix element for reweighting 
INFO: generate p p > H H   QED=2 QCD=2 NP=2   --no_warning=duplicate;define pert_QCD = -5 -4 -3 -2 -1 1 2 3 4 5 21;add process p p > H H    pert_QCD QED=2 QCD=3 NP=2    --no_warning=duplicate; 
INFO: RETRY with generate p p > H H   QED=2 QCD=2 NP=2  [virt=QCD] ; 
INFO: Done 7.653 
Do you want to edit a card (press enter to bypass editing)?
/------------------------------------------------------------\
|  [31m1[0m. param : [32mparam_card.dat[0m                                 |
|  [31m9[0m. plot  : [32mplot_card.dat[0m                                  |
\------------------------------------------------------------/
 you can also
   - enter the path to a valid card or banner.
   - use the 'set' command to modify a parameter directly.
     The set option works only for param_card and run_card.
     Type 'help set' for more information on this command.
   - call an external program (ASperGE/MadWidth/...).
     Type 'help' for the list of available command
 [[4m0[0m, done, 1, param, 9, plot, enter path]
>INFO: starts to compute weight for events with the following modification to the param_card: 
INFO: set param_card dim6 4 0.0 # orig: -1.757994
KEEP:set param_card dim6 5 0.0 # orig: 7.687006
KEEP:set param_card dim62f 19 0.0 # orig: -4.792287
KEEP: 
INFO: Event nb 0 current time: 22h41 
INFO: Event nb 10  0.13s  
INFO: Event nb 20  0.21s  
INFO: Event nb 30  0.29s  
INFO: Event nb 40  0.39s  
INFO: Event nb 50  0.47s  
INFO: Event nb 60  0.56s  
INFO: Event nb 70  0.64s  
INFO: Event nb 80  0.72s  
INFO: Event nb 90  0.8s  
INFO: Event nb 100  0.88s  
INFO: Event nb 200  1.7s  
INFO: Event nb 300  2.5s  
INFO: Event nb 400  3.3s  
INFO: Event nb 500  4.2s  
INFO: Event nb 600  5.1s  
INFO: Event nb 700  5.9s  
INFO: Event nb 800  6.8s  
INFO: Event nb 900  7.6s  
INFO: Event nb 1000  8.5s  
INFO: Event nb 2000  17.2s  
INFO: Event nb 3000  25.6s  
INFO: Event nb 4000  34.3s  
INFO: Event nb 5000  42.8s  
INFO: Event nb 6000  51.3s  
INFO: Event nb 7000  60s  
INFO: Event nb 8000  1m 8s  
INFO: Event nb 9000  1m 16s  
INFO: Event nb 10000  1m 25s  
INFO: reducing number of print status. Next status update in 10000 events 
INFO: Event nb 20000  2m 50s  
INFO: All event done  (nb_event: 25000)  3m 33s  
INFO: Event /vols/cms/us322/02_event_generation_14_new/mg_processes/signal_supp_7/morphing_basis_vector_8/Events/run_01/unweighted_events.lhe have now the additional weight 
INFO: new cross-section is : 0.0157376 pb (indicative error: 0.00135353 pb) 
launch --rwgt_name=morphing_basis_vector_1
Do you want to edit a card (press enter to bypass editing)?
/------------------------------------------------------------\
|  [31m1[0m. param : [32mparam_card.dat[0m                                 |
|  [31m9[0m. plot  : [32mplot_card.dat[0m                                  |
\------------------------------------------------------------/
 you can also
   - enter the path to a valid card or banner.
   - use the 'set' command to modify a parameter directly.
     The set option works only for param_card and run_card.
     Type 'help set' for more information on this command.
   - call an external program (ASperGE/MadWidth/...).
     Type 'help' for the list of available command
 [[4m0[0m, done, 1, param, 9, plot, enter path]
>INFO: starts to compute weight for events with the following modification to the param_card: 
INFO: set param_card dim6 4 -4.270762 # orig: -1.757994
KEEP:set param_card dim6 5 -9.635791 # orig: 7.687006
KEEP:set param_card dim62f 19 -5.011696 # orig: -4.792287
KEEP: 
INFO: Event nb 0 current time: 22h44 
INFO: Event nb 10  0.092s  
INFO: Event nb 20  0.18s  
INFO: Event nb 30  0.27s  
INFO: Event nb 40  0.36s  
INFO: Event nb 50  0.46s  
INFO: Event nb 60  0.55s  
INFO: Event nb 70  0.64s  
INFO: Event nb 80  0.73s  
INFO: Event nb 90  0.82s  
INFO: Event nb 100  0.91s  
INFO: Event nb 200  1.8s  
INFO: Event nb 300  2.8s  
INFO: Event nb 400  3.7s  
INFO: Event nb 500  4.6s  
INFO: Event nb 600  5.6s  
INFO: Event nb 700  6.4s  
INFO: Event nb 800  7.3s  
INFO: Event nb 900  8.2s  
INFO: Event nb 1000  9.2s  
INFO: Event nb 2000  18.4s  
INFO: Event nb 3000  27.5s  
INFO: Event nb 4000  36.8s  
INFO: Event nb 5000  45.8s  
INFO: Event nb 6000  55s  
INFO: Event nb 7000  1m 4s  
INFO: Event nb 8000  1m 13s  
INFO: Event nb 9000  1m 22s  
INFO: Event nb 10000  1m 31s  
INFO: reducing number of print status. Next status update in 10000 events 
INFO: Event nb 20000  3m 4s  
INFO: All event done  (nb_event: 25000)  3m 49s  
INFO: Event /vols/cms/us322/02_event_generation_14_new/mg_processes/signal_supp_7/morphing_basis_vector_8/Events/run_01/unweighted_events.lhe have now the additional weight 
INFO: new cross-section is : 0.0496513 pb (indicative error: 0.00232837 pb) 
launch --rwgt_name=morphing_basis_vector_2
Do you want to edit a card (press enter to bypass editing)?
/------------------------------------------------------------\
|  [31m1[0m. param : [32mparam_card.dat[0m                                 |
|  [31m9[0m. plot  : [32mplot_card.dat[0m                                  |
\------------------------------------------------------------/
 you can also
   - enter the path to a valid card or banner.
   - use the 'set' command to modify a parameter directly.
     The set option works only for param_card and run_card.
     Type 'help set' for more information on this command.
   - call an external program (ASperGE/MadWidth/...).
     Type 'help' for the list of available command
 [[4m0[0m, done, 1, param, 9, plot, enter path]
>INFO: starts to compute weight for events with the following modification to the param_card: 
INFO: set param_card dim6 4 -3.509851 # orig: -1.757994
KEEP:set param_card dim6 5 -14.88657 # orig: 7.687006
KEEP:set param_card dim62f 19 6.650933 # orig: -4.792287
KEEP: 
INFO: Event nb 0 current time: 22h48 
INFO: Event nb 10  0.092s  
INFO: Event nb 20  0.18s  
INFO: Event nb 30  0.27s  
INFO: Event nb 40  0.37s  
INFO: Event nb 50  0.46s  
INFO: Event nb 60  0.55s  
INFO: Event nb 70  0.64s  
INFO: Event nb 80  0.73s  
INFO: Event nb 90  0.82s  
INFO: Event nb 100  0.91s  
INFO: Event nb 200  1.8s  
INFO: Event nb 300  2.7s  
INFO: Event nb 400  3.6s  
INFO: Event nb 500  4.5s  
INFO: Event nb 600  5.4s  
INFO: Event nb 700  6.3s  
INFO: Event nb 800  7.2s  
INFO: Event nb 900  8.1s  
INFO: Event nb 1000  9s  
INFO: Event nb 2000  18.4s  
INFO: Event nb 3000  27.5s  
INFO: Event nb 4000  36.7s  
INFO: Event nb 5000  45.9s  
INFO: Event nb 6000  55s  
INFO: Event nb 7000  1m 4s  
INFO: Event nb 8000  1m 13s  
INFO: Event nb 9000  1m 22s  
INFO: Event nb 10000  1m 32s  
INFO: reducing number of print status. Next status update in 10000 events 
INFO: Event nb 20000  3m 4s  
INFO: All event done  (nb_event: 25000)  3m 49s  
INFO: Event /vols/cms/us322/02_event_generation_14_new/mg_processes/signal_supp_7/morphing_basis_vector_8/Events/run_01/unweighted_events.lhe have now the additional weight 
INFO: new cross-section is : 0.0751499 pb (indicative error: 0.00723448 pb) 
launch --rwgt_name=morphing_basis_vector_3
Do you want to edit a card (press enter to bypass editing)?
/------------------------------------------------------------\
|  [31m1[0m. param : [32mparam_card.dat[0m                                 |
|  [31m9[0m. plot  : [32mplot_card.dat[0m                                  |
\------------------------------------------------------------/
 you can also
   - enter the path to a valid card or banner.
   - use the 'set' command to modify a parameter directly.
     The set option works only for param_card and run_card.
     Type 'help set' for more information on this command.
   - call an external program (ASperGE/MadWidth/...).
     Type 'help' for the list of available command
 [[4m0[0m, done, 1, param, 9, plot, enter path]
>INFO: starts to compute weight for events with the following modification to the param_card: 
INFO: set param_card dim6 4 -4.70413 # orig: -1.757994
KEEP:set param_card dim6 5 -2.237588 # orig: 7.687006
KEEP:set param_card dim62f 19 4.219889 # orig: -4.792287
KEEP: 
INFO: Event nb 0 current time: 22h52 
INFO: Event nb 10  0.098s  
INFO: Event nb 20  0.19s  
INFO: Event nb 30  0.28s  
INFO: Event nb 40  0.39s  
INFO: Event nb 50  0.49s  
INFO: Event nb 60  0.59s  
INFO: Event nb 70  0.68s  
INFO: Event nb 80  0.78s  
INFO: Event nb 90  0.88s  
INFO: Event nb 100  0.97s  
INFO: Event nb 200  1.9s  
INFO: Event nb 300  2.8s  
INFO: Event nb 400  3.8s  
INFO: Event nb 500  4.7s  
INFO: Event nb 600  5.6s  
INFO: Event nb 700  6.5s  
INFO: Event nb 800  7.4s  
INFO: Event nb 900  8.3s  
INFO: Event nb 1000  9.2s  
INFO: Event nb 2000  18.4s  
INFO: Event nb 3000  27.7s  
INFO: Event nb 4000  37.1s  
INFO: Event nb 5000  46.4s  
INFO: Event nb 6000  55.7s  
INFO: Event nb 7000  1m 4s  
INFO: Event nb 8000  1m 14s  
INFO: Event nb 9000  1m 23s  
INFO: Event nb 10000  1m 32s  
INFO: reducing number of print status. Next status update in 10000 events 
INFO: Event nb 20000  3m 4s  
INFO: All event done  (nb_event: 25000)  3m 50s  
INFO: Event /vols/cms/us322/02_event_generation_14_new/mg_processes/signal_supp_7/morphing_basis_vector_8/Events/run_01/unweighted_events.lhe have now the additional weight 
INFO: new cross-section is : 0.0476095 pb (indicative error: 0.00828303 pb) 
launch --rwgt_name=morphing_basis_vector_4
Do you want to edit a card (press enter to bypass editing)?
/------------------------------------------------------------\
|  [31m1[0m. param : [32mparam_card.dat[0m                                 |
|  [31m9[0m. plot  : [32mplot_card.dat[0m                                  |
\------------------------------------------------------------/
 you can also
   - enter the path to a valid card or banner.
   - use the 'set' command to modify a parameter directly.
     The set option works only for param_card and run_card.
     Type 'help set' for more information on this command.
   - call an external program (ASperGE/MadWidth/...).
     Type 'help' for the list of available command
 [[4m0[0m, done, 1, param, 9, plot, enter path]
>INFO: starts to compute weight for events with the following modification to the param_card: 
INFO: set param_card dim6 4 0.1140347 # orig: -1.757994
KEEP:set param_card dim6 5 4.567852 # orig: 7.687006
KEEP:set param_card dim62f 19 5.437451 # orig: -4.792287
KEEP: 
INFO: Event nb 0 current time: 22h56 
INFO: Event nb 10  0.093s  
INFO: Event nb 20  0.19s  
INFO: Event nb 30  0.28s  
INFO: Event nb 40  0.38s  
INFO: Event nb 50  0.48s  
INFO: Event nb 60  0.57s  
INFO: Event nb 70  0.66s  
INFO: Event nb 80  0.76s  
INFO: Event nb 90  0.85s  
INFO: Event nb 100  0.94s  
INFO: Event nb 200  1.9s  
INFO: Event nb 300  2.8s  
INFO: Event nb 400  3.8s  
INFO: Event nb 500  4.7s  
INFO: Event nb 600  5.8s  
INFO: Event nb 700  6.7s  
INFO: Event nb 800  7.6s  
INFO: Event nb 900  8.5s  
INFO: Event nb 1000  9.5s  
INFO: Event nb 2000  18.9s  
INFO: Event nb 3000  28.5s  
INFO: Event nb 4000  37.7s  
INFO: Event nb 5000  47.1s  
INFO: Event nb 6000  56.3s  
INFO: Event nb 7000  1m 5s  
INFO: Event nb 8000  1m 14s  
INFO: Event nb 9000  1m 23s  
INFO: Event nb 10000  1m 33s  
INFO: reducing number of print status. Next status update in 10000 events 
INFO: Event nb 20000  3m 5s  
INFO: All event done  (nb_event: 25000)  3m 51s  
INFO: Event /vols/cms/us322/02_event_generation_14_new/mg_processes/signal_supp_7/morphing_basis_vector_8/Events/run_01/unweighted_events.lhe have now the additional weight 
INFO: new cross-section is : 0.118957 pb (indicative error: 0.00797842 pb) 
launch --rwgt_name=morphing_basis_vector_5
Do you want to edit a card (press enter to bypass editing)?
/------------------------------------------------------------\
|  [31m1[0m. param : [32mparam_card.dat[0m                                 |
|  [31m9[0m. plot  : [32mplot_card.dat[0m                                  |
\------------------------------------------------------------/
 you can also
   - enter the path to a valid card or banner.
   - use the 'set' command to modify a parameter directly.
     The set option works only for param_card and run_card.
     Type 'help set' for more information on this command.
   - call an external program (ASperGE/MadWidth/...).
     Type 'help' for the list of available command
 [[4m0[0m, done, 1, param, 9, plot, enter path]
>INFO: starts to compute weight for events with the following modification to the param_card: 
INFO: set param_card dim6 4 2.704957 # orig: -1.757994
KEEP:set param_card dim6 5 -11.77089 # orig: 7.687006
KEEP:set param_card dim62f 19 -5.938309 # orig: -4.792287
KEEP: 
INFO: Event nb 0 current time: 23h00 
INFO: Event nb 10  0.09s  
INFO: Event nb 20  0.18s  
INFO: Event nb 30  0.27s  
INFO: Event nb 40  0.36s  
INFO: Event nb 50  0.46s  
INFO: Event nb 60  0.54s  
INFO: Event nb 70  0.63s  
INFO: Event nb 80  0.72s  
INFO: Event nb 90  0.82s  
INFO: Event nb 100  1.2s  
INFO: Event nb 200  2.2s  
INFO: Event nb 300  3.1s  
INFO: Event nb 400  4s  
INFO: Event nb 500  4.9s  
INFO: Event nb 600  5.8s  
INFO: Event nb 700  6.7s  
INFO: Event nb 800  7.6s  
INFO: Event nb 900  8.5s  
INFO: Event nb 1000  9.5s  
INFO: Event nb 2000  18.8s  
INFO: Event nb 3000  27.8s  
INFO: Event nb 4000  37.5s  
INFO: Event nb 5000  46.8s  
INFO: Event nb 6000  56.1s  
INFO: Event nb 7000  1m 5s  
INFO: Event nb 8000  1m 14s  
INFO: Event nb 9000  1m 23s  
INFO: Event nb 10000  1m 32s  
INFO: reducing number of print status. Next status update in 10000 events 
INFO: Event nb 20000  3m 5s  
INFO: All event done  (nb_event: 25000)  3m 51s  
INFO: Event /vols/cms/us322/02_event_generation_14_new/mg_processes/signal_supp_7/morphing_basis_vector_8/Events/run_01/unweighted_events.lhe have now the additional weight 
INFO: new cross-section is : 0.184624 pb (indicative error: 0.00830656 pb) 
launch --rwgt_name=morphing_basis_vector_6
Do you want to edit a card (press enter to bypass editing)?
/------------------------------------------------------------\
|  [31m1[0m. param : [32mparam_card.dat[0m                                 |
|  [31m9[0m. plot  : [32mplot_card.dat[0m                                  |
\------------------------------------------------------------/
 you can also
   - enter the path to a valid card or banner.
   - use the 'set' command to modify a parameter directly.
     The set option works only for param_card and run_card.
     Type 'help set' for more information on this command.
   - call an external program (ASperGE/MadWidth/...).
     Type 'help' for the list of available command
 [[4m0[0m, done, 1, param, 9, plot, enter path]
>INFO: starts to compute weight for events with the following modification to the param_card: 
INFO: set param_card dim6 4 4.585811 # orig: -1.757994
KEEP:set param_card dim6 5 6.747472 # orig: 7.687006
KEEP:set param_card dim62f 19 -2.432281 # orig: -4.792287
KEEP: 
INFO: Event nb 0 current time: 23h04 
INFO: Event nb 10  0.091s  
INFO: Event nb 20  0.19s  
INFO: Event nb 30  0.29s  
INFO: Event nb 40  0.65s  
INFO: Event nb 50  0.89s  
INFO: Event nb 60  1.1s  
INFO: Event nb 70  1.2s  
INFO: Event nb 80  1.3s  
INFO: Event nb 90  2.1s  
INFO: Event nb 100  2.1s  
INFO: Event nb 200  3.1s  
INFO: Event nb 300  3.9s  
INFO: Event nb 400  4.9s  
INFO: Event nb 500  5.8s  
INFO: Event nb 600  6.7s  
INFO: Event nb 700  7.6s  
INFO: Event nb 800  8.5s  
INFO: Event nb 900  9.4s  
INFO: Event nb 1000  10.3s  
INFO: Event nb 2000  19.6s  
INFO: Event nb 3000  28.7s  
INFO: Event nb 4000  38s  
INFO: Event nb 5000  47.2s  
INFO: Event nb 6000  56.3s  
INFO: Event nb 7000  1m 5s  
INFO: Event nb 8000  1m 14s  
INFO: Event nb 9000  1m 23s  
INFO: Event nb 10000  1m 33s  
INFO: reducing number of print status. Next status update in 10000 events 
INFO: Event nb 20000  3m 4s  
INFO: All event done  (nb_event: 25000)  3m 50s  
INFO: Event /vols/cms/us322/02_event_generation_14_new/mg_processes/signal_supp_7/morphing_basis_vector_8/Events/run_01/unweighted_events.lhe have now the additional weight 
INFO: new cross-section is : 0.0495031 pb (indicative error: 0.00150023 pb) 
launch --rwgt_name=morphing_basis_vector_7
Do you want to edit a card (press enter to bypass editing)?
/------------------------------------------------------------\
|  [31m1[0m. param : [32mparam_card.dat[0m                                 |
|  [31m9[0m. plot  : [32mplot_card.dat[0m                                  |
\------------------------------------------------------------/
 you can also
   - enter the path to a valid card or banner.
   - use the 'set' command to modify a parameter directly.
     The set option works only for param_card and run_card.
     Type 'help set' for more information on this command.
   - call an external program (ASperGE/MadWidth/...).
     Type 'help' for the list of available command
 [[4m0[0m, done, 1, param, 9, plot, enter path]
>INFO: starts to compute weight for events with the following modification to the param_card: 
INFO: set param_card dim6 4 -1.246802 # orig: -1.757994
KEEP:set param_card dim6 5 -14.80999 # orig: 7.687006
KEEP:set param_card dim62f 19 0.4606651 # orig: -4.792287
KEEP: 
INFO: Event nb 0 current time: 23h07 
INFO: Event nb 10  0.09s  
INFO: Event nb 20  0.18s  
INFO: Event nb 30  0.26s  
INFO: Event nb 40  0.36s  
INFO: Event nb 50  0.45s  
INFO: Event nb 60  0.54s  
INFO: Event nb 70  0.63s  
INFO: Event nb 80  0.72s  
INFO: Event nb 90  0.8s  
INFO: Event nb 100  0.89s  
INFO: Event nb 200  1.8s  
INFO: Event nb 300  2.6s  
INFO: Event nb 400  3.5s  
INFO: Event nb 500  4.4s  
INFO: Event nb 600  5.5s  
INFO: Event nb 700  6.4s  
INFO: Event nb 800  7.3s  
INFO: Event nb 900  8.2s  
INFO: Event nb 1000  9.2s  
INFO: Event nb 2000  18.4s  
INFO: Event nb 3000  27.2s  
INFO: Event nb 4000  36.3s  
INFO: Event nb 5000  45.3s  
INFO: Event nb 6000  54.6s  
INFO: Event nb 7000  1m 3s  
INFO: Event nb 8000  1m 12s  
INFO: Event nb 9000  1m 22s  
INFO: Event nb 10000  1m 31s  
INFO: reducing number of print status. Next status update in 10000 events 
INFO: Event nb 20000  3m 2s  
INFO: All event done  (nb_event: 25000)  3m 47s  
INFO: Event /vols/cms/us322/02_event_generation_14_new/mg_processes/signal_supp_7/morphing_basis_vector_8/Events/run_01/unweighted_events.lhe have now the additional weight 
INFO: new cross-section is : 0.127611 pb (indicative error: 0.00655967 pb) 
launch --rwgt_name=morphing_basis_vector_9
Do you want to edit a card (press enter to bypass editing)?
/------------------------------------------------------------\
|  [31m1[0m. param : [32mparam_card.dat[0m                                 |
|  [31m9[0m. plot  : [32mplot_card.dat[0m                                  |
\------------------------------------------------------------/
 you can also
   - enter the path to a valid card or banner.
   - use the 'set' command to modify a parameter directly.
     The set option works only for param_card and run_card.
     Type 'help set' for more information on this command.
   - call an external program (ASperGE/MadWidth/...).
     Type 'help' for the list of available command
 [[4m0[0m, done, 1, param, 9, plot, enter path]
>INFO: starts to compute weight for events with the following modification to the param_card: 
INFO: set param_card dim6 4 3.774042 # orig: -1.757994
KEEP:set param_card dim6 5 0.6799669 # orig: 7.687006
KEEP:set param_card dim62f 19 4.975328 # orig: -4.792287
KEEP: 
INFO: Event nb 0 current time: 23h11 
INFO: Event nb 10  0.094s  
INFO: Event nb 20  0.18s  
INFO: Event nb 30  0.27s  
INFO: Event nb 40  0.37s  
INFO: Event nb 50  0.47s  
INFO: Event nb 60  0.56s  
INFO: Event nb 70  0.66s  
INFO: Event nb 80  0.75s  
INFO: Event nb 90  0.85s  
INFO: Event nb 100  0.94s  
INFO: Event nb 200  1.8s  
INFO: Event nb 300  2.7s  
INFO: Event nb 400  3.7s  
INFO: Event nb 500  4.6s  
INFO: Event nb 600  5.5s  
INFO: Event nb 700  6.4s  
INFO: Event nb 800  7.4s  
INFO: Event nb 900  8.3s  
INFO: Event nb 1000  9.1s  
INFO: Event nb 2000  18.4s  
INFO: Event nb 3000  27.5s  
INFO: Event nb 4000  36.7s  
INFO: Event nb 5000  46s  
INFO: Event nb 6000  55.2s  
INFO: Event nb 7000  1m 4s  
INFO: Event nb 8000  1m 13s  
INFO: Event nb 9000  1m 22s  
INFO: Event nb 10000  1m 31s  
INFO: reducing number of print status. Next status update in 10000 events 
INFO: Event nb 20000  3m 2s  
INFO: All event done  (nb_event: 25000)  3m 48s  
INFO: Event /vols/cms/us322/02_event_generation_14_new/mg_processes/signal_supp_7/morphing_basis_vector_8/Events/run_01/unweighted_events.lhe have now the additional weight 
INFO: new cross-section is : 0.0284216 pb (indicative error: 0.00331233 pb) 
INFO: Original cross-section: 0.095034 +- 8.1968e-05 pb (cross-section from sum of weights: 0.0950339999999782) 
INFO: Computed cross-section: 
INFO: morphing_basis_vector_1 : 0.04965128796612456 +- 0.0023283734334424524 pb 
INFO: morphing_basis_vector_2 : 0.07514987031142444 +- 0.007234481739990247 pb 
INFO: morphing_basis_vector_3 : 0.04760948093661413 +- 0.008283030558844986 pb 
INFO: morphing_basis_vector_4 : 0.11895694253263549 +- 0.007978415340882556 pb 
INFO: morphing_basis_vector_5 : 0.1846238630371488 +- 0.008306557974506149 pb 
INFO: morphing_basis_vector_6 : 0.04950307764262314 +- 0.0015002345885455058 pb 
INFO: morphing_basis_vector_7 : 0.1276105823749024 +- 0.006559671110831271 pb 
INFO: morphing_basis_vector_9 : 0.028421554118400704 +- 0.0033123292215337706 pb 
INFO: sm : 0.01573764014823914 +- 0.0013535325587889684 pb 
INFO: quit rwgt 
decay_events -from_cards
INFO: Running MadSpin 
INFO: This functionality allows for the decay of resonances 
INFO: in a .lhe file, keeping track of the spin correlation effets. 
INFO: BE AWARE OF THE CURRENT LIMITATIONS: 
INFO:   (1) Only a succession of 2 body decay are currently allowed 
************************************************************
*                                                          *
*           W E L C O M E  to  M A D S P I N               *
*                                                          *
************************************************************
INFO: Extracting the banner ... 
INFO: process: p p > H H QED=2 QCD=2  
INFO: options: NP=2  
INFO: detected model: SMEFTatNLO-LO. Loading... 
lhapdf-config does not seem to correspond to a valid lhapdf-config executable. 
Please set the 'lhapdf' variable to the (absolute) /PATH/TO/lhapdf-config (including lhapdf-config).
Note that you can still compile and run aMC@NLO with the built-in PDFs
 MG5_aMC> set lhapdf /PATH/TO/lhapdf-config

Set group_subprocesses to Auto
Note that you need to regenerate all processes
import model heft --bypass_check
[1;34mWARNING: No param_card defined for the new model. We will use the default one but this might completely wrong. [0m
INFO: detected model: heft. Loading... 
INFO: Restrict model heft with file ../mg5amcnlo/models/heft/restrict_default.dat . 
INFO: Run "set stdout_level DEBUG" before import for more information. 
[1;34mPass the definition of 'j' and 'p' to 4 flavour scheme.[0m
Kept definitions of multiparticles l+ / l- / vl / vl~ unchanged
Removed obsolete multiparticles all
Defined multiparticle all = g u c d s u~ c~ d~ s~ a ve vm vt e- m- ve~ vm~ vt~ e+ m+ t b t~ b~ z w+ h h1 w- tt- tt+
set spinmode None          # Use one of the madspin special mode
set max_weight_ps_point 400  # number of PS to estimate the maximum for each event
decay h > b b~
decay h > a a
launch
INFO: Will use seed 425430227 
INFO: generate 25000 decay event for particle h 
INFO: Will use seed 538037585 
stty: 'standard input': Inappropriate ioctl for device
  0%|          | 0/691 [00:00<?, ?it/s]100%|██████████| 691/691 [00:00<00:00, 136510.95it/s]stty: 'standard input': Inappropriate ioctl for device

  0%|          | 0/691 [00:00<?, ?it/s]100%|██████████| 691/691 [00:00<00:00, 149095.33it/s]decaying event number 100 [0.0645298957824707 s]
decaying event number 200 [0.1280667781829834 s]
decaying event number 300 [0.19298124313354492 s]
decaying event number 400 [0.2595682144165039 s]
decaying event number 500 [0.32781028747558594 s]
decaying event number 600 [0.39511919021606445 s]
decaying event number 700 [0.46164846420288086 s]
decaying event number 800 [0.526491641998291 s]
decaying event number 900 [0.5923311710357666 s]
decaying event number 1000 [0.6573450565338135 s]
decaying event number 2000 [1.3203253746032715 s]
decaying event number 3000 [1.9501221179962158 s]
decaying event number 4000 [2.576709032058716 s]
decaying event number 5000 [3.2120461463928223 s]
decaying event number 6000 [3.8543355464935303 s]
decaying event number 7000 [4.4778892993927 s]
decaying event number 8000 [5.109480142593384 s]
decaying event number 9000 [5.73462700843811 s]
decaying event number 10000 [6.358104228973389 s]
decaying event number 20000 [12.628217458724976 s]
INFO: The decayed event file has been moved to the following location:  
INFO: /vols/cms/us322/02_event_generation_14_new/mg_processes/signal_supp_7/morphing_basis_vector_8/Events/run_01_decayed_1/unweighted_events.lhe.gz 
INFO: MadSpin Done 
INFO: [92mRunning Pythia8 [arXiv:1410.3012][0m 
Splitting .lhe event file for PY8 parallelization...
Submitting Pythia8 jobs...
Pythia8 shower jobs: 1 Idle, 15 Running, 0 Done [11 seconds]
Pythia8 shower jobs: 0 Idle, 15 Running, 1 Done [3m21s]
Pythia8 shower jobs: 0 Idle, 14 Running, 2 Done [3m24s]
Pythia8 shower jobs: 0 Idle, 13 Running, 3 Done [3m25s]
Pythia8 shower jobs: 0 Idle, 12 Running, 4 Done [3m27s]
Pythia8 shower jobs: 0 Idle, 11 Running, 5 Done [3m27s]
Pythia8 shower jobs: 0 Idle, 10 Running, 6 Done [3m27s]
Pythia8 shower jobs: 0 Idle, 9 Running, 7 Done [3m28s]
Pythia8 shower jobs: 0 Idle, 8 Running, 8 Done [3m29s]
Pythia8 shower jobs: 0 Idle, 7 Running, 9 Done [3m29s]
Pythia8 shower jobs: 0 Idle, 6 Running, 10 Done [3m29s]
Pythia8 shower jobs: 0 Idle, 5 Running, 11 Done [3m29s]
Pythia8 shower jobs: 0 Idle, 4 Running, 12 Done [3m30s]
Pythia8 shower jobs: 0 Idle, 3 Running, 13 Done [3m30s]
Pythia8 shower jobs: 0 Idle, 2 Running, 14 Done [3m31s]
Pythia8 shower jobs: 0 Idle, 1 Running, 15 Done [3m31s]
Pythia8 shower jobs: 0 Idle, 0 Running, 16 Done [3m31s]
Merging results from the split PY8 runs...
INFO: Pythia8 shower finished after 4m24s. 
  === Results Summary for run: run_01_decayed_1 tag: tag_1 ===

     Cross-section :   0.0001949 +- 1.681e-07 pb
     Nb of events :  25000
 
INFO: storing files of previous run 
INFO: Storing Pythia8 files of previous run 
INFO: Done 
quit
INFO:  
order=LO
[1;34mCommand "order=LO" not recognized, please try again[0m
shower=Pythia8
[1;34mCommand "shower=Pythia8" not recognized, please try again[0m
detector=OFF
[1;34mCommand "detector=OFF" not recognized, please try again[0m
analysis=OFF
[1;34mCommand "analysis=OFF" not recognized, please try again[0m
madspin=ON
[1;34mCommand "madspin=ON" not recognized, please try again[0m
reweight=ON
[1;34mCommand "reweight=ON" not recognized, please try again[0m
done
[1;34mCommand "done" not recognized, please try again[0m
quit

 mdl_vev0 =    246.22056907348588     
 mdl_vev0__exp__2 =    60624.568634871226     
 mdl_dlam =   0.45759933651977336     
 mdl_ee0 =   0.31345063981313520     
 mdl_cw =   0.87538656571726847     
 mdl_muH =    68.165123028343629     
 mdl_sw =   0.48342358295983689     
 mdl_g1 =   0.35807111062562641     
 mdl_gw =   0.64839749416853931     
 mdl_lam =    6.9897490058211470E-002
 mdl_vev =    246.22056907348588     
 mdl_ee =   0.31345063981313520     
 mdl_ee__exp__2 =    9.8251303599263817E-002
 mdl_aEW =    7.8185903165226816E-003
 aEWM1 =    127.90029398096792     
 mdl_ee0__exp__2 =    9.8251303599263817E-002
 mdl_ee0__exp__3 =    3.0796933975663836E-002
 mdl_vev0__exp__3 =    14927015.789112596     
  Internal Params evaluated point by point
  ----------------------------------------
  
 mdl_sqrt__aS =   0.34496376621320685     
 mdl_G__exp__2 =    1.4953981031087418     
 mdl_G__exp__3 =    1.8286695702272273     
 mdl_G__exp__4 =    2.2362154867812229     
 mdl_MU_R__exp__2 =    8315.2513440000002     
  Couplings of SMEFTatNLO-LO
  ---------------------------------
  
        GC_11 =   0.00000E+00   0.12229E+01
 R2GC_1297_467 =  0.00000E+00   0.98798E-02
 R2GC_1298_468 =  0.00000E+00   0.17412E+00
 R2GC_618_1801 = -0.00000E+00  -0.92422E-02
 R2GC_631_1814 = -0.00000E+00  -0.22756E+01
      GC_1822 =   0.00000E+00   0.25987E-02
      GC_1842 =   0.00000E+00   0.53452E-01
       GC_322 =  -0.00000E+00  -0.19038E+03
       GC_420 =   0.00000E+00   0.60899E+02
       GC_422 =   0.00000E+00   0.37170E-02
       GC_431 =   0.00000E+00  -0.43558E+02
       GC_546 =  -0.00000E+00  -0.69856E+00
