************************************************************
*                                                          *
*                     W E L C O M E to                     *
*              M A D G R A P H 5 _ a M C @ N L O           *
*                                                          *
*                                                          *
*                 *                       *                *
*                   *        * *        *                  *
*                     * * * * 5 * * * *                    *
*                   *        * *        *                  *
*                 *                       *                *
*                                                          *
*         VERSION 3.5.1                 2023-07-11         *
*                                                          *
*    The MadGraph5_aMC@NLO Development Team - Find us at   *
*              http://madgraph.phys.ucl.ac.be/             *
*                            and                           *
*            http://amcatnlo.web.cern.ch/amcatnlo/         *
*                                                          *
*               Type 'help' for in-line help.              *
*           Type 'tutorial' to learn how MG5 works         *
*    Type 'tutorial aMCatNLO' to learn how aMC@NLO works   *
*    Type 'tutorial MadLoop' to learn how MadLoop works    *
*                                                          *
************************************************************
load MG5 configuration from ../mg5amcnlo/input/mg5_configuration.txt 
fastjet-config does not seem to correspond to a valid fastjet-config executable (v3+). We will use fjcore instead.
 Please set the 'fastjet'variable to the full (absolute) /PATH/TO/fastjet-config (including fastjet-config).
 MG5_aMC> set fastjet /PATH/TO/fastjet-config

eMELA-config does not seem to correspond to a valid eMELA-config executable.
 Please set the 'fastjet'variable to the full (absolute) /PATH/TO/eMELA-config (including eMELA-config).
 MG5_aMC> set eMELA /PATH/TO/eMELA-config

lhapdf-config does not seem to correspond to a valid lhapdf-config executable. 
Please set the 'lhapdf' variable to the (absolute) /PATH/TO/lhapdf-config (including lhapdf-config).
Note that you can still compile and run aMC@NLO with the built-in PDFs
 MG5_aMC> set lhapdf /PATH/TO/lhapdf-config

None does not seem to correspond to a valid lhapdf-config executable. 
Please set the 'lhapdf' variable to the (absolute) /PATH/TO/lhapdf-config (including lhapdf-config).
Note that you can still compile and run aMC@NLO with the built-in PDFs
 MG5_aMC> set lhapdf /PATH/TO/lhapdf-config

Using default text editor "vi". Set another one in ./input/mg5_configuration.txt
Using default eps viewer "evince". Set another one in ./input/mg5_configuration.txt
Using default web browser "firefox". Set another one in ./input/mg5_configuration.txt
import /vols/cms/us322/02_event_generation_14_new/mg_processes_2/background_36/madminer/cards/mg_commands_0.dat
The import format was not given, so we guess it as command
launch /vols/cms/us322/02_event_generation_14_new/mg_processes_2/background_36
************************************************************
*                                                          *
*                      W E L C O M E to                    *
*             M A D G R A P H 5 _ a M C @ N L O            *
*                      M A D E V E N T                     *
*                                                          *
*                 *                       *                *
*                   *        * *        *                  *
*                     * * * * 5 * * * *                    *
*                   *        * *        *                  *
*                 *                       *                *
*                                                          *
*         VERSION 3.5.1                 2023-07-11         *
*                                                          *
*    The MadGraph5_aMC@NLO Development Team - Find us at   *
*    https://server06.fynu.ucl.ac.be/projects/madgraph     *
*                                                          *
*               Type 'help' for in-line help.              *
*                                                          *
************************************************************
INFO: load configuration from /vols/cms/us322/02_event_generation_14_new/mg_processes_2/background_36/Cards/me5_configuration.txt  
INFO: load configuration from /vols/cms/us322/mg5amcnlo/input/mg5_configuration.txt  
INFO: load configuration from /vols/cms/us322/02_event_generation_14_new/mg_processes_2/background_36/Cards/me5_configuration.txt  
Using default text editor "vi". Set another one in ./input/mg5_configuration.txt
generate_events run_01
stty: 'standard input': Inappropriate ioctl for device
The following switches determine which programs are run:
/===========================================================================\
| 1. Choose the shower/hadronization program   [1m  shower[0m = [32mPythia8[0m           |
| 2. Choose the detector simulation program    [1mdetector[0m = [01mNot Avail.[0m        |
| 3. Choose an analysis package (plot/convert) [1manalysis[0m = [01mNot Avail.[0m        |
| 4. Decay onshell particles                   [1m madspin[0m = [31mOFF[0m               |
| 5. Add weights to events for new hypp.       [1mreweight[0m = [31mOFF[0m               |
\===========================================================================/
Either type the switch number (1 to 5) to change its setting,
Set any switch explicitly (e.g. type 'shower=OFF' at the prompt)
Type 'help' for the list of all valid option
Type '0', 'auto', 'done' or just press enter when you are done.
[1;34mfound line : order=LO[0m
[1;34mThis answer is not valid for current question. Keep it for next question and use here default: 0[0m
Do you want to edit a card (press enter to bypass editing)?
/------------------------------------------------------------\
|  [31m1[0m. param   : [32mparam_card.dat[0m                               |
|  [31m2[0m. run     : [32mrun_card.dat[0m                                 |
|  [31m3[0m. pythia8 : [32mpythia8_card.dat[0m                             |
\------------------------------------------------------------/
 you can also
   - enter the path to a valid card or banner.
   - use the 'set' command to modify a parameter directly.
     The set option works only for param_card and run_card.
     Type 'help set' for more information on this command.
   - call an external program (ASperGE/MadWidth/...).
     Type 'help' for the list of available command
 [[4m0[0m, done, 1, param, 2, run, 3, pythia8, enter path]
[1;34mfound line : order=LO[0m
[1;34mThis answer is not valid for current question. Keep it for next question and use here default: 0[0m
INFO: Update the dependent parameter of the param_card.dat 
[1;34mWARNING: update the strong coupling value (alpha_s) to the value from the pdf selected: 0.119 [0m
[1;34mWARNING: Unknow type of information in the card: dim64f2l,dim64f,renor,dim62f,dim64f4l,dim6,loop [0m
Generating 25000 events with run name run_01
survey  run_01 
INFO: compile directory 
[1;34mWARNING: information about "sminputs [1]" is missing using default value: 132.507. [0m
[1;34mWARNING: information about "yukawa [5]" is missing using default value: 4.7. [0m
[1;34mWARNING: information about "yukawa [15]" is missing using default value: 1.777. [0m
compile Source Directory
Error: no DISPLAY environment variable specified
Using random number seed offset = 20295
INFO: Running Survey 
Creating Jobs
Working on SubProcesses
INFO: Compiling for process 1/2. 
INFO:     P1_gg_bbxaa  
  0%|          | 0/874 [00:00<?, ?it/s] 58%|█████▊    | 503/874 [00:00<00:00, 4838.89it/s]100%|██████████| 874/874 [00:00<00:00, 5936.48it/s]INFO: Compiling for process 2/2. 
INFO:     P1_qq_bbxaa  

  0%|          | 0/841 [00:00<?, ?it/s]100%|██████████| 841/841 [00:00<00:00, 14158.12it/s]
  0%|          | 0/841 [00:00<?, ?it/s]100%|██████████| 841/841 [00:00<00:00, 14520.81it/s]INFO:     P1_gg_bbxaa  
INFO:     P1_qq_bbxaa  
INFO:  Idle: 1,  Running: 7,  Completed: 0 [ current time: 20h20 ] 
INFO:  Idle: 0,  Running: 7,  Completed: 1 [  4m 34s  ] 
INFO:  Idle: 0,  Running: 6,  Completed: 2 [  5m 48s  ] 
INFO:  Idle: 0,  Running: 4,  Completed: 4 [  6m 17s  ] 
INFO:  Idle: 0,  Running: 3,  Completed: 5 [  6m 38s  ] 
INFO:  Idle: 0,  Running: 2,  Completed: 6 [  6m 44s  ] 
INFO:  Idle: 0,  Running: 1,  Completed: 7 [  6m 50s  ] 
INFO:  Idle: 0,  Running: 0,  Completed: 8 [  7m 18s  ] 
INFO:  Idle: 0,  Running: 0,  Completed: 8 [  7m 18s  ] 
INFO: End survey 
refine 25000
Creating Jobs
INFO: Refine results to 25000 
INFO: Generating 25000.0 unweighted events. 
sum of cpu time of last step: 7m21s
INFO: Effective Luminosity 542630981.9123946 pb^-1 
INFO: need to improve 12 channels 
- Current estimate of cross-section: 5.52861908e-05 +- 6.088844921734289e-07
    P1_gg_bbxaa 
    P1_qq_bbxaa 
INFO:  Idle: 20,  Running: 16,  Completed: 0 [ current time: 20h27 ] 
INFO:  Idle: 19,  Running: 16,  Completed: 1 [  3m 32s  ] 
INFO:  Idle: 18,  Running: 16,  Completed: 2 [  6m 47s  ] 
INFO:  Idle: 17,  Running: 16,  Completed: 3 [  7m 7s  ] 
INFO:  Idle: 16,  Running: 16,  Completed: 4 [  8m 48s  ] 
INFO:  Idle: 15,  Running: 16,  Completed: 5 [  11m 6s  ] 
INFO:  Idle: 14,  Running: 16,  Completed: 6 [  14m 0s  ] 
INFO:  Idle: 13,  Running: 16,  Completed: 7 [  15m 25s  ] 
INFO:  Idle: 12,  Running: 16,  Completed: 8 [  16m 46s  ] 
INFO:  Idle: 11,  Running: 16,  Completed: 9 [  17m 38s  ] 
INFO:  Idle: 10,  Running: 16,  Completed: 10 [  20m 4s  ] 
INFO:  Idle: 9,  Running: 16,  Completed: 11 [  20m 47s  ] 
INFO:  Idle: 8,  Running: 16,  Completed: 12 [  24m 18s  ] 
INFO:  Idle: 7,  Running: 16,  Completed: 13 [  26m 1s  ] 
INFO:  Idle: 6,  Running: 16,  Completed: 14 [  27m 21s  ] 
INFO:  Idle: 5,  Running: 16,  Completed: 15 [  27m 33s  ] 
INFO:  Idle: 4,  Running: 16,  Completed: 16 [  29m 40s  ] 
INFO:  Idle: 3,  Running: 16,  Completed: 17 [  31m 21s  ] 
INFO:  Idle: 2,  Running: 16,  Completed: 18 [  32m 4s  ] 
INFO:  Idle: 1,  Running: 16,  Completed: 19 [  34m 16s  ] 
INFO:  Idle: 0,  Running: 16,  Completed: 20 [  36m 29s  ] 
INFO:  Idle: 0,  Running: 15,  Completed: 21 [  38m 49s  ] 
INFO:  Idle: 0,  Running: 14,  Completed: 22 [  39m 28s  ] 
INFO:  Idle: 0,  Running: 13,  Completed: 23 [  40m 41s  ] 
INFO:  Idle: 0,  Running: 12,  Completed: 24 [  41m 11s  ] 
INFO:  Idle: 0,  Running: 11,  Completed: 25 [  41m 36s  ] 
INFO:  Idle: 0,  Running: 10,  Completed: 26 [  41m 50s  ] 
INFO:  Idle: 0,  Running: 9,  Completed: 27 [  42m 43s  ] 
INFO:  Idle: 0,  Running: 8,  Completed: 28 [  45m 42s  ] 
INFO:  Idle: 0,  Running: 7,  Completed: 29 [  47m 59s  ] 
INFO:  Idle: 0,  Running: 6,  Completed: 30 [  51m 35s  ] 
INFO:  Idle: 0,  Running: 5,  Completed: 31 [  1h 4m  ] 
INFO:  Idle: 0,  Running: 3,  Completed: 33 [  1h 5m  ] 
INFO:  Idle: 0,  Running: 2,  Completed: 34 [  1h 7m  ] 
INFO:  Idle: 0,  Running: 1,  Completed: 35 [  1h 9m  ] 
INFO:  Idle: 0,  Running: 0,  Completed: 36 [  1h 41m  ] 
INFO:  Idle: 0,  Running: 0,  Completed: 36 [  1h 41m  ] 
INFO: Combining runs 
sum of cpu time of last step: 1h01m59s
INFO: finish refine 
refine 25000 --treshold=0.9
No need for second refine due to stability of cross-section
INFO: Combining Events 
INFO: fail to reach target 25000 
[1;34mfailed to generate enough events. Please follow one of the following suggestions to fix the issue:[0m
[1;34m  - set in the run_card.dat 'sde_strategy' to 1[0m
[1;34m  - set in the run_card.dat  'hard_survey' to 1 or 2.[0m
[1;34m  - reduce the number of requested events (if set too high)[0m
[1;34m  - check that you do not have -integrable- singularity in your amplitude.[0m
  === Results Summary for run: run_01 tag: tag_1 ===

     Cross-section :   5.639e-05 +- 1.126e-07 pb
     Nb of events :  14969
 
store_events
INFO: Storing parton level results 
INFO: End Parton 
reweight -from_cards
decay_events -from_cards
INFO: [92mRunning Pythia8 [arXiv:1410.3012][0m 
Splitting .lhe event file for PY8 parallelization...
Submitting Pythia8 jobs...
Pythia8 shower jobs: 1 Idle, 15 Running, 0 Done [5 seconds]
Pythia8 shower jobs: 0 Idle, 15 Running, 1 Done [1m27s]
Pythia8 shower jobs: 0 Idle, 14 Running, 2 Done [1m28s]
Pythia8 shower jobs: 0 Idle, 13 Running, 3 Done [1m28s]
Pythia8 shower jobs: 0 Idle, 12 Running, 4 Done [1m29s]
Pythia8 shower jobs: 0 Idle, 11 Running, 5 Done [1m30s]
Pythia8 shower jobs: 0 Idle, 10 Running, 6 Done [1m30s]
Pythia8 shower jobs: 0 Idle, 9 Running, 7 Done [1m31s]
Pythia8 shower jobs: 0 Idle, 8 Running, 8 Done [1m31s]
Pythia8 shower jobs: 0 Idle, 7 Running, 9 Done [1m31s]
Pythia8 shower jobs: 0 Idle, 6 Running, 10 Done [1m31s]
Pythia8 shower jobs: 0 Idle, 5 Running, 11 Done [1m31s]
Pythia8 shower jobs: 0 Idle, 4 Running, 12 Done [1m32s]
Pythia8 shower jobs: 0 Idle, 3 Running, 13 Done [1m32s]
Pythia8 shower jobs: 0 Idle, 2 Running, 14 Done [1m33s]
Pythia8 shower jobs: 0 Idle, 1 Running, 15 Done [1m33s]
Pythia8 shower jobs: 0 Idle, 0 Running, 16 Done [1m33s]
Merging results from the split PY8 runs...
INFO: Pythia8 shower finished after 2m03s. 
  === Results Summary for run: run_01 tag: tag_1 ===

     Cross-section :   5.639e-05 +- 1.126e-07 pb
     Nb of events :  14969
 
INFO: storing files of previous run 
INFO: Storing Pythia8 files of previous run 
INFO: Done 
quit
INFO:  
more information in /vols/cms/us322/02_event_generation_14_new/mg_processes_2/background_36/index.html
order=LO
[1;34mCommand "order=LO" not recognized, please try again[0m
shower=Pythia8
[1;34mCommand "shower=Pythia8" not recognized, please try again[0m
detector=OFF
[1;34mCommand "detector=OFF" not recognized, please try again[0m
analysis=OFF
[1;34mCommand "analysis=OFF" not recognized, please try again[0m
madspin=OFF
[1;34mCommand "madspin=OFF" not recognized, please try again[0m
reweight=OFF
[1;34mCommand "reweight=OFF" not recognized, please try again[0m
done
[1;34mCommand "done" not recognized, please try again[0m
quit

