************************************************************
*                                                          *
*                     W E L C O M E to                     *
*              M A D G R A P H 5 _ a M C @ N L O           *
*                                                          *
*                                                          *
*                 *                       *                *
*                   *        * *        *                  *
*                     * * * * 5 * * * *                    *
*                   *        * *        *                  *
*                 *                       *                *
*                                                          *
*         VERSION 3.5.1                 2023-07-11         *
*                                                          *
*    The MadGraph5_aMC@NLO Development Team - Find us at   *
*              http://madgraph.phys.ucl.ac.be/             *
*                            and                           *
*            http://amcatnlo.web.cern.ch/amcatnlo/         *
*                                                          *
*               Type 'help' for in-line help.              *
*           Type 'tutorial' to learn how MG5 works         *
*    Type 'tutorial aMCatNLO' to learn how aMC@NLO works   *
*    Type 'tutorial MadLoop' to learn how MadLoop works    *
*                                                          *
************************************************************
load MG5 configuration from ../mg5amcnlo/input/mg5_configuration.txt 
fastjet-config does not seem to correspond to a valid fastjet-config executable (v3+). We will use fjcore instead.
 Please set the 'fastjet'variable to the full (absolute) /PATH/TO/fastjet-config (including fastjet-config).
 MG5_aMC> set fastjet /PATH/TO/fastjet-config

eMELA-config does not seem to correspond to a valid eMELA-config executable.
 Please set the 'fastjet'variable to the full (absolute) /PATH/TO/eMELA-config (including eMELA-config).
 MG5_aMC> set eMELA /PATH/TO/eMELA-config

lhapdf-config does not seem to correspond to a valid lhapdf-config executable. 
Please set the 'lhapdf' variable to the (absolute) /PATH/TO/lhapdf-config (including lhapdf-config).
Note that you can still compile and run aMC@NLO with the built-in PDFs
 MG5_aMC> set lhapdf /PATH/TO/lhapdf-config

None does not seem to correspond to a valid lhapdf-config executable. 
Please set the 'lhapdf' variable to the (absolute) /PATH/TO/lhapdf-config (including lhapdf-config).
Note that you can still compile and run aMC@NLO with the built-in PDFs
 MG5_aMC> set lhapdf /PATH/TO/lhapdf-config

Using default text editor "vi". Set another one in ./input/mg5_configuration.txt
Using default eps viewer "evince". Set another one in ./input/mg5_configuration.txt
Using default web browser "firefox". Set another one in ./input/mg5_configuration.txt
import /vols/cms/us322/02_event_generation_14_new/mg_processes/signal_supp_8/morphing_basis_vector_2/madminer/cards/mg_commands_0.dat
The import format was not given, so we guess it as command
launch /vols/cms/us322/02_event_generation_14_new/mg_processes/signal_supp_8/morphing_basis_vector_2
************************************************************
*                                                          *
*                      W E L C O M E to                    *
*             M A D G R A P H 5 _ a M C @ N L O            *
*                      M A D E V E N T                     *
*                                                          *
*                 *                       *                *
*                   *        * *        *                  *
*                     * * * * 5 * * * *                    *
*                   *        * *        *                  *
*                 *                       *                *
*                                                          *
*         VERSION 3.5.1                 2023-07-11         *
*                                                          *
*    The MadGraph5_aMC@NLO Development Team - Find us at   *
*    https://server06.fynu.ucl.ac.be/projects/madgraph     *
*                                                          *
*               Type 'help' for in-line help.              *
*                                                          *
************************************************************
INFO: load configuration from /vols/cms/us322/02_event_generation_14_new/mg_processes/signal_supp_8/morphing_basis_vector_2/Cards/me5_configuration.txt  
INFO: load configuration from /vols/cms/us322/mg5amcnlo/input/mg5_configuration.txt  
INFO: load configuration from /vols/cms/us322/02_event_generation_14_new/mg_processes/signal_supp_8/morphing_basis_vector_2/Cards/me5_configuration.txt  
Using default text editor "vi". Set another one in ./input/mg5_configuration.txt
generate_events run_01
stty: 'standard input': Inappropriate ioctl for device
The following switches determine which programs are run:
/===========================================================================\
| 1. Choose the shower/hadronization program   [1m  shower[0m = [32mPythia8[0m           |
| 2. Choose the detector simulation program    [1mdetector[0m = [01mNot Avail.[0m        |
| 3. Choose an analysis package (plot/convert) [1manalysis[0m = [01mNot Avail.[0m        |
| 4. Decay onshell particles                   [1m madspin[0m = [32mON[0m                |
| 5. Add weights to events for new hypp.       [1mreweight[0m = [32mON[0m                |
\===========================================================================/
Either type the switch number (1 to 5) to change its setting,
Set any switch explicitly (e.g. type 'shower=OFF' at the prompt)
Type 'help' for the list of all valid option
Type '0', 'auto', 'done' or just press enter when you are done.
[1;34mfound line : order=LO[0m
[1;34mThis answer is not valid for current question. Keep it for next question and use here default: 0[0m
Do you want to edit a card (press enter to bypass editing)?
/------------------------------------------------------------\
|  [31m1[0m. param         : [32mparam_card.dat[0m                         |
|  [31m2[0m. run           : [32mrun_card.dat[0m                           |
|  [31m3[0m. pythia8       : [32mpythia8_card.dat[0m                       |
|  [31m4[0m. madspin       : [32mmadspin_card.dat[0m                       |
|  [31m5[0m. reweight      : [32mreweight_card.dat[0m                      |
|  [31m6[0m. MadLoopParams : [32mMadLoopParams.dat[0m                      |
\------------------------------------------------------------/
 you can also
   - enter the path to a valid card or banner.
   - use the 'set' command to modify a parameter directly.
     The set option works only for param_card and run_card.
     Type 'help set' for more information on this command.
   - call an external program (ASperGE/MadWidth/...).
     Type 'help' for the list of available command
 [[4m0[0m, done, 1, param, 2, run, 3, pythia8, 4, enter path, ... ]
[1;34mfound line : order=LO[0m
[1;34mThis answer is not valid for current question. Keep it for next question and use here default: 0[0m
INFO: Update the dependent parameter of the param_card.dat 
[1;34mWARNING: update the strong coupling value (alpha_s) to the value from the pdf selected: 0.119 [0m
[1;34mWARNING: Unknow type of information in the card: dim64f,dim64f2l,dim64f4l [0m
Generating 25000 events with run name run_01
survey  run_01 
INFO: compile directory 
initMadLoop -r -f
Error: no DISPLAY environment variable specified
Initializing MadLoop loop-induced matrix elements (this can take some time)...
MadLoop initialization finished.
compile Source Directory
Using random number seed offset = 3278
INFO: Running Survey 
Creating Jobs
Working on SubProcesses
INFO:     P0_gg_hh  
INFO:  Idle: 1,  Running: 3,  Completed: 0 [ current time: 22h17 ] 
INFO:  Idle: 0,  Running: 3,  Completed: 1 [  13.4s  ] 
INFO: P0_gg_hh/G1 is at 0.0774 +- 0.00203 pb. Now submitting iteration #2. 
INFO:  Idle: 0,  Running: 3,  Completed: 6 [  35.1s  ] 
INFO: P0_gg_hh/G1 is at 0.07578 +- 0.000626 pb. Now submitting iteration #3. 
INFO:  Idle: 0,  Running: 3,  Completed: 11 [  1m 18s  ] 
INFO: Survey finished for P0_gg_hh/G1 at 0.07599 +- 0.00021 pb 
INFO:  Idle: 0,  Running: 0,  Completed: 15 [  1m 18s  ] 
INFO: End survey 
refine 25000
Creating Jobs
INFO: Refine results to 25000 
INFO: Generating 25000.0 unweighted events. 
sum of cpu time of last step: 0 second
INFO: Effective Luminosity 378341.0320186348 pb^-1 
INFO: need to improve 1 channels 
- Current estimate of cross-section: 0.075987 +- 0.00021017
INFO:  Idle: 0,  Running: 16,  Completed: 0 [ current time: 22h19 ] 
INFO:  Idle: 0,  Running: 15,  Completed: 1 [  58s  ] 
INFO: P0_gg_hh/G1 is at 8242/28721 (29%) event. Resubmit 14 job at iteration 1. 
INFO:  Idle: 0,  Running: 13,  Completed: 18 [  1m 50s  ] 
INFO: P0_gg_hh/G1 is at 15367/28615 (54%) event. Resubmit 27 job at iteration 2. 
INFO:  Idle: 10,  Running: 16,  Completed: 33 [  2m 49s  ] 
INFO:  Idle: 0,  Running: 11,  Completed: 48 [  2m 53s  ] 
INFO:  Idle: 0,  Running: 10,  Completed: 49 [  3m 29s  ] 
INFO: found enough event for P0_gg_hh/G1 
INFO:  Idle: 0,  Running: 0,  Completed: 60 [  3m 30s  ] 
INFO: Combining runs 
sum of cpu time of last step: 0 second
INFO: finish refine 
refine 25000 --treshold=0.9
No need for second refine due to stability of cross-section
INFO: Combining Events 
 
 
 
  === Results Summary for run: run_01 tag: tag_1 ===

     Cumulative sequential time for this run: 4m44s
     Cross-section :   0.07556 +- 0.0001687 pb
     Nb of events :  25000
 
store_events
INFO: Storing parton level results 
INFO: End Parton 
reweight -from_cards
INFO: Extracting the banner ... 
INFO: process: p p > H H QED=2 QCD=2  
INFO: options: NP=2  
INFO: Running Reweighting 
change output default
change helicity False
launch --rwgt_name=sm
INFO: detected model: SMEFTatNLO-LO. Loading... 
INFO: generating the square matrix element for reweighting 
INFO: generate p p > H H   QED=2 QCD=2 NP=2   --no_warning=duplicate;define pert_QCD = -5 -4 -3 -2 -1 1 2 3 4 5 21;add process p p > H H    pert_QCD QED=2 QCD=3 NP=2    --no_warning=duplicate; 
INFO: RETRY with generate p p > H H   QED=2 QCD=2 NP=2  [virt=QCD] ; 
INFO: Done 8.034 
Do you want to edit a card (press enter to bypass editing)?
/------------------------------------------------------------\
|  [31m1[0m. param : [32mparam_card.dat[0m                                 |
|  [31m9[0m. plot  : [32mplot_card.dat[0m                                  |
\------------------------------------------------------------/
 you can also
   - enter the path to a valid card or banner.
   - use the 'set' command to modify a parameter directly.
     The set option works only for param_card and run_card.
     Type 'help set' for more information on this command.
   - call an external program (ASperGE/MadWidth/...).
     Type 'help' for the list of available command
 [[4m0[0m, done, 1, param, 9, plot, enter path]
>INFO: starts to compute weight for events with the following modification to the param_card: 
INFO: set param_card dim6 4 0.0 # orig: -3.509851
KEEP:set param_card dim6 5 0.0 # orig: -14.88657
KEEP:set param_card dim62f 19 0.0 # orig: 6.650933
KEEP: 
INFO: Event nb 0 current time: 22h23 
INFO: Event nb 10  0.19s  
INFO: Event nb 20  0.28s  
INFO: Event nb 30  0.36s  
INFO: Event nb 40  0.45s  
INFO: Event nb 50  0.54s  
INFO: Event nb 60  0.62s  
INFO: Event nb 70  0.71s  
INFO: Event nb 80  0.8s  
INFO: Event nb 90  0.89s  
INFO: Event nb 100  0.97s  
INFO: Event nb 200  1.8s  
INFO: Event nb 300  2.7s  
INFO: Event nb 400  3.6s  
INFO: Event nb 500  4.5s  
INFO: Event nb 600  5.3s  
INFO: Event nb 700  6.2s  
INFO: Event nb 800  7.1s  
INFO: Event nb 900  7.9s  
INFO: Event nb 1000  8.8s  
INFO: Event nb 2000  17.6s  
INFO: Event nb 3000  26.3s  
INFO: Event nb 4000  35s  
INFO: Event nb 5000  43.7s  
INFO: Event nb 6000  52.5s  
INFO: Event nb 7000  1m 1s  
INFO: Event nb 8000  1m 10s  
INFO: Event nb 9000  1m 18s  
INFO: Event nb 10000  1m 27s  
INFO: reducing number of print status. Next status update in 10000 events 
INFO: Event nb 20000  2m 55s  
INFO: All event done  (nb_event: 25000)  3m 38s  
INFO: Event /vols/cms/us322/02_event_generation_14_new/mg_processes/signal_supp_8/morphing_basis_vector_2/Events/run_01/unweighted_events.lhe have now the additional weight 
INFO: new cross-section is : 0.0160127 pb (indicative error: 0.00798649 pb) 
launch --rwgt_name=morphing_basis_vector_1
Do you want to edit a card (press enter to bypass editing)?
/------------------------------------------------------------\
|  [31m1[0m. param : [32mparam_card.dat[0m                                 |
|  [31m9[0m. plot  : [32mplot_card.dat[0m                                  |
\------------------------------------------------------------/
 you can also
   - enter the path to a valid card or banner.
   - use the 'set' command to modify a parameter directly.
     The set option works only for param_card and run_card.
     Type 'help set' for more information on this command.
   - call an external program (ASperGE/MadWidth/...).
     Type 'help' for the list of available command
 [[4m0[0m, done, 1, param, 9, plot, enter path]
>INFO: starts to compute weight for events with the following modification to the param_card: 
INFO: set param_card dim6 4 -4.270762 # orig: -3.509851
KEEP:set param_card dim6 5 -9.635791 # orig: -14.88657
KEEP:set param_card dim62f 19 -5.011696 # orig: 6.650933
KEEP: 
INFO: Event nb 0 current time: 22h26 
INFO: Event nb 10  0.096s  
INFO: Event nb 20  0.2s  
INFO: Event nb 30  0.29s  
INFO: Event nb 40  0.39s  
INFO: Event nb 50  0.49s  
INFO: Event nb 60  0.58s  
INFO: Event nb 70  0.67s  
INFO: Event nb 80  0.77s  
INFO: Event nb 90  0.86s  
INFO: Event nb 100  0.95s  
INFO: Event nb 200  1.9s  
INFO: Event nb 300  2.9s  
INFO: Event nb 400  3.8s  
INFO: Event nb 500  4.7s  
INFO: Event nb 600  5.7s  
INFO: Event nb 700  6.6s  
INFO: Event nb 800  7.5s  
INFO: Event nb 900  8.5s  
INFO: Event nb 1000  9.4s  
INFO: Event nb 2000  18.8s  
INFO: Event nb 3000  28.2s  
INFO: Event nb 4000  37.5s  
INFO: Event nb 5000  46.8s  
INFO: Event nb 6000  56.2s  
INFO: Event nb 7000  1m 5s  
INFO: Event nb 8000  1m 15s  
INFO: Event nb 9000  1m 24s  
INFO: Event nb 10000  1m 33s  
INFO: reducing number of print status. Next status update in 10000 events 
INFO: Event nb 20000  3m 7s  
INFO: All event done  (nb_event: 25000)  3m 54s  
INFO: Event /vols/cms/us322/02_event_generation_14_new/mg_processes/signal_supp_8/morphing_basis_vector_2/Events/run_01/unweighted_events.lhe have now the additional weight 
INFO: new cross-section is : 0.0495429 pb (indicative error: 0.00653974 pb) 
launch --rwgt_name=morphing_basis_vector_3
Do you want to edit a card (press enter to bypass editing)?
/------------------------------------------------------------\
|  [31m1[0m. param : [32mparam_card.dat[0m                                 |
|  [31m9[0m. plot  : [32mplot_card.dat[0m                                  |
\------------------------------------------------------------/
 you can also
   - enter the path to a valid card or banner.
   - use the 'set' command to modify a parameter directly.
     The set option works only for param_card and run_card.
     Type 'help set' for more information on this command.
   - call an external program (ASperGE/MadWidth/...).
     Type 'help' for the list of available command
 [[4m0[0m, done, 1, param, 9, plot, enter path]
>INFO: starts to compute weight for events with the following modification to the param_card: 
INFO: set param_card dim6 4 -4.70413 # orig: -3.509851
KEEP:set param_card dim6 5 -2.237588 # orig: -14.88657
KEEP:set param_card dim62f 19 4.219889 # orig: 6.650933
KEEP: 
INFO: Event nb 0 current time: 22h30 
INFO: Event nb 10  0.098s  
INFO: Event nb 20  0.2s  
INFO: Event nb 30  0.29s  
INFO: Event nb 40  0.38s  
INFO: Event nb 50  0.48s  
INFO: Event nb 60  0.57s  
INFO: Event nb 70  0.67s  
INFO: Event nb 80  0.76s  
INFO: Event nb 90  0.86s  
INFO: Event nb 100  0.95s  
INFO: Event nb 200  1.9s  
INFO: Event nb 300  2.9s  
INFO: Event nb 400  3.8s  
INFO: Event nb 500  4.7s  
INFO: Event nb 600  5.7s  
INFO: Event nb 700  6.6s  
INFO: Event nb 800  7.5s  
INFO: Event nb 900  8.4s  
INFO: Event nb 1000  9.4s  
INFO: Event nb 2000  18.8s  
INFO: Event nb 3000  28.2s  
INFO: Event nb 4000  37.5s  
INFO: Event nb 5000  46.9s  
INFO: Event nb 6000  56.3s  
INFO: Event nb 7000  1m 5s  
INFO: Event nb 8000  1m 15s  
INFO: Event nb 9000  1m 24s  
INFO: Event nb 10000  1m 34s  
INFO: reducing number of print status. Next status update in 10000 events 
INFO: Event nb 20000  3m 8s  
INFO: All event done  (nb_event: 25000)  3m 56s  
INFO: Event /vols/cms/us322/02_event_generation_14_new/mg_processes/signal_supp_8/morphing_basis_vector_2/Events/run_01/unweighted_events.lhe have now the additional weight 
INFO: new cross-section is : 0.0493428 pb (indicative error: 0.022199 pb) 
launch --rwgt_name=morphing_basis_vector_4
Do you want to edit a card (press enter to bypass editing)?
/------------------------------------------------------------\
|  [31m1[0m. param : [32mparam_card.dat[0m                                 |
|  [31m9[0m. plot  : [32mplot_card.dat[0m                                  |
\------------------------------------------------------------/
 you can also
   - enter the path to a valid card or banner.
   - use the 'set' command to modify a parameter directly.
     The set option works only for param_card and run_card.
     Type 'help set' for more information on this command.
   - call an external program (ASperGE/MadWidth/...).
     Type 'help' for the list of available command
 [[4m0[0m, done, 1, param, 9, plot, enter path]
>INFO: starts to compute weight for events with the following modification to the param_card: 
INFO: set param_card dim6 4 0.1140347 # orig: -3.509851
KEEP:set param_card dim6 5 4.567852 # orig: -14.88657
KEEP:set param_card dim62f 19 5.437451 # orig: 6.650933
KEEP: 
INFO: Event nb 0 current time: 22h34 
INFO: Event nb 10  0.47s  
INFO: Event nb 20  0.58s  
INFO: Event nb 30  0.67s  
INFO: Event nb 40  0.76s  
INFO: Event nb 50  0.86s  
INFO: Event nb 60  1.4s  
INFO: Event nb 70  1.5s  
INFO: Event nb 80  1.6s  
INFO: Event nb 90  1.7s  
INFO: Event nb 100  1.8s  
INFO: Event nb 200  3.3s  
INFO: Event nb 300  4.5s  
INFO: Event nb 400  5.7s  
INFO: Event nb 500  6.7s  
INFO: Event nb 600  7.9s  
INFO: Event nb 700  9.7s  
INFO: Event nb 800  10.7s  
INFO: Event nb 900  11.6s  
INFO: Event nb 1000  12.6s  
INFO: Event nb 2000  22.1s  
INFO: Event nb 3000  31.6s  
INFO: Event nb 4000  41s  
INFO: Event nb 5000  50.5s  
INFO: Event nb 6000  60s  
INFO: Event nb 7000  1m 9s  
INFO: Event nb 8000  1m 19s  
INFO: Event nb 9000  1m 28s  
INFO: Event nb 10000  1m 38s  
INFO: reducing number of print status. Next status update in 10000 events 
INFO: Event nb 20000  3m 12s  
INFO: All event done  (nb_event: 25000)  4m 0s  
INFO: Event /vols/cms/us322/02_event_generation_14_new/mg_processes/signal_supp_8/morphing_basis_vector_2/Events/run_01/unweighted_events.lhe have now the additional weight 
INFO: new cross-section is : 0.120632 pb (indicative error: 0.0431539 pb) 
launch --rwgt_name=morphing_basis_vector_5
Do you want to edit a card (press enter to bypass editing)?
/------------------------------------------------------------\
|  [31m1[0m. param : [32mparam_card.dat[0m                                 |
|  [31m9[0m. plot  : [32mplot_card.dat[0m                                  |
\------------------------------------------------------------/
 you can also
   - enter the path to a valid card or banner.
   - use the 'set' command to modify a parameter directly.
     The set option works only for param_card and run_card.
     Type 'help set' for more information on this command.
   - call an external program (ASperGE/MadWidth/...).
     Type 'help' for the list of available command
 [[4m0[0m, done, 1, param, 9, plot, enter path]
>INFO: starts to compute weight for events with the following modification to the param_card: 
INFO: set param_card dim6 4 2.704957 # orig: -3.509851
KEEP:set param_card dim6 5 -11.77089 # orig: -14.88657
KEEP:set param_card dim62f 19 -5.938309 # orig: 6.650933
KEEP: 
INFO: Event nb 0 current time: 22h38 
INFO: Event nb 10  0.098s  
INFO: Event nb 20  0.2s  
INFO: Event nb 30  0.29s  
INFO: Event nb 40  0.38s  
INFO: Event nb 50  0.48s  
INFO: Event nb 60  0.57s  
INFO: Event nb 70  0.67s  
INFO: Event nb 80  0.85s  
INFO: Event nb 90  0.95s  
INFO: Event nb 100  1s  
INFO: Event nb 200  2s  
INFO: Event nb 300  3s  
INFO: Event nb 400  3.9s  
INFO: Event nb 500  4.8s  
INFO: Event nb 600  5.8s  
INFO: Event nb 700  6.7s  
INFO: Event nb 800  7.6s  
INFO: Event nb 900  8.6s  
INFO: Event nb 1000  9.5s  
INFO: Event nb 2000  19.1s  
INFO: Event nb 3000  28.6s  
INFO: Event nb 4000  38s  
INFO: Event nb 5000  47.6s  
INFO: Event nb 6000  57.1s  
INFO: Event nb 7000  1m 6s  
INFO: Event nb 8000  1m 16s  
INFO: Event nb 9000  1m 25s  
INFO: Event nb 10000  1m 35s  
INFO: reducing number of print status. Next status update in 10000 events 
INFO: Event nb 20000  3m 10s  
INFO: All event done  (nb_event: 25000)  3m 58s  
INFO: Event /vols/cms/us322/02_event_generation_14_new/mg_processes/signal_supp_8/morphing_basis_vector_2/Events/run_01/unweighted_events.lhe have now the additional weight 
INFO: new cross-section is : 0.185491 pb (indicative error: 0.0367032 pb) 
launch --rwgt_name=morphing_basis_vector_6
Do you want to edit a card (press enter to bypass editing)?
/------------------------------------------------------------\
|  [31m1[0m. param : [32mparam_card.dat[0m                                 |
|  [31m9[0m. plot  : [32mplot_card.dat[0m                                  |
\------------------------------------------------------------/
 you can also
   - enter the path to a valid card or banner.
   - use the 'set' command to modify a parameter directly.
     The set option works only for param_card and run_card.
     Type 'help set' for more information on this command.
   - call an external program (ASperGE/MadWidth/...).
     Type 'help' for the list of available command
 [[4m0[0m, done, 1, param, 9, plot, enter path]
>INFO: starts to compute weight for events with the following modification to the param_card: 
INFO: set param_card dim6 4 4.585811 # orig: -3.509851
KEEP:set param_card dim6 5 6.747472 # orig: -14.88657
KEEP:set param_card dim62f 19 -2.432281 # orig: 6.650933
KEEP: 
INFO: Event nb 0 current time: 22h42 
INFO: Event nb 10  0.096s  
INFO: Event nb 20  0.19s  
INFO: Event nb 30  0.29s  
INFO: Event nb 40  0.38s  
INFO: Event nb 50  0.48s  
INFO: Event nb 60  0.57s  
INFO: Event nb 70  0.66s  
INFO: Event nb 80  0.76s  
INFO: Event nb 90  0.86s  
INFO: Event nb 100  0.95s  
INFO: Event nb 200  1.9s  
INFO: Event nb 300  2.8s  
INFO: Event nb 400  3.8s  
INFO: Event nb 500  4.7s  
INFO: Event nb 600  5.7s  
INFO: Event nb 700  6.6s  
INFO: Event nb 800  7.5s  
INFO: Event nb 900  8.5s  
INFO: Event nb 1000  9.5s  
INFO: Event nb 2000  18.9s  
INFO: Event nb 3000  28.4s  
INFO: Event nb 4000  37.9s  
INFO: Event nb 5000  47.4s  
INFO: Event nb 6000  56.9s  
INFO: Event nb 7000  1m 6s  
INFO: Event nb 8000  1m 16s  
INFO: Event nb 9000  1m 25s  
INFO: Event nb 10000  1m 35s  
INFO: reducing number of print status. Next status update in 10000 events 
INFO: Event nb 20000  3m 9s  
INFO: All event done  (nb_event: 25000)  3m 57s  
INFO: Event /vols/cms/us322/02_event_generation_14_new/mg_processes/signal_supp_8/morphing_basis_vector_2/Events/run_01/unweighted_events.lhe have now the additional weight 
INFO: new cross-section is : 0.0498149 pb (indicative error: 0.0147025 pb) 
launch --rwgt_name=morphing_basis_vector_7
Do you want to edit a card (press enter to bypass editing)?
/------------------------------------------------------------\
|  [31m1[0m. param : [32mparam_card.dat[0m                                 |
|  [31m9[0m. plot  : [32mplot_card.dat[0m                                  |
\------------------------------------------------------------/
 you can also
   - enter the path to a valid card or banner.
   - use the 'set' command to modify a parameter directly.
     The set option works only for param_card and run_card.
     Type 'help set' for more information on this command.
   - call an external program (ASperGE/MadWidth/...).
     Type 'help' for the list of available command
 [[4m0[0m, done, 1, param, 9, plot, enter path]
>INFO: starts to compute weight for events with the following modification to the param_card: 
INFO: set param_card dim6 4 -1.246802 # orig: -3.509851
KEEP:set param_card dim6 5 -14.80999 # orig: -14.88657
KEEP:set param_card dim62f 19 0.4606651 # orig: 6.650933
KEEP: 
INFO: Event nb 0 current time: 22h46 
INFO: Event nb 10  0.1s  
INFO: Event nb 20  0.21s  
INFO: Event nb 30  0.3s  
INFO: Event nb 40  0.39s  
INFO: Event nb 50  0.49s  
INFO: Event nb 60  0.58s  
INFO: Event nb 70  0.67s  
INFO: Event nb 80  0.77s  
INFO: Event nb 90  0.87s  
INFO: Event nb 100  0.96s  
INFO: Event nb 200  1.9s  
INFO: Event nb 300  2.8s  
INFO: Event nb 400  3.8s  
INFO: Event nb 500  4.7s  
INFO: Event nb 600  5.7s  
INFO: Event nb 700  6.7s  
INFO: Event nb 800  7.6s  
INFO: Event nb 900  8.6s  
INFO: Event nb 1000  9.5s  
INFO: Event nb 2000  19.1s  
INFO: Event nb 3000  28.6s  
INFO: Event nb 4000  38.1s  
INFO: Event nb 5000  47.7s  
INFO: Event nb 6000  57.2s  
INFO: Event nb 7000  1m 6s  
INFO: Event nb 8000  1m 16s  
INFO: Event nb 9000  1m 25s  
INFO: Event nb 10000  1m 35s  
INFO: reducing number of print status. Next status update in 10000 events 
INFO: Event nb 20000  3m 10s  
INFO: All event done  (nb_event: 25000)  3m 58s  
INFO: Event /vols/cms/us322/02_event_generation_14_new/mg_processes/signal_supp_8/morphing_basis_vector_2/Events/run_01/unweighted_events.lhe have now the additional weight 
INFO: new cross-section is : 0.126781 pb (indicative error: 0.0111546 pb) 
launch --rwgt_name=morphing_basis_vector_8
Do you want to edit a card (press enter to bypass editing)?
/------------------------------------------------------------\
|  [31m1[0m. param : [32mparam_card.dat[0m                                 |
|  [31m9[0m. plot  : [32mplot_card.dat[0m                                  |
\------------------------------------------------------------/
 you can also
   - enter the path to a valid card or banner.
   - use the 'set' command to modify a parameter directly.
     The set option works only for param_card and run_card.
     Type 'help set' for more information on this command.
   - call an external program (ASperGE/MadWidth/...).
     Type 'help' for the list of available command
 [[4m0[0m, done, 1, param, 9, plot, enter path]
>INFO: starts to compute weight for events with the following modification to the param_card: 
INFO: set param_card dim6 4 -1.757994 # orig: -3.509851
KEEP:set param_card dim6 5 7.687006 # orig: -14.88657
KEEP:set param_card dim62f 19 -4.792287 # orig: 6.650933
KEEP: 
INFO: Event nb 0 current time: 22h50 
INFO: Event nb 10  0.099s  
INFO: Event nb 20  0.2s  
INFO: Event nb 30  0.3s  
INFO: Event nb 40  0.39s  
INFO: Event nb 50  0.5s  
INFO: Event nb 60  0.59s  
INFO: Event nb 70  0.69s  
INFO: Event nb 80  0.78s  
INFO: Event nb 90  0.88s  
INFO: Event nb 100  0.98s  
INFO: Event nb 200  1.9s  
INFO: Event nb 300  2.9s  
INFO: Event nb 400  3.9s  
INFO: Event nb 500  4.9s  
INFO: Event nb 600  5.8s  
INFO: Event nb 700  6.7s  
INFO: Event nb 800  7.6s  
INFO: Event nb 900  8.6s  
INFO: Event nb 1000  9.5s  
INFO: Event nb 2000  19s  
INFO: Event nb 3000  28.6s  
INFO: Event nb 4000  38s  
INFO: Event nb 5000  47.6s  
INFO: Event nb 6000  57s  
INFO: Event nb 7000  1m 6s  
INFO: Event nb 8000  1m 16s  
INFO: Event nb 9000  1m 25s  
INFO: Event nb 10000  1m 35s  
INFO: reducing number of print status. Next status update in 10000 events 
INFO: Event nb 20000  3m 9s  
INFO: All event done  (nb_event: 25000)  3m 56s  
INFO: Event /vols/cms/us322/02_event_generation_14_new/mg_processes/signal_supp_8/morphing_basis_vector_2/Events/run_01/unweighted_events.lhe have now the additional weight 
INFO: new cross-section is : 0.095042 pb (indicative error: 0.0226792 pb) 
launch --rwgt_name=morphing_basis_vector_9
Do you want to edit a card (press enter to bypass editing)?
/------------------------------------------------------------\
|  [31m1[0m. param : [32mparam_card.dat[0m                                 |
|  [31m9[0m. plot  : [32mplot_card.dat[0m                                  |
\------------------------------------------------------------/
 you can also
   - enter the path to a valid card or banner.
   - use the 'set' command to modify a parameter directly.
     The set option works only for param_card and run_card.
     Type 'help set' for more information on this command.
   - call an external program (ASperGE/MadWidth/...).
     Type 'help' for the list of available command
 [[4m0[0m, done, 1, param, 9, plot, enter path]
>INFO: starts to compute weight for events with the following modification to the param_card: 
INFO: set param_card dim6 4 3.774042 # orig: -3.509851
KEEP:set param_card dim6 5 0.6799669 # orig: -14.88657
KEEP:set param_card dim62f 19 4.975328 # orig: 6.650933
KEEP: 
INFO: Event nb 0 current time: 22h54 
INFO: Event nb 10  0.096s  
INFO: Event nb 20  0.19s  
INFO: Event nb 30  0.29s  
INFO: Event nb 40  0.38s  
INFO: Event nb 50  0.48s  
INFO: Event nb 60  0.57s  
INFO: Event nb 70  0.67s  
INFO: Event nb 80  0.77s  
INFO: Event nb 90  0.86s  
INFO: Event nb 100  0.96s  
INFO: Event nb 200  1.9s  
INFO: Event nb 300  2.9s  
INFO: Event nb 400  3.8s  
INFO: Event nb 500  4.8s  
INFO: Event nb 600  5.7s  
INFO: Event nb 700  6.7s  
INFO: Event nb 800  7.6s  
INFO: Event nb 900  8.6s  
INFO: Event nb 1000  9.5s  
INFO: Event nb 2000  19.3s  
INFO: Event nb 3000  28.9s  
INFO: Event nb 4000  38.4s  
INFO: Event nb 5000  48.1s  
INFO: Event nb 6000  57.6s  
INFO: Event nb 7000  1m 7s  
INFO: Event nb 8000  1m 17s  
INFO: Event nb 9000  1m 26s  
INFO: Event nb 10000  1m 36s  
INFO: reducing number of print status. Next status update in 10000 events 
INFO: Event nb 20000  3m 11s  
INFO: All event done  (nb_event: 25000)  3m 57s  
INFO: Event /vols/cms/us322/02_event_generation_14_new/mg_processes/signal_supp_8/morphing_basis_vector_2/Events/run_01/unweighted_events.lhe have now the additional weight 
INFO: new cross-section is : 0.0291204 pb (indicative error: 0.0144527 pb) 
INFO: Original cross-section: 0.075558 +- 0.00016867 pb (cross-section from sum of weights: 0.07555800000000089) 
INFO: Computed cross-section: 
INFO: morphing_basis_vector_1 : 0.04954292996967354 +- 0.0065397357246858604 pb 
INFO: morphing_basis_vector_3 : 0.04934279041109994 +- 0.022198980150289416 pb 
INFO: morphing_basis_vector_4 : 0.12063178146603115 +- 0.043153900665123264 pb 
INFO: morphing_basis_vector_5 : 0.18549100805449598 +- 0.036703216006977284 pb 
INFO: morphing_basis_vector_6 : 0.049814899097344066 +- 0.014702494914253026 pb 
INFO: morphing_basis_vector_7 : 0.12678057696825895 +- 0.011154636263087339 pb 
INFO: morphing_basis_vector_8 : 0.09504202892856785 +- 0.022679186650682595 pb 
INFO: morphing_basis_vector_9 : 0.029120439786116236 +- 0.014452665904678535 pb 
INFO: sm : 0.016012656579713794 +- 0.0079864884831341 pb 
INFO: quit rwgt 
decay_events -from_cards
INFO: Running MadSpin 
INFO: This functionality allows for the decay of resonances 
INFO: in a .lhe file, keeping track of the spin correlation effets. 
INFO: BE AWARE OF THE CURRENT LIMITATIONS: 
INFO:   (1) Only a succession of 2 body decay are currently allowed 
************************************************************
*                                                          *
*           W E L C O M E  to  M A D S P I N               *
*                                                          *
************************************************************
INFO: Extracting the banner ... 
INFO: process: p p > H H QED=2 QCD=2  
INFO: options: NP=2  
INFO: detected model: SMEFTatNLO-LO. Loading... 
lhapdf-config does not seem to correspond to a valid lhapdf-config executable. 
Please set the 'lhapdf' variable to the (absolute) /PATH/TO/lhapdf-config (including lhapdf-config).
Note that you can still compile and run aMC@NLO with the built-in PDFs
 MG5_aMC> set lhapdf /PATH/TO/lhapdf-config

Set group_subprocesses to Auto
Note that you need to regenerate all processes
import model heft --bypass_check
[1;34mWARNING: No param_card defined for the new model. We will use the default one but this might completely wrong. [0m
INFO: detected model: heft. Loading... 
INFO: Restrict model heft with file ../mg5amcnlo/models/heft/restrict_default.dat . 
INFO: Run "set stdout_level DEBUG" before import for more information. 
[1;34mPass the definition of 'j' and 'p' to 4 flavour scheme.[0m
Kept definitions of multiparticles l+ / l- / vl / vl~ unchanged
Removed obsolete multiparticles all
Defined multiparticle all = g u c d s u~ c~ d~ s~ a ve vm vt e- m- ve~ vm~ vt~ e+ m+ t b t~ b~ z w+ h h1 w- tt- tt+
set spinmode None          # Use one of the madspin special mode
set max_weight_ps_point 400  # number of PS to estimate the maximum for each event
decay h > b b~
decay h > a a
launch
INFO: Will use seed 87035277 
INFO: generate 25000 decay event for particle h 
INFO: Will use seed 403392930 
stty: 'standard input': Inappropriate ioctl for device
  0%|          | 0/691 [00:00<?, ?it/s]100%|██████████| 691/691 [00:00<00:00, 131375.01it/s]stty: 'standard input': Inappropriate ioctl for device

  0%|          | 0/691 [00:00<?, ?it/s]100%|██████████| 691/691 [00:00<00:00, 147810.28it/s]decaying event number 100 [0.06527090072631836 s]
decaying event number 200 [0.129713773727417 s]
decaying event number 300 [0.19365191459655762 s]
decaying event number 400 [0.25718188285827637 s]
decaying event number 500 [0.3208200931549072 s]
decaying event number 600 [0.38532495498657227 s]
decaying event number 700 [0.4486849308013916 s]
decaying event number 800 [0.5119838714599609 s]
decaying event number 900 [0.5754985809326172 s]
decaying event number 1000 [0.6387789249420166 s]
decaying event number 2000 [1.2708046436309814 s]
decaying event number 3000 [1.9045088291168213 s]
decaying event number 4000 [2.5386464595794678 s]
decaying event number 5000 [3.1805124282836914 s]
decaying event number 6000 [3.8268489837646484 s]
decaying event number 7000 [4.462046384811401 s]
decaying event number 8000 [5.096723556518555 s]
decaying event number 9000 [5.729961156845093 s]
decaying event number 10000 [6.363424301147461 s]
decaying event number 20000 [12.871231079101562 s]
INFO: The decayed event file has been moved to the following location:  
INFO: /vols/cms/us322/02_event_generation_14_new/mg_processes/signal_supp_8/morphing_basis_vector_2/Events/run_01_decayed_1/unweighted_events.lhe.gz 
INFO: MadSpin Done 
INFO: [92mRunning Pythia8 [arXiv:1410.3012][0m 

[1;31mCommand "generate_events run_01" interrupted with error:
EOFError : Compressed file ended before the end-of-stream marker was reached
Please report this bug on https://bugs.launchpad.net/mg5amcnlo
More information is found in '/vols/cms/us322/02_event_generation_14_new/mg_processes/signal_supp_8/morphing_basis_vector_2/run_01_decayed_1_tag_1_debug.log'.
Please attach this file to your report.[0m
INFO: storing files of previous run 
INFO: Done 
INFO:  
INFO:  
[1;34mcommand not executed:         shower=Pythia8[0m
[1;34mcommand not executed:         detector=OFF[0m
[1;34mcommand not executed:         analysis=OFF[0m
[1;34mcommand not executed:         madspin=ON[0m
[1;34mcommand not executed:         reweight=ON[0m
[1;34mcommand not executed:         done[0m
[1;34mcommand not executed:         [0m
quit
INFO:  
order=LO
[1;34mCommand "order=LO" not recognized, please try again[0m
quit
 mdl_vev0 =    246.22056907348588     
 mdl_vev0__exp__2 =    60624.568634871226     
 mdl_dlam =   0.45759933651977336     
 mdl_ee0 =   0.31345063981313520     
 mdl_cw =   0.87538656571726847     
 mdl_muH =    68.165123028343629     
 mdl_sw =   0.48342358295983689     
 mdl_g1 =   0.35807111062562641     
 mdl_gw =   0.64839749416853931     
 mdl_lam =    6.9897490058211470E-002
 mdl_vev =    246.22056907348588     
 mdl_ee =   0.31345063981313520     
 mdl_ee__exp__2 =    9.8251303599263817E-002
 mdl_aEW =    7.8185903165226816E-003
 aEWM1 =    127.90029398096792     
 mdl_ee0__exp__2 =    9.8251303599263817E-002
 mdl_ee0__exp__3 =    3.0796933975663836E-002
 mdl_vev0__exp__3 =    14927015.789112596     
  Internal Params evaluated point by point
  ----------------------------------------
  
 mdl_sqrt__aS =   0.34496376621320685     
 mdl_G__exp__2 =    1.4953981031087418     
 mdl_G__exp__3 =    1.8286695702272273     
 mdl_G__exp__4 =    2.2362154867812229     
 mdl_MU_R__exp__2 =    8315.2513440000002     
  Couplings of SMEFTatNLO-LO
  ---------------------------------
  
        GC_11 =   0.00000E+00   0.12229E+01
 R2GC_1297_467 =  0.00000E+00   0.98798E-02
 R2GC_1298_468 =  0.00000E+00   0.17412E+00
 R2GC_618_1801 = -0.00000E+00  -0.92422E-02
 R2GC_631_1814 = -0.00000E+00  -0.22756E+01
      GC_1822 =   0.00000E+00   0.25987E-02
      GC_1842 =   0.00000E+00   0.53452E-01
       GC_322 =  -0.00000E+00  -0.19038E+03
       GC_420 =   0.00000E+00   0.60899E+02
       GC_422 =   0.00000E+00   0.37170E-02
       GC_431 =   0.00000E+00  -0.43558E+02
       GC_546 =  -0.00000E+00  -0.69856E+00
