************************************************************
*                                                          *
*                     W E L C O M E to                     *
*              M A D G R A P H 5 _ a M C @ N L O           *
*                                                          *
*                                                          *
*                 *                       *                *
*                   *        * *        *                  *
*                     * * * * 5 * * * *                    *
*                   *        * *        *                  *
*                 *                       *                *
*                                                          *
*         VERSION 3.5.1                 2023-07-11         *
*                                                          *
*    The MadGraph5_aMC@NLO Development Team - Find us at   *
*              http://madgraph.phys.ucl.ac.be/             *
*                            and                           *
*            http://amcatnlo.web.cern.ch/amcatnlo/         *
*                                                          *
*               Type 'help' for in-line help.              *
*           Type 'tutorial' to learn how MG5 works         *
*    Type 'tutorial aMCatNLO' to learn how aMC@NLO works   *
*    Type 'tutorial MadLoop' to learn how MadLoop works    *
*                                                          *
************************************************************
load MG5 configuration from ../mg5amcnlo/input/mg5_configuration.txt 
fastjet-config does not seem to correspond to a valid fastjet-config executable (v3+). We will use fjcore instead.
 Please set the 'fastjet'variable to the full (absolute) /PATH/TO/fastjet-config (including fastjet-config).
 MG5_aMC> set fastjet /PATH/TO/fastjet-config

eMELA-config does not seem to correspond to a valid eMELA-config executable.
 Please set the 'fastjet'variable to the full (absolute) /PATH/TO/eMELA-config (including eMELA-config).
 MG5_aMC> set eMELA /PATH/TO/eMELA-config

lhapdf-config does not seem to correspond to a valid lhapdf-config executable. 
Please set the 'lhapdf' variable to the (absolute) /PATH/TO/lhapdf-config (including lhapdf-config).
Note that you can still compile and run aMC@NLO with the built-in PDFs
 MG5_aMC> set lhapdf /PATH/TO/lhapdf-config

None does not seem to correspond to a valid lhapdf-config executable. 
Please set the 'lhapdf' variable to the (absolute) /PATH/TO/lhapdf-config (including lhapdf-config).
Note that you can still compile and run aMC@NLO with the built-in PDFs
 MG5_aMC> set lhapdf /PATH/TO/lhapdf-config

Using default text editor "vi". Set another one in ./input/mg5_configuration.txt
Using default eps viewer "evince". Set another one in ./input/mg5_configuration.txt
Using default web browser "firefox". Set another one in ./input/mg5_configuration.txt
import /vols/cms/us322/02_event_generation_14_new/mg_processes/signal_supp_3/morphing_basis_vector_1/madminer/cards/mg_commands_0.dat
The import format was not given, so we guess it as command
launch /vols/cms/us322/02_event_generation_14_new/mg_processes/signal_supp_3/morphing_basis_vector_1
************************************************************
*                                                          *
*                      W E L C O M E to                    *
*             M A D G R A P H 5 _ a M C @ N L O            *
*                      M A D E V E N T                     *
*                                                          *
*                 *                       *                *
*                   *        * *        *                  *
*                     * * * * 5 * * * *                    *
*                   *        * *        *                  *
*                 *                       *                *
*                                                          *
*         VERSION 3.5.1                 2023-07-11         *
*                                                          *
*    The MadGraph5_aMC@NLO Development Team - Find us at   *
*    https://server06.fynu.ucl.ac.be/projects/madgraph     *
*                                                          *
*               Type 'help' for in-line help.              *
*                                                          *
************************************************************
INFO: load configuration from /vols/cms/us322/02_event_generation_14_new/mg_processes/signal_supp_3/morphing_basis_vector_1/Cards/me5_configuration.txt  
INFO: load configuration from /vols/cms/us322/mg5amcnlo/input/mg5_configuration.txt  
INFO: load configuration from /vols/cms/us322/02_event_generation_14_new/mg_processes/signal_supp_3/morphing_basis_vector_1/Cards/me5_configuration.txt  
Using default text editor "vi". Set another one in ./input/mg5_configuration.txt
generate_events run_01
stty: 'standard input': Inappropriate ioctl for device
The following switches determine which programs are run:
/===========================================================================\
| 1. Choose the shower/hadronization program   [1m  shower[0m = [32mPythia8[0m           |
| 2. Choose the detector simulation program    [1mdetector[0m = [01mNot Avail.[0m        |
| 3. Choose an analysis package (plot/convert) [1manalysis[0m = [01mNot Avail.[0m        |
| 4. Decay onshell particles                   [1m madspin[0m = [32mON[0m                |
| 5. Add weights to events for new hypp.       [1mreweight[0m = [32mON[0m                |
\===========================================================================/
Either type the switch number (1 to 5) to change its setting,
Set any switch explicitly (e.g. type 'shower=OFF' at the prompt)
Type 'help' for the list of all valid option
Type '0', 'auto', 'done' or just press enter when you are done.
[1;34mfound line : order=LO[0m
[1;34mThis answer is not valid for current question. Keep it for next question and use here default: 0[0m
Do you want to edit a card (press enter to bypass editing)?
/------------------------------------------------------------\
|  [31m1[0m. param         : [32mparam_card.dat[0m                         |
|  [31m2[0m. run           : [32mrun_card.dat[0m                           |
|  [31m3[0m. pythia8       : [32mpythia8_card.dat[0m                       |
|  [31m4[0m. madspin       : [32mmadspin_card.dat[0m                       |
|  [31m5[0m. reweight      : [32mreweight_card.dat[0m                      |
|  [31m6[0m. MadLoopParams : [32mMadLoopParams.dat[0m                      |
\------------------------------------------------------------/
 you can also
   - enter the path to a valid card or banner.
   - use the 'set' command to modify a parameter directly.
     The set option works only for param_card and run_card.
     Type 'help set' for more information on this command.
   - call an external program (ASperGE/MadWidth/...).
     Type 'help' for the list of available command
 [[4m0[0m, done, 1, param, 2, run, 3, pythia8, 4, enter path, ... ]
[1;34mfound line : order=LO[0m
[1;34mThis answer is not valid for current question. Keep it for next question and use here default: 0[0m
INFO: Update the dependent parameter of the param_card.dat 
[1;34mWARNING: update the strong coupling value (alpha_s) to the value from the pdf selected: 0.119 [0m
[1;34mWARNING: Unknow type of information in the card: dim64f4l,dim64f2l,dim64f [0m
Generating 25000 events with run name run_01
survey  run_01 
INFO: compile directory 
initMadLoop -r -f
Error: no DISPLAY environment variable specified
Initializing MadLoop loop-induced matrix elements (this can take some time)...
MadLoop initialization finished.
compile Source Directory
Using random number seed offset = 4873
INFO: Running Survey 
Creating Jobs
Working on SubProcesses
INFO:     P0_gg_hh  
INFO:  Idle: 1,  Running: 3,  Completed: 0 [ current time: 22h12 ] 
INFO:  Idle: 0,  Running: 3,  Completed: 1 [  13.5s  ] 
INFO: P0_gg_hh/G1 is at 0.0494 +- 0.0013 pb. Now submitting iteration #2. 
INFO:  Idle: 0,  Running: 3,  Completed: 6 [  36.4s  ] 
INFO: P0_gg_hh/G1 is at 0.04895 +- 0.000166 pb. Now submitting iteration #3. 
INFO:  Idle: 0,  Running: 3,  Completed: 11 [  1m 19s  ] 
INFO: Survey finished for P0_gg_hh/G1 at 0.04996 +- 0.000378 pb 
INFO:  Idle: 0,  Running: 0,  Completed: 15 [  1m 19s  ] 
INFO: End survey 
refine 25000
Creating Jobs
INFO: Refine results to 25000 
INFO: Generating 25000.0 unweighted events. 
sum of cpu time of last step: 0 second
INFO: Effective Luminosity 575497.948153338 pb^-1 
INFO: need to improve 1 channels 
- Current estimate of cross-section: 0.049955 +- 0.00037767
INFO:  Idle: 0,  Running: 16,  Completed: 0 [ current time: 22h14 ] 
INFO:  Idle: 0,  Running: 15,  Completed: 1 [  57.6s  ] 
INFO: P0_gg_hh/G1 is at 1180/28654 (4.1%) event. Resubmit 40 job at iteration 1. 
INFO:  Idle: 23,  Running: 16,  Completed: 18 [  1m 56s  ] 
INFO:  Idle: 8,  Running: 16,  Completed: 33 [  1m 59s  ] 
INFO:  Idle: 7,  Running: 16,  Completed: 34 [  2m 53s  ] 
INFO:  Idle: 0,  Running: 13,  Completed: 44 [  2m 57s  ] 
INFO:  Idle: 0,  Running: 9,  Completed: 48 [  3m 2s  ] 
INFO:  Idle: 0,  Running: 7,  Completed: 50 [  3m 25s  ] 
INFO: P0_gg_hh/G1 is at 4428/28593 (15%) event. Resubmit 100 job at iteration 2. 
INFO:  Idle: 83,  Running: 16,  Completed: 59 [  4m 24s  ] 
INFO:  Idle: 67,  Running: 16,  Completed: 75 [  5m 21s  ] 
INFO:  Idle: 53,  Running: 16,  Completed: 89 [  5m 27s  ] 
INFO:  Idle: 51,  Running: 16,  Completed: 91 [  6m 19s  ] 
INFO:  Idle: 40,  Running: 16,  Completed: 102 [  6m 24s  ] 
INFO:  Idle: 35,  Running: 16,  Completed: 107 [  7m 17s  ] 
INFO:  Idle: 27,  Running: 16,  Completed: 115 [  7m 21s  ] 
INFO:  Idle: 22,  Running: 16,  Completed: 120 [  7m 24s  ] 
INFO:  Idle: 20,  Running: 16,  Completed: 122 [  7m 28s  ] 
INFO:  Idle: 19,  Running: 16,  Completed: 123 [  8m 15s  ] 
INFO:  Idle: 14,  Running: 16,  Completed: 128 [  8m 19s  ] 
INFO:  Idle: 9,  Running: 16,  Completed: 133 [  8m 22s  ] 
INFO:  Idle: 5,  Running: 16,  Completed: 137 [  8m 26s  ] 
INFO:  Idle: 3,  Running: 16,  Completed: 139 [  9m 13s  ] 
INFO:  Idle: 0,  Running: 14,  Completed: 144 [  9m 17s  ] 
INFO:  Idle: 0,  Running: 7,  Completed: 151 [  9m 21s  ] 
INFO:  Idle: 0,  Running: 3,  Completed: 155 [  9m 33s  ] 
INFO: P0_gg_hh/G1 is at 14806/28596 ('52%') event. Resubmit 131 job at iteration 3. 
INFO:  Idle: 114,  Running: 16,  Completed: 160 [  10m 31s  ] 
INFO:  Idle: 98,  Running: 16,  Completed: 176 [  11m 29s  ] 
INFO:  Idle: 85,  Running: 16,  Completed: 189 [  11m 35s  ] 
INFO:  Idle: 82,  Running: 16,  Completed: 192 [  12m 27s  ] 
INFO:  Idle: 71,  Running: 16,  Completed: 203 [  12m 33s  ] 
INFO:  Idle: 67,  Running: 16,  Completed: 207 [  12m 38s  ] 
INFO:  Idle: 66,  Running: 16,  Completed: 208 [  13m 26s  ] 
INFO:  Idle: 55,  Running: 16,  Completed: 219 [  13m 32s  ] 
INFO:  Idle: 51,  Running: 16,  Completed: 223 [  13m 36s  ] 
INFO:  Idle: 50,  Running: 16,  Completed: 224 [  14m 24s  ] 
INFO:  Idle: 42,  Running: 16,  Completed: 232 [  14m 29s  ] 
INFO:  Idle: 37,  Running: 16,  Completed: 237 [  14m 36s  ] 
INFO:  Idle: 35,  Running: 16,  Completed: 239 [  14m 39s  ] 
INFO:  Idle: 34,  Running: 16,  Completed: 240 [  15m 23s  ] 
INFO:  Idle: 27,  Running: 16,  Completed: 247 [  15m 27s  ] 
INFO:  Idle: 22,  Running: 16,  Completed: 252 [  15m 34s  ] 
INFO:  Idle: 19,  Running: 16,  Completed: 255 [  15m 38s  ] 
INFO:  Idle: 18,  Running: 16,  Completed: 256 [  16m 21s  ] 
INFO:  Idle: 13,  Running: 16,  Completed: 261 [  16m 26s  ] 
INFO:  Idle: 7,  Running: 16,  Completed: 267 [  16m 32s  ] 
INFO:  Idle: 3,  Running: 16,  Completed: 271 [  16m 36s  ] 
INFO:  Idle: 2,  Running: 16,  Completed: 272 [  17m 19s  ] 
INFO:  Idle: 0,  Running: 13,  Completed: 277 [  17m 24s  ] 
INFO:  Idle: 0,  Running: 7,  Completed: 283 [  17m 27s  ] 
INFO:  Idle: 0,  Running: 2,  Completed: 288 [  17m 37s  ] 
INFO: P0_gg_hh/G1 is at 26919/28586 ('94%') event. Resubmit 17 job at iteration 4. 
INFO:  Idle: 0,  Running: 16,  Completed: 292 [  18m 36s  ] 
INFO:  Idle: 1,  Running: 0,  Completed: 308 [  18m 40s  ] 
INFO: P0_gg_hh/G1 is at 26057/28585 ('91%') event. Resubmit 25 job at iteration 5. 
INFO:  Idle: 8,  Running: 16,  Completed: 310 [  19m 38s  ] 
INFO:  Idle: 0,  Running: 9,  Completed: 325 [  19m 42s  ] 
INFO:  Idle: 0,  Running: 8,  Completed: 326 [  20m 12s  ] 
INFO: found enough event for P0_gg_hh/G1 
INFO:  Idle: 0,  Running: 0,  Completed: 335 [  20m 12s  ] 
INFO: Combining runs 
sum of cpu time of last step: 0 second
INFO: finish refine 
refine 25000 --treshold=0.9
No need for second refine due to stability of cross-section
INFO: Combining Events 
 
 
 
  === Results Summary for run: run_01 tag: tag_1 ===

     Cumulative sequential time for this run: 21m14s
     Cross-section :   0.04968 +- 2.584e-05 pb
     Nb of events :  25000
 
store_events
INFO: Storing parton level results 
INFO: End Parton 
reweight -from_cards
INFO: Extracting the banner ... 
INFO: process: p p > H H QED=2 QCD=2  
INFO: options: NP=2  
INFO: Running Reweighting 
change output default
change helicity False
launch --rwgt_name=sm
INFO: detected model: SMEFTatNLO-LO. Loading... 
INFO: generating the square matrix element for reweighting 
INFO: generate p p > H H   QED=2 QCD=2 NP=2   --no_warning=duplicate;define pert_QCD = -5 -4 -3 -2 -1 1 2 3 4 5 21;add process p p > H H    pert_QCD QED=2 QCD=3 NP=2    --no_warning=duplicate; 
INFO: RETRY with generate p p > H H   QED=2 QCD=2 NP=2  [virt=QCD] ; 
INFO: Done 10.72 
Do you want to edit a card (press enter to bypass editing)?
/------------------------------------------------------------\
|  [31m1[0m. param : [32mparam_card.dat[0m                                 |
|  [31m9[0m. plot  : [32mplot_card.dat[0m                                  |
\------------------------------------------------------------/
 you can also
   - enter the path to a valid card or banner.
   - use the 'set' command to modify a parameter directly.
     The set option works only for param_card and run_card.
     Type 'help set' for more information on this command.
   - call an external program (ASperGE/MadWidth/...).
     Type 'help' for the list of available command
 [[4m0[0m, done, 1, param, 9, plot, enter path]
>INFO: starts to compute weight for events with the following modification to the param_card: 
INFO: set param_card dim6 4 0.0 # orig: -4.270762
KEEP:set param_card dim6 5 0.0 # orig: -9.635791
KEEP:set param_card dim62f 19 0.0 # orig: -5.011696
KEEP: 
INFO: Event nb 0 current time: 22h35 
INFO: Event nb 10  0.15s  
INFO: Event nb 20  0.23s  
INFO: Event nb 30  0.32s  
INFO: Event nb 40  0.4s  
INFO: Event nb 50  0.49s  
INFO: Event nb 60  0.57s  
INFO: Event nb 70  0.65s  
INFO: Event nb 80  0.74s  
INFO: Event nb 90  0.83s  
INFO: Event nb 100  0.91s  
INFO: Event nb 200  1.8s  
INFO: Event nb 300  2.6s  
INFO: Event nb 400  3.4s  
INFO: Event nb 500  4.3s  
INFO: Event nb 600  5.1s  
INFO: Event nb 700  6s  
INFO: Event nb 800  6.8s  
INFO: Event nb 900  7.7s  
INFO: Event nb 1000  8.6s  
INFO: Event nb 2000  17.3s  
INFO: Event nb 3000  25.7s  
INFO: Event nb 4000  34.6s  
INFO: Event nb 5000  43s  
INFO: Event nb 6000  51.7s  
INFO: Event nb 7000  1m 0s  
INFO: Event nb 8000  1m 8s  
INFO: Event nb 9000  1m 17s  
INFO: Event nb 10000  1m 26s  
INFO: reducing number of print status. Next status update in 10000 events 
INFO: Event nb 20000  2m 52s  
INFO: All event done  (nb_event: 25000)  3m 35s  
INFO: Event /vols/cms/us322/02_event_generation_14_new/mg_processes/signal_supp_3/morphing_basis_vector_1/Events/run_01/unweighted_events.lhe have now the additional weight 
INFO: new cross-section is : 0.0158631 pb (indicative error: 0.00177059 pb) 
launch --rwgt_name=morphing_basis_vector_2
Do you want to edit a card (press enter to bypass editing)?
/------------------------------------------------------------\
|  [31m1[0m. param : [32mparam_card.dat[0m                                 |
|  [31m9[0m. plot  : [32mplot_card.dat[0m                                  |
\------------------------------------------------------------/
 you can also
   - enter the path to a valid card or banner.
   - use the 'set' command to modify a parameter directly.
     The set option works only for param_card and run_card.
     Type 'help set' for more information on this command.
   - call an external program (ASperGE/MadWidth/...).
     Type 'help' for the list of available command
 [[4m0[0m, done, 1, param, 9, plot, enter path]
>INFO: starts to compute weight for events with the following modification to the param_card: 
INFO: set param_card dim6 4 -3.509851 # orig: -4.270762
KEEP:set param_card dim6 5 -14.88657 # orig: -9.635791
KEEP:set param_card dim62f 19 6.650933 # orig: -5.011696
KEEP: 
INFO: Event nb 0 current time: 22h38 
INFO: Event nb 10  0.1s  
INFO: Event nb 20  0.2s  
INFO: Event nb 30  0.29s  
INFO: Event nb 40  0.38s  
INFO: Event nb 50  0.48s  
INFO: Event nb 60  0.58s  
INFO: Event nb 70  0.67s  
INFO: Event nb 80  0.77s  
INFO: Event nb 90  0.87s  
INFO: Event nb 100  0.97s  
INFO: Event nb 200  1.9s  
INFO: Event nb 300  2.8s  
INFO: Event nb 400  3.7s  
INFO: Event nb 500  4.6s  
INFO: Event nb 600  5.6s  
INFO: Event nb 700  6.5s  
INFO: Event nb 800  7.4s  
INFO: Event nb 900  8.3s  
INFO: Event nb 1000  9.3s  
INFO: Event nb 2000  18.6s  
INFO: Event nb 3000  27.8s  
INFO: Event nb 4000  37.3s  
INFO: Event nb 5000  46.6s  
INFO: Event nb 6000  55.8s  
INFO: Event nb 7000  1m 5s  
INFO: Event nb 8000  1m 14s  
INFO: Event nb 9000  1m 23s  
INFO: Event nb 10000  1m 33s  
INFO: reducing number of print status. Next status update in 10000 events 
INFO: Event nb 20000  3m 5s  
INFO: All event done  (nb_event: 25000)  3m 52s  
INFO: Event /vols/cms/us322/02_event_generation_14_new/mg_processes/signal_supp_3/morphing_basis_vector_1/Events/run_01/unweighted_events.lhe have now the additional weight 
INFO: new cross-section is : 0.07573 pb (indicative error: 0.00420522 pb) 
launch --rwgt_name=morphing_basis_vector_3
Do you want to edit a card (press enter to bypass editing)?
/------------------------------------------------------------\
|  [31m1[0m. param : [32mparam_card.dat[0m                                 |
|  [31m9[0m. plot  : [32mplot_card.dat[0m                                  |
\------------------------------------------------------------/
 you can also
   - enter the path to a valid card or banner.
   - use the 'set' command to modify a parameter directly.
     The set option works only for param_card and run_card.
     Type 'help set' for more information on this command.
   - call an external program (ASperGE/MadWidth/...).
     Type 'help' for the list of available command
 [[4m0[0m, done, 1, param, 9, plot, enter path]
>INFO: starts to compute weight for events with the following modification to the param_card: 
INFO: set param_card dim6 4 -4.70413 # orig: -4.270762
KEEP:set param_card dim6 5 -2.237588 # orig: -9.635791
KEEP:set param_card dim62f 19 4.219889 # orig: -5.011696
KEEP: 
INFO: Event nb 0 current time: 22h42 
INFO: Event nb 10  0.096s  
INFO: Event nb 20  0.19s  
INFO: Event nb 30  0.28s  
INFO: Event nb 40  0.37s  
INFO: Event nb 50  0.48s  
INFO: Event nb 60  0.57s  
INFO: Event nb 70  0.66s  
INFO: Event nb 80  0.76s  
INFO: Event nb 90  0.86s  
INFO: Event nb 100  0.95s  
INFO: Event nb 200  1.9s  
INFO: Event nb 300  2.8s  
INFO: Event nb 400  3.7s  
INFO: Event nb 500  4.7s  
INFO: Event nb 600  5.7s  
INFO: Event nb 700  6.6s  
INFO: Event nb 800  7.5s  
INFO: Event nb 900  8.4s  
INFO: Event nb 1000  9.3s  
INFO: Event nb 2000  18.4s  
INFO: Event nb 3000  27.9s  
INFO: Event nb 4000  37s  
INFO: Event nb 5000  46.4s  
INFO: Event nb 6000  55.6s  
INFO: Event nb 7000  1m 4s  
INFO: Event nb 8000  1m 14s  
INFO: Event nb 9000  1m 23s  
INFO: Event nb 10000  1m 32s  
INFO: reducing number of print status. Next status update in 10000 events 
INFO: Event nb 20000  3m 5s  
INFO: All event done  (nb_event: 25000)  3m 51s  
INFO: Event /vols/cms/us322/02_event_generation_14_new/mg_processes/signal_supp_3/morphing_basis_vector_1/Events/run_01/unweighted_events.lhe have now the additional weight 
INFO: new cross-section is : 0.0486632 pb (indicative error: 0.00730266 pb) 
launch --rwgt_name=morphing_basis_vector_4
Do you want to edit a card (press enter to bypass editing)?
/------------------------------------------------------------\
|  [31m1[0m. param : [32mparam_card.dat[0m                                 |
|  [31m9[0m. plot  : [32mplot_card.dat[0m                                  |
\------------------------------------------------------------/
 you can also
   - enter the path to a valid card or banner.
   - use the 'set' command to modify a parameter directly.
     The set option works only for param_card and run_card.
     Type 'help set' for more information on this command.
   - call an external program (ASperGE/MadWidth/...).
     Type 'help' for the list of available command
 [[4m0[0m, done, 1, param, 9, plot, enter path]
>INFO: starts to compute weight for events with the following modification to the param_card: 
INFO: set param_card dim6 4 0.1140347 # orig: -4.270762
KEEP:set param_card dim6 5 4.567852 # orig: -9.635791
KEEP:set param_card dim62f 19 5.437451 # orig: -5.011696
KEEP: 
INFO: Event nb 0 current time: 22h46 
INFO: Event nb 10  0.098s  
INFO: Event nb 20  0.19s  
INFO: Event nb 30  0.28s  
INFO: Event nb 40  0.37s  
INFO: Event nb 50  0.47s  
INFO: Event nb 60  0.56s  
INFO: Event nb 70  0.65s  
INFO: Event nb 80  0.75s  
INFO: Event nb 90  0.84s  
INFO: Event nb 100  0.93s  
INFO: Event nb 200  1.9s  
INFO: Event nb 300  2.8s  
INFO: Event nb 400  3.8s  
INFO: Event nb 500  4.7s  
INFO: Event nb 600  5.7s  
INFO: Event nb 700  6.6s  
INFO: Event nb 800  7.6s  
INFO: Event nb 900  8.5s  
INFO: Event nb 1000  9.4s  
INFO: Event nb 2000  18.5s  
INFO: Event nb 3000  28s  
INFO: Event nb 4000  37.2s  
INFO: Event nb 5000  46.5s  
INFO: Event nb 6000  55.9s  
INFO: Event nb 7000  1m 5s  
INFO: Event nb 8000  1m 14s  
INFO: Event nb 9000  1m 23s  
INFO: Event nb 10000  1m 33s  
INFO: reducing number of print status. Next status update in 10000 events 
INFO: Event nb 20000  3m 5s  
INFO: All event done  (nb_event: 25000)  3m 52s  
INFO: Event /vols/cms/us322/02_event_generation_14_new/mg_processes/signal_supp_3/morphing_basis_vector_1/Events/run_01/unweighted_events.lhe have now the additional weight 
INFO: new cross-section is : 0.119849 pb (indicative error: 0.00943647 pb) 
launch --rwgt_name=morphing_basis_vector_5
Do you want to edit a card (press enter to bypass editing)?
/------------------------------------------------------------\
|  [31m1[0m. param : [32mparam_card.dat[0m                                 |
|  [31m9[0m. plot  : [32mplot_card.dat[0m                                  |
\------------------------------------------------------------/
 you can also
   - enter the path to a valid card or banner.
   - use the 'set' command to modify a parameter directly.
     The set option works only for param_card and run_card.
     Type 'help set' for more information on this command.
   - call an external program (ASperGE/MadWidth/...).
     Type 'help' for the list of available command
 [[4m0[0m, done, 1, param, 9, plot, enter path]
>INFO: starts to compute weight for events with the following modification to the param_card: 
INFO: set param_card dim6 4 2.704957 # orig: -4.270762
KEEP:set param_card dim6 5 -11.77089 # orig: -9.635791
KEEP:set param_card dim62f 19 -5.938309 # orig: -5.011696
KEEP: 
INFO: Event nb 0 current time: 22h50 
INFO: Event nb 10  0.095s  
INFO: Event nb 20  0.19s  
INFO: Event nb 30  0.27s  
INFO: Event nb 40  0.36s  
INFO: Event nb 50  0.46s  
INFO: Event nb 60  0.55s  
INFO: Event nb 70  0.64s  
INFO: Event nb 80  0.73s  
INFO: Event nb 90  0.83s  
INFO: Event nb 100  0.92s  
INFO: Event nb 200  1.8s  
INFO: Event nb 300  2.8s  
INFO: Event nb 400  3.7s  
INFO: Event nb 500  4.7s  
INFO: Event nb 600  5.6s  
INFO: Event nb 700  6.6s  
INFO: Event nb 800  7.5s  
INFO: Event nb 900  8.4s  
INFO: Event nb 1000  9.4s  
INFO: Event nb 2000  18.5s  
INFO: Event nb 3000  27.8s  
INFO: Event nb 4000  37.1s  
INFO: Event nb 5000  46.3s  
INFO: Event nb 6000  55.6s  
INFO: Event nb 7000  1m 4s  
INFO: Event nb 8000  1m 14s  
INFO: Event nb 9000  1m 23s  
INFO: Event nb 10000  1m 32s  
INFO: reducing number of print status. Next status update in 10000 events 
INFO: Event nb 20000  3m 4s  
INFO: All event done  (nb_event: 25000)  3m 50s  
INFO: Event /vols/cms/us322/02_event_generation_14_new/mg_processes/signal_supp_3/morphing_basis_vector_1/Events/run_01/unweighted_events.lhe have now the additional weight 
INFO: new cross-section is : 0.185433 pb (indicative error: 0.00513853 pb) 
launch --rwgt_name=morphing_basis_vector_6
Do you want to edit a card (press enter to bypass editing)?
/------------------------------------------------------------\
|  [31m1[0m. param : [32mparam_card.dat[0m                                 |
|  [31m9[0m. plot  : [32mplot_card.dat[0m                                  |
\------------------------------------------------------------/
 you can also
   - enter the path to a valid card or banner.
   - use the 'set' command to modify a parameter directly.
     The set option works only for param_card and run_card.
     Type 'help set' for more information on this command.
   - call an external program (ASperGE/MadWidth/...).
     Type 'help' for the list of available command
 [[4m0[0m, done, 1, param, 9, plot, enter path]
>INFO: starts to compute weight for events with the following modification to the param_card: 
INFO: set param_card dim6 4 4.585811 # orig: -4.270762
KEEP:set param_card dim6 5 6.747472 # orig: -9.635791
KEEP:set param_card dim62f 19 -2.432281 # orig: -5.011696
KEEP: 
INFO: Event nb 0 current time: 22h54 
INFO: Event nb 10  0.1s  
INFO: Event nb 20  0.19s  
INFO: Event nb 30  0.28s  
INFO: Event nb 40  0.37s  
INFO: Event nb 50  0.48s  
INFO: Event nb 60  0.57s  
INFO: Event nb 70  0.66s  
INFO: Event nb 80  0.76s  
INFO: Event nb 90  0.85s  
INFO: Event nb 100  0.94s  
INFO: Event nb 200  1.8s  
INFO: Event nb 300  2.8s  
INFO: Event nb 400  3.7s  
INFO: Event nb 500  4.6s  
INFO: Event nb 600  5.6s  
INFO: Event nb 700  6.5s  
INFO: Event nb 800  7.5s  
INFO: Event nb 900  8.4s  
INFO: Event nb 1000  9.3s  
INFO: Event nb 2000  18.9s  
INFO: Event nb 3000  28.3s  
INFO: Event nb 4000  37.7s  
INFO: Event nb 5000  46.8s  
INFO: Event nb 6000  56.2s  
INFO: Event nb 7000  1m 5s  
INFO: Event nb 8000  1m 14s  
INFO: Event nb 9000  1m 24s  
INFO: Event nb 10000  1m 33s  
INFO: reducing number of print status. Next status update in 10000 events 
INFO: Event nb 20000  3m 6s  
INFO: All event done  (nb_event: 25000)  3m 51s  
INFO: Event /vols/cms/us322/02_event_generation_14_new/mg_processes/signal_supp_3/morphing_basis_vector_1/Events/run_01/unweighted_events.lhe have now the additional weight 
INFO: new cross-section is : 0.0496866 pb (indicative error: 0.00318195 pb) 
launch --rwgt_name=morphing_basis_vector_7
Do you want to edit a card (press enter to bypass editing)?
/------------------------------------------------------------\
|  [31m1[0m. param : [32mparam_card.dat[0m                                 |
|  [31m9[0m. plot  : [32mplot_card.dat[0m                                  |
\------------------------------------------------------------/
 you can also
   - enter the path to a valid card or banner.
   - use the 'set' command to modify a parameter directly.
     The set option works only for param_card and run_card.
     Type 'help set' for more information on this command.
   - call an external program (ASperGE/MadWidth/...).
     Type 'help' for the list of available command
 [[4m0[0m, done, 1, param, 9, plot, enter path]
>INFO: starts to compute weight for events with the following modification to the param_card: 
INFO: set param_card dim6 4 -1.246802 # orig: -4.270762
KEEP:set param_card dim6 5 -14.80999 # orig: -9.635791
KEEP:set param_card dim62f 19 0.4606651 # orig: -5.011696
KEEP: 
INFO: Event nb 0 current time: 22h58 
INFO: Event nb 10  0.094s  
INFO: Event nb 20  0.18s  
INFO: Event nb 30  0.31s  
INFO: Event nb 40  0.4s  
INFO: Event nb 50  0.5s  
INFO: Event nb 60  0.59s  
INFO: Event nb 70  0.68s  
INFO: Event nb 80  0.78s  
INFO: Event nb 90  0.88s  
INFO: Event nb 100  0.98s  
INFO: Event nb 200  1.9s  
INFO: Event nb 300  2.8s  
INFO: Event nb 400  3.7s  
INFO: Event nb 500  4.6s  
INFO: Event nb 600  5.5s  
INFO: Event nb 700  6.4s  
INFO: Event nb 800  7.3s  
INFO: Event nb 900  8.1s  
INFO: Event nb 1000  9s  
INFO: Event nb 2000  18.2s  
INFO: Event nb 3000  27.4s  
INFO: Event nb 4000  36.8s  
INFO: Event nb 5000  46.2s  
INFO: Event nb 6000  55.2s  
INFO: Event nb 7000  1m 4s  
INFO: Event nb 8000  1m 13s  
INFO: Event nb 9000  1m 22s  
INFO: Event nb 10000  1m 32s  
INFO: reducing number of print status. Next status update in 10000 events 
INFO: Event nb 20000  3m 3s  
INFO: All event done  (nb_event: 25000)  3m 49s  
INFO: Event /vols/cms/us322/02_event_generation_14_new/mg_processes/signal_supp_3/morphing_basis_vector_1/Events/run_01/unweighted_events.lhe have now the additional weight 
INFO: new cross-section is : 0.127335 pb (indicative error: 0.00242888 pb) 
launch --rwgt_name=morphing_basis_vector_8
Do you want to edit a card (press enter to bypass editing)?
/------------------------------------------------------------\
|  [31m1[0m. param : [32mparam_card.dat[0m                                 |
|  [31m9[0m. plot  : [32mplot_card.dat[0m                                  |
\------------------------------------------------------------/
 you can also
   - enter the path to a valid card or banner.
   - use the 'set' command to modify a parameter directly.
     The set option works only for param_card and run_card.
     Type 'help set' for more information on this command.
   - call an external program (ASperGE/MadWidth/...).
     Type 'help' for the list of available command
 [[4m0[0m, done, 1, param, 9, plot, enter path]
>INFO: starts to compute weight for events with the following modification to the param_card: 
INFO: set param_card dim6 4 -1.757994 # orig: -4.270762
KEEP:set param_card dim6 5 7.687006 # orig: -9.635791
KEEP:set param_card dim62f 19 -4.792287 # orig: -5.011696
KEEP: 
INFO: Event nb 0 current time: 23h02 
INFO: Event nb 10  0.094s  
INFO: Event nb 20  0.19s  
INFO: Event nb 30  0.28s  
INFO: Event nb 40  0.55s  
INFO: Event nb 50  0.7s  
INFO: Event nb 60  0.86s  
INFO: Event nb 70  0.95s  
INFO: Event nb 80  1.1s  
INFO: Event nb 90  1.2s  
INFO: Event nb 100  1.3s  
INFO: Event nb 200  2.3s  
INFO: Event nb 300  3.2s  
INFO: Event nb 400  4.1s  
INFO: Event nb 500  5s  
INFO: Event nb 600  5.9s  
INFO: Event nb 700  6.8s  
INFO: Event nb 800  7.7s  
INFO: Event nb 900  8.6s  
INFO: Event nb 1000  9.6s  
INFO: Event nb 2000  19s  
INFO: Event nb 3000  28.1s  
INFO: Event nb 4000  37.5s  
INFO: Event nb 5000  46.9s  
INFO: Event nb 6000  56s  
INFO: Event nb 7000  1m 5s  
INFO: Event nb 8000  1m 14s  
INFO: Event nb 9000  1m 23s  
INFO: Event nb 10000  1m 32s  
INFO: reducing number of print status. Next status update in 10000 events 
INFO: Event nb 20000  3m 3s  
INFO: All event done  (nb_event: 25000)  3m 49s  
INFO: Event /vols/cms/us322/02_event_generation_14_new/mg_processes/signal_supp_3/morphing_basis_vector_1/Events/run_01/unweighted_events.lhe have now the additional weight 
INFO: new cross-section is : 0.0950002 pb (indicative error: 0.00446106 pb) 
launch --rwgt_name=morphing_basis_vector_9
Do you want to edit a card (press enter to bypass editing)?
/------------------------------------------------------------\
|  [31m1[0m. param : [32mparam_card.dat[0m                                 |
|  [31m9[0m. plot  : [32mplot_card.dat[0m                                  |
\------------------------------------------------------------/
 you can also
   - enter the path to a valid card or banner.
   - use the 'set' command to modify a parameter directly.
     The set option works only for param_card and run_card.
     Type 'help set' for more information on this command.
   - call an external program (ASperGE/MadWidth/...).
     Type 'help' for the list of available command
 [[4m0[0m, done, 1, param, 9, plot, enter path]
>INFO: starts to compute weight for events with the following modification to the param_card: 
INFO: set param_card dim6 4 3.774042 # orig: -4.270762
KEEP:set param_card dim6 5 0.6799669 # orig: -9.635791
KEEP:set param_card dim62f 19 4.975328 # orig: -5.011696
KEEP: 
INFO: Event nb 0 current time: 23h05 
INFO: Event nb 10  0.1s  
INFO: Event nb 20  0.33s  
INFO: Event nb 30  0.43s  
INFO: Event nb 40  0.62s  
INFO: Event nb 50  0.73s  
INFO: Event nb 60  0.82s  
INFO: Event nb 70  0.92s  
INFO: Event nb 80  1s  
INFO: Event nb 90  1.2s  
INFO: Event nb 100  1.3s  
INFO: Event nb 200  2.2s  
INFO: Event nb 300  3.1s  
INFO: Event nb 400  4.1s  
INFO: Event nb 500  5s  
INFO: Event nb 600  5.9s  
INFO: Event nb 700  6.8s  
INFO: Event nb 800  7.7s  
INFO: Event nb 900  8.6s  
INFO: Event nb 1000  9.5s  
INFO: Event nb 2000  18.5s  
INFO: Event nb 3000  27.6s  
INFO: Event nb 4000  36.8s  
INFO: Event nb 5000  46s  
INFO: Event nb 6000  55.2s  
INFO: Event nb 7000  1m 4s  
INFO: Event nb 8000  1m 13s  
INFO: Event nb 9000  1m 22s  
INFO: Event nb 10000  1m 32s  
INFO: reducing number of print status. Next status update in 10000 events 
INFO: Event nb 20000  3m 4s  
INFO: All event done  (nb_event: 25000)  3m 49s  
INFO: Event /vols/cms/us322/02_event_generation_14_new/mg_processes/signal_supp_3/morphing_basis_vector_1/Events/run_01/unweighted_events.lhe have now the additional weight 
INFO: new cross-section is : 0.0287831 pb (indicative error: 0.00358072 pb) 
INFO: Original cross-section: 0.049682 +- 2.5836e-05 pb (cross-section from sum of weights: 0.04968200000000031) 
INFO: Computed cross-section: 
INFO: morphing_basis_vector_2 : 0.07572996102972411 +- 0.004205216371804181 pb 
INFO: morphing_basis_vector_3 : 0.04866320414332708 +- 0.007302657355296837 pb 
INFO: morphing_basis_vector_4 : 0.11984872791784507 +- 0.009436467034331 pb 
INFO: morphing_basis_vector_5 : 0.18543338379392607 +- 0.005138534014862156 pb 
INFO: morphing_basis_vector_6 : 0.04968663877431627 +- 0.0031819459000971594 pb 
INFO: morphing_basis_vector_7 : 0.12733490421067795 +- 0.0024288841128579765 pb 
INFO: morphing_basis_vector_8 : 0.09500019270988413 +- 0.004461057079291189 pb 
INFO: morphing_basis_vector_9 : 0.028783097048500548 +- 0.0035807245466524308 pb 
INFO: sm : 0.015863085290467857 +- 0.0017705927995263942 pb 
INFO: quit rwgt 
decay_events -from_cards
INFO: Running MadSpin 
INFO: This functionality allows for the decay of resonances 
INFO: in a .lhe file, keeping track of the spin correlation effets. 
INFO: BE AWARE OF THE CURRENT LIMITATIONS: 
INFO:   (1) Only a succession of 2 body decay are currently allowed 
************************************************************
*                                                          *
*           W E L C O M E  to  M A D S P I N               *
*                                                          *
************************************************************
INFO: Extracting the banner ... 
INFO: process: p p > H H QED=2 QCD=2  
INFO: options: NP=2  
INFO: detected model: SMEFTatNLO-LO. Loading... 
lhapdf-config does not seem to correspond to a valid lhapdf-config executable. 
Please set the 'lhapdf' variable to the (absolute) /PATH/TO/lhapdf-config (including lhapdf-config).
Note that you can still compile and run aMC@NLO with the built-in PDFs
 MG5_aMC> set lhapdf /PATH/TO/lhapdf-config

Set group_subprocesses to Auto
Note that you need to regenerate all processes
import model heft --bypass_check
[1;34mWARNING: No param_card defined for the new model. We will use the default one but this might completely wrong. [0m
INFO: detected model: heft. Loading... 
INFO: Restrict model heft with file ../mg5amcnlo/models/heft/restrict_default.dat . 
INFO: Run "set stdout_level DEBUG" before import for more information. 
[1;34mPass the definition of 'j' and 'p' to 4 flavour scheme.[0m
Kept definitions of multiparticles l+ / l- / vl / vl~ unchanged
Removed obsolete multiparticles all
Defined multiparticle all = g u c d s u~ c~ d~ s~ a ve vm vt e- m- ve~ vm~ vt~ e+ m+ t b t~ b~ z w+ h h1 w- tt- tt+
set spinmode None          # Use one of the madspin special mode
set max_weight_ps_point 400  # number of PS to estimate the maximum for each event
decay h > b b~
decay h > a a
launch
INFO: Will use seed 523173136 
INFO: generate 25000 decay event for particle h 
INFO: Will use seed 374753807 
stty: 'standard input': Inappropriate ioctl for device
  0%|          | 0/691 [00:00<?, ?it/s]100%|██████████| 691/691 [00:00<00:00, 134116.80it/s]stty: 'standard input': Inappropriate ioctl for device

  0%|          | 0/691 [00:00<?, ?it/s]100%|██████████| 691/691 [00:00<00:00, 150778.49it/s]decaying event number 100 [0.06295228004455566 s]
decaying event number 200 [0.12514519691467285 s]
decaying event number 300 [0.18730831146240234 s]
decaying event number 400 [0.2497711181640625 s]
decaying event number 500 [0.31154394149780273 s]
decaying event number 600 [0.3732576370239258 s]
decaying event number 700 [0.43538665771484375 s]
decaying event number 800 [0.49722862243652344 s]
decaying event number 900 [0.5588991641998291 s]
decaying event number 1000 [0.620720624923706 s]
decaying event number 2000 [1.2360637187957764 s]
decaying event number 3000 [1.8558361530303955 s]
decaying event number 4000 [2.4713592529296875 s]
decaying event number 5000 [3.08760666847229 s]
decaying event number 6000 [3.704526424407959 s]
decaying event number 7000 [4.3202245235443115 s]
decaying event number 8000 [4.940042972564697 s]
decaying event number 9000 [5.560251951217651 s]
decaying event number 10000 [6.184424161911011 s]
decaying event number 20000 [12.366910219192505 s]
INFO: The decayed event file has been moved to the following location:  
INFO: /vols/cms/us322/02_event_generation_14_new/mg_processes/signal_supp_3/morphing_basis_vector_1/Events/run_01_decayed_1/unweighted_events.lhe.gz 
INFO: MadSpin Done 
INFO: [92mRunning Pythia8 [arXiv:1410.3012][0m 
Splitting .lhe event file for PY8 parallelization...
Submitting Pythia8 jobs...
Pythia8 shower jobs: 1 Idle, 15 Running, 0 Done [11 seconds]
Pythia8 shower jobs: 0 Idle, 15 Running, 1 Done [3m20s]
Pythia8 shower jobs: 0 Idle, 14 Running, 2 Done [3m21s]
Pythia8 shower jobs: 0 Idle, 13 Running, 3 Done [3m23s]
Pythia8 shower jobs: 0 Idle, 12 Running, 4 Done [3m23s]
Pythia8 shower jobs: 0 Idle, 11 Running, 5 Done [3m23s]
Pythia8 shower jobs: 0 Idle, 10 Running, 6 Done [3m24s]
Pythia8 shower jobs: 0 Idle, 9 Running, 7 Done [3m25s]
Pythia8 shower jobs: 0 Idle, 8 Running, 8 Done [3m25s]
Pythia8 shower jobs: 0 Idle, 7 Running, 9 Done [3m26s]
Pythia8 shower jobs: 0 Idle, 6 Running, 10 Done [3m26s]
Pythia8 shower jobs: 0 Idle, 5 Running, 11 Done [3m26s]
Pythia8 shower jobs: 0 Idle, 4 Running, 12 Done [3m26s]
Pythia8 shower jobs: 0 Idle, 3 Running, 13 Done [3m26s]
Pythia8 shower jobs: 0 Idle, 2 Running, 14 Done [3m26s]
Pythia8 shower jobs: 0 Idle, 1 Running, 15 Done [3m26s]
Pythia8 shower jobs: 0 Idle, 0 Running, 16 Done [3m26s]
Merging results from the split PY8 runs...
INFO: Pythia8 shower finished after 4m19s. 
  === Results Summary for run: run_01_decayed_1 tag: tag_1 ===

     Cross-section :   0.0001019 +- 5.299e-08 pb
     Nb of events :  25000
 
INFO: storing files of previous run 
INFO: Storing Pythia8 files of previous run 
INFO: Done 
quit
INFO:  
order=LO
[1;34mCommand "order=LO" not recognized, please try again[0m
shower=Pythia8
[1;34mCommand "shower=Pythia8" not recognized, please try again[0m
detector=OFF
[1;34mCommand "detector=OFF" not recognized, please try again[0m
analysis=OFF
[1;34mCommand "analysis=OFF" not recognized, please try again[0m
madspin=ON
[1;34mCommand "madspin=ON" not recognized, please try again[0m
reweight=ON
[1;34mCommand "reweight=ON" not recognized, please try again[0m
done
[1;34mCommand "done" not recognized, please try again[0m
quit

 mdl_vev0 =    246.22056907348588     
 mdl_vev0__exp__2 =    60624.568634871226     
 mdl_dlam =   0.45759933651977336     
 mdl_ee0 =   0.31345063981313520     
 mdl_cw =   0.87538656571726847     
 mdl_muH =    68.165123028343629     
 mdl_sw =   0.48342358295983689     
 mdl_g1 =   0.35807111062562641     
 mdl_gw =   0.64839749416853931     
 mdl_lam =    6.9897490058211470E-002
 mdl_vev =    246.22056907348588     
 mdl_ee =   0.31345063981313520     
 mdl_ee__exp__2 =    9.8251303599263817E-002
 mdl_aEW =    7.8185903165226816E-003
 aEWM1 =    127.90029398096792     
 mdl_ee0__exp__2 =    9.8251303599263817E-002
 mdl_ee0__exp__3 =    3.0796933975663836E-002
 mdl_vev0__exp__3 =    14927015.789112596     
  Internal Params evaluated point by point
  ----------------------------------------
  
 mdl_sqrt__aS =   0.34496376621320685     
 mdl_G__exp__2 =    1.4953981031087418     
 mdl_G__exp__3 =    1.8286695702272273     
 mdl_G__exp__4 =    2.2362154867812229     
 mdl_MU_R__exp__2 =    8315.2513440000002     
  Couplings of SMEFTatNLO-LO
  ---------------------------------
  
        GC_11 =   0.00000E+00   0.12229E+01
 R2GC_1297_467 =  0.00000E+00   0.98798E-02
 R2GC_1298_468 =  0.00000E+00   0.17412E+00
 R2GC_618_1801 = -0.00000E+00  -0.92422E-02
 R2GC_631_1814 = -0.00000E+00  -0.22756E+01
      GC_1822 =   0.00000E+00   0.25987E-02
      GC_1842 =   0.00000E+00   0.53452E-01
       GC_322 =  -0.00000E+00  -0.19038E+03
       GC_420 =   0.00000E+00   0.60899E+02
       GC_422 =   0.00000E+00   0.37170E-02
       GC_431 =   0.00000E+00  -0.43558E+02
       GC_546 =  -0.00000E+00  -0.69856E+00
