************************************************************
*                                                          *
*                     W E L C O M E to                     *
*              M A D G R A P H 5 _ a M C @ N L O           *
*                                                          *
*                                                          *
*                 *                       *                *
*                   *        * *        *                  *
*                     * * * * 5 * * * *                    *
*                   *        * *        *                  *
*                 *                       *                *
*                                                          *
*         VERSION 3.5.1                 2023-07-11         *
*                                                          *
*    The MadGraph5_aMC@NLO Development Team - Find us at   *
*              http://madgraph.phys.ucl.ac.be/             *
*                            and                           *
*            http://amcatnlo.web.cern.ch/amcatnlo/         *
*                                                          *
*               Type 'help' for in-line help.              *
*           Type 'tutorial' to learn how MG5 works         *
*    Type 'tutorial aMCatNLO' to learn how aMC@NLO works   *
*    Type 'tutorial MadLoop' to learn how MadLoop works    *
*                                                          *
************************************************************
load MG5 configuration from ../mg5amcnlo/input/mg5_configuration.txt 
fastjet-config does not seem to correspond to a valid fastjet-config executable (v3+). We will use fjcore instead.
 Please set the 'fastjet'variable to the full (absolute) /PATH/TO/fastjet-config (including fastjet-config).
 MG5_aMC> set fastjet /PATH/TO/fastjet-config

eMELA-config does not seem to correspond to a valid eMELA-config executable.
 Please set the 'fastjet'variable to the full (absolute) /PATH/TO/eMELA-config (including eMELA-config).
 MG5_aMC> set eMELA /PATH/TO/eMELA-config

lhapdf-config does not seem to correspond to a valid lhapdf-config executable. 
Please set the 'lhapdf' variable to the (absolute) /PATH/TO/lhapdf-config (including lhapdf-config).
Note that you can still compile and run aMC@NLO with the built-in PDFs
 MG5_aMC> set lhapdf /PATH/TO/lhapdf-config

None does not seem to correspond to a valid lhapdf-config executable. 
Please set the 'lhapdf' variable to the (absolute) /PATH/TO/lhapdf-config (including lhapdf-config).
Note that you can still compile and run aMC@NLO with the built-in PDFs
 MG5_aMC> set lhapdf /PATH/TO/lhapdf-config

Using default text editor "vi". Set another one in ./input/mg5_configuration.txt
Using default eps viewer "evince". Set another one in ./input/mg5_configuration.txt
Using default web browser "firefox". Set another one in ./input/mg5_configuration.txt
import /vols/cms/us322/02_event_generation_14_new/mg_processes/signal_supp_1/morphing_basis_vector_7/madminer/cards/mg_commands_0.dat
The import format was not given, so we guess it as command
launch /vols/cms/us322/02_event_generation_14_new/mg_processes/signal_supp_1/morphing_basis_vector_7
************************************************************
*                                                          *
*                      W E L C O M E to                    *
*             M A D G R A P H 5 _ a M C @ N L O            *
*                      M A D E V E N T                     *
*                                                          *
*                 *                       *                *
*                   *        * *        *                  *
*                     * * * * 5 * * * *                    *
*                   *        * *        *                  *
*                 *                       *                *
*                                                          *
*         VERSION 3.5.1                 2023-07-11         *
*                                                          *
*    The MadGraph5_aMC@NLO Development Team - Find us at   *
*    https://server06.fynu.ucl.ac.be/projects/madgraph     *
*                                                          *
*               Type 'help' for in-line help.              *
*                                                          *
************************************************************
INFO: load configuration from /vols/cms/us322/02_event_generation_14_new/mg_processes/signal_supp_1/morphing_basis_vector_7/Cards/me5_configuration.txt  
INFO: load configuration from /vols/cms/us322/mg5amcnlo/input/mg5_configuration.txt  
INFO: load configuration from /vols/cms/us322/02_event_generation_14_new/mg_processes/signal_supp_1/morphing_basis_vector_7/Cards/me5_configuration.txt  
Using default text editor "vi". Set another one in ./input/mg5_configuration.txt
generate_events run_01
stty: 'standard input': Inappropriate ioctl for device
The following switches determine which programs are run:
/===========================================================================\
| 1. Choose the shower/hadronization program   [1m  shower[0m = [32mPythia8[0m           |
| 2. Choose the detector simulation program    [1mdetector[0m = [01mNot Avail.[0m        |
| 3. Choose an analysis package (plot/convert) [1manalysis[0m = [01mNot Avail.[0m        |
| 4. Decay onshell particles                   [1m madspin[0m = [32mON[0m                |
| 5. Add weights to events for new hypp.       [1mreweight[0m = [32mON[0m                |
\===========================================================================/
Either type the switch number (1 to 5) to change its setting,
Set any switch explicitly (e.g. type 'shower=OFF' at the prompt)
Type 'help' for the list of all valid option
Type '0', 'auto', 'done' or just press enter when you are done.
[1;34mfound line : order=LO[0m
[1;34mThis answer is not valid for current question. Keep it for next question and use here default: 0[0m
Do you want to edit a card (press enter to bypass editing)?
/------------------------------------------------------------\
|  [31m1[0m. param         : [32mparam_card.dat[0m                         |
|  [31m2[0m. run           : [32mrun_card.dat[0m                           |
|  [31m3[0m. pythia8       : [32mpythia8_card.dat[0m                       |
|  [31m4[0m. madspin       : [32mmadspin_card.dat[0m                       |
|  [31m5[0m. reweight      : [32mreweight_card.dat[0m                      |
|  [31m6[0m. MadLoopParams : [32mMadLoopParams.dat[0m                      |
\------------------------------------------------------------/
 you can also
   - enter the path to a valid card or banner.
   - use the 'set' command to modify a parameter directly.
     The set option works only for param_card and run_card.
     Type 'help set' for more information on this command.
   - call an external program (ASperGE/MadWidth/...).
     Type 'help' for the list of available command
 [[4m0[0m, done, 1, param, 2, run, 3, pythia8, 4, enter path, ... ]
[1;34mfound line : order=LO[0m
[1;34mThis answer is not valid for current question. Keep it for next question and use here default: 0[0m
INFO: Update the dependent parameter of the param_card.dat 
[1;34mWARNING: update the strong coupling value (alpha_s) to the value from the pdf selected: 0.119 [0m
[1;34mWARNING: Unknow type of information in the card: dim64f,dim64f4l,dim64f2l [0m
Generating 25000 events with run name run_01
survey  run_01 
INFO: compile directory 
initMadLoop -r -f
Error: no DISPLAY environment variable specified
Initializing MadLoop loop-induced matrix elements (this can take some time)...
MadLoop initialization finished.
compile Source Directory
Using random number seed offset = 7330
INFO: Running Survey 
Creating Jobs
Working on SubProcesses
INFO:     P0_gg_hh  
INFO:  Idle: 1,  Running: 3,  Completed: 0 [ current time: 22h12 ] 
INFO:  Idle: 0,  Running: 3,  Completed: 1 [  13.4s  ] 
INFO: P0_gg_hh/G1 is at 0.131 +- 0.00362 pb. Now submitting iteration #2. 
INFO:  Idle: 0,  Running: 3,  Completed: 6 [  37.3s  ] 
INFO: P0_gg_hh/G1 is at 0.1281 +- 0.00113 pb. Now submitting iteration #3. 
INFO:  Idle: 0,  Running: 3,  Completed: 11 [  1m 20s  ] 
INFO: Survey finished for P0_gg_hh/G1 at 0.1273 +- 0.000453 pb 
INFO:  Idle: 0,  Running: 0,  Completed: 15 [  1m 21s  ] 
INFO: End survey 
refine 25000
Creating Jobs
INFO: Refine results to 25000 
INFO: Generating 25000.0 unweighted events. 
sum of cpu time of last step: 0 second
INFO: Effective Luminosity 225765.66671901994 pb^-1 
INFO: need to improve 1 channels 
- Current estimate of cross-section: 0.12734 +- 0.00045259
INFO:  Idle: 0,  Running: 16,  Completed: 0 [ current time: 22h14 ] 
INFO:  Idle: 0,  Running: 15,  Completed: 1 [  59.4s  ] 
INFO: P0_gg_hh/G1 is at 1344/28877 (4.7%) event. Resubmit 40 job at iteration 1. 
INFO:  Idle: 23,  Running: 16,  Completed: 18 [  1m 59s  ] 
INFO:  Idle: 8,  Running: 16,  Completed: 33 [  2m 4s  ] 
INFO:  Idle: 7,  Running: 16,  Completed: 34 [  2m 58s  ] 
INFO:  Idle: 0,  Running: 11,  Completed: 46 [  3m 2s  ] 
INFO:  Idle: 0,  Running: 7,  Completed: 50 [  3m 29s  ] 
INFO: P0_gg_hh/G1 is at 20780/28789 (72%) event. Resubmit 16 job at iteration 2. 
INFO:  Idle: 0,  Running: 15,  Completed: 59 [  4m 30s  ] 
INFO: found enough event for P0_gg_hh/G1 
INFO:  Idle: 0,  Running: 0,  Completed: 75 [  4m 30s  ] 
INFO: Combining runs 
sum of cpu time of last step: 0 second
INFO: finish refine 
refine 25000 --treshold=0.9
No need for second refine due to stability of cross-section
INFO: Combining Events 
 
 
 
  === Results Summary for run: run_01 tag: tag_1 ===

     Cumulative sequential time for this run: 5m45s
     Cross-section :   0.1275 +- 0.0001522 pb
     Nb of events :  25000
 
store_events
INFO: Storing parton level results 
INFO: End Parton 
reweight -from_cards
INFO: Extracting the banner ... 
INFO: process: p p > H H QED=2 QCD=2  
INFO: options: NP=2  
INFO: Running Reweighting 
change output default
change helicity False
launch --rwgt_name=sm
INFO: detected model: SMEFTatNLO-LO. Loading... 
INFO: generating the square matrix element for reweighting 
INFO: generate p p > H H   QED=2 QCD=2 NP=2   --no_warning=duplicate;define pert_QCD = -5 -4 -3 -2 -1 1 2 3 4 5 21;add process p p > H H    pert_QCD QED=2 QCD=3 NP=2    --no_warning=duplicate; 
INFO: RETRY with generate p p > H H   QED=2 QCD=2 NP=2  [virt=QCD] ; 
INFO: Done 10.81 
Do you want to edit a card (press enter to bypass editing)?
/------------------------------------------------------------\
|  [31m1[0m. param : [32mparam_card.dat[0m                                 |
|  [31m9[0m. plot  : [32mplot_card.dat[0m                                  |
\------------------------------------------------------------/
 you can also
   - enter the path to a valid card or banner.
   - use the 'set' command to modify a parameter directly.
     The set option works only for param_card and run_card.
     Type 'help set' for more information on this command.
   - call an external program (ASperGE/MadWidth/...).
     Type 'help' for the list of available command
 [[4m0[0m, done, 1, param, 9, plot, enter path]
>INFO: starts to compute weight for events with the following modification to the param_card: 
INFO: set param_card dim6 4 0.0 # orig: -1.246802
KEEP:set param_card dim6 5 0.0 # orig: -14.80999
KEEP:set param_card dim62f 19 0.0 # orig: 0.4606651
KEEP: 
INFO: Event nb 0 current time: 22h19 
INFO: Event nb 10  0.12s  
INFO: Event nb 20  0.2s  
INFO: Event nb 30  0.29s  
INFO: Event nb 40  0.37s  
INFO: Event nb 50  0.45s  
INFO: Event nb 60  0.53s  
INFO: Event nb 70  0.62s  
INFO: Event nb 80  0.7s  
INFO: Event nb 90  0.78s  
INFO: Event nb 100  0.86s  
INFO: Event nb 200  1.8s  
INFO: Event nb 300  2.6s  
INFO: Event nb 400  3.5s  
INFO: Event nb 500  4.3s  
INFO: Event nb 600  5.2s  
INFO: Event nb 700  6s  
INFO: Event nb 800  6.9s  
INFO: Event nb 900  7.7s  
INFO: Event nb 1000  8.5s  
INFO: Event nb 2000  17s  
INFO: Event nb 3000  25.6s  
INFO: Event nb 4000  33.9s  
INFO: Event nb 5000  42.7s  
INFO: Event nb 6000  51s  
INFO: Event nb 7000  59.5s  
INFO: Event nb 8000  1m 8s  
INFO: Event nb 9000  1m 16s  
INFO: Event nb 10000  1m 24s  
INFO: reducing number of print status. Next status update in 10000 events 
INFO: Event nb 20000  2m 49s  
INFO: All event done  (nb_event: 25000)  3m 31s  
INFO: Event /vols/cms/us322/02_event_generation_14_new/mg_processes/signal_supp_1/morphing_basis_vector_7/Events/run_01/unweighted_events.lhe have now the additional weight 
INFO: new cross-section is : 0.0149623 pb (indicative error: 0.00290238 pb) 
launch --rwgt_name=morphing_basis_vector_1
Do you want to edit a card (press enter to bypass editing)?
/------------------------------------------------------------\
|  [31m1[0m. param : [32mparam_card.dat[0m                                 |
|  [31m9[0m. plot  : [32mplot_card.dat[0m                                  |
\------------------------------------------------------------/
 you can also
   - enter the path to a valid card or banner.
   - use the 'set' command to modify a parameter directly.
     The set option works only for param_card and run_card.
     Type 'help set' for more information on this command.
   - call an external program (ASperGE/MadWidth/...).
     Type 'help' for the list of available command
 [[4m0[0m, done, 1, param, 9, plot, enter path]
>INFO: starts to compute weight for events with the following modification to the param_card: 
INFO: set param_card dim6 4 -4.270762 # orig: -1.246802
KEEP:set param_card dim6 5 -9.635791 # orig: -14.80999
KEEP:set param_card dim62f 19 -5.011696 # orig: 0.4606651
KEEP: 
INFO: Event nb 0 current time: 22h22 
INFO: Event nb 10  0.088s  
INFO: Event nb 20  0.18s  
INFO: Event nb 30  0.26s  
INFO: Event nb 40  0.35s  
INFO: Event nb 50  0.44s  
INFO: Event nb 60  0.52s  
INFO: Event nb 70  0.61s  
INFO: Event nb 80  0.7s  
INFO: Event nb 90  0.79s  
INFO: Event nb 100  0.87s  
INFO: Event nb 200  1.8s  
INFO: Event nb 300  2.7s  
INFO: Event nb 400  3.5s  
INFO: Event nb 500  4.4s  
INFO: Event nb 600  5.3s  
INFO: Event nb 700  6.2s  
INFO: Event nb 800  7.1s  
INFO: Event nb 900  8s  
INFO: Event nb 1000  8.9s  
INFO: Event nb 2000  17.7s  
INFO: Event nb 3000  26.7s  
INFO: Event nb 4000  35.6s  
INFO: Event nb 5000  44.6s  
INFO: Event nb 6000  53.5s  
INFO: Event nb 7000  1m 2s  
INFO: Event nb 8000  1m 11s  
INFO: Event nb 9000  1m 20s  
INFO: Event nb 10000  1m 29s  
INFO: reducing number of print status. Next status update in 10000 events 
INFO: Event nb 20000  2m 58s  
INFO: All event done  (nb_event: 25000)  3m 43s  
INFO: Event /vols/cms/us322/02_event_generation_14_new/mg_processes/signal_supp_1/morphing_basis_vector_7/Events/run_01/unweighted_events.lhe have now the additional weight 
INFO: new cross-section is : 0.049102 pb (indicative error: 0.00172122 pb) 
launch --rwgt_name=morphing_basis_vector_2
Do you want to edit a card (press enter to bypass editing)?
/------------------------------------------------------------\
|  [31m1[0m. param : [32mparam_card.dat[0m                                 |
|  [31m9[0m. plot  : [32mplot_card.dat[0m                                  |
\------------------------------------------------------------/
 you can also
   - enter the path to a valid card or banner.
   - use the 'set' command to modify a parameter directly.
     The set option works only for param_card and run_card.
     Type 'help set' for more information on this command.
   - call an external program (ASperGE/MadWidth/...).
     Type 'help' for the list of available command
 [[4m0[0m, done, 1, param, 9, plot, enter path]
>INFO: starts to compute weight for events with the following modification to the param_card: 
INFO: set param_card dim6 4 -3.509851 # orig: -1.246802
KEEP:set param_card dim6 5 -14.88657 # orig: -14.80999
KEEP:set param_card dim62f 19 6.650933 # orig: 0.4606651
KEEP: 
INFO: Event nb 0 current time: 22h26 
INFO: Event nb 10  0.09s  
INFO: Event nb 20  0.18s  
INFO: Event nb 30  0.27s  
INFO: Event nb 40  0.35s  
INFO: Event nb 50  0.44s  
INFO: Event nb 60  0.53s  
INFO: Event nb 70  0.62s  
INFO: Event nb 80  0.7s  
INFO: Event nb 90  0.79s  
INFO: Event nb 100  0.88s  
INFO: Event nb 200  1.8s  
INFO: Event nb 300  2.7s  
INFO: Event nb 400  3.6s  
INFO: Event nb 500  4.4s  
INFO: Event nb 600  5.3s  
INFO: Event nb 700  6.2s  
INFO: Event nb 800  7.1s  
INFO: Event nb 900  8s  
INFO: Event nb 1000  8.9s  
INFO: Event nb 2000  17.8s  
INFO: Event nb 3000  26.7s  
INFO: Event nb 4000  35.6s  
INFO: Event nb 5000  44.6s  
INFO: Event nb 6000  53.5s  
INFO: Event nb 7000  1m 2s  
INFO: Event nb 8000  1m 11s  
INFO: Event nb 9000  1m 20s  
INFO: Event nb 10000  1m 29s  
INFO: reducing number of print status. Next status update in 10000 events 
INFO: Event nb 20000  2m 58s  
INFO: All event done  (nb_event: 25000)  3m 42s  
INFO: Event /vols/cms/us322/02_event_generation_14_new/mg_processes/signal_supp_1/morphing_basis_vector_7/Events/run_01/unweighted_events.lhe have now the additional weight 
INFO: new cross-section is : 0.0733911 pb (indicative error: 0.0103028 pb) 
launch --rwgt_name=morphing_basis_vector_3
Do you want to edit a card (press enter to bypass editing)?
/------------------------------------------------------------\
|  [31m1[0m. param : [32mparam_card.dat[0m                                 |
|  [31m9[0m. plot  : [32mplot_card.dat[0m                                  |
\------------------------------------------------------------/
 you can also
   - enter the path to a valid card or banner.
   - use the 'set' command to modify a parameter directly.
     The set option works only for param_card and run_card.
     Type 'help set' for more information on this command.
   - call an external program (ASperGE/MadWidth/...).
     Type 'help' for the list of available command
 [[4m0[0m, done, 1, param, 9, plot, enter path]
>INFO: starts to compute weight for events with the following modification to the param_card: 
INFO: set param_card dim6 4 -4.70413 # orig: -1.246802
KEEP:set param_card dim6 5 -2.237588 # orig: -14.80999
KEEP:set param_card dim62f 19 4.219889 # orig: 0.4606651
KEEP: 
INFO: Event nb 0 current time: 22h30 
INFO: Event nb 10  0.089s  
INFO: Event nb 20  0.18s  
INFO: Event nb 30  0.27s  
INFO: Event nb 40  0.35s  
INFO: Event nb 50  0.44s  
INFO: Event nb 60  0.53s  
INFO: Event nb 70  0.62s  
INFO: Event nb 80  0.71s  
INFO: Event nb 90  0.8s  
INFO: Event nb 100  0.89s  
INFO: Event nb 200  1.8s  
INFO: Event nb 300  2.7s  
INFO: Event nb 400  3.6s  
INFO: Event nb 500  4.5s  
INFO: Event nb 600  5.4s  
INFO: Event nb 700  6.3s  
INFO: Event nb 800  7.2s  
INFO: Event nb 900  8.1s  
INFO: Event nb 1000  8.9s  
INFO: Event nb 2000  17.8s  
INFO: Event nb 3000  26.8s  
INFO: Event nb 4000  35.7s  
INFO: Event nb 5000  44.7s  
INFO: Event nb 6000  53.6s  
INFO: Event nb 7000  1m 2s  
INFO: Event nb 8000  1m 11s  
INFO: Event nb 9000  1m 20s  
INFO: Event nb 10000  1m 29s  
INFO: reducing number of print status. Next status update in 10000 events 
INFO: Event nb 20000  2m 58s  
INFO: All event done  (nb_event: 25000)  3m 43s  
INFO: Event /vols/cms/us322/02_event_generation_14_new/mg_processes/signal_supp_1/morphing_basis_vector_7/Events/run_01/unweighted_events.lhe have now the additional weight 
INFO: new cross-section is : 0.0433405 pb (indicative error: 0.0157155 pb) 
launch --rwgt_name=morphing_basis_vector_4
Do you want to edit a card (press enter to bypass editing)?
/------------------------------------------------------------\
|  [31m1[0m. param : [32mparam_card.dat[0m                                 |
|  [31m9[0m. plot  : [32mplot_card.dat[0m                                  |
\------------------------------------------------------------/
 you can also
   - enter the path to a valid card or banner.
   - use the 'set' command to modify a parameter directly.
     The set option works only for param_card and run_card.
     Type 'help set' for more information on this command.
   - call an external program (ASperGE/MadWidth/...).
     Type 'help' for the list of available command
 [[4m0[0m, done, 1, param, 9, plot, enter path]
>INFO: starts to compute weight for events with the following modification to the param_card: 
INFO: set param_card dim6 4 0.1140347 # orig: -1.246802
KEEP:set param_card dim6 5 4.567852 # orig: -14.80999
KEEP:set param_card dim62f 19 5.437451 # orig: 0.4606651
KEEP: 
INFO: Event nb 0 current time: 22h34 
INFO: Event nb 10  0.089s  
INFO: Event nb 20  0.18s  
INFO: Event nb 30  0.27s  
INFO: Event nb 40  0.36s  
INFO: Event nb 50  0.45s  
INFO: Event nb 60  0.55s  
INFO: Event nb 70  0.64s  
INFO: Event nb 80  0.73s  
INFO: Event nb 90  0.82s  
INFO: Event nb 100  0.91s  
INFO: Event nb 200  1.8s  
INFO: Event nb 300  2.8s  
INFO: Event nb 400  3.7s  
INFO: Event nb 500  4.6s  
INFO: Event nb 600  5.5s  
INFO: Event nb 700  6.4s  
INFO: Event nb 800  7.3s  
INFO: Event nb 900  8.2s  
INFO: Event nb 1000  9.1s  
INFO: Event nb 2000  18s  
INFO: Event nb 3000  27.1s  
INFO: Event nb 4000  36.2s  
INFO: Event nb 5000  45.4s  
INFO: Event nb 6000  54.3s  
INFO: Event nb 7000  1m 3s  
INFO: Event nb 8000  1m 12s  
INFO: Event nb 9000  1m 21s  
INFO: Event nb 10000  1m 30s  
INFO: reducing number of print status. Next status update in 10000 events 
INFO: Event nb 20000  3m 0s  
INFO: All event done  (nb_event: 25000)  3m 45s  
INFO: Event /vols/cms/us322/02_event_generation_14_new/mg_processes/signal_supp_1/morphing_basis_vector_7/Events/run_01/unweighted_events.lhe have now the additional weight 
INFO: new cross-section is : 0.113872 pb (indicative error: 0.0182598 pb) 
launch --rwgt_name=morphing_basis_vector_5
Do you want to edit a card (press enter to bypass editing)?
/------------------------------------------------------------\
|  [31m1[0m. param : [32mparam_card.dat[0m                                 |
|  [31m9[0m. plot  : [32mplot_card.dat[0m                                  |
\------------------------------------------------------------/
 you can also
   - enter the path to a valid card or banner.
   - use the 'set' command to modify a parameter directly.
     The set option works only for param_card and run_card.
     Type 'help set' for more information on this command.
   - call an external program (ASperGE/MadWidth/...).
     Type 'help' for the list of available command
 [[4m0[0m, done, 1, param, 9, plot, enter path]
>INFO: starts to compute weight for events with the following modification to the param_card: 
INFO: set param_card dim6 4 2.704957 # orig: -1.246802
KEEP:set param_card dim6 5 -11.77089 # orig: -14.80999
KEEP:set param_card dim62f 19 -5.938309 # orig: 0.4606651
KEEP: 
INFO: Event nb 0 current time: 22h37 
INFO: Event nb 10  0.093s  
INFO: Event nb 20  0.18s  
INFO: Event nb 30  0.27s  
INFO: Event nb 40  0.37s  
INFO: Event nb 50  0.47s  
INFO: Event nb 60  0.56s  
INFO: Event nb 70  0.65s  
INFO: Event nb 80  0.73s  
INFO: Event nb 90  0.82s  
INFO: Event nb 100  0.91s  
INFO: Event nb 200  1.8s  
INFO: Event nb 300  2.7s  
INFO: Event nb 400  3.6s  
INFO: Event nb 500  4.5s  
INFO: Event nb 600  5.4s  
INFO: Event nb 700  6.3s  
INFO: Event nb 800  7.2s  
INFO: Event nb 900  8s  
INFO: Event nb 1000  8.9s  
INFO: Event nb 2000  17.8s  
INFO: Event nb 3000  26.9s  
INFO: Event nb 4000  35.8s  
INFO: Event nb 5000  45s  
INFO: Event nb 6000  53.9s  
INFO: Event nb 7000  1m 3s  
INFO: Event nb 8000  1m 12s  
INFO: Event nb 9000  1m 21s  
INFO: Event nb 10000  1m 30s  
INFO: reducing number of print status. Next status update in 10000 events 
INFO: Event nb 20000  3m 0s  
INFO: All event done  (nb_event: 25000)  3m 45s  
INFO: Event /vols/cms/us322/02_event_generation_14_new/mg_processes/signal_supp_1/morphing_basis_vector_7/Events/run_01/unweighted_events.lhe have now the additional weight 
INFO: new cross-section is : 0.180034 pb (indicative error: 0.0153099 pb) 
launch --rwgt_name=morphing_basis_vector_6
Do you want to edit a card (press enter to bypass editing)?
/------------------------------------------------------------\
|  [31m1[0m. param : [32mparam_card.dat[0m                                 |
|  [31m9[0m. plot  : [32mplot_card.dat[0m                                  |
\------------------------------------------------------------/
 you can also
   - enter the path to a valid card or banner.
   - use the 'set' command to modify a parameter directly.
     The set option works only for param_card and run_card.
     Type 'help set' for more information on this command.
   - call an external program (ASperGE/MadWidth/...).
     Type 'help' for the list of available command
 [[4m0[0m, done, 1, param, 9, plot, enter path]
>INFO: starts to compute weight for events with the following modification to the param_card: 
INFO: set param_card dim6 4 4.585811 # orig: -1.246802
KEEP:set param_card dim6 5 6.747472 # orig: -14.80999
KEEP:set param_card dim62f 19 -2.432281 # orig: 0.4606651
KEEP: 
INFO: Event nb 0 current time: 22h41 
INFO: Event nb 10  0.093s  
INFO: Event nb 20  0.18s  
INFO: Event nb 30  0.27s  
INFO: Event nb 40  0.36s  
INFO: Event nb 50  0.46s  
INFO: Event nb 60  0.55s  
INFO: Event nb 70  0.65s  
INFO: Event nb 80  0.74s  
INFO: Event nb 90  0.83s  
INFO: Event nb 100  0.91s  
INFO: Event nb 200  1.8s  
INFO: Event nb 300  2.7s  
INFO: Event nb 400  3.6s  
INFO: Event nb 500  4.5s  
INFO: Event nb 600  5.5s  
INFO: Event nb 700  6.4s  
INFO: Event nb 800  7.3s  
INFO: Event nb 900  8.2s  
INFO: Event nb 1000  9.1s  
INFO: Event nb 2000  18.1s  
INFO: Event nb 3000  27.1s  
INFO: Event nb 4000  36.1s  
INFO: Event nb 5000  45.1s  
INFO: Event nb 6000  54.1s  
INFO: Event nb 7000  1m 3s  
INFO: Event nb 8000  1m 12s  
INFO: Event nb 9000  1m 21s  
INFO: Event nb 10000  1m 30s  
INFO: reducing number of print status. Next status update in 10000 events 
INFO: Event nb 20000  3m 0s  
INFO: All event done  (nb_event: 25000)  3m 45s  
INFO: Event /vols/cms/us322/02_event_generation_14_new/mg_processes/signal_supp_1/morphing_basis_vector_7/Events/run_01/unweighted_events.lhe have now the additional weight 
INFO: new cross-section is : 0.0484202 pb (indicative error: 0.00453117 pb) 
launch --rwgt_name=morphing_basis_vector_8
Do you want to edit a card (press enter to bypass editing)?
/------------------------------------------------------------\
|  [31m1[0m. param : [32mparam_card.dat[0m                                 |
|  [31m9[0m. plot  : [32mplot_card.dat[0m                                  |
\------------------------------------------------------------/
 you can also
   - enter the path to a valid card or banner.
   - use the 'set' command to modify a parameter directly.
     The set option works only for param_card and run_card.
     Type 'help set' for more information on this command.
   - call an external program (ASperGE/MadWidth/...).
     Type 'help' for the list of available command
 [[4m0[0m, done, 1, param, 9, plot, enter path]
>INFO: starts to compute weight for events with the following modification to the param_card: 
INFO: set param_card dim6 4 -1.757994 # orig: -1.246802
KEEP:set param_card dim6 5 7.687006 # orig: -14.80999
KEEP:set param_card dim62f 19 -4.792287 # orig: 0.4606651
KEEP: 
INFO: Event nb 0 current time: 22h45 
INFO: Event nb 10  0.089s  
INFO: Event nb 20  0.18s  
INFO: Event nb 30  0.27s  
INFO: Event nb 40  0.36s  
INFO: Event nb 50  0.44s  
INFO: Event nb 60  0.53s  
INFO: Event nb 70  0.62s  
INFO: Event nb 80  0.71s  
INFO: Event nb 90  0.8s  
INFO: Event nb 100  0.88s  
INFO: Event nb 200  1.8s  
INFO: Event nb 300  2.7s  
INFO: Event nb 400  3.6s  
INFO: Event nb 500  4.5s  
INFO: Event nb 600  5.4s  
INFO: Event nb 700  6.3s  
INFO: Event nb 800  7.2s  
INFO: Event nb 900  8s  
INFO: Event nb 1000  8.9s  
INFO: Event nb 2000  18s  
INFO: Event nb 3000  27s  
INFO: Event nb 4000  36.1s  
INFO: Event nb 5000  45.2s  
INFO: Event nb 6000  54.1s  
INFO: Event nb 7000  1m 3s  
INFO: Event nb 8000  1m 12s  
INFO: Event nb 9000  1m 21s  
INFO: Event nb 10000  1m 30s  
INFO: reducing number of print status. Next status update in 10000 events 
INFO: Event nb 20000  3m 0s  
INFO: All event done  (nb_event: 25000)  3m 45s  
INFO: Event /vols/cms/us322/02_event_generation_14_new/mg_processes/signal_supp_1/morphing_basis_vector_7/Events/run_01/unweighted_events.lhe have now the additional weight 
INFO: new cross-section is : 0.0939785 pb (indicative error: 0.00550611 pb) 
launch --rwgt_name=morphing_basis_vector_9
Do you want to edit a card (press enter to bypass editing)?
/------------------------------------------------------------\
|  [31m1[0m. param : [32mparam_card.dat[0m                                 |
|  [31m9[0m. plot  : [32mplot_card.dat[0m                                  |
\------------------------------------------------------------/
 you can also
   - enter the path to a valid card or banner.
   - use the 'set' command to modify a parameter directly.
     The set option works only for param_card and run_card.
     Type 'help set' for more information on this command.
   - call an external program (ASperGE/MadWidth/...).
     Type 'help' for the list of available command
 [[4m0[0m, done, 1, param, 9, plot, enter path]
>INFO: starts to compute weight for events with the following modification to the param_card: 
INFO: set param_card dim6 4 3.774042 # orig: -1.246802
KEEP:set param_card dim6 5 0.6799669 # orig: -14.80999
KEEP:set param_card dim62f 19 4.975328 # orig: 0.4606651
KEEP: 
INFO: Event nb 0 current time: 22h49 
INFO: Event nb 10  0.088s  
INFO: Event nb 20  0.18s  
INFO: Event nb 30  0.27s  
INFO: Event nb 40  0.35s  
INFO: Event nb 50  0.44s  
INFO: Event nb 60  0.53s  
INFO: Event nb 70  0.62s  
INFO: Event nb 80  0.71s  
INFO: Event nb 90  0.79s  
INFO: Event nb 100  0.88s  
INFO: Event nb 200  1.8s  
INFO: Event nb 300  2.7s  
INFO: Event nb 400  3.6s  
INFO: Event nb 500  4.5s  
INFO: Event nb 600  5.4s  
INFO: Event nb 700  6.3s  
INFO: Event nb 800  7.3s  
INFO: Event nb 900  8.2s  
INFO: Event nb 1000  9.1s  
INFO: Event nb 2000  18s  
INFO: Event nb 3000  27s  
INFO: Event nb 4000  36.2s  
INFO: Event nb 5000  45.1s  
INFO: Event nb 6000  54.1s  
INFO: Event nb 7000  1m 3s  
INFO: Event nb 8000  1m 12s  
INFO: Event nb 9000  1m 21s  
INFO: Event nb 10000  1m 30s  
INFO: reducing number of print status. Next status update in 10000 events 
INFO: Event nb 20000  3m 0s  
INFO: All event done  (nb_event: 25000)  3m 45s  
INFO: Event /vols/cms/us322/02_event_generation_14_new/mg_processes/signal_supp_1/morphing_basis_vector_7/Events/run_01/unweighted_events.lhe have now the additional weight 
INFO: new cross-section is : 0.0265692 pb (indicative error: 0.0067157 pb) 
INFO: Original cross-section: 0.1275 +- 0.00015219 pb (cross-section from sum of weights: 0.12750000000004547) 
INFO: Computed cross-section: 
INFO: morphing_basis_vector_1 : 0.04910203935989183 +- 0.0017212192259599478 pb 
INFO: morphing_basis_vector_2 : 0.07339111154375234 +- 0.010302819446700345 pb 
INFO: morphing_basis_vector_3 : 0.04334054049760054 +- 0.015715525690085518 pb 
INFO: morphing_basis_vector_4 : 0.11387214400467012 +- 0.018259811212510114 pb 
INFO: morphing_basis_vector_5 : 0.18003441051953759 +- 0.01530993920855512 pb 
INFO: morphing_basis_vector_6 : 0.048420201088655884 +- 0.004531171716904953 pb 
INFO: morphing_basis_vector_8 : 0.09397854760267452 +- 0.005506113675900436 pb 
INFO: morphing_basis_vector_9 : 0.02656918225972867 +- 0.006715695281067801 pb 
INFO: sm : 0.014962317507785785 +- 0.002902383925525914 pb 
INFO: quit rwgt 
decay_events -from_cards
INFO: Running MadSpin 
INFO: This functionality allows for the decay of resonances 
INFO: in a .lhe file, keeping track of the spin correlation effets. 
INFO: BE AWARE OF THE CURRENT LIMITATIONS: 
INFO:   (1) Only a succession of 2 body decay are currently allowed 
************************************************************
*                                                          *
*           W E L C O M E  to  M A D S P I N               *
*                                                          *
************************************************************
INFO: Extracting the banner ... 
INFO: process: p p > H H QED=2 QCD=2  
INFO: options: NP=2  
INFO: detected model: SMEFTatNLO-LO. Loading... 
lhapdf-config does not seem to correspond to a valid lhapdf-config executable. 
Please set the 'lhapdf' variable to the (absolute) /PATH/TO/lhapdf-config (including lhapdf-config).
Note that you can still compile and run aMC@NLO with the built-in PDFs
 MG5_aMC> set lhapdf /PATH/TO/lhapdf-config

Set group_subprocesses to Auto
Note that you need to regenerate all processes
import model heft --bypass_check
[1;34mWARNING: No param_card defined for the new model. We will use the default one but this might completely wrong. [0m
INFO: detected model: heft. Loading... 
INFO: Restrict model heft with file ../mg5amcnlo/models/heft/restrict_default.dat . 
INFO: Run "set stdout_level DEBUG" before import for more information. 
[1;34mPass the definition of 'j' and 'p' to 4 flavour scheme.[0m
Kept definitions of multiparticles l+ / l- / vl / vl~ unchanged
Removed obsolete multiparticles all
Defined multiparticle all = g u c d s u~ c~ d~ s~ a ve vm vt e- m- ve~ vm~ vt~ e+ m+ t b t~ b~ z w+ h h1 w- tt- tt+
set spinmode None          # Use one of the madspin special mode
set max_weight_ps_point 400  # number of PS to estimate the maximum for each event
decay h > b b~
decay h > a a
launch
INFO: Will use seed 847797782 
INFO: generate 25000 decay event for particle h 
INFO: Will use seed 654585101 
stty: 'standard input': Inappropriate ioctl for device
  0%|          | 0/691 [00:00<?, ?it/s]100%|██████████| 691/691 [00:00<00:00, 137508.38it/s]stty: 'standard input': Inappropriate ioctl for device

  0%|          | 0/691 [00:00<?, ?it/s]100%|██████████| 691/691 [00:00<00:00, 149580.10it/s]decaying event number 100 [0.06811666488647461 s]
decaying event number 200 [0.12911653518676758 s]
decaying event number 300 [0.19101691246032715 s]
decaying event number 400 [0.25719118118286133 s]
decaying event number 500 [0.32044124603271484 s]
decaying event number 600 [0.3860318660736084 s]
decaying event number 700 [0.44954347610473633 s]
decaying event number 800 [0.5130569934844971 s]
decaying event number 900 [0.5772051811218262 s]
decaying event number 1000 [0.6386857032775879 s]
decaying event number 2000 [1.255014419555664 s]
decaying event number 3000 [1.8851664066314697 s]
decaying event number 4000 [2.5132248401641846 s]
decaying event number 5000 [3.13512921333313 s]
decaying event number 6000 [3.760765790939331 s]
decaying event number 7000 [4.389165163040161 s]
decaying event number 8000 [5.0111143589019775 s]
decaying event number 9000 [5.63641095161438 s]
decaying event number 10000 [6.26081657409668 s]
decaying event number 20000 [12.47618293762207 s]
INFO: The decayed event file has been moved to the following location:  
INFO: /vols/cms/us322/02_event_generation_14_new/mg_processes/signal_supp_1/morphing_basis_vector_7/Events/run_01_decayed_1/unweighted_events.lhe.gz 
INFO: MadSpin Done 
INFO: [92mRunning Pythia8 [arXiv:1410.3012][0m 
Splitting .lhe event file for PY8 parallelization...
Submitting Pythia8 jobs...
Pythia8 shower jobs: 1 Idle, 15 Running, 0 Done [11 seconds]
Pythia8 shower jobs: 0 Idle, 15 Running, 1 Done [3m16s]
Pythia8 shower jobs: 0 Idle, 14 Running, 2 Done [3m18s]
Pythia8 shower jobs: 0 Idle, 13 Running, 3 Done [3m20s]
Pythia8 shower jobs: 0 Idle, 12 Running, 4 Done [3m22s]
Pythia8 shower jobs: 0 Idle, 11 Running, 5 Done [3m23s]
Pythia8 shower jobs: 0 Idle, 10 Running, 6 Done [3m24s]
Pythia8 shower jobs: 0 Idle, 9 Running, 7 Done [3m25s]
Pythia8 shower jobs: 0 Idle, 8 Running, 8 Done [3m25s]
Pythia8 shower jobs: 0 Idle, 7 Running, 9 Done [3m25s]
Pythia8 shower jobs: 0 Idle, 6 Running, 10 Done [3m26s]
Pythia8 shower jobs: 0 Idle, 5 Running, 11 Done [3m26s]
Pythia8 shower jobs: 0 Idle, 4 Running, 12 Done [3m27s]
Pythia8 shower jobs: 0 Idle, 3 Running, 13 Done [3m27s]
Pythia8 shower jobs: 0 Idle, 2 Running, 14 Done [3m27s]
Pythia8 shower jobs: 0 Idle, 1 Running, 15 Done [3m27s]
Pythia8 shower jobs: 0 Idle, 0 Running, 16 Done [3m28s]
Merging results from the split PY8 runs...
INFO: Pythia8 shower finished after 4m22s. 
  === Results Summary for run: run_01_decayed_1 tag: tag_1 ===

     Cross-section :   0.0002615 +- 3.122e-07 pb
     Nb of events :  25000
 
INFO: storing files of previous run 
INFO: Storing Pythia8 files of previous run 
INFO: Done 
quit
INFO:  
order=LO
[1;34mCommand "order=LO" not recognized, please try again[0m
shower=Pythia8
[1;34mCommand "shower=Pythia8" not recognized, please try again[0m
detector=OFF
[1;34mCommand "detector=OFF" not recognized, please try again[0m
analysis=OFF
[1;34mCommand "analysis=OFF" not recognized, please try again[0m
madspin=ON
[1;34mCommand "madspin=ON" not recognized, please try again[0m
reweight=ON
[1;34mCommand "reweight=ON" not recognized, please try again[0m
done
[1;34mCommand "done" not recognized, please try again[0m
quit

 mdl_vev0 =    246.22056907348588     
 mdl_vev0__exp__2 =    60624.568634871226     
 mdl_dlam =   0.45759933651977336     
 mdl_ee0 =   0.31345063981313520     
 mdl_cw =   0.87538656571726847     
 mdl_muH =    68.165123028343629     
 mdl_sw =   0.48342358295983689     
 mdl_g1 =   0.35807111062562641     
 mdl_gw =   0.64839749416853931     
 mdl_lam =    6.9897490058211470E-002
 mdl_vev =    246.22056907348588     
 mdl_ee =   0.31345063981313520     
 mdl_ee__exp__2 =    9.8251303599263817E-002
 mdl_aEW =    7.8185903165226816E-003
 aEWM1 =    127.90029398096792     
 mdl_ee0__exp__2 =    9.8251303599263817E-002
 mdl_ee0__exp__3 =    3.0796933975663836E-002
 mdl_vev0__exp__3 =    14927015.789112596     
  Internal Params evaluated point by point
  ----------------------------------------
  
 mdl_sqrt__aS =   0.34496376621320685     
 mdl_G__exp__2 =    1.4953981031087418     
 mdl_G__exp__3 =    1.8286695702272273     
 mdl_G__exp__4 =    2.2362154867812229     
 mdl_MU_R__exp__2 =    8315.2513440000002     
  Couplings of SMEFTatNLO-LO
  ---------------------------------
  
        GC_11 =   0.00000E+00   0.12229E+01
 R2GC_1297_467 =  0.00000E+00   0.98798E-02
 R2GC_1298_468 =  0.00000E+00   0.17412E+00
 R2GC_618_1801 = -0.00000E+00  -0.92422E-02
 R2GC_631_1814 = -0.00000E+00  -0.22756E+01
      GC_1822 =   0.00000E+00   0.25987E-02
      GC_1842 =   0.00000E+00   0.53452E-01
       GC_322 =  -0.00000E+00  -0.19038E+03
       GC_420 =   0.00000E+00   0.60899E+02
       GC_422 =   0.00000E+00   0.37170E-02
       GC_431 =   0.00000E+00  -0.43558E+02
       GC_546 =  -0.00000E+00  -0.69856E+00
