************************************************************
*                                                          *
*                     W E L C O M E to                     *
*              M A D G R A P H 5 _ a M C @ N L O           *
*                                                          *
*                                                          *
*                 *                       *                *
*                   *        * *        *                  *
*                     * * * * 5 * * * *                    *
*                   *        * *        *                  *
*                 *                       *                *
*                                                          *
*         VERSION 3.5.1                 2023-07-11         *
*                                                          *
*    The MadGraph5_aMC@NLO Development Team - Find us at   *
*              http://madgraph.phys.ucl.ac.be/             *
*                            and                           *
*            http://amcatnlo.web.cern.ch/amcatnlo/         *
*                                                          *
*               Type 'help' for in-line help.              *
*           Type 'tutorial' to learn how MG5 works         *
*    Type 'tutorial aMCatNLO' to learn how aMC@NLO works   *
*    Type 'tutorial MadLoop' to learn how MadLoop works    *
*                                                          *
************************************************************
load MG5 configuration from ../mg5amcnlo/input/mg5_configuration.txt 
fastjet-config does not seem to correspond to a valid fastjet-config executable (v3+). We will use fjcore instead.
 Please set the 'fastjet'variable to the full (absolute) /PATH/TO/fastjet-config (including fastjet-config).
 MG5_aMC> set fastjet /PATH/TO/fastjet-config

eMELA-config does not seem to correspond to a valid eMELA-config executable.
 Please set the 'fastjet'variable to the full (absolute) /PATH/TO/eMELA-config (including eMELA-config).
 MG5_aMC> set eMELA /PATH/TO/eMELA-config

lhapdf-config does not seem to correspond to a valid lhapdf-config executable. 
Please set the 'lhapdf' variable to the (absolute) /PATH/TO/lhapdf-config (including lhapdf-config).
Note that you can still compile and run aMC@NLO with the built-in PDFs
 MG5_aMC> set lhapdf /PATH/TO/lhapdf-config

None does not seem to correspond to a valid lhapdf-config executable. 
Please set the 'lhapdf' variable to the (absolute) /PATH/TO/lhapdf-config (including lhapdf-config).
Note that you can still compile and run aMC@NLO with the built-in PDFs
 MG5_aMC> set lhapdf /PATH/TO/lhapdf-config

Using default text editor "vi". Set another one in ./input/mg5_configuration.txt
Using default eps viewer "evince". Set another one in ./input/mg5_configuration.txt
Using default web browser "firefox". Set another one in ./input/mg5_configuration.txt
import /vols/cms/us322/02_event_generation_14_new/mg_processes_2/background_151/madminer/cards/mg_commands_0.dat
The import format was not given, so we guess it as command
launch /vols/cms/us322/02_event_generation_14_new/mg_processes_2/background_151
************************************************************
*                                                          *
*                      W E L C O M E to                    *
*             M A D G R A P H 5 _ a M C @ N L O            *
*                      M A D E V E N T                     *
*                                                          *
*                 *                       *                *
*                   *        * *        *                  *
*                     * * * * 5 * * * *                    *
*                   *        * *        *                  *
*                 *                       *                *
*                                                          *
*         VERSION 3.5.1                 2023-07-11         *
*                                                          *
*    The MadGraph5_aMC@NLO Development Team - Find us at   *
*    https://server06.fynu.ucl.ac.be/projects/madgraph     *
*                                                          *
*               Type 'help' for in-line help.              *
*                                                          *
************************************************************
INFO: load configuration from /vols/cms/us322/02_event_generation_14_new/mg_processes_2/background_151/Cards/me5_configuration.txt  
INFO: load configuration from /vols/cms/us322/mg5amcnlo/input/mg5_configuration.txt  
INFO: load configuration from /vols/cms/us322/02_event_generation_14_new/mg_processes_2/background_151/Cards/me5_configuration.txt  
Using default text editor "vi". Set another one in ./input/mg5_configuration.txt
generate_events run_01
stty: 'standard input': Inappropriate ioctl for device
The following switches determine which programs are run:
/===========================================================================\
| 1. Choose the shower/hadronization program   [1m  shower[0m = [32mPythia8[0m           |
| 2. Choose the detector simulation program    [1mdetector[0m = [01mNot Avail.[0m        |
| 3. Choose an analysis package (plot/convert) [1manalysis[0m = [01mNot Avail.[0m        |
| 4. Decay onshell particles                   [1m madspin[0m = [31mOFF[0m               |
| 5. Add weights to events for new hypp.       [1mreweight[0m = [31mOFF[0m               |
\===========================================================================/
Either type the switch number (1 to 5) to change its setting,
Set any switch explicitly (e.g. type 'shower=OFF' at the prompt)
Type 'help' for the list of all valid option
Type '0', 'auto', 'done' or just press enter when you are done.
[1;34mfound line : order=LO[0m
[1;34mThis answer is not valid for current question. Keep it for next question and use here default: 0[0m
Do you want to edit a card (press enter to bypass editing)?
/------------------------------------------------------------\
|  [31m1[0m. param   : [32mparam_card.dat[0m                               |
|  [31m2[0m. run     : [32mrun_card.dat[0m                                 |
|  [31m3[0m. pythia8 : [32mpythia8_card.dat[0m                             |
\------------------------------------------------------------/
 you can also
   - enter the path to a valid card or banner.
   - use the 'set' command to modify a parameter directly.
     The set option works only for param_card and run_card.
     Type 'help set' for more information on this command.
   - call an external program (ASperGE/MadWidth/...).
     Type 'help' for the list of available command
 [[4m0[0m, done, 1, param, 2, run, 3, pythia8, enter path]
[1;34mfound line : order=LO[0m
[1;34mThis answer is not valid for current question. Keep it for next question and use here default: 0[0m
INFO: Update the dependent parameter of the param_card.dat 
[1;34mWARNING: update the strong coupling value (alpha_s) to the value from the pdf selected: 0.119 [0m
[1;34mWARNING: Unknow type of information in the card: loop,dim64f,dim6,dim64f2l,dim64f4l,renor,dim62f [0m
Generating 25000 events with run name run_01
survey  run_01 
INFO: compile directory 
[1;34mWARNING: information about "sminputs [1]" is missing using default value: 132.507. [0m
[1;34mWARNING: information about "yukawa [5]" is missing using default value: 4.7. [0m
[1;34mWARNING: information about "yukawa [15]" is missing using default value: 1.777. [0m
compile Source Directory
Error: no DISPLAY environment variable specified
Using random number seed offset = 14932
INFO: Running Survey 
Creating Jobs
Working on SubProcesses
INFO: Compiling for process 1/2. 
INFO:     P1_gg_bbxaa  
  0%|          | 0/874 [00:00<?, ?it/s] 58%|█████▊    | 503/874 [00:00<00:00, 4819.84it/s]100%|██████████| 874/874 [00:00<00:00, 5892.58it/s]INFO: Compiling for process 2/2. 
INFO:     P1_qq_bbxaa  

  0%|          | 0/841 [00:00<?, ?it/s]100%|██████████| 841/841 [00:00<00:00, 14463.00it/s]
  0%|          | 0/841 [00:00<?, ?it/s]100%|██████████| 841/841 [00:00<00:00, 14636.49it/s]INFO:     P1_gg_bbxaa  
INFO:     P1_qq_bbxaa  
INFO:  Idle: 1,  Running: 7,  Completed: 0 [ current time: 20h33 ] 
INFO:  Idle: 0,  Running: 7,  Completed: 1 [  4m 36s  ] 
INFO:  Idle: 0,  Running: 6,  Completed: 2 [  5m 11s  ] 
INFO:  Idle: 0,  Running: 5,  Completed: 3 [  5m 52s  ] 
INFO:  Idle: 0,  Running: 4,  Completed: 4 [  6m 43s  ] 
INFO:  Idle: 0,  Running: 2,  Completed: 6 [  8m 30s  ] 
INFO:  Idle: 0,  Running: 1,  Completed: 7 [  8m 59s  ] 
INFO:  Idle: 0,  Running: 0,  Completed: 8 [  10m 20s  ] 
INFO:  Idle: 0,  Running: 0,  Completed: 8 [  10m 20s  ] 
INFO: End survey 
refine 25000
Creating Jobs
INFO: Refine results to 25000 
INFO: Generating 25000.0 unweighted events. 
sum of cpu time of last step: 10m15s
INFO: Effective Luminosity 553745165.7216414 pb^-1 
INFO: need to improve 10 channels 
- Current estimate of cross-section: 5.4176545200000005e-05 +- 4.536669811083599e-07
    P1_gg_bbxaa 
    P1_qq_bbxaa 
INFO:  Idle: 17,  Running: 16,  Completed: 0 [ current time: 20h44 ] 
INFO:  Idle: 16,  Running: 16,  Completed: 1 [  7m 11s  ] 
INFO:  Idle: 14,  Running: 16,  Completed: 3 [  7m 21s  ] 
INFO:  Idle: 13,  Running: 16,  Completed: 4 [  7m 57s  ] 
INFO:  Idle: 12,  Running: 16,  Completed: 5 [  8m 50s  ] 
INFO:  Idle: 11,  Running: 16,  Completed: 6 [  9m 2s  ] 
INFO:  Idle: 10,  Running: 16,  Completed: 7 [  9m 31s  ] 
INFO:  Idle: 9,  Running: 16,  Completed: 8 [  14m 14s  ] 
INFO:  Idle: 8,  Running: 16,  Completed: 9 [  14m 20s  ] 
INFO:  Idle: 7,  Running: 16,  Completed: 10 [  14m 27s  ] 
INFO:  Idle: 6,  Running: 16,  Completed: 11 [  15m 13s  ] 
INFO:  Idle: 5,  Running: 16,  Completed: 12 [  16m 47s  ] 
INFO:  Idle: 4,  Running: 16,  Completed: 13 [  16m 59s  ] 
INFO:  Idle: 2,  Running: 16,  Completed: 15 [  20m 9s  ] 
INFO:  Idle: 1,  Running: 16,  Completed: 16 [  20m 43s  ] 
INFO:  Idle: 0,  Running: 16,  Completed: 17 [  21m 43s  ] 
INFO:  Idle: 0,  Running: 15,  Completed: 18 [  23m 47s  ] 
INFO:  Idle: 0,  Running: 14,  Completed: 19 [  29m 3s  ] 
INFO:  Idle: 0,  Running: 13,  Completed: 20 [  29m 51s  ] 
INFO:  Idle: 0,  Running: 12,  Completed: 21 [  31m 36s  ] 
INFO:  Idle: 0,  Running: 10,  Completed: 23 [  32m 32s  ] 
INFO:  Idle: 0,  Running: 9,  Completed: 24 [  34m 49s  ] 
INFO:  Idle: 0,  Running: 7,  Completed: 26 [  36m 52s  ] 
INFO:  Idle: 0,  Running: 6,  Completed: 27 [  39m 13s  ] 
INFO:  Idle: 0,  Running: 5,  Completed: 28 [  41m 52s  ] 
INFO:  Idle: 0,  Running: 3,  Completed: 30 [  42m 49s  ] 
INFO:  Idle: 0,  Running: 2,  Completed: 31 [  43m 48s  ] 
INFO:  Idle: 0,  Running: 1,  Completed: 32 [  45m 52s  ] 
INFO:  Idle: 0,  Running: 0,  Completed: 33 [  48m 4s  ] 
INFO:  Idle: 0,  Running: 0,  Completed: 33 [  48m 4s  ] 
INFO: Combining runs 
sum of cpu time of last step: 53m01s
INFO: finish refine 
refine 25000 --treshold=0.9
No need for second refine due to stability of cross-section
INFO: Combining Events 
  === Results Summary for run: run_01 tag: tag_1 ===

     Cross-section :   5.615e-05 +- 1.044e-07 pb
     Nb of events :  25000
 
store_events
INFO: Storing parton level results 
INFO: End Parton 
reweight -from_cards
decay_events -from_cards
INFO: [92mRunning Pythia8 [arXiv:1410.3012][0m 
Splitting .lhe event file for PY8 parallelization...
Submitting Pythia8 jobs...
Pythia8 shower jobs: 1 Idle, 15 Running, 0 Done [8 seconds]
Pythia8 shower jobs: 0 Idle, 15 Running, 1 Done [2m09s]
Pythia8 shower jobs: 0 Idle, 14 Running, 2 Done [2m19s]
Pythia8 shower jobs: 0 Idle, 13 Running, 3 Done [2m21s]
Pythia8 shower jobs: 0 Idle, 12 Running, 4 Done [2m22s]
Pythia8 shower jobs: 0 Idle, 11 Running, 5 Done [2m24s]
Pythia8 shower jobs: 0 Idle, 10 Running, 6 Done [2m24s]
Pythia8 shower jobs: 0 Idle, 9 Running, 7 Done [2m26s]
Pythia8 shower jobs: 0 Idle, 8 Running, 8 Done [2m26s]
Pythia8 shower jobs: 0 Idle, 7 Running, 9 Done [2m26s]
Pythia8 shower jobs: 0 Idle, 6 Running, 10 Done [2m27s]
Pythia8 shower jobs: 0 Idle, 5 Running, 11 Done [2m28s]
Pythia8 shower jobs: 0 Idle, 4 Running, 12 Done [2m29s]
Pythia8 shower jobs: 0 Idle, 3 Running, 13 Done [2m29s]
Pythia8 shower jobs: 0 Idle, 2 Running, 14 Done [2m29s]
Pythia8 shower jobs: 0 Idle, 1 Running, 15 Done [2m30s]
Pythia8 shower jobs: 0 Idle, 0 Running, 16 Done [2m31s]
Merging results from the split PY8 runs...
INFO: Pythia8 shower finished after 3m08s. 
  === Results Summary for run: run_01 tag: tag_1 ===

     Cross-section :   5.615e-05 +- 1.044e-07 pb
     Nb of events :  25000
 
INFO: storing files of previous run 
INFO: Storing Pythia8 files of previous run 
INFO: Done 
quit
INFO:  
order=LO
[1;34mCommand "order=LO" not recognized, please try again[0m
shower=Pythia8
[1;34mCommand "shower=Pythia8" not recognized, please try again[0m
detector=OFF
[1;34mCommand "detector=OFF" not recognized, please try again[0m
analysis=OFF
[1;34mCommand "analysis=OFF" not recognized, please try again[0m
madspin=OFF
[1;34mCommand "madspin=OFF" not recognized, please try again[0m
reweight=OFF
[1;34mCommand "reweight=OFF" not recognized, please try again[0m
done
[1;34mCommand "done" not recognized, please try again[0m
quit

