************************************************************
*                                                          *
*                     W E L C O M E to                     *
*              M A D G R A P H 5 _ a M C @ N L O           *
*                                                          *
*                                                          *
*                 *                       *                *
*                   *        * *        *                  *
*                     * * * * 5 * * * *                    *
*                   *        * *        *                  *
*                 *                       *                *
*                                                          *
*         VERSION 3.5.1                 2023-07-11         *
*                                                          *
*    The MadGraph5_aMC@NLO Development Team - Find us at   *
*              http://madgraph.phys.ucl.ac.be/             *
*                            and                           *
*            http://amcatnlo.web.cern.ch/amcatnlo/         *
*                                                          *
*               Type 'help' for in-line help.              *
*           Type 'tutorial' to learn how MG5 works         *
*    Type 'tutorial aMCatNLO' to learn how aMC@NLO works   *
*    Type 'tutorial MadLoop' to learn how MadLoop works    *
*                                                          *
************************************************************
load MG5 configuration from ../mg5amcnlo/input/mg5_configuration.txt 
fastjet-config does not seem to correspond to a valid fastjet-config executable (v3+). We will use fjcore instead.
 Please set the 'fastjet'variable to the full (absolute) /PATH/TO/fastjet-config (including fastjet-config).
 MG5_aMC> set fastjet /PATH/TO/fastjet-config

eMELA-config does not seem to correspond to a valid eMELA-config executable.
 Please set the 'fastjet'variable to the full (absolute) /PATH/TO/eMELA-config (including eMELA-config).
 MG5_aMC> set eMELA /PATH/TO/eMELA-config

lhapdf-config does not seem to correspond to a valid lhapdf-config executable. 
Please set the 'lhapdf' variable to the (absolute) /PATH/TO/lhapdf-config (including lhapdf-config).
Note that you can still compile and run aMC@NLO with the built-in PDFs
 MG5_aMC> set lhapdf /PATH/TO/lhapdf-config

None does not seem to correspond to a valid lhapdf-config executable. 
Please set the 'lhapdf' variable to the (absolute) /PATH/TO/lhapdf-config (including lhapdf-config).
Note that you can still compile and run aMC@NLO with the built-in PDFs
 MG5_aMC> set lhapdf /PATH/TO/lhapdf-config

Using default text editor "vi". Set another one in ./input/mg5_configuration.txt
Using default eps viewer "evince". Set another one in ./input/mg5_configuration.txt
Using default web browser "firefox". Set another one in ./input/mg5_configuration.txt
import /vols/cms/us322/02_event_generation_14_new/mg_processes_2/background_32/madminer/cards/mg_commands_0.dat
The import format was not given, so we guess it as command
launch /vols/cms/us322/02_event_generation_14_new/mg_processes_2/background_32
************************************************************
*                                                          *
*                      W E L C O M E to                    *
*             M A D G R A P H 5 _ a M C @ N L O            *
*                      M A D E V E N T                     *
*                                                          *
*                 *                       *                *
*                   *        * *        *                  *
*                     * * * * 5 * * * *                    *
*                   *        * *        *                  *
*                 *                       *                *
*                                                          *
*         VERSION 3.5.1                 2023-07-11         *
*                                                          *
*    The MadGraph5_aMC@NLO Development Team - Find us at   *
*    https://server06.fynu.ucl.ac.be/projects/madgraph     *
*                                                          *
*               Type 'help' for in-line help.              *
*                                                          *
************************************************************
INFO: load configuration from /vols/cms/us322/02_event_generation_14_new/mg_processes_2/background_32/Cards/me5_configuration.txt  
INFO: load configuration from /vols/cms/us322/mg5amcnlo/input/mg5_configuration.txt  
INFO: load configuration from /vols/cms/us322/02_event_generation_14_new/mg_processes_2/background_32/Cards/me5_configuration.txt  
Using default text editor "vi". Set another one in ./input/mg5_configuration.txt
generate_events run_01
stty: 'standard input': Inappropriate ioctl for device
The following switches determine which programs are run:
/===========================================================================\
| 1. Choose the shower/hadronization program   [1m  shower[0m = [32mPythia8[0m           |
| 2. Choose the detector simulation program    [1mdetector[0m = [01mNot Avail.[0m        |
| 3. Choose an analysis package (plot/convert) [1manalysis[0m = [01mNot Avail.[0m        |
| 4. Decay onshell particles                   [1m madspin[0m = [31mOFF[0m               |
| 5. Add weights to events for new hypp.       [1mreweight[0m = [31mOFF[0m               |
\===========================================================================/
Either type the switch number (1 to 5) to change its setting,
Set any switch explicitly (e.g. type 'shower=OFF' at the prompt)
Type 'help' for the list of all valid option
Type '0', 'auto', 'done' or just press enter when you are done.
[1;34mfound line : order=LO[0m
[1;34mThis answer is not valid for current question. Keep it for next question and use here default: 0[0m
Do you want to edit a card (press enter to bypass editing)?
/------------------------------------------------------------\
|  [31m1[0m. param   : [32mparam_card.dat[0m                               |
|  [31m2[0m. run     : [32mrun_card.dat[0m                                 |
|  [31m3[0m. pythia8 : [32mpythia8_card.dat[0m                             |
\------------------------------------------------------------/
 you can also
   - enter the path to a valid card or banner.
   - use the 'set' command to modify a parameter directly.
     The set option works only for param_card and run_card.
     Type 'help set' for more information on this command.
   - call an external program (ASperGE/MadWidth/...).
     Type 'help' for the list of available command
 [[4m0[0m, done, 1, param, 2, run, 3, pythia8, enter path]
[1;34mfound line : order=LO[0m
[1;34mThis answer is not valid for current question. Keep it for next question and use here default: 0[0m
INFO: Update the dependent parameter of the param_card.dat 
[1;34mWARNING: update the strong coupling value (alpha_s) to the value from the pdf selected: 0.119 [0m
[1;34mWARNING: Unknow type of information in the card: dim64f2l,dim62f,dim64f4l,dim64f,loop,renor,dim6 [0m
Generating 25000 events with run name run_01
survey  run_01 
INFO: compile directory 
[1;34mWARNING: information about "sminputs [1]" is missing using default value: 132.507. [0m
[1;34mWARNING: information about "yukawa [5]" is missing using default value: 4.7. [0m
[1;34mWARNING: information about "yukawa [15]" is missing using default value: 1.777. [0m
compile Source Directory
Error: no DISPLAY environment variable specified
Using random number seed offset = 29397
INFO: Running Survey 
Creating Jobs
Working on SubProcesses
INFO: Compiling for process 1/2. 
INFO:     P1_gg_bbxaa  
  0%|          | 0/874 [00:00<?, ?it/s] 60%|█████▉    | 521/874 [00:00<00:00, 5085.72it/s]100%|██████████| 874/874 [00:00<00:00, 7901.72it/s]INFO: Compiling for process 2/2. 
INFO:     P1_qq_bbxaa  

  0%|          | 0/841 [00:00<?, ?it/s]100%|██████████| 841/841 [00:00<00:00, 19406.64it/s]
  0%|          | 0/841 [00:00<?, ?it/s]100%|██████████| 841/841 [00:00<00:00, 19629.76it/s]INFO:     P1_gg_bbxaa  
INFO:     P1_qq_bbxaa  
INFO:  Idle: 4,  Running: 4,  Completed: 0 [ current time: 20h19 ] 
INFO:  Idle: 3,  Running: 4,  Completed: 1 [  2m 0s  ] 
INFO:  Idle: 2,  Running: 4,  Completed: 2 [  2m 26s  ] 
INFO:  Idle: 1,  Running: 4,  Completed: 3 [  3m 46s  ] 
INFO:  Idle: 0,  Running: 4,  Completed: 4 [  4m 9s  ] 
INFO:  Idle: 0,  Running: 3,  Completed: 5 [  4m 45s  ] 
INFO:  Idle: 0,  Running: 2,  Completed: 6 [  5m 26s  ] 
INFO:  Idle: 0,  Running: 1,  Completed: 7 [  5m 44s  ] 
INFO:  Idle: 0,  Running: 0,  Completed: 8 [  6m 21s  ] 
INFO:  Idle: 0,  Running: 0,  Completed: 8 [  6m 21s  ] 
INFO: End survey 
refine 25000
Creating Jobs
INFO: Refine results to 25000 
INFO: Generating 25000.0 unweighted events. 
sum of cpu time of last step: 6m24s
INFO: Effective Luminosity 544943770.649123 pb^-1 
INFO: need to improve 11 channels 
- Current estimate of cross-section: 5.50515514e-05 +- 5.148985609233481e-07
    P1_gg_bbxaa 
    P1_qq_bbxaa 
INFO:  Idle: 31,  Running: 4,  Completed: 0 [ current time: 20h26 ] 
INFO:  Idle: 30,  Running: 4,  Completed: 1 [  1m 8s  ] 
INFO:  Idle: 28,  Running: 4,  Completed: 3 [  3m 16s  ] 
INFO:  Idle: 26,  Running: 4,  Completed: 5 [  4m 32s  ] 
INFO:  Idle: 25,  Running: 4,  Completed: 6 [  4m 53s  ] 
INFO:  Idle: 24,  Running: 4,  Completed: 7 [  6m 0s  ] 
INFO:  Idle: 23,  Running: 4,  Completed: 8 [  7m 4s  ] 
INFO:  Idle: 22,  Running: 4,  Completed: 9 [  8m 18s  ] 
INFO:  Idle: 21,  Running: 4,  Completed: 10 [  9m 9s  ] 
INFO:  Idle: 20,  Running: 4,  Completed: 11 [  10m 7s  ] 
INFO:  Idle: 18,  Running: 4,  Completed: 13 [  10m 42s  ] 
INFO:  Idle: 17,  Running: 4,  Completed: 14 [  10m 57s  ] 
INFO:  Idle: 16,  Running: 4,  Completed: 15 [  12m 31s  ] 
INFO:  Idle: 15,  Running: 4,  Completed: 16 [  12m 36s  ] 
INFO:  Idle: 14,  Running: 4,  Completed: 17 [  13m 27s  ] 
INFO:  Idle: 13,  Running: 4,  Completed: 18 [  14m 48s  ] 
INFO:  Idle: 12,  Running: 4,  Completed: 19 [  15m 22s  ] 
INFO:  Idle: 11,  Running: 4,  Completed: 20 [  16m 19s  ] 
INFO:  Idle: 10,  Running: 4,  Completed: 21 [  16m 33s  ] 
INFO:  Idle: 9,  Running: 4,  Completed: 22 [  17m 22s  ] 
INFO:  Idle: 8,  Running: 4,  Completed: 23 [  17m 43s  ] 
INFO:  Idle: 7,  Running: 4,  Completed: 24 [  18m 23s  ] 
INFO:  Idle: 6,  Running: 4,  Completed: 25 [  18m 40s  ] 
INFO:  Idle: 5,  Running: 4,  Completed: 26 [  19m 34s  ] 
INFO:  Idle: 4,  Running: 4,  Completed: 27 [  19m 41s  ] 
INFO:  Idle: 3,  Running: 4,  Completed: 28 [  21m 26s  ] 
INFO:  Idle: 2,  Running: 4,  Completed: 29 [  23m 33s  ] 
INFO:  Idle: 1,  Running: 4,  Completed: 30 [  25m 58s  ] 
INFO:  Idle: 0,  Running: 4,  Completed: 31 [  26m 23s  ] 
INFO:  Idle: 0,  Running: 3,  Completed: 32 [  26m 44s  ] 
INFO:  Idle: 0,  Running: 2,  Completed: 33 [  27m 16s  ] 
INFO:  Idle: 0,  Running: 1,  Completed: 34 [  27m 23s  ] 
INFO:  Idle: 0,  Running: 0,  Completed: 35 [  27m 27s  ] 
INFO:  Idle: 0,  Running: 0,  Completed: 35 [  27m 27s  ] 
INFO: Combining runs 
sum of cpu time of last step: 30m29s
INFO: finish refine 
refine 25000 --treshold=0.9
No need for second refine due to stability of cross-section
INFO: Combining Events 
  === Results Summary for run: run_01 tag: tag_1 ===

     Cross-section :   5.549e-05 +- 1.179e-07 pb
     Nb of events :  25000
 
store_events
INFO: Storing parton level results 
INFO: End Parton 
reweight -from_cards
decay_events -from_cards
INFO: [92mRunning Pythia8 [arXiv:1410.3012][0m 
Splitting .lhe event file for PY8 parallelization...
Submitting Pythia8 jobs...
Pythia8 shower jobs: 1 Idle, 3 Running, 0 Done [5 seconds]
Pythia8 shower jobs: 0 Idle, 3 Running, 1 Done [1m42s]
Pythia8 shower jobs: 0 Idle, 2 Running, 2 Done [1m48s]
Pythia8 shower jobs: 0 Idle, 1 Running, 3 Done [1m48s]
Pythia8 shower jobs: 0 Idle, 0 Running, 4 Done [1m50s]
Merging results from the split PY8 runs...
INFO: Pythia8 shower finished after 2m38s. 
  === Results Summary for run: run_01 tag: tag_1 ===

     Cross-section :   5.549e-05 +- 1.179e-07 pb
     Nb of events :  25000
 
INFO: storing files of previous run 
INFO: Storing Pythia8 files of previous run 
INFO: Done 
quit
INFO:  
order=LO
[1;34mCommand "order=LO" not recognized, please try again[0m
shower=Pythia8
[1;34mCommand "shower=Pythia8" not recognized, please try again[0m
detector=OFF
[1;34mCommand "detector=OFF" not recognized, please try again[0m
analysis=OFF
[1;34mCommand "analysis=OFF" not recognized, please try again[0m
madspin=OFF
[1;34mCommand "madspin=OFF" not recognized, please try again[0m
reweight=OFF
[1;34mCommand "reweight=OFF" not recognized, please try again[0m
done
[1;34mCommand "done" not recognized, please try again[0m
quit

