12:22 madminer.utils.inter INFO    HDF5 file does not contain nuisance parameters information
12:22 madminer.utils.inter INFO    HDF5 file does not contain finite difference information
12:22 madminer.utils.inter INFO    HDF5 file does not contain observables information
12:22 madminer.utils.inter INFO    HDF5 file does not contain sample summary information
12:22 madminer.utils.inter INFO    HDF5 file does not contain sample information
12:22 madminer.utils.inter INFO    HDF5 file does not contain systematic information
12:22 madminer.delphes.del DEBUG   Adding event sample /vols/cms/us322/02b_final_events_14_new/signal_sm/batch_9//run_01_decayed_1/tag_1_pythia8_events.hepmc.gz
12:22 madminer.delphes.del DEBUG   Adding event sample /vols/cms/us322/02b_final_events_14_new/signal_sm/batch_9//run_02_decayed_1/tag_1_pythia8_events.hepmc.gz
12:22 madminer.delphes.del INFO    Running Delphes on HepMC sample at /vols/cms/us322/02b_final_events_14_new/signal_sm/batch_9//run_01_decayed_1/tag_1_pythia8_events.hepmc.gz
12:22 madminer.utils.inter DEBUG   Unzipping /vols/cms/us322/02b_final_events_14_new/signal_sm/batch_9//run_01_decayed_1/tag_1_pythia8_events.hepmc.gz
Traceback (most recent call last):
  File "03a_read_delphes.py", line 89, in <module>
    delphes.run_delphes(
  File "/vols/cms/us322/nsbi_for_dihiggs/madminer/madminer/delphes/delphes_reader.py", line 276, in run_delphes
    delphes_sample_filename = run_delphes(
  File "/vols/cms/us322/nsbi_for_dihiggs/madminer/madminer/utils/interfaces/delphes.py", line 65, in run_delphes
    _ = call_command(
  File "/vols/cms/us322/nsbi_for_dihiggs/madminer/madminer/utils/various.py", line 25, in call_command
    raise RuntimeError(f"Calling command {cmd} returned exit code {exitcode}. Output in file {log_file}.")
RuntimeError: Calling command /vols/cms/us322/mg5amcnlo/HEPTools/Delphes-3.5.0//DelphesHepMC cards/delphes_card_HLLHC.tcl /vols/cms/us322/02b_final_events_14_new/signal_sm/batch_9/run_01_decayed_1/tag_1_pythia8_events_delphes.root /vols/cms/us322/02b_final_events_14_new/signal_sm/batch_9/run_01_decayed_1/tag_1_pythia8_events.hepmc returned exit code 127. Output in file delpheslogs/delphes_signal_sm_batch9.log.
