12:37 madminer.utils.inter INFO    HDF5 file does not contain nuisance parameters information
12:37 madminer.utils.inter INFO    HDF5 file does not contain finite difference information
12:37 madminer.utils.inter INFO    HDF5 file does not contain observables information
12:37 madminer.utils.inter INFO    HDF5 file does not contain sample summary information
12:37 madminer.utils.inter INFO    HDF5 file does not contain sample information
12:37 madminer.utils.inter INFO    HDF5 file does not contain systematic information
12:37 madminer.delphes.del DEBUG   Adding event sample /vols/cms/us322/02b_final_events_14_new/background/batch_57//run_01/tag_1_pythia8_events.hepmc.gz
12:37 madminer.delphes.del DEBUG   Adding event sample /vols/cms/us322/02b_final_events_14_new/background/batch_57//run_02/tag_1_pythia8_events.hepmc.gz
12:37 madminer.delphes.del INFO    Running Delphes on HepMC sample at /vols/cms/us322/02b_final_events_14_new/background/batch_57//run_01/tag_1_pythia8_events.hepmc.gz
12:37 madminer.utils.inter DEBUG   Unzipping /vols/cms/us322/02b_final_events_14_new/background/batch_57//run_01/tag_1_pythia8_events.hepmc.gz
12:41 madminer.utils.inter DEBUG   Deleting /vols/cms/us322/02b_final_events_14_new/background/batch_57/run_01/tag_1_pythia8_events.hepmc
12:41 madminer.delphes.del INFO    Running Delphes on HepMC sample at /vols/cms/us322/02b_final_events_14_new/background/batch_57//run_02/tag_1_pythia8_events.hepmc.gz
12:41 madminer.utils.inter DEBUG   Unzipping /vols/cms/us322/02b_final_events_14_new/background/batch_57//run_02/tag_1_pythia8_events.hepmc.gz
12:49 madminer.utils.inter DEBUG   Deleting /vols/cms/us322/02b_final_events_14_new/background/batch_57/run_02/tag_1_pythia8_events.hepmc
12:49 madminer.delphes.del DEBUG   Adding required observable a0_pt = a[0].pt
12:49 madminer.delphes.del DEBUG   Adding required observable a0_eta = a[0].eta
12:49 madminer.delphes.del DEBUG   Adding required observable a1_pt = a[1].pt
12:49 madminer.delphes.del DEBUG   Adding required observable a1_eta = a[1].eta
12:49 madminer.delphes.del DEBUG   Adding required observable num_bjets defined through external function
12:49 madminer.delphes.del DEBUG   Adding required observable b0_pt defined through external function
12:49 madminer.delphes.del DEBUG   Adding required observable b0_eta defined through external function
12:49 madminer.delphes.del DEBUG   Adding required observable b1_pt defined through external function
12:49 madminer.delphes.del DEBUG   Adding required observable b1_eta defined through external function
12:49 madminer.delphes.del DEBUG   Adding required observable bb_deltaR defined through external function
12:49 madminer.delphes.del DEBUG   Adding required observable aa_deltaR = a[0].deltaR(a[1])
12:49 madminer.delphes.del DEBUG   Adding required observable b0a0_deltaR defined through external function
12:49 madminer.delphes.del DEBUG   Adding required observable b0a1_deltaR defined through external function
12:49 madminer.delphes.del DEBUG   Adding required observable b1a0_deltaR defined through external function
12:49 madminer.delphes.del DEBUG   Adding required observable b1a1_deltaR defined through external function
12:49 madminer.delphes.del DEBUG   Adding required observable m_tot defined through external function
12:49 madminer.delphes.del DEBUG   Adding required observable pt_bb defined through external function
12:49 madminer.delphes.del DEBUG   Adding required observable pt_aa = (a[0]+a[1]).pt
12:49 madminer.delphes.del DEBUG   Adding required observable m_bb defined through external function
12:49 madminer.delphes.del DEBUG   Adding required observable m_aa = (a[0]+a[1]).m
12:49 madminer.delphes.del DEBUG   Adding cut a0_pt>30
12:49 madminer.delphes.del DEBUG   Adding cut a1_pt>30
12:49 madminer.delphes.del DEBUG   Adding cut b0_pt>30
12:49 madminer.delphes.del DEBUG   Adding cut b1_pt>30
12:49 madminer.delphes.del DEBUG   Adding cut abs(a0_eta)<2.4
12:49 madminer.delphes.del DEBUG   Adding cut abs(a1_eta)<2.4
12:49 madminer.delphes.del DEBUG   Adding cut abs(b0_eta)<2.4
12:49 madminer.delphes.del DEBUG   Adding cut abs(b1_eta)<2.4
12:49 madminer.delphes.del DEBUG   Adding cut bb_deltaR>0.4
12:49 madminer.delphes.del DEBUG   Adding cut aa_deltaR>0.4
12:49 madminer.delphes.del DEBUG   Adding cut b0a0_deltaR>1
12:49 madminer.delphes.del DEBUG   Adding cut b0a1_deltaR>1
12:49 madminer.delphes.del DEBUG   Adding cut b1a0_deltaR>1
12:49 madminer.delphes.del DEBUG   Adding cut b1a1_deltaR>1
12:49 madminer.delphes.del DEBUG   Adding cut abs(m_bb-125)<25
12:49 madminer.delphes.del DEBUG   Adding cut abs(m_aa-125)<3
12:49 madminer.delphes.del DEBUG   Adding cut num_bjets==2
12:49 madminer.delphes.del DEBUG   Adding cut aa_deltaR<2
12:49 madminer.delphes.del INFO    Analysing Delphes sample /vols/cms/us322/02b_final_events_14_new/background/batch_57/run_01/tag_1_pythia8_events_delphes.root: Calculating 20 observables, requiring 18 selection cuts, associated with no systematics
12:49 madminer.delphes.del DEBUG   Extracting nuisance parameter definitions from LHE file
12:49 madminer.utils.inter DEBUG   Parsing nuisance parameter setup from LHE file at /vols/cms/us322/02b_final_events_14_new/background/batch_57//run_01/unweighted_events.lhe.gz
12:49 madminer.utils.inter DEBUG   Systematics setup: OrderedDict()
12:49 madminer.utils.inter DEBUG   0 weight groups
12:49 madminer.delphes.del DEBUG   systematics_dict: OrderedDict()
12:49 madminer.utils.inter DEBUG   Parsing Delphes file /vols/cms/us322/02b_final_events_14_new/background/batch_57/run_01/tag_1_pythia8_events_delphes.root
12:49 madminer.utils.inter DEBUG   Not extracting weights
12:49 madminer.utils.inter DEBUG   Found 13584 events
12:50 madminer.utils.inter DEBUG     First 10 values for observable a0_pt:
[ 79.34754944  88.95490265  74.58384705 172.37008667  96.1703186
 226.33528137 208.47184753  36.30046082  64.78281403  35.91906738
 129.60133362 161.54467773 113.33705139 113.60903168  91.50841522
 188.25137329 161.27452087 171.9927063  385.75918579  68.0567627 ]
12:50 madminer.utils.inter DEBUG     First 10 values for observable a0_eta:
[-1.54922354 -0.63729972  0.17170686 -1.51276231 -0.90868539  1.39154077
 -0.28961438  0.7084142  -2.43565369  2.0553782  -0.79583347  0.82883471
  2.64117789 -1.66942227  0.14636225 -1.79461217  1.04041231 -1.11336648
 -1.4230125   0.59456152]
12:51 madminer.utils.inter DEBUG     First 10 values for observable a1_pt:
[50.56993866 39.8985939  44.03635788 33.04656219 54.08475876 51.91068268
 36.71324921         nan         nan         nan 51.03885651 48.1432457
         nan 65.29937744         nan 79.79805756 41.93200302 34.08787918
 29.27213097 42.65549088]
12:51 madminer.utils.inter DEBUG     First 10 values for observable a1_eta:
[ 0.15799998  1.03955901 -1.60074568 -2.05615926  0.39147598  2.20034146
 -0.63613564         nan         nan         nan -1.92961347  1.1642108
         nan -0.50278264         nan -0.84294927  2.38216043 -0.3967315
 -1.679932   -1.25835001]
12:51 madminer.utils.inter DEBUG     First 10 values for observable num_bjets:
[2. 0. 1. 3. 1. 1. 1. 0. 0. 1. 1. 2. 2. 1. 0. 2. 3. 2. 1. 1.]
12:51 madminer.utils.inter DEBUG     First 10 values for observable b0_pt:
[ 93.75534058          nan 116.73040771  90.13200378  85.56372833
 102.39266968 122.1848526           nan          nan  86.27724457
 144.442276    99.43447876  91.706604   153.34309387          nan
 122.58150482  55.7393074  108.49365234 237.30810547 117.29388428]
12:51 madminer.utils.inter DEBUG     First 10 values for observable b0_eta:
[-1.90505219         nan -1.32937598 -2.47331715  0.34648249  2.24467778
  0.23662201         nan         nan  1.57209575 -2.68485713  0.4577426
  2.52833652 -0.03494422         nan -1.03514898  0.71794528 -0.36878252
 -0.62993783 -0.44991282]
12:51 madminer.utils.inter DEBUG     First 10 values for observable b1_pt:
[31.49730492         nan         nan 45.40645981         nan         nan
         nan         nan         nan         nan         nan 32.03610229
 89.32226562         nan         nan 46.52809906 37.2960434  33.88204956
         nan         nan]
12:51 madminer.utils.inter DEBUG     First 10 values for observable b1_eta:
[-2.36840367         nan         nan -1.89420414         nan         nan
         nan         nan         nan         nan         nan  1.79292226
  2.21722031         nan         nan -0.2294704   0.84259772 -0.78990304
         nan         nan]
12:52 madminer.utils.inter DEBUG     First 10 values for observable bb_deltaR:
[2.51154047        nan        nan 0.69306188        nan        nan
        nan        nan        nan        nan        nan 1.41813169
 1.7687607         nan        nan 1.02413318 0.8003991  1.20988255
        nan        nan]
12:52 madminer.utils.inter DEBUG     First 10 values for observable aa_deltaR:
[1.73310644 1.91032839 1.93123458 1.94674804 1.59831878 1.15875595
 1.5939796         nan        nan        nan 1.46681835 1.57096836
        nan 1.44423522        nan 0.97654082 1.35528625 1.80374271
 1.29649813 2.09098047]
12:52 madminer.utils.inter DEBUG     First 10 values for observable b0a0_deltaR:
[2.91584538        nan        nan 3.11015368        nan        nan
        nan        nan        nan        nan        nan 2.70896735
 2.66269543        nan        nan 3.11779861 2.73112845 3.0059466
        nan        nan]
12:52 madminer.utils.inter DEBUG     First 10 values for observable b0a1_deltaR:
[3.71601664        nan        nan 1.51430114        nan        nan
        nan        nan        nan        nan        nan 2.18250689
        nan        nan        nan 3.04634906 3.34628861 1.2573085
        nan        nan]
12:52 madminer.utils.inter DEBUG     First 10 values for observable b1a0_deltaR:
[1.23237647        nan        nan 2.60543913        nan        nan
        nan        nan        nan        nan        nan 3.26732597
 1.92886703        nan        nan 3.05795645 2.78755537 2.25995658
        nan        nan]
12:53 madminer.utils.inter DEBUG     First 10 values for observable b1a1_deltaR:
[2.60191676        nan        nan 1.84357595        nan        nan
        nan        nan        nan        nan        nan 1.70709133
        nan        nan        nan 2.48495464 3.01255306 2.42333346
        nan        nan]
12:53 madminer.utils.inter DEBUG     First 10 values for observable m_tot:
[354.19150139          nan          nan 368.36967705          nan
          nan          nan          nan          nan          nan
          nan 364.50942445          nan          nan          nan
 490.60569124 320.30414123 366.8163352           nan          nan]
12:53 madminer.utils.inter DEBUG     First 10 values for observable pt_bb:
[ 71.86415328          nan          nan 133.35867387          nan
          nan          nan          nan          nan          nan
          nan 128.72727855 116.66454953          nan          nan
 162.45965385  86.15324037 126.59982921          nan          nan]
12:53 madminer.utils.inter DEBUG     First 10 values for observable pt_aa:
[128.54529179 117.61180453 110.59875743 165.68745148 135.6322251
 264.16754172 212.21930237          nan          nan          nan
 165.23808477 170.22039757          nan 164.15985301          nan
 266.70727034 202.59990512 172.49383979 395.40009025  98.68247189]
12:53 madminer.utils.inter DEBUG     First 10 values for observable m_bb:
[106.4742287           nan          nan  47.59371864          nan
          nan          nan          nan          nan          nan
          nan  85.98938571 144.15364023          nan          nan
  79.00814524  37.13118882  71.27391446          nan          nan]
12:53 madminer.utils.inter DEBUG     First 10 values for observable m_aa:
[123.21208634 123.77182813 123.11589568 128.32546183 119.51346172
 125.50063296 126.51863155          nan          nan          nan
 121.57693631 126.00415018          nan 127.88778902          nan
 124.02012344 119.83509098 125.92508901 129.07092438 125.2376581 ]
12:56 madminer.utils.inter DEBUG     13520 / 13584 events pass required observable a0_pt
12:56 madminer.utils.inter DEBUG     13520 / 13584 events pass required observable a0_eta
12:56 madminer.utils.inter DEBUG     12460 / 13584 events pass required observable a1_pt
12:56 madminer.utils.inter DEBUG     12460 / 13584 events pass required observable a1_eta
12:56 madminer.utils.inter DEBUG     13584 / 13584 events pass required observable num_bjets
12:56 madminer.utils.inter DEBUG     11640 / 13584 events pass required observable b0_pt
12:56 madminer.utils.inter DEBUG     11640 / 13584 events pass required observable b0_eta
12:56 madminer.utils.inter DEBUG     4825 / 13584 events pass required observable b1_pt
12:56 madminer.utils.inter DEBUG     4825 / 13584 events pass required observable b1_eta
12:56 madminer.utils.inter DEBUG     4825 / 13584 events pass required observable bb_deltaR
12:56 madminer.utils.inter DEBUG     12460 / 13584 events pass required observable aa_deltaR
12:56 madminer.utils.inter DEBUG     4799 / 13584 events pass required observable b0a0_deltaR
12:56 madminer.utils.inter DEBUG     4411 / 13584 events pass required observable b0a1_deltaR
12:56 madminer.utils.inter DEBUG     4799 / 13584 events pass required observable b1a0_deltaR
12:56 madminer.utils.inter DEBUG     4411 / 13584 events pass required observable b1a1_deltaR
12:56 madminer.utils.inter DEBUG     4411 / 13584 events pass required observable m_tot
12:56 madminer.utils.inter DEBUG     4825 / 13584 events pass required observable pt_bb
12:56 madminer.utils.inter DEBUG     12460 / 13584 events pass required observable pt_aa
12:56 madminer.utils.inter DEBUG     4825 / 13584 events pass required observable m_bb
12:56 madminer.utils.inter DEBUG     12460 / 13584 events pass required observable m_aa
12:56 madminer.utils.inter DEBUG     13416 / 13584 events pass cut Cut(name='CUT', val_expression='a0_pt>30', is_required=False)
12:56 madminer.utils.inter DEBUG     10864 / 13584 events pass cut Cut(name='CUT', val_expression='a1_pt>30', is_required=False)
12:56 madminer.utils.inter DEBUG     11277 / 13584 events pass cut Cut(name='CUT', val_expression='b0_pt>30', is_required=False)
12:56 madminer.utils.inter DEBUG     3968 / 13584 events pass cut Cut(name='CUT', val_expression='b1_pt>30', is_required=False)
12:56 madminer.utils.inter DEBUG     13030 / 13584 events pass cut Cut(name='CUT', val_expression='abs(a0_eta)<2.4', is_required=False)
12:56 madminer.utils.inter DEBUG     11834 / 13584 events pass cut Cut(name='CUT', val_expression='abs(a1_eta)<2.4', is_required=False)
12:56 madminer.utils.inter DEBUG     11056 / 13584 events pass cut Cut(name='CUT', val_expression='abs(b0_eta)<2.4', is_required=False)
12:56 madminer.utils.inter DEBUG     4512 / 13584 events pass cut Cut(name='CUT', val_expression='abs(b1_eta)<2.4', is_required=False)
12:56 madminer.utils.inter DEBUG     4825 / 13584 events pass cut Cut(name='CUT', val_expression='bb_deltaR>0.4', is_required=False)
12:56 madminer.utils.inter DEBUG     12448 / 13584 events pass cut Cut(name='CUT', val_expression='aa_deltaR>0.4', is_required=False)
12:56 madminer.utils.inter DEBUG     4787 / 13584 events pass cut Cut(name='CUT', val_expression='b0a0_deltaR>1', is_required=False)
12:56 madminer.utils.inter DEBUG     4340 / 13584 events pass cut Cut(name='CUT', val_expression='b0a1_deltaR>1', is_required=False)
12:56 madminer.utils.inter DEBUG     4746 / 13584 events pass cut Cut(name='CUT', val_expression='b1a0_deltaR>1', is_required=False)
12:56 madminer.utils.inter DEBUG     4323 / 13584 events pass cut Cut(name='CUT', val_expression='b1a1_deltaR>1', is_required=False)
12:56 madminer.utils.inter DEBUG     1799 / 13584 events pass cut Cut(name='CUT', val_expression='abs(m_bb-125)<25', is_required=False)
12:56 madminer.utils.inter DEBUG     5724 / 13584 events pass cut Cut(name='CUT', val_expression='abs(m_aa-125)<3', is_required=False)
12:56 madminer.utils.inter DEBUG     4593 / 13584 events pass cut Cut(name='CUT', val_expression='num_bjets==2', is_required=False)
12:56 madminer.utils.inter DEBUG     10181 / 13584 events pass cut Cut(name='CUT', val_expression='aa_deltaR<2', is_required=False)
12:56 madminer.utils.inter INFO      457 / 13584 events pass everything
12:56 madminer.delphes.del DEBUG   Did not extract weights from Delphes file
12:56 madminer.delphes.del DEBUG   Found 457 events
12:56 madminer.delphes.del DEBUG   Extracting weights from LHE file
12:56 madminer.utils.inter DEBUG   Parsing LHE file /vols/cms/us322/02b_final_events_14_new/background/batch_57//run_01/unweighted_events.lhe.gz
12:56 madminer.utils.inter DEBUG   Parsing header and events as XML with ElementTree
12:56 madminer.utils.inter DEBUG   Found entry event_norm = average in LHE header. Interpreting this as weight_norm_is_average = True.
12:56 madminer.utils.inter DEBUG   Event 1 passes observations, passes cuts, passes efficiencies -> passes
12:56 madminer.utils.inter DEBUG   Event 2 passes observations, passes cuts, passes efficiencies -> passes
12:56 madminer.utils.inter DEBUG   Event 3 passes observations, passes cuts, passes efficiencies -> passes
12:56 madminer.utils.inter DEBUG   Event 4 passes observations, passes cuts, passes efficiencies -> passes
12:56 madminer.utils.inter DEBUG   Event 5 passes observations, passes cuts, passes efficiencies -> passes
12:56 madminer.utils.inter DEBUG   Event 6 passes observations, passes cuts, passes efficiencies -> passes
12:56 madminer.utils.inter DEBUG   Event 7 passes observations, passes cuts, passes efficiencies -> passes
12:56 madminer.utils.inter DEBUG   Event 8 passes observations, passes cuts, passes efficiencies -> passes
12:56 madminer.utils.inter DEBUG   Event 9 passes observations, passes cuts, passes efficiencies -> passes
12:56 madminer.utils.inter DEBUG   Event 10 passes observations, passes cuts, passes efficiencies -> passes
12:56 madminer.utils.inter DEBUG   Event 11 passes observations, passes cuts, passes efficiencies -> passes
12:56 madminer.utils.inter DEBUG   Event 12 passes observations, passes cuts, passes efficiencies -> passes
12:56 madminer.utils.inter DEBUG   Event 13 passes observations, passes cuts, passes efficiencies -> passes
12:56 madminer.utils.inter DEBUG   Event 14 passes observations, passes cuts, passes efficiencies -> passes
12:56 madminer.utils.inter DEBUG   Event 15 passes observations, passes cuts, passes efficiencies -> passes
12:56 madminer.utils.inter DEBUG   Event 16 passes observations, passes cuts, passes efficiencies -> passes
12:56 madminer.utils.inter DEBUG   Event 17 passes observations, passes cuts, passes efficiencies -> passes
12:56 madminer.utils.inter DEBUG   Event 18 passes observations, passes cuts, passes efficiencies -> passes
12:56 madminer.utils.inter DEBUG   Event 19 passes observations, passes cuts, passes efficiencies -> passes
12:56 madminer.utils.inter DEBUG   Event 20 passes observations, passes cuts, passes efficiencies -> passes
13:02 madminer.delphes.del DEBUG   Found weights ['sm', 'morphing_basis_vector_1', 'morphing_basis_vector_2', 'morphing_basis_vector_3', 'morphing_basis_vector_4', 'morphing_basis_vector_5', 'morphing_basis_vector_6', 'morphing_basis_vector_7', 'morphing_basis_vector_8', 'morphing_basis_vector_9'] in LHE file
13:02 madminer.delphes.del DEBUG   Applying Delphes-based cuts to LHE weights
Traceback (most recent call last):
  File "03a_read_delphes.py", line 276, in <module>
    delphes.analyse_delphes_samples()
  File "/vols/cms/us322/nsbi_for_dihiggs/madminer/madminer/delphes/delphes_reader.py", line 632, in analyse_delphes_samples
    this_observations, this_weights, this_n_events = self._analyse_delphes_sample(
  File "/vols/cms/us322/nsbi_for_dihiggs/madminer/madminer/delphes/delphes_reader.py", line 820, in _analyse_delphes_sample
    this_weights[key] = weights[cut_filter]
IndexError: boolean index did not match indexed array along dimension 0; dimension is 25000 but corresponding boolean dimension is 13584
