12:37 madminer.utils.inter INFO    HDF5 file does not contain nuisance parameters information
12:37 madminer.utils.inter INFO    HDF5 file does not contain finite difference information
12:37 madminer.utils.inter INFO    HDF5 file does not contain observables information
12:37 madminer.utils.inter INFO    HDF5 file does not contain sample summary information
12:37 madminer.utils.inter INFO    HDF5 file does not contain sample information
12:37 madminer.utils.inter INFO    HDF5 file does not contain systematic information
12:37 madminer.delphes.del DEBUG   Adding event sample /vols/cms/us322/02b_final_events_14_new/background/batch_34//run_01/tag_1_pythia8_events.hepmc.gz
12:37 madminer.delphes.del DEBUG   Adding event sample /vols/cms/us322/02b_final_events_14_new/background/batch_34//run_02/tag_1_pythia8_events.hepmc.gz
12:37 madminer.delphes.del INFO    Running Delphes on HepMC sample at /vols/cms/us322/02b_final_events_14_new/background/batch_34//run_01/tag_1_pythia8_events.hepmc.gz
12:37 madminer.utils.inter DEBUG   Unzipping /vols/cms/us322/02b_final_events_14_new/background/batch_34//run_01/tag_1_pythia8_events.hepmc.gz
12:41 madminer.utils.inter DEBUG   Deleting /vols/cms/us322/02b_final_events_14_new/background/batch_34/run_01/tag_1_pythia8_events.hepmc
12:41 madminer.delphes.del INFO    Running Delphes on HepMC sample at /vols/cms/us322/02b_final_events_14_new/background/batch_34//run_02/tag_1_pythia8_events.hepmc.gz
12:41 madminer.utils.inter DEBUG   Unzipping /vols/cms/us322/02b_final_events_14_new/background/batch_34//run_02/tag_1_pythia8_events.hepmc.gz
12:49 madminer.utils.inter DEBUG   Deleting /vols/cms/us322/02b_final_events_14_new/background/batch_34/run_02/tag_1_pythia8_events.hepmc
12:49 madminer.delphes.del DEBUG   Adding required observable a0_pt = a[0].pt
12:49 madminer.delphes.del DEBUG   Adding required observable a0_eta = a[0].eta
12:49 madminer.delphes.del DEBUG   Adding required observable a1_pt = a[1].pt
12:49 madminer.delphes.del DEBUG   Adding required observable a1_eta = a[1].eta
12:49 madminer.delphes.del DEBUG   Adding required observable num_bjets defined through external function
12:49 madminer.delphes.del DEBUG   Adding required observable b0_pt defined through external function
12:49 madminer.delphes.del DEBUG   Adding required observable b0_eta defined through external function
12:49 madminer.delphes.del DEBUG   Adding required observable b1_pt defined through external function
12:49 madminer.delphes.del DEBUG   Adding required observable b1_eta defined through external function
12:49 madminer.delphes.del DEBUG   Adding required observable bb_deltaR defined through external function
12:49 madminer.delphes.del DEBUG   Adding required observable aa_deltaR = a[0].deltaR(a[1])
12:49 madminer.delphes.del DEBUG   Adding required observable b0a0_deltaR defined through external function
12:49 madminer.delphes.del DEBUG   Adding required observable b0a1_deltaR defined through external function
12:49 madminer.delphes.del DEBUG   Adding required observable b1a0_deltaR defined through external function
12:49 madminer.delphes.del DEBUG   Adding required observable b1a1_deltaR defined through external function
12:49 madminer.delphes.del DEBUG   Adding required observable m_tot defined through external function
12:49 madminer.delphes.del DEBUG   Adding required observable pt_bb defined through external function
12:49 madminer.delphes.del DEBUG   Adding required observable pt_aa = (a[0]+a[1]).pt
12:49 madminer.delphes.del DEBUG   Adding required observable m_bb defined through external function
12:49 madminer.delphes.del DEBUG   Adding required observable m_aa = (a[0]+a[1]).m
12:49 madminer.delphes.del DEBUG   Adding cut a0_pt>30
12:49 madminer.delphes.del DEBUG   Adding cut a1_pt>30
12:49 madminer.delphes.del DEBUG   Adding cut b0_pt>30
12:49 madminer.delphes.del DEBUG   Adding cut b1_pt>30
12:49 madminer.delphes.del DEBUG   Adding cut abs(a0_eta)<2.4
12:49 madminer.delphes.del DEBUG   Adding cut abs(a1_eta)<2.4
12:49 madminer.delphes.del DEBUG   Adding cut abs(b0_eta)<2.4
12:49 madminer.delphes.del DEBUG   Adding cut abs(b1_eta)<2.4
12:49 madminer.delphes.del DEBUG   Adding cut bb_deltaR>0.4
12:49 madminer.delphes.del DEBUG   Adding cut aa_deltaR>0.4
12:49 madminer.delphes.del DEBUG   Adding cut b0a0_deltaR>1
12:49 madminer.delphes.del DEBUG   Adding cut b0a1_deltaR>1
12:49 madminer.delphes.del DEBUG   Adding cut b1a0_deltaR>1
12:49 madminer.delphes.del DEBUG   Adding cut b1a1_deltaR>1
12:49 madminer.delphes.del DEBUG   Adding cut abs(m_bb-125)<25
12:49 madminer.delphes.del DEBUG   Adding cut abs(m_aa-125)<3
12:49 madminer.delphes.del DEBUG   Adding cut num_bjets==2
12:49 madminer.delphes.del DEBUG   Adding cut aa_deltaR<2
12:49 madminer.delphes.del INFO    Analysing Delphes sample /vols/cms/us322/02b_final_events_14_new/background/batch_34/run_01/tag_1_pythia8_events_delphes.root: Calculating 20 observables, requiring 18 selection cuts, associated with no systematics
12:49 madminer.delphes.del DEBUG   Extracting nuisance parameter definitions from LHE file
12:49 madminer.utils.inter DEBUG   Parsing nuisance parameter setup from LHE file at /vols/cms/us322/02b_final_events_14_new/background/batch_34//run_01/unweighted_events.lhe.gz
12:49 madminer.utils.inter DEBUG   Systematics setup: OrderedDict()
12:49 madminer.utils.inter DEBUG   0 weight groups
12:49 madminer.delphes.del DEBUG   systematics_dict: OrderedDict()
12:49 madminer.utils.inter DEBUG   Parsing Delphes file /vols/cms/us322/02b_final_events_14_new/background/batch_34/run_01/tag_1_pythia8_events_delphes.root
12:49 madminer.utils.inter DEBUG   Not extracting weights
12:49 madminer.utils.inter DEBUG   Found 15910 events
12:51 madminer.utils.inter DEBUG     First 10 values for observable a0_pt:
[205.64265442  72.01285553  46.46435547 106.93790436 161.48558044
 129.18103027  94.5813446  206.3467865  206.78039551 238.87110901
 376.24887085  72.64467621  55.1171875   99.939888   115.27649689
  90.7611084  141.70420837 191.33668518  79.53303528 121.82518005]
12:51 madminer.utils.inter DEBUG     First 10 values for observable a0_eta:
[-2.28360295 -0.073406    1.88883317 -1.25399578  1.34754574  1.0451467
 -1.45455694  0.71023536 -0.4712843  -1.134184    0.65750831 -0.35062727
  1.61692202  0.74168491 -1.2075007   0.06084182 -0.89537781 -0.1436514
  1.30499279  1.71088982]
12:51 madminer.utils.inter DEBUG     First 10 values for observable a1_pt:
[40.604702   69.52091217  1.18693757  1.43571568  2.64392424 33.36085129
 38.1405983  48.44035721 31.50002098 23.45943069 43.94470215 59.9249649
 52.63255692 87.07215881         nan 52.31936264 71.63830566 80.81932831
 65.63435364 51.87773514]
12:51 madminer.utils.inter DEBUG     First 10 values for observable a1_eta:
[-1.4954344  -0.95719326 -1.94361866  1.36739409  2.0997901   1.49124002
  0.21744399  0.93266553  0.99144441 -0.77977723  0.59769493  0.82182819
 -0.24905519  0.96833098         nan -1.20478082 -0.00505659 -1.10658717
  1.9370724   1.47204411]
12:51 madminer.utils.inter DEBUG     First 10 values for observable num_bjets:
[3. 2. 0. 1. 1. 2. 2. 1. 1. 1. 2. 0. 1. 3. 1. 1. 3. 1. 1. 1.]
12:52 madminer.utils.inter DEBUG     First 10 values for observable b0_pt:
[ 96.24555206  65.99838257          nan 125.50634003  76.01821136
  77.1519165  120.45870972  42.98343658  87.93719482 331.4079895
 218.00808716          nan  35.6538887   76.14888     32.69055939
  87.30065155  78.39942932 158.63323975  85.90479279  51.9016304 ]
12:52 madminer.utils.inter DEBUG     First 10 values for observable b0_eta:
[-0.5891856  -1.27918613         nan -1.02759075  3.05360603  0.79352832
 -2.0094943   1.22813988  0.72431201  0.26870966  1.82717669         nan
 -1.40550828  0.0387326  -0.82964277 -2.74392104 -0.600586   -1.6272707
  1.79065382 -0.65310305]
12:52 madminer.utils.inter DEBUG     First 10 values for observable b1_pt:
[62.72069168 27.31664658         nan         nan         nan 55.03650665
 29.48784637         nan         nan         nan 79.91313934         nan
         nan 64.12453461         nan         nan 70.24826813         nan
         nan         nan]
12:52 madminer.utils.inter DEBUG     First 10 values for observable b1_eta:
[-1.31287944  0.21502009         nan         nan         nan  0.59879231
 -2.68087864         nan         nan         nan  1.26360464         nan
         nan -0.71956807         nan         nan  0.56991303         nan
         nan         nan]
12:52 madminer.utils.inter DEBUG     First 10 values for observable bb_deltaR:
[1.42450689 2.19186188        nan        nan        nan 1.08426154
 2.23006654        nan        nan        nan 0.56512112        nan
        nan 1.37277022        nan        nan 2.35022681        nan
        nan        nan]
12:53 madminer.utils.inter DEBUG     First 10 values for observable aa_deltaR:
[1.43376035 1.96657481 4.19900732 3.12979458 1.53105124 2.20818267
 1.86443598 1.39293001 1.48353318 1.96373644 0.99332319 1.98539925
 1.86922731 1.43485274        nan 1.62551649 1.32090566 1.00163297
 2.01847907 1.88401135]
12:53 madminer.utils.inter DEBUG     First 10 values for observable b0a0_deltaR:
[3.14767864 3.007025          nan        nan        nan 3.09524296
 3.14210368        nan        nan        nan 3.10304726        nan
        nan 1.29082687        nan        nan 2.11727662        nan
        nan        nan]
12:53 madminer.utils.inter DEBUG     First 10 values for observable b0a1_deltaR:
[2.59610714 1.80072441        nan        nan        nan 1.15651277
 3.17836679        nan        nan        nan 2.7121889         nan
        nan 2.66674157        nan        nan 3.12960411        nan
        nan        nan]
12:53 madminer.utils.inter DEBUG     First 10 values for observable b1a0_deltaR:
[2.59212572 1.18664882        nan        nan        nan 2.17778852
 1.62348013        nan        nan        nan 2.97829485        nan
        nan 2.66356806        nan        nan 2.60061665        nan
        nan        nan]
12:53 madminer.utils.inter DEBUG     First 10 values for observable b1a1_deltaR:
[1.21955157 3.13524079        nan        nan        nan 2.18001991
 3.45946566        nan        nan        nan 2.46725664        nan
        nan 3.13295075        nan        nan 1.30611511        nan
        nan        nan]
12:54 madminer.utils.inter DEBUG     First 10 values for observable m_tot:
[505.52890714 274.46959268          nan          nan          nan
 306.11703045 394.00431981          nan          nan          nan
 814.7249955           nan          nan 380.40932279          nan
          nan 407.42272599          nan          nan          nan]
12:54 madminer.utils.inter DEBUG     First 10 values for observable pt_bb:
[131.402871    70.59492914          nan          nan          nan
 114.38484163 107.84937828          nan          nan          nan
 297.8701078           nan          nan 118.11195703          nan
          nan  78.23149171          nan          nan          nan]
12:54 madminer.utils.inter DEBUG     First 10 values for observable pt_aa:
[223.66272421  90.37333021  46.30774194 106.7482328  162.12744746
 113.98252111 123.67806973 220.93794492 237.4454445  231.63405104
 401.99069923  92.70691539 107.58636563 142.26183544          nan
 126.27334574 191.29188917 270.0013389   84.20871258 117.56394442]
12:54 madminer.utils.inter DEBUG     First 10 values for observable m_bb:
[109.02991928  93.12009022          nan          nan          nan
  70.42625945 114.49807353          nan          nan          nan
  81.17881908          nan          nan  94.86783828          nan
          nan 157.62734532          nan          nan          nan]
12:55 madminer.utils.inter DEBUG     First 10 values for observable m_aa:
[126.7833466  126.63378275  50.63328703  46.53569404  30.10633916
 119.58164119 122.4060257  128.8390036  130.3936206  125.99297318
 122.57761666 125.22787328 115.8830717  123.22338377          nan
 114.91045827 132.34422292 129.03327101 127.03693404 129.28133659]
12:58 madminer.utils.inter DEBUG     15867 / 15910 events pass required observable a0_pt
12:58 madminer.utils.inter DEBUG     15867 / 15910 events pass required observable a0_eta
12:58 madminer.utils.inter DEBUG     14481 / 15910 events pass required observable a1_pt
12:58 madminer.utils.inter DEBUG     14481 / 15910 events pass required observable a1_eta
12:58 madminer.utils.inter DEBUG     15910 / 15910 events pass required observable num_bjets
12:58 madminer.utils.inter DEBUG     13614 / 15910 events pass required observable b0_pt
12:58 madminer.utils.inter DEBUG     13614 / 15910 events pass required observable b0_eta
12:58 madminer.utils.inter DEBUG     5675 / 15910 events pass required observable b1_pt
12:58 madminer.utils.inter DEBUG     5675 / 15910 events pass required observable b1_eta
12:58 madminer.utils.inter DEBUG     5675 / 15910 events pass required observable bb_deltaR
12:58 madminer.utils.inter DEBUG     14481 / 15910 events pass required observable aa_deltaR
12:58 madminer.utils.inter DEBUG     5658 / 15910 events pass required observable b0a0_deltaR
12:58 madminer.utils.inter DEBUG     5143 / 15910 events pass required observable b0a1_deltaR
12:58 madminer.utils.inter DEBUG     5658 / 15910 events pass required observable b1a0_deltaR
12:58 madminer.utils.inter DEBUG     5143 / 15910 events pass required observable b1a1_deltaR
12:58 madminer.utils.inter DEBUG     5143 / 15910 events pass required observable m_tot
12:58 madminer.utils.inter DEBUG     5675 / 15910 events pass required observable pt_bb
12:58 madminer.utils.inter DEBUG     14481 / 15910 events pass required observable pt_aa
12:58 madminer.utils.inter DEBUG     5675 / 15910 events pass required observable m_bb
12:58 madminer.utils.inter DEBUG     14481 / 15910 events pass required observable m_aa
12:58 madminer.utils.inter DEBUG     15746 / 15910 events pass cut Cut(name='CUT', val_expression='a0_pt>30', is_required=False)
12:58 madminer.utils.inter DEBUG     12562 / 15910 events pass cut Cut(name='CUT', val_expression='a1_pt>30', is_required=False)
12:58 madminer.utils.inter DEBUG     13185 / 15910 events pass cut Cut(name='CUT', val_expression='b0_pt>30', is_required=False)
12:58 madminer.utils.inter DEBUG     4763 / 15910 events pass cut Cut(name='CUT', val_expression='b1_pt>30', is_required=False)
12:58 madminer.utils.inter DEBUG     15264 / 15910 events pass cut Cut(name='CUT', val_expression='abs(a0_eta)<2.4', is_required=False)
12:58 madminer.utils.inter DEBUG     13722 / 15910 events pass cut Cut(name='CUT', val_expression='abs(a1_eta)<2.4', is_required=False)
12:58 madminer.utils.inter DEBUG     12911 / 15910 events pass cut Cut(name='CUT', val_expression='abs(b0_eta)<2.4', is_required=False)
12:58 madminer.utils.inter DEBUG     5302 / 15910 events pass cut Cut(name='CUT', val_expression='abs(b1_eta)<2.4', is_required=False)
12:58 madminer.utils.inter DEBUG     5674 / 15910 events pass cut Cut(name='CUT', val_expression='bb_deltaR>0.4', is_required=False)
12:58 madminer.utils.inter DEBUG     14479 / 15910 events pass cut Cut(name='CUT', val_expression='aa_deltaR>0.4', is_required=False)
12:58 madminer.utils.inter DEBUG     5647 / 15910 events pass cut Cut(name='CUT', val_expression='b0a0_deltaR>1', is_required=False)
12:58 madminer.utils.inter DEBUG     5070 / 15910 events pass cut Cut(name='CUT', val_expression='b0a1_deltaR>1', is_required=False)
12:58 madminer.utils.inter DEBUG     5610 / 15910 events pass cut Cut(name='CUT', val_expression='b1a0_deltaR>1', is_required=False)
12:58 madminer.utils.inter DEBUG     5045 / 15910 events pass cut Cut(name='CUT', val_expression='b1a1_deltaR>1', is_required=False)
12:58 madminer.utils.inter DEBUG     2092 / 15910 events pass cut Cut(name='CUT', val_expression='abs(m_bb-125)<25', is_required=False)
12:58 madminer.utils.inter DEBUG     6649 / 15910 events pass cut Cut(name='CUT', val_expression='abs(m_aa-125)<3', is_required=False)
12:58 madminer.utils.inter DEBUG     5410 / 15910 events pass cut Cut(name='CUT', val_expression='num_bjets==2', is_required=False)
12:58 madminer.utils.inter DEBUG     11878 / 15910 events pass cut Cut(name='CUT', val_expression='aa_deltaR<2', is_required=False)
12:58 madminer.utils.inter INFO      521 / 15910 events pass everything
12:58 madminer.delphes.del DEBUG   Did not extract weights from Delphes file
12:58 madminer.delphes.del DEBUG   Found 521 events
12:58 madminer.delphes.del DEBUG   Extracting weights from LHE file
12:58 madminer.utils.inter DEBUG   Parsing LHE file /vols/cms/us322/02b_final_events_14_new/background/batch_34//run_01/unweighted_events.lhe.gz
12:58 madminer.utils.inter DEBUG   Parsing header and events as XML with ElementTree
12:58 madminer.utils.inter DEBUG   Found entry event_norm = average in LHE header. Interpreting this as weight_norm_is_average = True.
12:58 madminer.utils.inter DEBUG   Event 1 passes observations, passes cuts, passes efficiencies -> passes
12:58 madminer.utils.inter DEBUG   Event 2 passes observations, passes cuts, passes efficiencies -> passes
12:58 madminer.utils.inter DEBUG   Event 3 passes observations, passes cuts, passes efficiencies -> passes
12:58 madminer.utils.inter DEBUG   Event 4 passes observations, passes cuts, passes efficiencies -> passes
12:58 madminer.utils.inter DEBUG   Event 5 passes observations, passes cuts, passes efficiencies -> passes
12:58 madminer.utils.inter DEBUG   Event 6 passes observations, passes cuts, passes efficiencies -> passes
12:58 madminer.utils.inter DEBUG   Event 7 passes observations, passes cuts, passes efficiencies -> passes
12:58 madminer.utils.inter DEBUG   Event 8 passes observations, passes cuts, passes efficiencies -> passes
12:58 madminer.utils.inter DEBUG   Event 9 passes observations, passes cuts, passes efficiencies -> passes
12:58 madminer.utils.inter DEBUG   Event 10 passes observations, passes cuts, passes efficiencies -> passes
12:58 madminer.utils.inter DEBUG   Event 11 passes observations, passes cuts, passes efficiencies -> passes
12:58 madminer.utils.inter DEBUG   Event 12 passes observations, passes cuts, passes efficiencies -> passes
12:58 madminer.utils.inter DEBUG   Event 13 passes observations, passes cuts, passes efficiencies -> passes
12:58 madminer.utils.inter DEBUG   Event 14 passes observations, passes cuts, passes efficiencies -> passes
12:58 madminer.utils.inter DEBUG   Event 15 passes observations, passes cuts, passes efficiencies -> passes
12:58 madminer.utils.inter DEBUG   Event 16 passes observations, passes cuts, passes efficiencies -> passes
12:58 madminer.utils.inter DEBUG   Event 17 passes observations, passes cuts, passes efficiencies -> passes
12:58 madminer.utils.inter DEBUG   Event 18 passes observations, passes cuts, passes efficiencies -> passes
12:58 madminer.utils.inter DEBUG   Event 19 passes observations, passes cuts, passes efficiencies -> passes
12:58 madminer.utils.inter DEBUG   Event 20 passes observations, passes cuts, passes efficiencies -> passes
13:03 madminer.delphes.del DEBUG   Found weights ['sm', 'morphing_basis_vector_1', 'morphing_basis_vector_2', 'morphing_basis_vector_3', 'morphing_basis_vector_4', 'morphing_basis_vector_5', 'morphing_basis_vector_6', 'morphing_basis_vector_7', 'morphing_basis_vector_8', 'morphing_basis_vector_9'] in LHE file
13:03 madminer.delphes.del DEBUG   Applying Delphes-based cuts to LHE weights
Traceback (most recent call last):
  File "03a_read_delphes.py", line 276, in <module>
    delphes.analyse_delphes_samples()
  File "/vols/cms/us322/nsbi_for_dihiggs/madminer/madminer/delphes/delphes_reader.py", line 632, in analyse_delphes_samples
    this_observations, this_weights, this_n_events = self._analyse_delphes_sample(
  File "/vols/cms/us322/nsbi_for_dihiggs/madminer/madminer/delphes/delphes_reader.py", line 820, in _analyse_delphes_sample
    this_weights[key] = weights[cut_filter]
IndexError: boolean index did not match indexed array along dimension 0; dimension is 25000 but corresponding boolean dimension is 15910
