12:38 madminer.utils.inter INFO    HDF5 file does not contain nuisance parameters information
12:38 madminer.utils.inter INFO    HDF5 file does not contain finite difference information
12:38 madminer.utils.inter INFO    HDF5 file does not contain observables information
12:38 madminer.utils.inter INFO    HDF5 file does not contain sample summary information
12:38 madminer.utils.inter INFO    HDF5 file does not contain sample information
12:38 madminer.utils.inter INFO    HDF5 file does not contain systematic information
12:38 madminer.delphes.del DEBUG   Adding event sample /vols/cms/us322/02b_final_events_14_new/signal_supp/mb_vector_9/batch_0//run_01_decayed_1/tag_1_pythia8_events.hepmc.gz
12:38 madminer.delphes.del DEBUG   Adding event sample /vols/cms/us322/02b_final_events_14_new/signal_supp/mb_vector_9/batch_0//run_02_decayed_1/tag_1_pythia8_events.hepmc.gz
12:38 madminer.delphes.del INFO    Running Delphes on HepMC sample at /vols/cms/us322/02b_final_events_14_new/signal_supp/mb_vector_9/batch_0//run_01_decayed_1/tag_1_pythia8_events.hepmc.gz
12:38 madminer.utils.inter DEBUG   Unzipping /vols/cms/us322/02b_final_events_14_new/signal_supp/mb_vector_9/batch_0//run_01_decayed_1/tag_1_pythia8_events.hepmc.gz
12:48 madminer.utils.inter DEBUG   Deleting /vols/cms/us322/02b_final_events_14_new/signal_supp/mb_vector_9/batch_0/run_01_decayed_1/tag_1_pythia8_events.hepmc
12:48 madminer.delphes.del INFO    Running Delphes on HepMC sample at /vols/cms/us322/02b_final_events_14_new/signal_supp/mb_vector_9/batch_0//run_02_decayed_1/tag_1_pythia8_events.hepmc.gz
12:48 madminer.utils.inter DEBUG   Unzipping /vols/cms/us322/02b_final_events_14_new/signal_supp/mb_vector_9/batch_0//run_02_decayed_1/tag_1_pythia8_events.hepmc.gz
12:59 madminer.utils.inter DEBUG   Deleting /vols/cms/us322/02b_final_events_14_new/signal_supp/mb_vector_9/batch_0/run_02_decayed_1/tag_1_pythia8_events.hepmc
12:59 madminer.delphes.del DEBUG   Adding required observable a0_pt = a[0].pt
12:59 madminer.delphes.del DEBUG   Adding required observable a0_eta = a[0].eta
12:59 madminer.delphes.del DEBUG   Adding required observable a1_pt = a[1].pt
12:59 madminer.delphes.del DEBUG   Adding required observable a1_eta = a[1].eta
12:59 madminer.delphes.del DEBUG   Adding required observable num_bjets defined through external function
12:59 madminer.delphes.del DEBUG   Adding required observable b0_pt defined through external function
12:59 madminer.delphes.del DEBUG   Adding required observable b0_eta defined through external function
12:59 madminer.delphes.del DEBUG   Adding required observable b1_pt defined through external function
12:59 madminer.delphes.del DEBUG   Adding required observable b1_eta defined through external function
12:59 madminer.delphes.del DEBUG   Adding required observable bb_deltaR defined through external function
12:59 madminer.delphes.del DEBUG   Adding required observable aa_deltaR = a[0].deltaR(a[1])
12:59 madminer.delphes.del DEBUG   Adding required observable b0a0_deltaR defined through external function
12:59 madminer.delphes.del DEBUG   Adding required observable b0a1_deltaR defined through external function
12:59 madminer.delphes.del DEBUG   Adding required observable b1a0_deltaR defined through external function
12:59 madminer.delphes.del DEBUG   Adding required observable b1a1_deltaR defined through external function
12:59 madminer.delphes.del DEBUG   Adding required observable m_tot defined through external function
12:59 madminer.delphes.del DEBUG   Adding required observable pt_bb defined through external function
12:59 madminer.delphes.del DEBUG   Adding required observable pt_aa = (a[0]+a[1]).pt
12:59 madminer.delphes.del DEBUG   Adding required observable m_bb defined through external function
12:59 madminer.delphes.del DEBUG   Adding required observable m_aa = (a[0]+a[1]).m
12:59 madminer.delphes.del DEBUG   Adding cut a0_pt>30
12:59 madminer.delphes.del DEBUG   Adding cut a1_pt>30
12:59 madminer.delphes.del DEBUG   Adding cut b0_pt>30
12:59 madminer.delphes.del DEBUG   Adding cut b1_pt>30
12:59 madminer.delphes.del DEBUG   Adding cut abs(a0_eta)<2.4
12:59 madminer.delphes.del DEBUG   Adding cut abs(a1_eta)<2.4
12:59 madminer.delphes.del DEBUG   Adding cut abs(b0_eta)<2.4
12:59 madminer.delphes.del DEBUG   Adding cut abs(b1_eta)<2.4
12:59 madminer.delphes.del DEBUG   Adding cut bb_deltaR>0.4
12:59 madminer.delphes.del DEBUG   Adding cut aa_deltaR>0.4
12:59 madminer.delphes.del DEBUG   Adding cut b0a0_deltaR>1
12:59 madminer.delphes.del DEBUG   Adding cut b0a1_deltaR>1
12:59 madminer.delphes.del DEBUG   Adding cut b1a0_deltaR>1
12:59 madminer.delphes.del DEBUG   Adding cut b1a1_deltaR>1
12:59 madminer.delphes.del DEBUG   Adding cut abs(m_bb-125)<25
12:59 madminer.delphes.del DEBUG   Adding cut abs(m_aa-125)<3
12:59 madminer.delphes.del DEBUG   Adding cut num_bjets==2
12:59 madminer.delphes.del DEBUG   Adding cut aa_deltaR<2
12:59 madminer.delphes.del INFO    Analysing Delphes sample /vols/cms/us322/02b_final_events_14_new/signal_supp/mb_vector_9/batch_0/run_01_decayed_1/tag_1_pythia8_events_delphes.root: Calculating 20 observables, requiring 18 selection cuts, associated with no systematics
12:59 madminer.delphes.del DEBUG   Extracting nuisance parameter definitions from LHE file
12:59 madminer.utils.inter DEBUG   Parsing nuisance parameter setup from LHE file at /vols/cms/us322/02b_final_events_14_new/signal_supp/mb_vector_9/batch_0//run_01_decayed_1/unweighted_events.lhe.gz
12:59 madminer.utils.inter DEBUG   Systematics setup: OrderedDict()
12:59 madminer.utils.inter DEBUG   1 weight groups
12:59 madminer.delphes.del DEBUG   systematics_dict: OrderedDict()
12:59 madminer.utils.inter DEBUG   Parsing Delphes file /vols/cms/us322/02b_final_events_14_new/signal_supp/mb_vector_9/batch_0/run_01_decayed_1/tag_1_pythia8_events_delphes.root
12:59 madminer.utils.inter DEBUG   Not extracting weights
12:59 madminer.utils.inter DEBUG   Found 25000 events
13:01 madminer.utils.inter DEBUG     First 10 values for observable a0_pt:
[145.52044678  78.27559662 114.97961426 156.40267944  72.79803467
 258.99417114 116.5748291  346.76586914 203.13751221 166.44213867
 104.83102417  27.29919052 112.48497009  98.45166016 205.38793945
 399.25363159 174.00404358  79.11328125 171.42303467 123.84790039]
13:02 madminer.utils.inter DEBUG     First 10 values for observable a0_eta:
[-2.2082274  -0.79923284 -0.02338304 -0.95148128  2.30901647 -0.38671073
 -0.28201371  1.22193849  1.72370386  1.07413065  2.77944589 -2.62037373
  0.38482946 -0.76153731 -0.81158519  0.16646923 -1.95178449  3.47311044
 -0.56014818 -2.40806031]
13:02 madminer.utils.inter DEBUG     First 10 values for observable a1_pt:
[ 27.51958275  70.1958847   56.93215179  52.34605026  69.97684479
 233.90258789  59.02793503  64.31555176  42.94329071  27.00446129
  70.66014099          nan  53.93127823  40.00493622   2.56870079
  14.79509163  23.33018303  65.19791412  44.10683823   1.16350901]
13:02 madminer.utils.inter DEBUG     First 10 values for observable a1_eta:
[-1.29288995 -0.21709852  0.49131408 -1.2285763   1.14509189  0.008525
 -0.59359562  1.27925873  2.93961954 -0.38632551  1.72551477         nan
  1.13329625 -0.72378564 -0.67777485 -0.91302383 -1.82685149  2.4131484
 -0.54308951  3.24889255]
13:03 madminer.utils.inter DEBUG     First 10 values for observable num_bjets:
[2. 2. 2. 3. 1. 1. 2. 2. 1. 3. 2. 1. 0. 0. 1. 1. 2. 0. 1. 1.]
13:03 madminer.utils.inter DEBUG     First 10 values for observable b0_pt:
[144.86782837  53.23212051 132.30752563 149.35774231  29.12852859
  46.55432129  63.04791641 131.59860229 174.30233765 170.73797607
  42.94018936  84.06221008          nan          nan  43.12524414
  83.70289612  55.94881439          nan 138.52848816  31.39784622]
13:03 madminer.utils.inter DEBUG     First 10 values for observable b0_eta:
[-0.07096002 -0.32475221 -1.94845915  0.10359717  3.44959426 -1.9762814
  1.77330863  0.13851884  2.04079366 -0.7532084   1.91484571 -2.19028616
         nan         nan -2.17508793  1.43778932 -0.72350746         nan
  0.53636324 -2.70082545]
13:04 madminer.utils.inter DEBUG     First 10 values for observable b1_pt:
[ 66.46715546  50.69046021  31.1152935  138.65008545          nan
          nan  35.28099823  67.71092224          nan  65.55906677
  40.03279877          nan          nan          nan          nan
          nan  34.51570129          nan          nan          nan]
13:04 madminer.utils.inter DEBUG     First 10 values for observable b1_eta:
[-0.88162404  0.34443539 -1.97465909 -0.44570529         nan         nan
  0.12329708  0.98471624         nan  0.91785473  1.99506187         nan
         nan         nan         nan         nan -1.99167085         nan
         nan         nan]
13:04 madminer.utils.inter DEBUG     First 10 values for observable bb_deltaR:
[0.82022571 1.98662081 0.90567168 0.5539505         nan        nan
 1.65143544 0.88946022        nan 2.875558   1.80364661        nan
        nan        nan        nan        nan 1.45270555        nan
        nan        nan]
13:05 madminer.utils.inter DEBUG     First 10 values for observable aa_deltaR:
[2.21285252 1.97655211 1.77512626 1.54906355 1.77895859 0.49167481
 1.66146517 0.87480068 1.32838589 1.76044433 1.46804439        nan
 1.74307448 3.11094446 1.99833595 1.69581833 2.67373945 1.78552061
 1.64470632 5.70836479]
13:05 madminer.utils.inter DEBUG     First 10 values for observable b0a0_deltaR:
[3.54129888 3.04542702 3.43849804 2.40130547        nan        nan
 3.63461671 3.00577191        nan 2.67076448 3.18908372        nan
        nan        nan        nan        nan 1.68812121        nan
        nan        nan]
13:05 madminer.utils.inter DEBUG     First 10 values for observable b0a1_deltaR:
[1.892306   1.12451983 2.99390664 2.92320501        nan        nan
 2.73264583 2.84523158        nan 2.9536175  2.19975222        nan
        nan        nan        nan        nan 2.69091385        nan
        nan        nan]
13:06 madminer.utils.inter DEBUG     First 10 values for observable b1a0_deltaR:
[3.0071828  1.61318796 2.75424247 2.28537817        nan        nan
 2.95702675 3.08687686        nan 2.0013572  1.49081608        nan
        nan        nan        nan        nan 1.86708072        nan
        nan        nan]
13:06 madminer.utils.inter DEBUG     First 10 values for observable b1a1_deltaR:
[1.62274696 0.93785463 3.6129383  2.64873522        nan        nan
 1.48205324 2.35103969        nan 1.6509354  2.305545          nan
        nan        nan        nan        nan 1.75347498        nan
        nan        nan]
13:06 madminer.utils.inter DEBUG     First 10 values for observable m_tot:
[564.45585088 244.88369027 545.73334397 528.51828325          nan
          nan 394.71273973 643.92918854          nan 592.92498036
 265.15167882          nan          nan          nan          nan
          nan 269.54785386          nan          nan          nan]
13:07 madminer.utils.inter DEBUG     First 10 values for observable pt_bb:
[210.97989487  61.72324394 153.48390256 287.82349134          nan
          nan  98.27574967 197.63442551          nan 133.69851419
  51.56669591          nan          nan          nan          nan
          nan  85.17093121          nan          nan          nan]
13:07 madminer.utils.inter DEBUG     First 10 values for observable pt_aa:
[135.99277441  87.27914368 121.61171266 167.23213581 111.68619959
 487.64999162 127.40635488 391.21064405 241.07769304 182.80399441
 153.98471718          nan 124.5799061   58.47883616 204.34678937
 403.35223864 153.57677577 109.02867948 173.82740031 124.69031594]
13:07 madminer.utils.inter DEBUG     First 10 values for observable m_bb:
[ 84.65270483  91.06002913  59.81905221  91.18918581          nan
          nan  88.35791371  87.31877286          nan 279.40921105
  65.9300465           nan          nan          nan          nan
          nan  67.96832938          nan          nan          nan]
13:08 madminer.utils.inter DEBUG     First 10 values for observable m_aa:
[122.65755991 127.83323254 128.59627669 127.44447051 125.00868717
 121.37431584 123.60186452 126.55230509 130.39840391 124.18141523
 126.90282304          nan 125.4364433  125.52318003  38.70165662
 127.75654941 124.17062889 123.68358403 127.43375831 202.59377893]
13:14 madminer.utils.inter DEBUG     24841 / 25000 events pass required observable a0_pt
13:14 madminer.utils.inter DEBUG     24841 / 25000 events pass required observable a0_eta
13:14 madminer.utils.inter DEBUG     22673 / 25000 events pass required observable a1_pt
13:14 madminer.utils.inter DEBUG     22673 / 25000 events pass required observable a1_eta
13:14 madminer.utils.inter DEBUG     25000 / 25000 events pass required observable num_bjets
13:14 madminer.utils.inter DEBUG     20984 / 25000 events pass required observable b0_pt
13:14 madminer.utils.inter DEBUG     20984 / 25000 events pass required observable b0_eta
13:14 madminer.utils.inter DEBUG     8440 / 25000 events pass required observable b1_pt
13:14 madminer.utils.inter DEBUG     8440 / 25000 events pass required observable b1_eta
13:14 madminer.utils.inter DEBUG     8440 / 25000 events pass required observable bb_deltaR
13:14 madminer.utils.inter DEBUG     22673 / 25000 events pass required observable aa_deltaR
13:14 madminer.utils.inter DEBUG     8380 / 25000 events pass required observable b0a0_deltaR
13:14 madminer.utils.inter DEBUG     7583 / 25000 events pass required observable b0a1_deltaR
13:14 madminer.utils.inter DEBUG     8380 / 25000 events pass required observable b1a0_deltaR
13:14 madminer.utils.inter DEBUG     7583 / 25000 events pass required observable b1a1_deltaR
13:14 madminer.utils.inter DEBUG     7583 / 25000 events pass required observable m_tot
13:14 madminer.utils.inter DEBUG     8440 / 25000 events pass required observable pt_bb
13:14 madminer.utils.inter DEBUG     22673 / 25000 events pass required observable pt_aa
13:14 madminer.utils.inter DEBUG     8440 / 25000 events pass required observable m_bb
13:14 madminer.utils.inter DEBUG     22673 / 25000 events pass required observable m_aa
13:14 madminer.utils.inter DEBUG     24128 / 25000 events pass cut Cut(name='CUT', val_expression='a0_pt>30', is_required=False)
13:14 madminer.utils.inter DEBUG     14994 / 25000 events pass cut Cut(name='CUT', val_expression='a1_pt>30', is_required=False)
13:14 madminer.utils.inter DEBUG     20464 / 25000 events pass cut Cut(name='CUT', val_expression='b0_pt>30', is_required=False)
13:14 madminer.utils.inter DEBUG     7419 / 25000 events pass cut Cut(name='CUT', val_expression='b1_pt>30', is_required=False)
13:14 madminer.utils.inter DEBUG     23673 / 25000 events pass cut Cut(name='CUT', val_expression='abs(a0_eta)<2.4', is_required=False)
13:14 madminer.utils.inter DEBUG     20469 / 25000 events pass cut Cut(name='CUT', val_expression='abs(a1_eta)<2.4', is_required=False)
13:14 madminer.utils.inter DEBUG     20162 / 25000 events pass cut Cut(name='CUT', val_expression='abs(b0_eta)<2.4', is_required=False)
13:14 madminer.utils.inter DEBUG     7959 / 25000 events pass cut Cut(name='CUT', val_expression='abs(b1_eta)<2.4', is_required=False)
13:14 madminer.utils.inter DEBUG     8439 / 25000 events pass cut Cut(name='CUT', val_expression='bb_deltaR>0.4', is_required=False)
13:14 madminer.utils.inter DEBUG     22574 / 25000 events pass cut Cut(name='CUT', val_expression='aa_deltaR>0.4', is_required=False)
13:14 madminer.utils.inter DEBUG     8191 / 25000 events pass cut Cut(name='CUT', val_expression='b0a0_deltaR>1', is_required=False)
13:14 madminer.utils.inter DEBUG     7124 / 25000 events pass cut Cut(name='CUT', val_expression='b0a1_deltaR>1', is_required=False)
13:14 madminer.utils.inter DEBUG     8107 / 25000 events pass cut Cut(name='CUT', val_expression='b1a0_deltaR>1', is_required=False)
13:14 madminer.utils.inter DEBUG     7122 / 25000 events pass cut Cut(name='CUT', val_expression='b1a1_deltaR>1', is_required=False)
13:14 madminer.utils.inter DEBUG     2877 / 25000 events pass cut Cut(name='CUT', val_expression='abs(m_bb-125)<25', is_required=False)
13:14 madminer.utils.inter DEBUG     12490 / 25000 events pass cut Cut(name='CUT', val_expression='abs(m_aa-125)<3', is_required=False)
13:14 madminer.utils.inter DEBUG     7764 / 25000 events pass cut Cut(name='CUT', val_expression='num_bjets==2', is_required=False)
13:14 madminer.utils.inter DEBUG     13804 / 25000 events pass cut Cut(name='CUT', val_expression='aa_deltaR<2', is_required=False)
13:14 madminer.utils.inter INFO      740 / 25000 events pass everything
13:14 madminer.delphes.del DEBUG   Did not extract weights from Delphes file
13:14 madminer.delphes.del DEBUG   Found 740 events
13:14 madminer.delphes.del DEBUG   Extracting weights from LHE file
13:14 madminer.utils.inter DEBUG   Parsing LHE file /vols/cms/us322/02b_final_events_14_new/signal_supp/mb_vector_9/batch_0//run_01_decayed_1/unweighted_events.lhe.gz
13:14 madminer.utils.inter DEBUG   Parsing header and events as XML with ElementTree
13:14 madminer.utils.inter DEBUG   Found entry event_norm = average in LHE header. Interpreting this as weight_norm_is_average = True.
13:14 madminer.utils.inter DEBUG   Event 1 passes observations, passes cuts, passes efficiencies -> passes
13:14 madminer.utils.inter DEBUG   Event 2 passes observations, passes cuts, passes efficiencies -> passes
13:14 madminer.utils.inter DEBUG   Event 3 passes observations, passes cuts, passes efficiencies -> passes
13:14 madminer.utils.inter DEBUG   Event 4 passes observations, passes cuts, passes efficiencies -> passes
13:14 madminer.utils.inter DEBUG   Event 5 passes observations, passes cuts, passes efficiencies -> passes
13:14 madminer.utils.inter DEBUG   Event 6 passes observations, passes cuts, passes efficiencies -> passes
13:14 madminer.utils.inter DEBUG   Event 7 passes observations, passes cuts, passes efficiencies -> passes
13:14 madminer.utils.inter DEBUG   Event 8 passes observations, passes cuts, passes efficiencies -> passes
13:14 madminer.utils.inter DEBUG   Event 9 passes observations, passes cuts, passes efficiencies -> passes
13:14 madminer.utils.inter DEBUG   Event 10 passes observations, passes cuts, passes efficiencies -> passes
13:14 madminer.utils.inter DEBUG   Event 11 passes observations, passes cuts, passes efficiencies -> passes
13:14 madminer.utils.inter DEBUG   Event 12 passes observations, passes cuts, passes efficiencies -> passes
13:14 madminer.utils.inter DEBUG   Event 13 passes observations, passes cuts, passes efficiencies -> passes
13:14 madminer.utils.inter DEBUG   Event 14 passes observations, passes cuts, passes efficiencies -> passes
13:14 madminer.utils.inter DEBUG   Event 15 passes observations, passes cuts, passes efficiencies -> passes
13:14 madminer.utils.inter DEBUG   Event 16 passes observations, passes cuts, passes efficiencies -> passes
13:14 madminer.utils.inter DEBUG   Event 17 passes observations, passes cuts, passes efficiencies -> passes
13:14 madminer.utils.inter DEBUG   Event 18 passes observations, passes cuts, passes efficiencies -> passes
13:14 madminer.utils.inter DEBUG   Event 19 passes observations, passes cuts, passes efficiencies -> passes
13:14 madminer.utils.inter DEBUG   Event 20 passes observations, passes cuts, passes efficiencies -> passes
13:19 madminer.delphes.del DEBUG   Found weights ['sm', 'morphing_basis_vector_1', 'morphing_basis_vector_2', 'morphing_basis_vector_3', 'morphing_basis_vector_4', 'morphing_basis_vector_5', 'morphing_basis_vector_6', 'morphing_basis_vector_7', 'morphing_basis_vector_8', 'morphing_basis_vector_9'] in LHE file
13:19 madminer.delphes.del DEBUG   Applying Delphes-based cuts to LHE weights
13:19 madminer.delphes.del INFO    Analysing Delphes sample /vols/cms/us322/02b_final_events_14_new/signal_supp/mb_vector_9/batch_0/run_02_decayed_1/tag_1_pythia8_events_delphes.root: Calculating 20 observables, requiring 18 selection cuts, associated with no systematics
13:19 madminer.delphes.del DEBUG   Extracting nuisance parameter definitions from LHE file
13:19 madminer.utils.inter DEBUG   Parsing nuisance parameter setup from LHE file at /vols/cms/us322/02b_final_events_14_new/signal_supp/mb_vector_9/batch_0//run_02_decayed_1/unweighted_events.lhe.gz
13:19 madminer.utils.inter DEBUG   Systematics setup: OrderedDict()
13:19 madminer.utils.inter DEBUG   1 weight groups
13:19 madminer.delphes.del DEBUG   systematics_dict: OrderedDict()
13:19 madminer.utils.inter DEBUG   Parsing Delphes file /vols/cms/us322/02b_final_events_14_new/signal_supp/mb_vector_9/batch_0/run_02_decayed_1/tag_1_pythia8_events_delphes.root
13:19 madminer.utils.inter DEBUG   Not extracting weights
13:19 madminer.utils.inter DEBUG   Found 25000 events
13:21 madminer.utils.inter DEBUG     First 10 values for observable a0_pt:
[232.72633362 252.12036133 160.64909363 145.89645386  76.79206085
   6.74197769 199.1566925  159.86553955 201.53941345 130.29815674
 239.53640747 217.48176575 214.49409485 118.53179169 181.25292969
 254.33114624 130.789505    88.52075195 184.67199707 165.72447205]
13:22 madminer.utils.inter DEBUG     First 10 values for observable a0_eta:
[-0.26759812 -0.31560948 -0.41577169  1.68153489 -0.7155332   2.66319919
 -0.01365397  2.40503812  0.45632556  3.20688272 -0.69415915 -0.66223538
  0.26008829  0.84069175 -1.17911208  0.85628438  0.22960335  1.40740609
 -1.69493997  1.77034783]
13:22 madminer.utils.inter DEBUG     First 10 values for observable a1_pt:
[115.67948151          nan  35.02514267 110.12315369  74.70941925
          nan  87.41177368  19.87396812 144.90890503  19.50189018
   1.71160924          nan  38.9600563   14.51929188  71.29729462
  79.45068359  41.6779747   55.35952377 130.18688965  36.40470505]
13:22 madminer.utils.inter DEBUG     First 10 values for observable a1_eta:
[ 0.01089166         nan -1.90214956  1.77342355  0.62620515         nan
 -0.13277182  3.1076107  -0.18648733  1.29024982  0.36464217         nan
  0.61865455 -1.26011717 -0.3688426   0.2683067   0.36546567  0.01712432
 -0.90841562  2.31265211]
13:23 madminer.utils.inter DEBUG     First 10 values for observable num_bjets:
[1. 1. 2. 1. 3. 1. 0. 0. 0. 1. 0. 1. 2. 1. 3. 3. 1. 2. 1. 1.]
13:23 madminer.utils.inter DEBUG     First 10 values for observable b0_pt:
[ 27.98931503 101.50136566 139.28092957 136.35401917 141.16778564
  45.27663422          nan          nan          nan  50.84130478
          nan  31.01048851  47.33872223  89.8143692  233.95040894
 172.42407227  70.9650116  184.89930725 145.56324768  34.20223236]
13:23 madminer.utils.inter DEBUG     First 10 values for observable b0_eta:
[-1.59132421  0.11664251 -1.56147647  3.36104894 -0.69843316  1.44588506
         nan         nan         nan  2.39056826         nan  0.34040886
 -0.04521292 -2.15251231  0.43439797  0.31067705  0.62666011  1.05979061
 -0.03509687  1.8060447 ]
13:24 madminer.utils.inter DEBUG     First 10 values for observable b1_pt:
[         nan          nan  47.73636627          nan 120.86514282
          nan          nan          nan          nan          nan
          nan          nan  41.65281296          nan  50.97771072
  57.73993683          nan  26.27775192          nan          nan]
13:24 madminer.utils.inter DEBUG     First 10 values for observable b1_eta:
[        nan         nan -1.20248532         nan -0.09087319         nan
         nan         nan         nan         nan         nan         nan
  1.04781842         nan  1.89216995 -0.17898521         nan  1.9084686
         nan         nan]
13:24 madminer.utils.inter DEBUG     First 10 values for observable bb_deltaR:
[       nan        nan 1.06475364        nan 2.27356791        nan
        nan        nan        nan        nan        nan        nan
 1.10699167        nan 2.43776483 0.56503533        nan 1.44763755
        nan        nan]
13:25 madminer.utils.inter DEBUG     First 10 values for observable aa_deltaR:
[0.77667815        nan 1.50600229 1.0157745  1.57269824        nan
 1.02345175 2.56710396 0.71881454 2.43773269 1.60062982        nan
 1.50329372 2.65756889 1.10812139 0.92284831 1.90475564 1.684058
 0.80668784 1.78222508]
13:25 madminer.utils.inter DEBUG     First 10 values for observable b0a0_deltaR:
[       nan        nan 2.32531431        nan 0.5297527         nan
        nan        nan        nan        nan        nan        nan
 3.11704022        nan 3.39964245 3.01428003        nan 2.88294238
        nan        nan]
13:25 madminer.utils.inter DEBUG     First 10 values for observable b0a1_deltaR:
[       nan        nan 2.29127156        nan 1.35621715        nan
        nan        nan        nan        nan        nan        nan
 1.77126211        nan 2.65914598 2.60775181        nan 2.17743042
        nan        nan]
13:26 madminer.utils.inter DEBUG     First 10 values for observable b1a0_deltaR:
[       nan        nan 1.28898807        nan 2.7911599         nan
        nan        nan        nan        nan        nan        nan
 3.10738489        nan 3.34966538 3.20836556        nan 2.30365493
        nan        nan]
13:26 madminer.utils.inter DEBUG     First 10 values for observable b1a1_deltaR:
[       nan        nan 1.4441933         nan 2.03074288        nan
        nan        nan        nan        nan        nan        nan
 1.86738357        nan 2.33448271 2.36808424        nan 3.61804982
        nan        nan]
13:26 madminer.utils.inter DEBUG     First 10 values for observable m_tot:
[         nan          nan 391.30069082          nan 412.97369416
          nan          nan          nan          nan          nan
          nan          nan 333.52950041          nan 825.34939313
 593.48598107          nan 390.34753063          nan          nan]
13:27 madminer.utils.inter DEBUG     First 10 values for observable pt_bb:
[         nan          nan 169.81059408          nan 121.27110908
          nan          nan          nan          nan          nan
          nan          nan  88.65150015          nan 220.036697
 228.44968704          nan 196.58261437          nan          nan]
13:27 madminer.utils.inter DEBUG     First 10 values for observable pt_aa:
[328.39582514          nan 194.83222597 224.63174608 138.93442605
          nan 256.18396774 144.84885632 342.09665266 132.98602703
 240.16128734          nan 222.2052658  118.59586575 238.20689164
 318.76462228 123.77159632 128.83646681 313.63329824 165.11385826]
13:27 madminer.utils.inter DEBUG     First 10 values for observable m_bb:
[         nan          nan  89.72202548          nan 247.42806956
          nan          nan          nan          nan          nan
          nan          nan  53.09891844          nan 251.2113657
  61.04324104          nan 101.0426436           nan          nan]
13:28 madminer.utils.inter DEBUG     First 10 values for observable m_aa:
[125.07706011          nan 123.38638371 123.37900409 124.99475302
          nan 129.37762506 113.83718402 124.43999714 131.60615139
  32.05264453          nan 126.29255955 120.29765699 126.48276392
 130.34133761 120.52550467 123.29716881 128.16314215 124.14426246]
13:34 madminer.utils.inter DEBUG     24867 / 25000 events pass required observable a0_pt
13:34 madminer.utils.inter DEBUG     24867 / 25000 events pass required observable a0_eta
13:34 madminer.utils.inter DEBUG     22629 / 25000 events pass required observable a1_pt
13:34 madminer.utils.inter DEBUG     22629 / 25000 events pass required observable a1_eta
13:34 madminer.utils.inter DEBUG     25000 / 25000 events pass required observable num_bjets
13:34 madminer.utils.inter DEBUG     21024 / 25000 events pass required observable b0_pt
13:34 madminer.utils.inter DEBUG     21024 / 25000 events pass required observable b0_eta
13:34 madminer.utils.inter DEBUG     8462 / 25000 events pass required observable b1_pt
13:34 madminer.utils.inter DEBUG     8462 / 25000 events pass required observable b1_eta
13:34 madminer.utils.inter DEBUG     8462 / 25000 events pass required observable bb_deltaR
13:34 madminer.utils.inter DEBUG     22629 / 25000 events pass required observable aa_deltaR
13:34 madminer.utils.inter DEBUG     8411 / 25000 events pass required observable b0a0_deltaR
13:34 madminer.utils.inter DEBUG     7610 / 25000 events pass required observable b0a1_deltaR
13:34 madminer.utils.inter DEBUG     8411 / 25000 events pass required observable b1a0_deltaR
13:34 madminer.utils.inter DEBUG     7610 / 25000 events pass required observable b1a1_deltaR
13:34 madminer.utils.inter DEBUG     7610 / 25000 events pass required observable m_tot
13:34 madminer.utils.inter DEBUG     8462 / 25000 events pass required observable pt_bb
13:34 madminer.utils.inter DEBUG     22629 / 25000 events pass required observable pt_aa
13:34 madminer.utils.inter DEBUG     8462 / 25000 events pass required observable m_bb
13:34 madminer.utils.inter DEBUG     22629 / 25000 events pass required observable m_aa
13:34 madminer.utils.inter DEBUG     24148 / 25000 events pass cut Cut(name='CUT', val_expression='a0_pt>30', is_required=False)
13:34 madminer.utils.inter DEBUG     15085 / 25000 events pass cut Cut(name='CUT', val_expression='a1_pt>30', is_required=False)
13:34 madminer.utils.inter DEBUG     20516 / 25000 events pass cut Cut(name='CUT', val_expression='b0_pt>30', is_required=False)
13:34 madminer.utils.inter DEBUG     7416 / 25000 events pass cut Cut(name='CUT', val_expression='b1_pt>30', is_required=False)
13:34 madminer.utils.inter DEBUG     23746 / 25000 events pass cut Cut(name='CUT', val_expression='abs(a0_eta)<2.4', is_required=False)
13:34 madminer.utils.inter DEBUG     20463 / 25000 events pass cut Cut(name='CUT', val_expression='abs(a1_eta)<2.4', is_required=False)
13:34 madminer.utils.inter DEBUG     20199 / 25000 events pass cut Cut(name='CUT', val_expression='abs(b0_eta)<2.4', is_required=False)
13:34 madminer.utils.inter DEBUG     7946 / 25000 events pass cut Cut(name='CUT', val_expression='abs(b1_eta)<2.4', is_required=False)
13:34 madminer.utils.inter DEBUG     8460 / 25000 events pass cut Cut(name='CUT', val_expression='bb_deltaR>0.4', is_required=False)
13:34 madminer.utils.inter DEBUG     22546 / 25000 events pass cut Cut(name='CUT', val_expression='aa_deltaR>0.4', is_required=False)
13:34 madminer.utils.inter DEBUG     8237 / 25000 events pass cut Cut(name='CUT', val_expression='b0a0_deltaR>1', is_required=False)
13:34 madminer.utils.inter DEBUG     7159 / 25000 events pass cut Cut(name='CUT', val_expression='b0a1_deltaR>1', is_required=False)
13:34 madminer.utils.inter DEBUG     8139 / 25000 events pass cut Cut(name='CUT', val_expression='b1a0_deltaR>1', is_required=False)
13:34 madminer.utils.inter DEBUG     7141 / 25000 events pass cut Cut(name='CUT', val_expression='b1a1_deltaR>1', is_required=False)
13:34 madminer.utils.inter DEBUG     3007 / 25000 events pass cut Cut(name='CUT', val_expression='abs(m_bb-125)<25', is_required=False)
13:34 madminer.utils.inter DEBUG     12427 / 25000 events pass cut Cut(name='CUT', val_expression='abs(m_aa-125)<3', is_required=False)
13:34 madminer.utils.inter DEBUG     7757 / 25000 events pass cut Cut(name='CUT', val_expression='num_bjets==2', is_required=False)
13:34 madminer.utils.inter DEBUG     13922 / 25000 events pass cut Cut(name='CUT', val_expression='aa_deltaR<2', is_required=False)
13:34 madminer.utils.inter INFO      769 / 25000 events pass everything
13:34 madminer.delphes.del DEBUG   Did not extract weights from Delphes file
13:34 madminer.delphes.del DEBUG   Found 769 events
13:34 madminer.delphes.del DEBUG   Extracting weights from LHE file
13:34 madminer.utils.inter DEBUG   Parsing LHE file /vols/cms/us322/02b_final_events_14_new/signal_supp/mb_vector_9/batch_0//run_02_decayed_1/unweighted_events.lhe.gz
13:34 madminer.utils.inter DEBUG   Parsing header and events as XML with ElementTree
13:34 madminer.utils.inter DEBUG   Found entry event_norm = average in LHE header. Interpreting this as weight_norm_is_average = True.
13:34 madminer.utils.inter DEBUG   Event 1 passes observations, passes cuts, passes efficiencies -> passes
13:34 madminer.utils.inter DEBUG   Event 2 passes observations, passes cuts, passes efficiencies -> passes
13:34 madminer.utils.inter DEBUG   Event 3 passes observations, passes cuts, passes efficiencies -> passes
13:34 madminer.utils.inter DEBUG   Event 4 passes observations, passes cuts, passes efficiencies -> passes
13:34 madminer.utils.inter DEBUG   Event 5 passes observations, passes cuts, passes efficiencies -> passes
13:34 madminer.utils.inter DEBUG   Event 6 passes observations, passes cuts, passes efficiencies -> passes
13:34 madminer.utils.inter DEBUG   Event 7 passes observations, passes cuts, passes efficiencies -> passes
13:34 madminer.utils.inter DEBUG   Event 8 passes observations, passes cuts, passes efficiencies -> passes
13:34 madminer.utils.inter DEBUG   Event 9 passes observations, passes cuts, passes efficiencies -> passes
13:34 madminer.utils.inter DEBUG   Event 10 passes observations, passes cuts, passes efficiencies -> passes
13:34 madminer.utils.inter DEBUG   Event 11 passes observations, passes cuts, passes efficiencies -> passes
13:34 madminer.utils.inter DEBUG   Event 12 passes observations, passes cuts, passes efficiencies -> passes
13:34 madminer.utils.inter DEBUG   Event 13 passes observations, passes cuts, passes efficiencies -> passes
13:34 madminer.utils.inter DEBUG   Event 14 passes observations, passes cuts, passes efficiencies -> passes
13:34 madminer.utils.inter DEBUG   Event 15 passes observations, passes cuts, passes efficiencies -> passes
13:34 madminer.utils.inter DEBUG   Event 16 passes observations, passes cuts, passes efficiencies -> passes
13:34 madminer.utils.inter DEBUG   Event 17 passes observations, passes cuts, passes efficiencies -> passes
13:34 madminer.utils.inter DEBUG   Event 18 passes observations, passes cuts, passes efficiencies -> passes
13:34 madminer.utils.inter DEBUG   Event 19 passes observations, passes cuts, passes efficiencies -> passes
13:34 madminer.utils.inter DEBUG   Event 20 passes observations, passes cuts, passes efficiencies -> passes
13:39 madminer.delphes.del DEBUG   Found weights ['sm', 'morphing_basis_vector_1', 'morphing_basis_vector_2', 'morphing_basis_vector_3', 'morphing_basis_vector_4', 'morphing_basis_vector_5', 'morphing_basis_vector_6', 'morphing_basis_vector_7', 'morphing_basis_vector_8', 'morphing_basis_vector_9'] in LHE file
13:39 madminer.delphes.del DEBUG   Applying Delphes-based cuts to LHE weights
13:39 root                 DEBUG   Merging data extracted from this file with data from previous files
13:39 root                 DEBUG     Weights for benchmark sm exist in both
13:39 root                 DEBUG     Weights for benchmark morphing_basis_vector_1 exist in both
13:39 root                 DEBUG     Weights for benchmark morphing_basis_vector_2 exist in both
13:39 root                 DEBUG     Weights for benchmark morphing_basis_vector_3 exist in both
13:39 root                 DEBUG     Weights for benchmark morphing_basis_vector_4 exist in both
13:39 root                 DEBUG     Weights for benchmark morphing_basis_vector_5 exist in both
13:39 root                 DEBUG     Weights for benchmark morphing_basis_vector_6 exist in both
13:39 root                 DEBUG     Weights for benchmark morphing_basis_vector_7 exist in both
13:39 root                 DEBUG     Weights for benchmark morphing_basis_vector_8 exist in both
13:39 root                 DEBUG     Weights for benchmark morphing_basis_vector_9 exist in both
13:39 madminer.delphes.del INFO    Analysed number of events per sampling benchmark:
13:39 madminer.delphes.del INFO      1509 from morphing_basis_vector_9
13:39 madminer.delphes.del DEBUG   Loading HDF5 data from /vols/cms/us322/nsbi_for_dihiggs/data/setup.h5 and saving file to /vols/cms/us322/03_post_delphes_data_14/delphes_signal_supp_9_batch_0.h5
13:39 madminer.delphes.del DEBUG   Weight names: ['sm', 'morphing_basis_vector_1', 'morphing_basis_vector_2', 'morphing_basis_vector_3', 'morphing_basis_vector_4', 'morphing_basis_vector_5', 'morphing_basis_vector_6', 'morphing_basis_vector_7', 'morphing_basis_vector_8', 'morphing_basis_vector_9']
13:39 madminer.utils.inter DEBUG   Benchmark morphing_basis_vector_1 already in the list of benchmarks
13:39 madminer.utils.inter DEBUG   Benchmark morphing_basis_vector_2 already in the list of benchmarks
13:39 madminer.utils.inter DEBUG   Benchmark morphing_basis_vector_3 already in the list of benchmarks
13:39 madminer.utils.inter DEBUG   Benchmark morphing_basis_vector_4 already in the list of benchmarks
13:39 madminer.utils.inter DEBUG   Benchmark morphing_basis_vector_5 already in the list of benchmarks
13:39 madminer.utils.inter DEBUG   Benchmark morphing_basis_vector_6 already in the list of benchmarks
13:39 madminer.utils.inter DEBUG   Benchmark morphing_basis_vector_7 already in the list of benchmarks
13:39 madminer.utils.inter DEBUG   Benchmark morphing_basis_vector_8 already in the list of benchmarks
13:39 madminer.utils.inter DEBUG   Benchmark morphing_basis_vector_9 already in the list of benchmarks
13:39 madminer.utils.inter DEBUG   Benchmark sm already in the list of benchmarks
13:39 madminer.utils.inter DEBUG   Weight names to save in event file: odict_keys(['sm', 'morphing_basis_vector_1', 'morphing_basis_vector_2', 'morphing_basis_vector_3', 'morphing_basis_vector_4', 'morphing_basis_vector_5', 'morphing_basis_vector_6', 'morphing_basis_vector_7', 'morphing_basis_vector_8', 'morphing_basis_vector_9'])
13:39 madminer.utils.inter DEBUG   Benchmark names to save in event file: ['sm', 'morphing_basis_vector_1', 'morphing_basis_vector_2', 'morphing_basis_vector_3', 'morphing_basis_vector_4', 'morphing_basis_vector_5', 'morphing_basis_vector_6', 'morphing_basis_vector_7', 'morphing_basis_vector_8', 'morphing_basis_vector_9']
13:39 madminer.sampling.co DEBUG   Combining and shuffling samples
13:39 madminer.sampling.co DEBUG   Copying setup from /vols/cms/us322/03_post_delphes_data_14/delphes_signal_supp_9_batch_0.h5 to /vols/cms/us322/03_post_delphes_data_14/delphes_signal_supp_9_batch_0.h5
13:39 madminer.sampling.co DEBUG   Loading samples from file 1 / 1 at /vols/cms/us322/03_post_delphes_data_14/delphes_signal_supp_9_batch_0.h5, multiplying weights with k factor 1.0
13:39 madminer.utils.inter INFO    HDF5 file does not contain nuisance parameters information
13:39 madminer.utils.inter INFO    HDF5 file does not contain finite difference information
13:39 madminer.utils.inter INFO    HDF5 file does not contain systematic information
13:39 madminer.sampling.co DEBUG   Sampling benchmarks: [9 9 9 ... 9 9 9]
13:39 madminer.sampling.co DEBUG   Combined sampling benchmarks: [9 9 9 ... 9 9 9]
13:39 madminer.sampling.co DEBUG   Recalculated event numbers per benchmark: [   0    0    0    0    0    0    0    0    0 1509], background: 0
