12:37 madminer.utils.inter INFO    HDF5 file does not contain nuisance parameters information
12:37 madminer.utils.inter INFO    HDF5 file does not contain finite difference information
12:37 madminer.utils.inter INFO    HDF5 file does not contain observables information
12:37 madminer.utils.inter INFO    HDF5 file does not contain sample summary information
12:37 madminer.utils.inter INFO    HDF5 file does not contain sample information
12:37 madminer.utils.inter INFO    HDF5 file does not contain systematic information
12:37 madminer.delphes.del DEBUG   Adding event sample /vols/cms/us322/02b_final_events_14_new/background/batch_5//run_01/tag_1_pythia8_events.hepmc.gz
12:37 madminer.delphes.del DEBUG   Adding event sample /vols/cms/us322/02b_final_events_14_new/background/batch_5//run_02/tag_1_pythia8_events.hepmc.gz
12:37 madminer.delphes.del INFO    Running Delphes on HepMC sample at /vols/cms/us322/02b_final_events_14_new/background/batch_5//run_01/tag_1_pythia8_events.hepmc.gz
12:37 madminer.utils.inter DEBUG   Unzipping /vols/cms/us322/02b_final_events_14_new/background/batch_5//run_01/tag_1_pythia8_events.hepmc.gz
12:41 madminer.utils.inter DEBUG   Deleting /vols/cms/us322/02b_final_events_14_new/background/batch_5/run_01/tag_1_pythia8_events.hepmc
12:41 madminer.delphes.del INFO    Running Delphes on HepMC sample at /vols/cms/us322/02b_final_events_14_new/background/batch_5//run_02/tag_1_pythia8_events.hepmc.gz
12:41 madminer.utils.inter DEBUG   Unzipping /vols/cms/us322/02b_final_events_14_new/background/batch_5//run_02/tag_1_pythia8_events.hepmc.gz
12:49 madminer.utils.inter DEBUG   Deleting /vols/cms/us322/02b_final_events_14_new/background/batch_5/run_02/tag_1_pythia8_events.hepmc
12:49 madminer.delphes.del DEBUG   Adding required observable a0_pt = a[0].pt
12:49 madminer.delphes.del DEBUG   Adding required observable a0_eta = a[0].eta
12:49 madminer.delphes.del DEBUG   Adding required observable a1_pt = a[1].pt
12:49 madminer.delphes.del DEBUG   Adding required observable a1_eta = a[1].eta
12:49 madminer.delphes.del DEBUG   Adding required observable num_bjets defined through external function
12:49 madminer.delphes.del DEBUG   Adding required observable b0_pt defined through external function
12:49 madminer.delphes.del DEBUG   Adding required observable b0_eta defined through external function
12:49 madminer.delphes.del DEBUG   Adding required observable b1_pt defined through external function
12:49 madminer.delphes.del DEBUG   Adding required observable b1_eta defined through external function
12:49 madminer.delphes.del DEBUG   Adding required observable bb_deltaR defined through external function
12:49 madminer.delphes.del DEBUG   Adding required observable aa_deltaR = a[0].deltaR(a[1])
12:49 madminer.delphes.del DEBUG   Adding required observable b0a0_deltaR defined through external function
12:49 madminer.delphes.del DEBUG   Adding required observable b0a1_deltaR defined through external function
12:49 madminer.delphes.del DEBUG   Adding required observable b1a0_deltaR defined through external function
12:49 madminer.delphes.del DEBUG   Adding required observable b1a1_deltaR defined through external function
12:49 madminer.delphes.del DEBUG   Adding required observable m_tot defined through external function
12:49 madminer.delphes.del DEBUG   Adding required observable pt_bb defined through external function
12:49 madminer.delphes.del DEBUG   Adding required observable pt_aa = (a[0]+a[1]).pt
12:49 madminer.delphes.del DEBUG   Adding required observable m_bb defined through external function
12:49 madminer.delphes.del DEBUG   Adding required observable m_aa = (a[0]+a[1]).m
12:49 madminer.delphes.del DEBUG   Adding cut a0_pt>30
12:49 madminer.delphes.del DEBUG   Adding cut a1_pt>30
12:49 madminer.delphes.del DEBUG   Adding cut b0_pt>30
12:49 madminer.delphes.del DEBUG   Adding cut b1_pt>30
12:49 madminer.delphes.del DEBUG   Adding cut abs(a0_eta)<2.4
12:49 madminer.delphes.del DEBUG   Adding cut abs(a1_eta)<2.4
12:49 madminer.delphes.del DEBUG   Adding cut abs(b0_eta)<2.4
12:49 madminer.delphes.del DEBUG   Adding cut abs(b1_eta)<2.4
12:49 madminer.delphes.del DEBUG   Adding cut bb_deltaR>0.4
12:49 madminer.delphes.del DEBUG   Adding cut aa_deltaR>0.4
12:49 madminer.delphes.del DEBUG   Adding cut b0a0_deltaR>1
12:49 madminer.delphes.del DEBUG   Adding cut b0a1_deltaR>1
12:49 madminer.delphes.del DEBUG   Adding cut b1a0_deltaR>1
12:49 madminer.delphes.del DEBUG   Adding cut b1a1_deltaR>1
12:49 madminer.delphes.del DEBUG   Adding cut abs(m_bb-125)<25
12:49 madminer.delphes.del DEBUG   Adding cut abs(m_aa-125)<3
12:49 madminer.delphes.del DEBUG   Adding cut num_bjets==2
12:49 madminer.delphes.del DEBUG   Adding cut aa_deltaR<2
12:49 madminer.delphes.del INFO    Analysing Delphes sample /vols/cms/us322/02b_final_events_14_new/background/batch_5/run_01/tag_1_pythia8_events_delphes.root: Calculating 20 observables, requiring 18 selection cuts, associated with no systematics
12:49 madminer.delphes.del DEBUG   Extracting nuisance parameter definitions from LHE file
12:49 madminer.utils.inter DEBUG   Parsing nuisance parameter setup from LHE file at /vols/cms/us322/02b_final_events_14_new/background/batch_5//run_01/unweighted_events.lhe.gz
12:49 madminer.utils.inter DEBUG   Systematics setup: OrderedDict()
12:49 madminer.utils.inter DEBUG   0 weight groups
12:49 madminer.delphes.del DEBUG   systematics_dict: OrderedDict()
12:49 madminer.utils.inter DEBUG   Parsing Delphes file /vols/cms/us322/02b_final_events_14_new/background/batch_5/run_01/tag_1_pythia8_events_delphes.root
12:49 madminer.utils.inter DEBUG   Not extracting weights
12:49 madminer.utils.inter DEBUG   Found 12129 events
12:50 madminer.utils.inter DEBUG     First 10 values for observable a0_pt:
[ 39.95556641  71.83255768 131.61805725 129.89395142 110.05447388
 119.58331299 153.43331909 143.18025208 103.43456268  92.31724548
  75.07798767  86.26993561 125.44220734 113.80150604  85.58156586
 140.06233215  62.19918442 140.00080872  33.11607742 512.61328125]
12:50 madminer.utils.inter DEBUG     First 10 values for observable a0_eta:
[ 0.95204902 -1.49842846 -0.55751115  0.25838152 -1.38232136  1.48669362
  2.38506365  2.60804391 -0.78985554 -0.67934746 -1.03347123  1.28703177
 -0.50986445 -1.08535957  1.06217659 -0.78453308  1.75357366  0.7501815
 -1.03586113  0.449985  ]
12:50 madminer.utils.inter DEBUG     First 10 values for observable a1_pt:
[         nan  49.45005798  69.65804291  53.32197571   1.37882864
  40.69017792  73.02186584   1.58266425  53.33482742  76.78450012
  67.36949921  47.87766647  38.83135986  78.33686829  55.69687271
   1.15823746  39.856884    31.62577057          nan 167.91191101]
12:50 madminer.utils.inter DEBUG     First 10 values for observable a1_eta:
[        nan  0.26180586  0.59118432 -1.08977735 -0.58460814  0.18891728
  2.40948844  1.15719485 -1.4725554   0.19797488  0.21335825  0.33982635
  0.6730088  -2.19461417 -0.11099324  1.60536218 -0.30390498  1.345927
         nan  0.01239543]
12:51 madminer.utils.inter DEBUG     First 10 values for observable num_bjets:
[1. 1. 1. 1. 1. 1. 1. 1. 1. 0. 0. 1. 2. 1. 2. 0. 1. 2. 1. 1.]
12:51 madminer.utils.inter DEBUG     First 10 values for observable b0_pt:
[ 59.74801636  86.73046875 140.65711975  47.39364243 141.94837952
  41.71651077 134.94158936  27.26554108  84.03476715          nan
          nan 145.53921509  33.08773804  98.64435577  59.06878281
          nan  34.25149536  63.07947159  54.11867523 209.7144928 ]
12:51 madminer.utils.inter DEBUG     First 10 values for observable b0_eta:
[-0.69984031  0.73096609 -0.22492778 -0.8660239  -0.33892384  1.66702461
  2.74432135  0.33819598 -0.54886723         nan         nan  0.93704081
  0.5116815  -1.72371054 -0.9173851          nan  1.47785401 -1.67950201
 -1.94545233  1.23183298]
12:51 madminer.utils.inter DEBUG     First 10 values for observable b1_pt:
[        nan         nan         nan         nan         nan         nan
         nan         nan         nan         nan         nan         nan
 32.87913513         nan 39.58744431         nan         nan 44.92741394
         nan         nan]
12:51 madminer.utils.inter DEBUG     First 10 values for observable b1_eta:
[        nan         nan         nan         nan         nan         nan
         nan         nan         nan         nan         nan         nan
 -0.13339797         nan  0.47283059         nan         nan -2.23333216
         nan         nan]
12:51 madminer.utils.inter DEBUG     First 10 values for observable bb_deltaR:
[       nan        nan        nan        nan        nan        nan
        nan        nan        nan        nan        nan        nan
 1.3029702         nan 1.94105713        nan        nan 1.92678573
        nan        nan]
12:51 madminer.utils.inter DEBUG     First 10 values for observable aa_deltaR:
[       nan 1.80173793 1.25893818 1.38945826 2.36148021 1.71458578
 1.31611108 3.4060522  1.74431531 1.55701295 1.81681511 2.17338872
 1.80758575 1.28299179 1.84789178 3.42998777 2.14762424 2.27353585
        nan 0.44265419]
12:52 madminer.utils.inter DEBUG     First 10 values for observable b0a0_deltaR:
[       nan        nan        nan        nan        nan        nan
        nan        nan        nan        nan        nan        nan
 2.99817298        nan 3.42467085        nan        nan 3.23040096
        nan        nan]
12:52 madminer.utils.inter DEBUG     First 10 values for observable b0a1_deltaR:
[       nan        nan        nan        nan        nan        nan
        nan        nan        nan        nan        nan        nan
 1.46089596        nan 1.58700836        nan        nan 3.60494757
        nan        nan]
12:52 madminer.utils.inter DEBUG     First 10 values for observable b1a0_deltaR:
[       nan        nan        nan        nan        nan        nan
        nan        nan        nan        nan        nan        nan
 2.36251994        nan 2.21386267        nan        nan 3.77253974
        nan        nan]
12:52 madminer.utils.inter DEBUG     First 10 values for observable b1a1_deltaR:
[       nan        nan        nan        nan        nan        nan
        nan        nan        nan        nan        nan        nan
 2.70694595        nan 2.78340833        nan        nan 3.58109768
        nan        nan]
12:52 madminer.utils.inter DEBUG     First 10 values for observable m_tot:
[         nan          nan          nan          nan          nan
          nan          nan          nan          nan          nan
          nan          nan 246.02320988          nan 315.95295272
          nan          nan 598.48723064          nan          nan]
12:52 madminer.utils.inter DEBUG     First 10 values for observable pt_bb:
[        nan         nan         nan         nan         nan         nan
         nan         nan         nan         nan         nan         nan
 55.678229           nan 77.84229841         nan         nan 66.78414684
         nan         nan]
12:53 madminer.utils.inter DEBUG     First 10 values for observable pt_aa:
[         nan 119.12507405 195.27402283 181.08654434 109.22347519
 142.09569569 185.80735965 141.60046733 114.73525638 135.63673782
 112.5684492   81.42385517 138.62580713 182.58836211 108.56198901
 139.1645513   97.49364669 124.22338362          nan 680.24330493]
12:53 madminer.utils.inter DEBUG     First 10 values for observable m_bb:
[        nan         nan         nan         nan         nan         nan
         nan         nan         nan         nan         nan         nan
 41.69660466         nan 95.15454027         nan         nan 90.39117053
         nan         nan]
12:53 madminer.utils.inter DEBUG     First 10 values for observable m_aa:
[         nan 121.14768755 125.96738555 124.05789616  24.27768017
 122.09986449 129.47777348  38.37046478 118.68062959 126.54302591
 128.66849434 123.92344663 124.16505869 125.37851586 124.5879369
  45.1348898  125.18291226 125.07069297          nan 130.88190139]
12:56 madminer.utils.inter DEBUG     12075 / 12129 events pass required observable a0_pt
12:56 madminer.utils.inter DEBUG     12075 / 12129 events pass required observable a0_eta
12:56 madminer.utils.inter DEBUG     11037 / 12129 events pass required observable a1_pt
12:56 madminer.utils.inter DEBUG     11037 / 12129 events pass required observable a1_eta
12:56 madminer.utils.inter DEBUG     12129 / 12129 events pass required observable num_bjets
12:56 madminer.utils.inter DEBUG     10393 / 12129 events pass required observable b0_pt
12:56 madminer.utils.inter DEBUG     10393 / 12129 events pass required observable b0_eta
12:56 madminer.utils.inter DEBUG     4324 / 12129 events pass required observable b1_pt
12:56 madminer.utils.inter DEBUG     4324 / 12129 events pass required observable b1_eta
12:56 madminer.utils.inter DEBUG     4324 / 12129 events pass required observable bb_deltaR
12:56 madminer.utils.inter DEBUG     11037 / 12129 events pass required observable aa_deltaR
12:56 madminer.utils.inter DEBUG     4302 / 12129 events pass required observable b0a0_deltaR
12:56 madminer.utils.inter DEBUG     3919 / 12129 events pass required observable b0a1_deltaR
12:56 madminer.utils.inter DEBUG     4302 / 12129 events pass required observable b1a0_deltaR
12:56 madminer.utils.inter DEBUG     3919 / 12129 events pass required observable b1a1_deltaR
12:56 madminer.utils.inter DEBUG     3919 / 12129 events pass required observable m_tot
12:56 madminer.utils.inter DEBUG     4324 / 12129 events pass required observable pt_bb
12:56 madminer.utils.inter DEBUG     11037 / 12129 events pass required observable pt_aa
12:56 madminer.utils.inter DEBUG     4324 / 12129 events pass required observable m_bb
12:56 madminer.utils.inter DEBUG     11037 / 12129 events pass required observable m_aa
12:56 madminer.utils.inter DEBUG     11978 / 12129 events pass cut Cut(name='CUT', val_expression='a0_pt>30', is_required=False)
12:56 madminer.utils.inter DEBUG     9653 / 12129 events pass cut Cut(name='CUT', val_expression='a1_pt>30', is_required=False)
12:56 madminer.utils.inter DEBUG     10035 / 12129 events pass cut Cut(name='CUT', val_expression='b0_pt>30', is_required=False)
12:56 madminer.utils.inter DEBUG     3537 / 12129 events pass cut Cut(name='CUT', val_expression='b1_pt>30', is_required=False)
12:56 madminer.utils.inter DEBUG     11620 / 12129 events pass cut Cut(name='CUT', val_expression='abs(a0_eta)<2.4', is_required=False)
12:56 madminer.utils.inter DEBUG     10416 / 12129 events pass cut Cut(name='CUT', val_expression='abs(a1_eta)<2.4', is_required=False)
12:56 madminer.utils.inter DEBUG     9840 / 12129 events pass cut Cut(name='CUT', val_expression='abs(b0_eta)<2.4', is_required=False)
12:56 madminer.utils.inter DEBUG     4055 / 12129 events pass cut Cut(name='CUT', val_expression='abs(b1_eta)<2.4', is_required=False)
12:56 madminer.utils.inter DEBUG     4322 / 12129 events pass cut Cut(name='CUT', val_expression='bb_deltaR>0.4', is_required=False)
12:56 madminer.utils.inter DEBUG     11034 / 12129 events pass cut Cut(name='CUT', val_expression='aa_deltaR>0.4', is_required=False)
12:56 madminer.utils.inter DEBUG     4293 / 12129 events pass cut Cut(name='CUT', val_expression='b0a0_deltaR>1', is_required=False)
12:56 madminer.utils.inter DEBUG     3859 / 12129 events pass cut Cut(name='CUT', val_expression='b0a1_deltaR>1', is_required=False)
12:56 madminer.utils.inter DEBUG     4270 / 12129 events pass cut Cut(name='CUT', val_expression='b1a0_deltaR>1', is_required=False)
12:56 madminer.utils.inter DEBUG     3825 / 12129 events pass cut Cut(name='CUT', val_expression='b1a1_deltaR>1', is_required=False)
12:56 madminer.utils.inter DEBUG     1601 / 12129 events pass cut Cut(name='CUT', val_expression='abs(m_bb-125)<25', is_required=False)
12:56 madminer.utils.inter DEBUG     5162 / 12129 events pass cut Cut(name='CUT', val_expression='abs(m_aa-125)<3', is_required=False)
12:56 madminer.utils.inter DEBUG     4110 / 12129 events pass cut Cut(name='CUT', val_expression='num_bjets==2', is_required=False)
12:56 madminer.utils.inter DEBUG     8936 / 12129 events pass cut Cut(name='CUT', val_expression='aa_deltaR<2', is_required=False)
12:56 madminer.utils.inter INFO      381 / 12129 events pass everything
12:56 madminer.delphes.del DEBUG   Did not extract weights from Delphes file
12:56 madminer.delphes.del DEBUG   Found 381 events
12:56 madminer.delphes.del DEBUG   Extracting weights from LHE file
12:56 madminer.utils.inter DEBUG   Parsing LHE file /vols/cms/us322/02b_final_events_14_new/background/batch_5//run_01/unweighted_events.lhe.gz
12:56 madminer.utils.inter DEBUG   Parsing header and events as XML with ElementTree
12:56 madminer.utils.inter DEBUG   Found entry event_norm = average in LHE header. Interpreting this as weight_norm_is_average = True.
12:56 madminer.utils.inter DEBUG   Event 1 passes observations, passes cuts, passes efficiencies -> passes
12:56 madminer.utils.inter DEBUG   Event 2 passes observations, passes cuts, passes efficiencies -> passes
12:56 madminer.utils.inter DEBUG   Event 3 passes observations, passes cuts, passes efficiencies -> passes
12:56 madminer.utils.inter DEBUG   Event 4 passes observations, passes cuts, passes efficiencies -> passes
12:56 madminer.utils.inter DEBUG   Event 5 passes observations, passes cuts, passes efficiencies -> passes
12:56 madminer.utils.inter DEBUG   Event 6 passes observations, passes cuts, passes efficiencies -> passes
12:56 madminer.utils.inter DEBUG   Event 7 passes observations, passes cuts, passes efficiencies -> passes
12:56 madminer.utils.inter DEBUG   Event 8 passes observations, passes cuts, passes efficiencies -> passes
12:56 madminer.utils.inter DEBUG   Event 9 passes observations, passes cuts, passes efficiencies -> passes
12:56 madminer.utils.inter DEBUG   Event 10 passes observations, passes cuts, passes efficiencies -> passes
12:56 madminer.utils.inter DEBUG   Event 11 passes observations, passes cuts, passes efficiencies -> passes
12:56 madminer.utils.inter DEBUG   Event 12 passes observations, passes cuts, passes efficiencies -> passes
12:56 madminer.utils.inter DEBUG   Event 13 passes observations, passes cuts, passes efficiencies -> passes
12:56 madminer.utils.inter DEBUG   Event 14 passes observations, passes cuts, passes efficiencies -> passes
12:56 madminer.utils.inter DEBUG   Event 15 passes observations, passes cuts, passes efficiencies -> passes
12:56 madminer.utils.inter DEBUG   Event 16 passes observations, passes cuts, passes efficiencies -> passes
12:56 madminer.utils.inter DEBUG   Event 17 passes observations, passes cuts, passes efficiencies -> passes
12:56 madminer.utils.inter DEBUG   Event 18 passes observations, passes cuts, passes efficiencies -> passes
12:56 madminer.utils.inter DEBUG   Event 19 passes observations, passes cuts, passes efficiencies -> passes
12:56 madminer.utils.inter DEBUG   Event 20 passes observations, passes cuts, passes efficiencies -> passes
13:01 madminer.delphes.del DEBUG   Found weights ['sm', 'morphing_basis_vector_1', 'morphing_basis_vector_2', 'morphing_basis_vector_3', 'morphing_basis_vector_4', 'morphing_basis_vector_5', 'morphing_basis_vector_6', 'morphing_basis_vector_7', 'morphing_basis_vector_8', 'morphing_basis_vector_9'] in LHE file
13:01 madminer.delphes.del DEBUG   Applying Delphes-based cuts to LHE weights
Traceback (most recent call last):
  File "03a_read_delphes.py", line 276, in <module>
    delphes.analyse_delphes_samples()
  File "/vols/cms/us322/nsbi_for_dihiggs/madminer/madminer/delphes/delphes_reader.py", line 632, in analyse_delphes_samples
    this_observations, this_weights, this_n_events = self._analyse_delphes_sample(
  File "/vols/cms/us322/nsbi_for_dihiggs/madminer/madminer/delphes/delphes_reader.py", line 820, in _analyse_delphes_sample
    this_weights[key] = weights[cut_filter]
IndexError: boolean index did not match indexed array along dimension 0; dimension is 25000 but corresponding boolean dimension is 12129
