12:37 madminer.utils.inter INFO    HDF5 file does not contain nuisance parameters information
12:37 madminer.utils.inter INFO    HDF5 file does not contain finite difference information
12:37 madminer.utils.inter INFO    HDF5 file does not contain observables information
12:37 madminer.utils.inter INFO    HDF5 file does not contain sample summary information
12:37 madminer.utils.inter INFO    HDF5 file does not contain sample information
12:37 madminer.utils.inter INFO    HDF5 file does not contain systematic information
12:37 madminer.delphes.del DEBUG   Adding event sample /vols/cms/us322/02b_final_events_14_new/background/batch_6//run_01/tag_1_pythia8_events.hepmc.gz
12:37 madminer.delphes.del DEBUG   Adding event sample /vols/cms/us322/02b_final_events_14_new/background/batch_6//run_02/tag_1_pythia8_events.hepmc.gz
12:37 madminer.delphes.del INFO    Running Delphes on HepMC sample at /vols/cms/us322/02b_final_events_14_new/background/batch_6//run_01/tag_1_pythia8_events.hepmc.gz
12:37 madminer.utils.inter DEBUG   Unzipping /vols/cms/us322/02b_final_events_14_new/background/batch_6//run_01/tag_1_pythia8_events.hepmc.gz
12:40 madminer.utils.inter DEBUG   Deleting /vols/cms/us322/02b_final_events_14_new/background/batch_6/run_01/tag_1_pythia8_events.hepmc
12:40 madminer.delphes.del INFO    Running Delphes on HepMC sample at /vols/cms/us322/02b_final_events_14_new/background/batch_6//run_02/tag_1_pythia8_events.hepmc.gz
12:40 madminer.utils.inter DEBUG   Unzipping /vols/cms/us322/02b_final_events_14_new/background/batch_6//run_02/tag_1_pythia8_events.hepmc.gz
12:48 madminer.utils.inter DEBUG   Deleting /vols/cms/us322/02b_final_events_14_new/background/batch_6/run_02/tag_1_pythia8_events.hepmc
12:48 madminer.delphes.del DEBUG   Adding required observable a0_pt = a[0].pt
12:48 madminer.delphes.del DEBUG   Adding required observable a0_eta = a[0].eta
12:48 madminer.delphes.del DEBUG   Adding required observable a1_pt = a[1].pt
12:48 madminer.delphes.del DEBUG   Adding required observable a1_eta = a[1].eta
12:48 madminer.delphes.del DEBUG   Adding required observable num_bjets defined through external function
12:48 madminer.delphes.del DEBUG   Adding required observable b0_pt defined through external function
12:48 madminer.delphes.del DEBUG   Adding required observable b0_eta defined through external function
12:48 madminer.delphes.del DEBUG   Adding required observable b1_pt defined through external function
12:48 madminer.delphes.del DEBUG   Adding required observable b1_eta defined through external function
12:48 madminer.delphes.del DEBUG   Adding required observable bb_deltaR defined through external function
12:48 madminer.delphes.del DEBUG   Adding required observable aa_deltaR = a[0].deltaR(a[1])
12:48 madminer.delphes.del DEBUG   Adding required observable b0a0_deltaR defined through external function
12:48 madminer.delphes.del DEBUG   Adding required observable b0a1_deltaR defined through external function
12:48 madminer.delphes.del DEBUG   Adding required observable b1a0_deltaR defined through external function
12:48 madminer.delphes.del DEBUG   Adding required observable b1a1_deltaR defined through external function
12:48 madminer.delphes.del DEBUG   Adding required observable m_tot defined through external function
12:48 madminer.delphes.del DEBUG   Adding required observable pt_bb defined through external function
12:48 madminer.delphes.del DEBUG   Adding required observable pt_aa = (a[0]+a[1]).pt
12:48 madminer.delphes.del DEBUG   Adding required observable m_bb defined through external function
12:48 madminer.delphes.del DEBUG   Adding required observable m_aa = (a[0]+a[1]).m
12:48 madminer.delphes.del DEBUG   Adding cut a0_pt>30
12:48 madminer.delphes.del DEBUG   Adding cut a1_pt>30
12:48 madminer.delphes.del DEBUG   Adding cut b0_pt>30
12:48 madminer.delphes.del DEBUG   Adding cut b1_pt>30
12:48 madminer.delphes.del DEBUG   Adding cut abs(a0_eta)<2.4
12:48 madminer.delphes.del DEBUG   Adding cut abs(a1_eta)<2.4
12:48 madminer.delphes.del DEBUG   Adding cut abs(b0_eta)<2.4
12:48 madminer.delphes.del DEBUG   Adding cut abs(b1_eta)<2.4
12:48 madminer.delphes.del DEBUG   Adding cut bb_deltaR>0.4
12:48 madminer.delphes.del DEBUG   Adding cut aa_deltaR>0.4
12:48 madminer.delphes.del DEBUG   Adding cut b0a0_deltaR>1
12:48 madminer.delphes.del DEBUG   Adding cut b0a1_deltaR>1
12:48 madminer.delphes.del DEBUG   Adding cut b1a0_deltaR>1
12:48 madminer.delphes.del DEBUG   Adding cut b1a1_deltaR>1
12:48 madminer.delphes.del DEBUG   Adding cut abs(m_bb-125)<25
12:48 madminer.delphes.del DEBUG   Adding cut abs(m_aa-125)<3
12:48 madminer.delphes.del DEBUG   Adding cut num_bjets==2
12:48 madminer.delphes.del DEBUG   Adding cut aa_deltaR<2
12:48 madminer.delphes.del INFO    Analysing Delphes sample /vols/cms/us322/02b_final_events_14_new/background/batch_6/run_01/tag_1_pythia8_events_delphes.root: Calculating 20 observables, requiring 18 selection cuts, associated with no systematics
12:48 madminer.delphes.del DEBUG   Extracting nuisance parameter definitions from LHE file
12:48 madminer.utils.inter DEBUG   Parsing nuisance parameter setup from LHE file at /vols/cms/us322/02b_final_events_14_new/background/batch_6//run_01/unweighted_events.lhe.gz
12:48 madminer.utils.inter DEBUG   Systematics setup: OrderedDict()
12:48 madminer.utils.inter DEBUG   0 weight groups
12:48 madminer.delphes.del DEBUG   systematics_dict: OrderedDict()
12:48 madminer.utils.inter DEBUG   Parsing Delphes file /vols/cms/us322/02b_final_events_14_new/background/batch_6/run_01/tag_1_pythia8_events_delphes.root
12:48 madminer.utils.inter DEBUG   Not extracting weights
12:48 madminer.utils.inter DEBUG   Found 9556 events
12:49 madminer.utils.inter DEBUG     First 10 values for observable a0_pt:
[122.36907196  59.59776688  94.08453369 123.32354736  60.71333313
  84.5404892  158.77336121  84.47917175 136.30580139 143.9251709
  89.83729553  72.53128815 101.34740448 120.62028503  74.7848053
  93.68157959 121.64587402 146.52308655 114.27588654 176.22511292]
12:49 madminer.utils.inter DEBUG     First 10 values for observable a0_eta:
[ 0.06625712 -0.79162526 -0.54798651  1.6724298  -2.50068831  1.65594101
  0.01655777 -1.06953776 -1.37656748  0.37245268  1.28921521 -0.66901052
 -0.28434676 -0.45524058  0.51227462  0.39695743  0.72008675  1.2636342
 -0.61056596  0.61755967]
12:49 madminer.utils.inter DEBUG     First 10 values for observable a1_pt:
[47.39758301         nan 51.60830307 53.47242355  1.1859479  62.69484329
 75.63889313 57.55256653 34.70999527 51.40677261 85.27536011 62.59092712
 61.57226562 48.92340088 57.42652893 34.48163986  1.88246334 47.71154785
 29.55384064 36.59584427]
12:49 madminer.utils.inter DEBUG     First 10 values for observable a1_eta:
[-1.3437624          nan -2.07884502  2.16722989 -3.54351306  1.72266471
 -0.50392097 -0.61999476 -0.42389613  0.88020808  0.08975101 -2.20641112
 -0.38414088 -0.87249827  1.8567251   2.21033359  3.1259613  -0.05089713
  1.24440598 -0.11201691]
12:50 madminer.utils.inter DEBUG     First 10 values for observable num_bjets:
[1. 1. 1. 0. 1. 1. 1. 1. 1. 1. 0. 1. 1. 2. 2. 0. 2. 1. 2. 1.]
12:50 madminer.utils.inter DEBUG     First 10 values for observable b0_pt:
[ 65.33197784  30.61065865  77.42706299          nan  96.44203186
  45.30581284 125.9854126   43.86923218  62.11972046  70.57779694
          nan  43.37442017  26.9329586   57.32581711  98.36434174
          nan 112.22206879  32.65075684  82.97730255  60.22534561]
12:50 madminer.utils.inter DEBUG     First 10 values for observable b0_eta:
[-1.74658358 -2.62800884 -1.67139626         nan -1.84000874  1.38192916
  0.95687598 -2.85517526 -1.30561554  0.32353204         nan -2.24003363
 -2.01666927 -1.45252097  2.4727087          nan  0.35853854 -1.07929218
  0.87617785 -0.53495896]
12:50 madminer.utils.inter DEBUG     First 10 values for observable b1_pt:
[        nan         nan         nan         nan         nan         nan
         nan         nan         nan         nan         nan         nan
         nan 41.3727417  33.99382782         nan 67.36271667         nan
 62.58829498         nan]
12:50 madminer.utils.inter DEBUG     First 10 values for observable b1_eta:
[       nan        nan        nan        nan        nan        nan
        nan        nan        nan        nan        nan        nan
        nan 0.34534934 2.2594769         nan 0.73543096        nan
 0.10305021        nan]
12:50 madminer.utils.inter DEBUG     First 10 values for observable bb_deltaR:
[       nan        nan        nan        nan        nan        nan
        nan        nan        nan        nan        nan        nan
        nan 1.90111037 2.45933918        nan 1.34628687        nan
 1.15864471        nan]
12:50 madminer.utils.inter DEBUG     First 10 values for observable aa_deltaR:
[1.60953148        nan 1.61093015 1.73034286 2.3669414  2.12251
 1.19255064 2.08169521 1.88721969 1.55481225 1.42346105 1.70084064
 1.77852137 1.76062057 1.96729299 1.90903186 3.18106553 1.47436635
 1.85540785 1.65164953]
12:50 madminer.utils.inter DEBUG     First 10 values for observable b0a0_deltaR:
[       nan        nan        nan        nan        nan        nan
        nan        nan        nan        nan        nan        nan
        nan 3.28761506 3.62285525        nan 1.97014796        nan
 2.89114625        nan]
12:50 madminer.utils.inter DEBUG     First 10 values for observable b0a1_deltaR:
[       nan        nan        nan        nan        nan        nan
        nan        nan        nan        nan        nan        nan
        nan 1.53596967 1.90283701        nan 2.77118765        nan
 2.467             nan]
12:51 madminer.utils.inter DEBUG     First 10 values for observable b1a0_deltaR:
[       nan        nan        nan        nan        nan        nan
        nan        nan        nan        nan        nan        nan
        nan 2.65604321 1.84622746        nan 3.05407925        nan
 3.02597643        nan]
12:51 madminer.utils.inter DEBUG     First 10 values for observable b1a1_deltaR:
[       nan        nan        nan        nan        nan        nan
        nan        nan        nan        nan        nan        nan
        nan 2.37604943 2.0722469         nan 2.65191614        nan
 3.19188326        nan]
12:51 madminer.utils.inter DEBUG     First 10 values for observable m_tot:
[         nan          nan          nan          nan          nan
          nan          nan          nan          nan          nan
          nan          nan          nan 312.42192192 360.24302486
          nan 303.54672433          nan 364.86855208          nan]
12:51 madminer.utils.inter DEBUG     First 10 values for observable pt_bb:
[         nan          nan          nan          nan          nan
          nan          nan          nan          nan          nan
          nan          nan          nan  94.14957504  75.36460445
          nan 145.89614722          nan 132.49831218          nan]
12:51 madminer.utils.inter DEBUG     First 10 values for observable pt_aa:
[159.68255144          nan 141.52842989 130.06987074  60.09783707
  74.37058257 205.91139517  78.20857679 138.68142329 157.64675252
 162.41783261 126.33054255 107.34423593 123.6920645  100.2152556
 123.73087072 120.73758647 186.34613939 143.81073969 183.14261087]
12:51 madminer.utils.inter DEBUG     First 10 values for observable m_bb:
[         nan          nan          nan          nan          nan
          nan          nan          nan          nan          nan
          nan          nan          nan 105.43745796 111.30918063
          nan 113.32404183          nan  85.02448857          nan]
12:51 madminer.utils.inter DEBUG     First 10 values for observable m_aa:
[129.98154953          nan 122.38680701 126.43698388  17.47681074
 127.16469968 126.00415361 122.70145669 121.00633881 123.49456855
 129.2022655  123.75821469 122.809724   120.36502247 128.22457594
 122.42570431  52.75852531 130.09701794 123.95685538 123.85185067]
12:53 madminer.utils.inter DEBUG     9519 / 9556 events pass required observable a0_pt
12:53 madminer.utils.inter DEBUG     9519 / 9556 events pass required observable a0_eta
12:53 madminer.utils.inter DEBUG     8698 / 9556 events pass required observable a1_pt
12:53 madminer.utils.inter DEBUG     8698 / 9556 events pass required observable a1_eta
12:53 madminer.utils.inter DEBUG     9556 / 9556 events pass required observable num_bjets
12:53 madminer.utils.inter DEBUG     8110 / 9556 events pass required observable b0_pt
12:53 madminer.utils.inter DEBUG     8110 / 9556 events pass required observable b0_eta
12:53 madminer.utils.inter DEBUG     3359 / 9556 events pass required observable b1_pt
12:53 madminer.utils.inter DEBUG     3359 / 9556 events pass required observable b1_eta
12:53 madminer.utils.inter DEBUG     3359 / 9556 events pass required observable bb_deltaR
12:53 madminer.utils.inter DEBUG     8698 / 9556 events pass required observable aa_deltaR
12:53 madminer.utils.inter DEBUG     3344 / 9556 events pass required observable b0a0_deltaR
12:53 madminer.utils.inter DEBUG     3058 / 9556 events pass required observable b0a1_deltaR
12:53 madminer.utils.inter DEBUG     3344 / 9556 events pass required observable b1a0_deltaR
12:53 madminer.utils.inter DEBUG     3058 / 9556 events pass required observable b1a1_deltaR
12:53 madminer.utils.inter DEBUG     3058 / 9556 events pass required observable m_tot
12:53 madminer.utils.inter DEBUG     3359 / 9556 events pass required observable pt_bb
12:53 madminer.utils.inter DEBUG     8698 / 9556 events pass required observable pt_aa
12:53 madminer.utils.inter DEBUG     3359 / 9556 events pass required observable m_bb
12:53 madminer.utils.inter DEBUG     8698 / 9556 events pass required observable m_aa
12:53 madminer.utils.inter DEBUG     9426 / 9556 events pass cut Cut(name='CUT', val_expression='a0_pt>30', is_required=False)
12:53 madminer.utils.inter DEBUG     7593 / 9556 events pass cut Cut(name='CUT', val_expression='a1_pt>30', is_required=False)
12:53 madminer.utils.inter DEBUG     7843 / 9556 events pass cut Cut(name='CUT', val_expression='b0_pt>30', is_required=False)
12:53 madminer.utils.inter DEBUG     2803 / 9556 events pass cut Cut(name='CUT', val_expression='b1_pt>30', is_required=False)
12:53 madminer.utils.inter DEBUG     9155 / 9556 events pass cut Cut(name='CUT', val_expression='abs(a0_eta)<2.4', is_required=False)
12:53 madminer.utils.inter DEBUG     8254 / 9556 events pass cut Cut(name='CUT', val_expression='abs(a1_eta)<2.4', is_required=False)
12:53 madminer.utils.inter DEBUG     7685 / 9556 events pass cut Cut(name='CUT', val_expression='abs(b0_eta)<2.4', is_required=False)
12:53 madminer.utils.inter DEBUG     3165 / 9556 events pass cut Cut(name='CUT', val_expression='abs(b1_eta)<2.4', is_required=False)
12:53 madminer.utils.inter DEBUG     3359 / 9556 events pass cut Cut(name='CUT', val_expression='bb_deltaR>0.4', is_required=False)
12:53 madminer.utils.inter DEBUG     8688 / 9556 events pass cut Cut(name='CUT', val_expression='aa_deltaR>0.4', is_required=False)
12:53 madminer.utils.inter DEBUG     3335 / 9556 events pass cut Cut(name='CUT', val_expression='b0a0_deltaR>1', is_required=False)
12:53 madminer.utils.inter DEBUG     3020 / 9556 events pass cut Cut(name='CUT', val_expression='b0a1_deltaR>1', is_required=False)
12:53 madminer.utils.inter DEBUG     3317 / 9556 events pass cut Cut(name='CUT', val_expression='b1a0_deltaR>1', is_required=False)
12:53 madminer.utils.inter DEBUG     2997 / 9556 events pass cut Cut(name='CUT', val_expression='b1a1_deltaR>1', is_required=False)
12:53 madminer.utils.inter DEBUG     1251 / 9556 events pass cut Cut(name='CUT', val_expression='abs(m_bb-125)<25', is_required=False)
12:53 madminer.utils.inter DEBUG     4091 / 9556 events pass cut Cut(name='CUT', val_expression='abs(m_aa-125)<3', is_required=False)
12:53 madminer.utils.inter DEBUG     3220 / 9556 events pass cut Cut(name='CUT', val_expression='num_bjets==2', is_required=False)
12:53 madminer.utils.inter DEBUG     7083 / 9556 events pass cut Cut(name='CUT', val_expression='aa_deltaR<2', is_required=False)
12:53 madminer.utils.inter INFO      339 / 9556 events pass everything
12:53 madminer.delphes.del DEBUG   Did not extract weights from Delphes file
12:53 madminer.delphes.del DEBUG   Found 339 events
12:53 madminer.delphes.del DEBUG   Extracting weights from LHE file
12:53 madminer.utils.inter DEBUG   Parsing LHE file /vols/cms/us322/02b_final_events_14_new/background/batch_6//run_01/unweighted_events.lhe.gz
12:53 madminer.utils.inter DEBUG   Parsing header and events as XML with ElementTree
12:53 madminer.utils.inter DEBUG   Found entry event_norm = average in LHE header. Interpreting this as weight_norm_is_average = True.
12:53 madminer.utils.inter DEBUG   Event 1 passes observations, passes cuts, passes efficiencies -> passes
12:53 madminer.utils.inter DEBUG   Event 2 passes observations, passes cuts, passes efficiencies -> passes
12:53 madminer.utils.inter DEBUG   Event 3 passes observations, passes cuts, passes efficiencies -> passes
12:53 madminer.utils.inter DEBUG   Event 4 passes observations, passes cuts, passes efficiencies -> passes
12:53 madminer.utils.inter DEBUG   Event 5 passes observations, passes cuts, passes efficiencies -> passes
12:53 madminer.utils.inter DEBUG   Event 6 passes observations, passes cuts, passes efficiencies -> passes
12:53 madminer.utils.inter DEBUG   Event 7 passes observations, passes cuts, passes efficiencies -> passes
12:53 madminer.utils.inter DEBUG   Event 8 passes observations, passes cuts, passes efficiencies -> passes
12:53 madminer.utils.inter DEBUG   Event 9 passes observations, passes cuts, passes efficiencies -> passes
12:53 madminer.utils.inter DEBUG   Event 10 passes observations, passes cuts, passes efficiencies -> passes
12:53 madminer.utils.inter DEBUG   Event 11 passes observations, passes cuts, passes efficiencies -> passes
12:53 madminer.utils.inter DEBUG   Event 12 passes observations, passes cuts, passes efficiencies -> passes
12:53 madminer.utils.inter DEBUG   Event 13 passes observations, passes cuts, passes efficiencies -> passes
12:53 madminer.utils.inter DEBUG   Event 14 passes observations, passes cuts, passes efficiencies -> passes
12:53 madminer.utils.inter DEBUG   Event 15 passes observations, passes cuts, passes efficiencies -> passes
12:53 madminer.utils.inter DEBUG   Event 16 passes observations, passes cuts, passes efficiencies -> passes
12:53 madminer.utils.inter DEBUG   Event 17 passes observations, passes cuts, passes efficiencies -> passes
12:53 madminer.utils.inter DEBUG   Event 18 passes observations, passes cuts, passes efficiencies -> passes
12:53 madminer.utils.inter DEBUG   Event 19 passes observations, passes cuts, passes efficiencies -> passes
12:53 madminer.utils.inter DEBUG   Event 20 passes observations, passes cuts, passes efficiencies -> passes
12:59 madminer.delphes.del DEBUG   Found weights ['sm', 'morphing_basis_vector_1', 'morphing_basis_vector_2', 'morphing_basis_vector_3', 'morphing_basis_vector_4', 'morphing_basis_vector_5', 'morphing_basis_vector_6', 'morphing_basis_vector_7', 'morphing_basis_vector_8', 'morphing_basis_vector_9'] in LHE file
12:59 madminer.delphes.del DEBUG   Applying Delphes-based cuts to LHE weights
Traceback (most recent call last):
  File "03a_read_delphes.py", line 276, in <module>
    delphes.analyse_delphes_samples()
  File "/vols/cms/us322/nsbi_for_dihiggs/madminer/madminer/delphes/delphes_reader.py", line 632, in analyse_delphes_samples
    this_observations, this_weights, this_n_events = self._analyse_delphes_sample(
  File "/vols/cms/us322/nsbi_for_dihiggs/madminer/madminer/delphes/delphes_reader.py", line 820, in _analyse_delphes_sample
    this_weights[key] = weights[cut_filter]
IndexError: boolean index did not match indexed array along dimension 0; dimension is 25000 but corresponding boolean dimension is 9556
