12:37 madminer.utils.inter INFO    HDF5 file does not contain nuisance parameters information
12:37 madminer.utils.inter INFO    HDF5 file does not contain finite difference information
12:37 madminer.utils.inter INFO    HDF5 file does not contain observables information
12:37 madminer.utils.inter INFO    HDF5 file does not contain sample summary information
12:37 madminer.utils.inter INFO    HDF5 file does not contain sample information
12:37 madminer.utils.inter INFO    HDF5 file does not contain systematic information
12:37 madminer.delphes.del DEBUG   Adding event sample /vols/cms/us322/02b_final_events_14_new/background/batch_55//run_01/tag_1_pythia8_events.hepmc.gz
12:37 madminer.delphes.del DEBUG   Adding event sample /vols/cms/us322/02b_final_events_14_new/background/batch_55//run_02/tag_1_pythia8_events.hepmc.gz
12:37 madminer.delphes.del INFO    Running Delphes on HepMC sample at /vols/cms/us322/02b_final_events_14_new/background/batch_55//run_01/tag_1_pythia8_events.hepmc.gz
12:37 madminer.utils.inter DEBUG   Unzipping /vols/cms/us322/02b_final_events_14_new/background/batch_55//run_01/tag_1_pythia8_events.hepmc.gz
12:39 madminer.utils.inter DEBUG   Deleting /vols/cms/us322/02b_final_events_14_new/background/batch_55/run_01/tag_1_pythia8_events.hepmc
12:39 madminer.delphes.del INFO    Running Delphes on HepMC sample at /vols/cms/us322/02b_final_events_14_new/background/batch_55//run_02/tag_1_pythia8_events.hepmc.gz
12:39 madminer.utils.inter DEBUG   Unzipping /vols/cms/us322/02b_final_events_14_new/background/batch_55//run_02/tag_1_pythia8_events.hepmc.gz
12:47 madminer.utils.inter DEBUG   Deleting /vols/cms/us322/02b_final_events_14_new/background/batch_55/run_02/tag_1_pythia8_events.hepmc
12:47 madminer.delphes.del DEBUG   Adding required observable a0_pt = a[0].pt
12:47 madminer.delphes.del DEBUG   Adding required observable a0_eta = a[0].eta
12:47 madminer.delphes.del DEBUG   Adding required observable a1_pt = a[1].pt
12:47 madminer.delphes.del DEBUG   Adding required observable a1_eta = a[1].eta
12:47 madminer.delphes.del DEBUG   Adding required observable num_bjets defined through external function
12:47 madminer.delphes.del DEBUG   Adding required observable b0_pt defined through external function
12:47 madminer.delphes.del DEBUG   Adding required observable b0_eta defined through external function
12:47 madminer.delphes.del DEBUG   Adding required observable b1_pt defined through external function
12:47 madminer.delphes.del DEBUG   Adding required observable b1_eta defined through external function
12:47 madminer.delphes.del DEBUG   Adding required observable bb_deltaR defined through external function
12:47 madminer.delphes.del DEBUG   Adding required observable aa_deltaR = a[0].deltaR(a[1])
12:47 madminer.delphes.del DEBUG   Adding required observable b0a0_deltaR defined through external function
12:47 madminer.delphes.del DEBUG   Adding required observable b0a1_deltaR defined through external function
12:47 madminer.delphes.del DEBUG   Adding required observable b1a0_deltaR defined through external function
12:47 madminer.delphes.del DEBUG   Adding required observable b1a1_deltaR defined through external function
12:47 madminer.delphes.del DEBUG   Adding required observable m_tot defined through external function
12:47 madminer.delphes.del DEBUG   Adding required observable pt_bb defined through external function
12:47 madminer.delphes.del DEBUG   Adding required observable pt_aa = (a[0]+a[1]).pt
12:47 madminer.delphes.del DEBUG   Adding required observable m_bb defined through external function
12:47 madminer.delphes.del DEBUG   Adding required observable m_aa = (a[0]+a[1]).m
12:47 madminer.delphes.del DEBUG   Adding cut a0_pt>30
12:47 madminer.delphes.del DEBUG   Adding cut a1_pt>30
12:47 madminer.delphes.del DEBUG   Adding cut b0_pt>30
12:47 madminer.delphes.del DEBUG   Adding cut b1_pt>30
12:47 madminer.delphes.del DEBUG   Adding cut abs(a0_eta)<2.4
12:47 madminer.delphes.del DEBUG   Adding cut abs(a1_eta)<2.4
12:47 madminer.delphes.del DEBUG   Adding cut abs(b0_eta)<2.4
12:47 madminer.delphes.del DEBUG   Adding cut abs(b1_eta)<2.4
12:47 madminer.delphes.del DEBUG   Adding cut bb_deltaR>0.4
12:47 madminer.delphes.del DEBUG   Adding cut aa_deltaR>0.4
12:47 madminer.delphes.del DEBUG   Adding cut b0a0_deltaR>1
12:47 madminer.delphes.del DEBUG   Adding cut b0a1_deltaR>1
12:47 madminer.delphes.del DEBUG   Adding cut b1a0_deltaR>1
12:47 madminer.delphes.del DEBUG   Adding cut b1a1_deltaR>1
12:47 madminer.delphes.del DEBUG   Adding cut abs(m_bb-125)<25
12:47 madminer.delphes.del DEBUG   Adding cut abs(m_aa-125)<3
12:47 madminer.delphes.del DEBUG   Adding cut num_bjets==2
12:47 madminer.delphes.del DEBUG   Adding cut aa_deltaR<2
12:47 madminer.delphes.del INFO    Analysing Delphes sample /vols/cms/us322/02b_final_events_14_new/background/batch_55/run_01/tag_1_pythia8_events_delphes.root: Calculating 20 observables, requiring 18 selection cuts, associated with no systematics
12:47 madminer.delphes.del DEBUG   Extracting nuisance parameter definitions from LHE file
12:47 madminer.utils.inter DEBUG   Parsing nuisance parameter setup from LHE file at /vols/cms/us322/02b_final_events_14_new/background/batch_55//run_01/unweighted_events.lhe.gz
12:47 madminer.utils.inter DEBUG   Systematics setup: OrderedDict()
12:47 madminer.utils.inter DEBUG   0 weight groups
12:47 madminer.delphes.del DEBUG   systematics_dict: OrderedDict()
12:47 madminer.utils.inter DEBUG   Parsing Delphes file /vols/cms/us322/02b_final_events_14_new/background/batch_55/run_01/tag_1_pythia8_events_delphes.root
12:47 madminer.utils.inter DEBUG   Not extracting weights
12:47 madminer.utils.inter DEBUG   Found 9498 events
12:48 madminer.utils.inter DEBUG     First 10 values for observable a0_pt:
[ 73.53580475  93.70840454 159.63221741 174.00357056 151.41462708
 128.26152039  70.61322021 109.31604767  38.37247086  75.63115692
 196.50473022 110.97223663 133.97357178  95.40151215  98.32748413
  69.02370453 224.52854919  80.22677612 133.02674866 114.55078125]
12:48 madminer.utils.inter DEBUG     First 10 values for observable a0_eta:
[ 0.54609096 -0.52894515 -1.19245565 -2.33800745 -2.21545935  1.46775866
 -2.17836976 -2.33252907  0.39947826  0.91790611 -0.71174866 -0.08893444
  1.40643013  1.4923178   2.27642608  1.41260552  0.13644563  0.37536764
 -1.58742547 -1.12572467]
12:48 madminer.utils.inter DEBUG     First 10 values for observable a1_pt:
[ 71.25484467  35.59453583  28.88942528  39.91499329 106.56973267
  56.0969429   32.18088531  54.1093483           nan  38.09322739
  66.46951294  89.13149261  56.43995285  80.22054291  43.50978851
  58.83036041 127.76025391          nan  41.69853973          nan]
12:48 madminer.utils.inter DEBUG     First 10 values for observable a1_eta:
[ 1.7850666   1.29017019 -0.39464056 -1.99379206 -1.56015074  2.10467625
 -0.2722176  -1.58243072         nan -0.99031937 -0.30651397  0.61331975
  1.32708848  1.32364655  1.15389311  0.3342863  -0.14414698         nan
 -0.84588701         nan]
12:48 madminer.utils.inter DEBUG     First 10 values for observable num_bjets:
[0. 0. 1. 0. 2. 2. 2. 1. 1. 1. 3. 0. 0. 1. 2. 1. 2. 1. 1. 1.]
12:48 madminer.utils.inter DEBUG     First 10 values for observable b0_pt:
[         nan          nan  91.4888916           nan  58.7887764
  97.34857941  90.76383209  32.71953583  94.2087326   80.16377258
 156.80874634          nan          nan  59.39697647  62.0063591
  31.93458939 192.93876648 102.50852966 110.6444931   50.95371246]
12:48 madminer.utils.inter DEBUG     First 10 values for observable b0_eta:
[        nan         nan -0.52462953         nan  0.80279875 -0.76178175
 -1.30016363 -0.63917524  0.19124106 -1.33848822 -1.09724474         nan
         nan  0.48696527 -0.93151551  1.44910789 -1.984694   -0.46875367
 -2.45696592  1.06151998]
12:48 madminer.utils.inter DEBUG     First 10 values for observable b1_pt:
[         nan          nan          nan          nan  35.80747223
  47.79249191  39.09261703          nan          nan          nan
 133.17488098          nan          nan          nan  25.58201408
          nan  70.68968201          nan          nan          nan]
12:49 madminer.utils.inter DEBUG     First 10 values for observable b1_eta:
[        nan         nan         nan         nan  0.41370538 -0.35850292
 -0.81381184         nan         nan         nan -1.75492632         nan
         nan         nan  1.28352666         nan -1.12808847         nan
         nan         nan]
12:49 madminer.utils.inter DEBUG     First 10 values for observable bb_deltaR:
[       nan        nan        nan        nan 1.53919247 1.32378264
 1.08306639        nan        nan        nan 1.77234545        nan
        nan        nan 2.26146726        nan 0.9104112         nan
        nan        nan]
12:49 madminer.utils.inter DEBUG     First 10 values for observable aa_deltaR:
[1.6985862  1.88262491 1.98438647 1.64027165 1.04852453 1.61377204
 2.25298929 1.86548943        nan 1.98713955 1.16761831 1.31643269
 1.60046907 1.52163023 2.08088297 2.2504464  0.72627467        nan
 1.91804432        nan]
12:49 madminer.utils.inter DEBUG     First 10 values for observable b0a0_deltaR:
[       nan        nan        nan        nan 4.34048242 3.81545659
 3.25974585        nan        nan        nan 2.17833241        nan
        nan        nan 4.32000777        nan 3.54758976        nan
        nan        nan]
12:49 madminer.utils.inter DEBUG     First 10 values for observable b0a1_deltaR:
[       nan        nan        nan        nan 3.32931914 3.28937077
 2.19808053        nan        nan        nan 3.14521261        nan
        nan        nan 2.3772528         nan 3.32547293        nan
        nan        nan]
12:49 madminer.utils.inter DEBUG     First 10 values for observable b1a0_deltaR:
[       nan        nan        nan        nan 3.09348726 2.6542307
 2.5646439         nan        nan        nan 2.70285532        nan
        nan        nan 3.0973965         nan 3.37692389        nan
        nan        nan]
12:49 madminer.utils.inter DEBUG     First 10 values for observable b1a1_deltaR:
[       nan        nan        nan        nan 3.14511386 3.78539134
 2.96059255        nan        nan        nan 2.01330444        nan
        nan        nan 1.60235594        nan 2.65072558        nan
        nan        nan]
12:49 madminer.utils.inter DEBUG     First 10 values for observable m_tot:
[         nan          nan          nan          nan 638.84140622
 586.38649862 284.35451503          nan          nan          nan
 617.60910218          nan          nan          nan 475.25617237
          nan 903.53383585          nan          nan          nan]
12:49 madminer.utils.inter DEBUG     First 10 values for observable pt_bb:
[         nan          nan          nan          nan  71.28424029
 120.82590003 117.43589828          nan          nan          nan
 197.97675335          nan          nan          nan  85.71893143
          nan 261.17711647          nan          nan          nan]
12:50 madminer.utils.inter DEBUG     First 10 values for observable pt_aa:
[121.04090841 126.29461254 155.14381018 177.2366034  237.35067417
 144.4403472   87.54534023 115.14905443          nan 109.86384119
 234.51426686 170.27617609 143.92866568 128.18876009 100.09114121
  70.91650991 334.22907677          nan 131.34472771          nan]
12:50 madminer.utils.inter DEBUG     First 10 values for observable m_bb:
[         nan          nan          nan          nan  64.93170915
  86.76306446  64.96847306          nan          nan          nan
 234.04612653          nan          nan          nan 109.21471632
          nan 113.28186805          nan          nan          nan]
12:50 madminer.utils.inter DEBUG     First 10 values for observable m_aa:
[124.25719784 123.31624495 120.68651225 123.20516647 131.91458201
 127.05852804 118.24639675 130.13723162          nan 122.26968255
 127.80039879 127.00091356 124.85776289 120.95042983 126.81007998
 128.50988656 121.12672653          nan 128.33564             nan]
12:52 madminer.utils.inter DEBUG     9470 / 9498 events pass required observable a0_pt
12:52 madminer.utils.inter DEBUG     9470 / 9498 events pass required observable a0_eta
12:52 madminer.utils.inter DEBUG     8672 / 9498 events pass required observable a1_pt
12:52 madminer.utils.inter DEBUG     8672 / 9498 events pass required observable a1_eta
12:52 madminer.utils.inter DEBUG     9498 / 9498 events pass required observable num_bjets
12:52 madminer.utils.inter DEBUG     8179 / 9498 events pass required observable b0_pt
12:52 madminer.utils.inter DEBUG     8179 / 9498 events pass required observable b0_eta
12:52 madminer.utils.inter DEBUG     3469 / 9498 events pass required observable b1_pt
12:52 madminer.utils.inter DEBUG     3469 / 9498 events pass required observable b1_eta
12:52 madminer.utils.inter DEBUG     3469 / 9498 events pass required observable bb_deltaR
12:52 madminer.utils.inter DEBUG     8672 / 9498 events pass required observable aa_deltaR
12:52 madminer.utils.inter DEBUG     3459 / 9498 events pass required observable b0a0_deltaR
12:52 madminer.utils.inter DEBUG     3168 / 9498 events pass required observable b0a1_deltaR
12:52 madminer.utils.inter DEBUG     3459 / 9498 events pass required observable b1a0_deltaR
12:52 madminer.utils.inter DEBUG     3168 / 9498 events pass required observable b1a1_deltaR
12:52 madminer.utils.inter DEBUG     3168 / 9498 events pass required observable m_tot
12:52 madminer.utils.inter DEBUG     3469 / 9498 events pass required observable pt_bb
12:52 madminer.utils.inter DEBUG     8672 / 9498 events pass required observable pt_aa
12:52 madminer.utils.inter DEBUG     3469 / 9498 events pass required observable m_bb
12:52 madminer.utils.inter DEBUG     8672 / 9498 events pass required observable m_aa
12:52 madminer.utils.inter DEBUG     9382 / 9498 events pass cut Cut(name='CUT', val_expression='a0_pt>30', is_required=False)
12:52 madminer.utils.inter DEBUG     7543 / 9498 events pass cut Cut(name='CUT', val_expression='a1_pt>30', is_required=False)
12:52 madminer.utils.inter DEBUG     7946 / 9498 events pass cut Cut(name='CUT', val_expression='b0_pt>30', is_required=False)
12:52 madminer.utils.inter DEBUG     2913 / 9498 events pass cut Cut(name='CUT', val_expression='b1_pt>30', is_required=False)
12:52 madminer.utils.inter DEBUG     9138 / 9498 events pass cut Cut(name='CUT', val_expression='abs(a0_eta)<2.4', is_required=False)
12:52 madminer.utils.inter DEBUG     8219 / 9498 events pass cut Cut(name='CUT', val_expression='abs(a1_eta)<2.4', is_required=False)
12:52 madminer.utils.inter DEBUG     7790 / 9498 events pass cut Cut(name='CUT', val_expression='abs(b0_eta)<2.4', is_required=False)
12:52 madminer.utils.inter DEBUG     3243 / 9498 events pass cut Cut(name='CUT', val_expression='abs(b1_eta)<2.4', is_required=False)
12:52 madminer.utils.inter DEBUG     3469 / 9498 events pass cut Cut(name='CUT', val_expression='bb_deltaR>0.4', is_required=False)
12:52 madminer.utils.inter DEBUG     8666 / 9498 events pass cut Cut(name='CUT', val_expression='aa_deltaR>0.4', is_required=False)
12:52 madminer.utils.inter DEBUG     3453 / 9498 events pass cut Cut(name='CUT', val_expression='b0a0_deltaR>1', is_required=False)
12:52 madminer.utils.inter DEBUG     3114 / 9498 events pass cut Cut(name='CUT', val_expression='b0a1_deltaR>1', is_required=False)
12:52 madminer.utils.inter DEBUG     3426 / 9498 events pass cut Cut(name='CUT', val_expression='b1a0_deltaR>1', is_required=False)
12:52 madminer.utils.inter DEBUG     3102 / 9498 events pass cut Cut(name='CUT', val_expression='b1a1_deltaR>1', is_required=False)
12:52 madminer.utils.inter DEBUG     1289 / 9498 events pass cut Cut(name='CUT', val_expression='abs(m_bb-125)<25', is_required=False)
12:52 madminer.utils.inter DEBUG     4057 / 9498 events pass cut Cut(name='CUT', val_expression='abs(m_aa-125)<3', is_required=False)
12:52 madminer.utils.inter DEBUG     3305 / 9498 events pass cut Cut(name='CUT', val_expression='num_bjets==2', is_required=False)
12:52 madminer.utils.inter DEBUG     7121 / 9498 events pass cut Cut(name='CUT', val_expression='aa_deltaR<2', is_required=False)
12:52 madminer.utils.inter INFO      341 / 9498 events pass everything
12:52 madminer.delphes.del DEBUG   Did not extract weights from Delphes file
12:52 madminer.delphes.del DEBUG   Found 341 events
12:52 madminer.delphes.del DEBUG   Extracting weights from LHE file
12:52 madminer.utils.inter DEBUG   Parsing LHE file /vols/cms/us322/02b_final_events_14_new/background/batch_55//run_01/unweighted_events.lhe.gz
12:52 madminer.utils.inter DEBUG   Parsing header and events as XML with ElementTree
12:52 madminer.utils.inter DEBUG   Found entry event_norm = average in LHE header. Interpreting this as weight_norm_is_average = True.
12:52 madminer.utils.inter DEBUG   Event 1 passes observations, passes cuts, passes efficiencies -> passes
12:52 madminer.utils.inter DEBUG   Event 2 passes observations, passes cuts, passes efficiencies -> passes
12:52 madminer.utils.inter DEBUG   Event 3 passes observations, passes cuts, passes efficiencies -> passes
12:52 madminer.utils.inter DEBUG   Event 4 passes observations, passes cuts, passes efficiencies -> passes
12:52 madminer.utils.inter DEBUG   Event 5 passes observations, passes cuts, passes efficiencies -> passes
12:52 madminer.utils.inter DEBUG   Event 6 passes observations, passes cuts, passes efficiencies -> passes
12:52 madminer.utils.inter DEBUG   Event 7 passes observations, passes cuts, passes efficiencies -> passes
12:52 madminer.utils.inter DEBUG   Event 8 passes observations, passes cuts, passes efficiencies -> passes
12:52 madminer.utils.inter DEBUG   Event 9 passes observations, passes cuts, passes efficiencies -> passes
12:52 madminer.utils.inter DEBUG   Event 10 passes observations, passes cuts, passes efficiencies -> passes
12:52 madminer.utils.inter DEBUG   Event 11 passes observations, passes cuts, passes efficiencies -> passes
12:52 madminer.utils.inter DEBUG   Event 12 passes observations, passes cuts, passes efficiencies -> passes
12:52 madminer.utils.inter DEBUG   Event 13 passes observations, passes cuts, passes efficiencies -> passes
12:52 madminer.utils.inter DEBUG   Event 14 passes observations, passes cuts, passes efficiencies -> passes
12:52 madminer.utils.inter DEBUG   Event 15 passes observations, passes cuts, passes efficiencies -> passes
12:52 madminer.utils.inter DEBUG   Event 16 passes observations, passes cuts, passes efficiencies -> passes
12:52 madminer.utils.inter DEBUG   Event 17 passes observations, passes cuts, passes efficiencies -> passes
12:52 madminer.utils.inter DEBUG   Event 18 passes observations, passes cuts, passes efficiencies -> passes
12:52 madminer.utils.inter DEBUG   Event 19 passes observations, passes cuts, passes efficiencies -> passes
12:52 madminer.utils.inter DEBUG   Event 20 passes observations, passes cuts, passes efficiencies -> passes
12:57 madminer.delphes.del DEBUG   Found weights ['sm', 'morphing_basis_vector_1', 'morphing_basis_vector_2', 'morphing_basis_vector_3', 'morphing_basis_vector_4', 'morphing_basis_vector_5', 'morphing_basis_vector_6', 'morphing_basis_vector_7', 'morphing_basis_vector_8', 'morphing_basis_vector_9'] in LHE file
12:57 madminer.delphes.del DEBUG   Applying Delphes-based cuts to LHE weights
Traceback (most recent call last):
  File "03a_read_delphes.py", line 276, in <module>
    delphes.analyse_delphes_samples()
  File "/vols/cms/us322/nsbi_for_dihiggs/madminer/madminer/delphes/delphes_reader.py", line 632, in analyse_delphes_samples
    this_observations, this_weights, this_n_events = self._analyse_delphes_sample(
  File "/vols/cms/us322/nsbi_for_dihiggs/madminer/madminer/delphes/delphes_reader.py", line 820, in _analyse_delphes_sample
    this_weights[key] = weights[cut_filter]
IndexError: boolean index did not match indexed array along dimension 0; dimension is 25000 but corresponding boolean dimension is 9498
