12:38 madminer.utils.inter INFO    HDF5 file does not contain nuisance parameters information
12:38 madminer.utils.inter INFO    HDF5 file does not contain finite difference information
12:38 madminer.utils.inter INFO    HDF5 file does not contain observables information
12:38 madminer.utils.inter INFO    HDF5 file does not contain sample summary information
12:38 madminer.utils.inter INFO    HDF5 file does not contain sample information
12:38 madminer.utils.inter INFO    HDF5 file does not contain systematic information
12:38 madminer.delphes.del DEBUG   Adding event sample /vols/cms/us322/02b_final_events_14_new/signal_supp/mb_vector_6/batch_3//run_01_decayed_1/tag_1_pythia8_events.hepmc.gz
12:38 madminer.delphes.del DEBUG   Adding event sample /vols/cms/us322/02b_final_events_14_new/signal_supp/mb_vector_6/batch_3//run_02_decayed_1/tag_1_pythia8_events.hepmc.gz
12:38 madminer.delphes.del INFO    Running Delphes on HepMC sample at /vols/cms/us322/02b_final_events_14_new/signal_supp/mb_vector_6/batch_3//run_01_decayed_1/tag_1_pythia8_events.hepmc.gz
12:38 madminer.utils.inter DEBUG   Unzipping /vols/cms/us322/02b_final_events_14_new/signal_supp/mb_vector_6/batch_3//run_01_decayed_1/tag_1_pythia8_events.hepmc.gz
12:47 madminer.utils.inter DEBUG   Deleting /vols/cms/us322/02b_final_events_14_new/signal_supp/mb_vector_6/batch_3/run_01_decayed_1/tag_1_pythia8_events.hepmc
12:47 madminer.delphes.del INFO    Running Delphes on HepMC sample at /vols/cms/us322/02b_final_events_14_new/signal_supp/mb_vector_6/batch_3//run_02_decayed_1/tag_1_pythia8_events.hepmc.gz
12:47 madminer.utils.inter DEBUG   Unzipping /vols/cms/us322/02b_final_events_14_new/signal_supp/mb_vector_6/batch_3//run_02_decayed_1/tag_1_pythia8_events.hepmc.gz
12:58 madminer.utils.inter DEBUG   Deleting /vols/cms/us322/02b_final_events_14_new/signal_supp/mb_vector_6/batch_3/run_02_decayed_1/tag_1_pythia8_events.hepmc
12:58 madminer.delphes.del DEBUG   Adding required observable a0_pt = a[0].pt
12:58 madminer.delphes.del DEBUG   Adding required observable a0_eta = a[0].eta
12:58 madminer.delphes.del DEBUG   Adding required observable a1_pt = a[1].pt
12:58 madminer.delphes.del DEBUG   Adding required observable a1_eta = a[1].eta
12:58 madminer.delphes.del DEBUG   Adding required observable num_bjets defined through external function
12:58 madminer.delphes.del DEBUG   Adding required observable b0_pt defined through external function
12:58 madminer.delphes.del DEBUG   Adding required observable b0_eta defined through external function
12:58 madminer.delphes.del DEBUG   Adding required observable b1_pt defined through external function
12:58 madminer.delphes.del DEBUG   Adding required observable b1_eta defined through external function
12:58 madminer.delphes.del DEBUG   Adding required observable bb_deltaR defined through external function
12:58 madminer.delphes.del DEBUG   Adding required observable aa_deltaR = a[0].deltaR(a[1])
12:58 madminer.delphes.del DEBUG   Adding required observable b0a0_deltaR defined through external function
12:58 madminer.delphes.del DEBUG   Adding required observable b0a1_deltaR defined through external function
12:58 madminer.delphes.del DEBUG   Adding required observable b1a0_deltaR defined through external function
12:58 madminer.delphes.del DEBUG   Adding required observable b1a1_deltaR defined through external function
12:58 madminer.delphes.del DEBUG   Adding required observable m_tot defined through external function
12:58 madminer.delphes.del DEBUG   Adding required observable pt_bb defined through external function
12:58 madminer.delphes.del DEBUG   Adding required observable pt_aa = (a[0]+a[1]).pt
12:58 madminer.delphes.del DEBUG   Adding required observable m_bb defined through external function
12:58 madminer.delphes.del DEBUG   Adding required observable m_aa = (a[0]+a[1]).m
12:58 madminer.delphes.del DEBUG   Adding cut a0_pt>30
12:58 madminer.delphes.del DEBUG   Adding cut a1_pt>30
12:58 madminer.delphes.del DEBUG   Adding cut b0_pt>30
12:58 madminer.delphes.del DEBUG   Adding cut b1_pt>30
12:58 madminer.delphes.del DEBUG   Adding cut abs(a0_eta)<2.4
12:58 madminer.delphes.del DEBUG   Adding cut abs(a1_eta)<2.4
12:58 madminer.delphes.del DEBUG   Adding cut abs(b0_eta)<2.4
12:58 madminer.delphes.del DEBUG   Adding cut abs(b1_eta)<2.4
12:58 madminer.delphes.del DEBUG   Adding cut bb_deltaR>0.4
12:58 madminer.delphes.del DEBUG   Adding cut aa_deltaR>0.4
12:58 madminer.delphes.del DEBUG   Adding cut b0a0_deltaR>1
12:58 madminer.delphes.del DEBUG   Adding cut b0a1_deltaR>1
12:58 madminer.delphes.del DEBUG   Adding cut b1a0_deltaR>1
12:58 madminer.delphes.del DEBUG   Adding cut b1a1_deltaR>1
12:58 madminer.delphes.del DEBUG   Adding cut abs(m_bb-125)<25
12:58 madminer.delphes.del DEBUG   Adding cut abs(m_aa-125)<3
12:58 madminer.delphes.del DEBUG   Adding cut num_bjets==2
12:58 madminer.delphes.del DEBUG   Adding cut aa_deltaR<2
12:58 madminer.delphes.del INFO    Analysing Delphes sample /vols/cms/us322/02b_final_events_14_new/signal_supp/mb_vector_6/batch_3/run_01_decayed_1/tag_1_pythia8_events_delphes.root: Calculating 20 observables, requiring 18 selection cuts, associated with no systematics
12:58 madminer.delphes.del DEBUG   Extracting nuisance parameter definitions from LHE file
12:58 madminer.utils.inter DEBUG   Parsing nuisance parameter setup from LHE file at /vols/cms/us322/02b_final_events_14_new/signal_supp/mb_vector_6/batch_3//run_01_decayed_1/unweighted_events.lhe.gz
12:58 madminer.utils.inter DEBUG   Systematics setup: OrderedDict()
12:58 madminer.utils.inter DEBUG   1 weight groups
12:58 madminer.delphes.del DEBUG   systematics_dict: OrderedDict()
12:58 madminer.utils.inter DEBUG   Parsing Delphes file /vols/cms/us322/02b_final_events_14_new/signal_supp/mb_vector_6/batch_3/run_01_decayed_1/tag_1_pythia8_events_delphes.root
12:58 madminer.utils.inter DEBUG   Not extracting weights
12:58 madminer.utils.inter DEBUG   Found 25000 events
13:00 madminer.utils.inter DEBUG     First 10 values for observable a0_pt:
[167.87406921 108.72993469  62.3057251  271.08786011 108.23745728
  63.5449295   39.38629913  70.47270203 187.27638245 104.28916931
 145.19606018 117.55462646 238.17129517  76.85438538 158.10223389
 185.37478638 118.1048584  115.80135345 122.8849411   81.16920471]
13:01 madminer.utils.inter DEBUG     First 10 values for observable a0_eta:
[ 0.0354478   0.76534224 -1.0705955  -0.20413028 -0.21176796  0.28108919
  0.61780757 -0.25687191  1.2732985  -0.91149241 -1.08464611  0.17069136
  0.17788653  0.97640312  2.18030691 -1.50864995 -0.34414142 -1.58674061
  1.7664063  -0.54685444]
13:01 madminer.utils.inter DEBUG     First 10 values for observable a1_pt:
[ 84.58885193  85.98710632  56.65084076   2.28751302   1.49160719
   1.07049501  24.09035683  70.0043335   33.29466248  44.58286667
  53.62949371  25.00746155  30.91137123  53.98851776  41.38668823
 123.77138519  17.21968842  37.1246376   47.16805267  47.95028687]
13:01 madminer.utils.inter DEBUG     First 10 values for observable a1_eta:
[-2.50874758e-01  1.47905648e-01 -5.27829170e-01  5.55928767e-01
 -3.03181052e+00  1.66118824e+00 -1.98105752e+00 -9.08826828e-01
 -1.86427578e-01  8.84587988e-02 -1.89061964e+00  1.26820076e+00
  1.27995145e+00 -7.77488225e-04  1.51646519e+00 -2.04275799e+00
  1.71364498e+00 -2.62900329e+00  1.40254426e+00 -1.06910217e+00]
13:02 madminer.utils.inter DEBUG     First 10 values for observable num_bjets:
[0. 1. 2. 0. 1. 2. 1. 2. 2. 1. 2. 1. 1. 0. 1. 2. 1. 1. 1. 1.]
13:02 madminer.utils.inter DEBUG     First 10 values for observable b0_pt:
[         nan 142.22271729  49.78572845          nan 106.59911346
  72.83620453  59.39410019 113.69327545  81.56302643  92.53398132
  59.58812714 103.94860077 133.72032166          nan 115.8129425
 156.89059448 102.00901794 101.52084351  68.1566925  103.87945557]
13:02 madminer.utils.inter DEBUG     First 10 values for observable b0_eta:
[        nan -0.06471743 -0.08342714         nan  1.16300273 -0.68613398
  1.4987781   0.65778303 -0.45048282 -0.01836093  0.59072387  1.52193701
  2.14053679         nan  2.25752997 -0.56616259 -0.37512827 -0.39368993
  1.46594012 -1.54526854]
13:03 madminer.utils.inter DEBUG     First 10 values for observable b1_pt:
[         nan          nan  33.54798508          nan          nan
  43.66796875          nan 103.41490936  69.03067017          nan
  49.08670425          nan          nan          nan          nan
  33.60253906          nan          nan          nan          nan]
13:03 madminer.utils.inter DEBUG     First 10 values for observable b1_eta:
[        nan         nan  0.59589142         nan         nan  0.6854406
         nan  0.71946627 -1.1446259          nan -0.98642069         nan
         nan         nan         nan  0.34429851         nan         nan
         nan         nan]
13:03 madminer.utils.inter DEBUG     First 10 values for observable bb_deltaR:
[       nan        nan 3.12857596        nan        nan 2.35011279
        nan 2.8155668  2.99058033        nan 1.58914028        nan
        nan        nan        nan 1.39952302        nan        nan
        nan        nan]
13:04 madminer.utils.inter DEBUG     First 10 values for observable aa_deltaR:
[1.10530999 1.39314056 3.18098049 2.83811493 3.89410503 1.81502034
 3.92281377 2.0612136  1.46873757 2.03447333 1.47710738 2.83009357
 1.38476652 2.31775642 1.74695554 0.81007498 2.49377239 1.97525802
 1.86109833 2.80300497]
13:04 madminer.utils.inter DEBUG     First 10 values for observable b0a0_deltaR:
[       nan        nan 2.01315672        nan        nan 1.94102534
        nan 1.01468291 1.8103735         nan 3.03578215        nan
        nan        nan        nan 2.61124049        nan        nan
        nan        nan]
13:04 madminer.utils.inter DEBUG     First 10 values for observable b0a1_deltaR:
[       nan        nan 1.44962381        nan        nan 2.40083037
        nan 2.1800892  0.76281006        nan 3.53211856        nan
        nan        nan        nan 2.34844733        nan        nan
        nan        nan]
13:05 madminer.utils.inter DEBUG     First 10 values for observable b1a0_deltaR:
[       nan        nan 2.11321716        nan        nan 0.46297076
        nan 2.56839473 3.3757534         nan 2.72827982        nan
        nan        nan        nan 2.30580122        nan        nan
        nan        nan]
13:05 madminer.utils.inter DEBUG     First 10 values for observable b1a1_deltaR:
[       nan        nan 2.16405323        nan        nan 1.71001648
        nan 2.54213456 2.39343272        nan 2.48888702        nan
        nan        nan        nan 2.50611878        nan        nan
        nan        nan]
13:05 madminer.utils.inter DEBUG     First 10 values for observable m_tot:
[         nan          nan 237.7868256           nan          nan
 179.75915415          nan 431.15461593 529.33817212          nan
 411.32480737          nan          nan          nan          nan
 577.7952996           nan          nan          nan          nan]
13:06 madminer.utils.inter DEBUG     First 10 values for observable pt_bb:
[         nan          nan  16.62798886          nan          nan
  71.45121289          nan  36.73493275  21.45997712          nan
 108.16410615          nan          nan          nan          nan
 175.70378415          nan          nan          nan          nan]
13:06 madminer.utils.inter DEBUG     First 10 values for observable pt_aa:
[221.43393843 158.532688     5.67130965 268.98886435 106.90040194
  63.96152295  16.52254607  78.5184506  220.19854426 104.91679181
 170.43483725  96.85275933 259.85734335  67.96886254 161.61366458
 295.49976311 122.07268316 117.767128   120.03444425  41.00169723]
13:06 madminer.utils.inter DEBUG     First 10 values for observable m_bb:
[         nan          nan  87.01125204          nan          nan
 124.96399353          nan 214.65797069 159.58999641          nan
  95.21935582          nan          nan          nan          nan
 101.83701733          nan          nan          nan          nan]
13:07 madminer.utils.inter DEBUG     First 10 values for observable m_aa:
[126.0026116  128.3005873  123.22379972  52.48710966  54.84705142
  15.34788313 121.20021958 125.46274449 126.42647931 127.29860987
 125.78400831 121.87907994 121.50657788 129.56707234 129.1041181
 122.28521727 124.5977895  120.93719094 123.63518283 126.79349235]
13:13 madminer.utils.inter DEBUG     24833 / 25000 events pass required observable a0_pt
13:13 madminer.utils.inter DEBUG     24833 / 25000 events pass required observable a0_eta
13:13 madminer.utils.inter DEBUG     22377 / 25000 events pass required observable a1_pt
13:13 madminer.utils.inter DEBUG     22377 / 25000 events pass required observable a1_eta
13:13 madminer.utils.inter DEBUG     25000 / 25000 events pass required observable num_bjets
13:13 madminer.utils.inter DEBUG     20340 / 25000 events pass required observable b0_pt
13:13 madminer.utils.inter DEBUG     20340 / 25000 events pass required observable b0_eta
13:13 madminer.utils.inter DEBUG     7431 / 25000 events pass required observable b1_pt
13:13 madminer.utils.inter DEBUG     7431 / 25000 events pass required observable b1_eta
13:13 madminer.utils.inter DEBUG     7431 / 25000 events pass required observable bb_deltaR
13:13 madminer.utils.inter DEBUG     22377 / 25000 events pass required observable aa_deltaR
13:13 madminer.utils.inter DEBUG     7364 / 25000 events pass required observable b0a0_deltaR
13:13 madminer.utils.inter DEBUG     6527 / 25000 events pass required observable b0a1_deltaR
13:13 madminer.utils.inter DEBUG     7364 / 25000 events pass required observable b1a0_deltaR
13:13 madminer.utils.inter DEBUG     6527 / 25000 events pass required observable b1a1_deltaR
13:13 madminer.utils.inter DEBUG     6527 / 25000 events pass required observable m_tot
13:13 madminer.utils.inter DEBUG     7431 / 25000 events pass required observable pt_bb
13:13 madminer.utils.inter DEBUG     22377 / 25000 events pass required observable pt_aa
13:13 madminer.utils.inter DEBUG     7431 / 25000 events pass required observable m_bb
13:13 madminer.utils.inter DEBUG     22377 / 25000 events pass required observable m_aa
13:13 madminer.utils.inter DEBUG     23943 / 25000 events pass cut Cut(name='CUT', val_expression='a0_pt>30', is_required=False)
13:13 madminer.utils.inter DEBUG     14220 / 25000 events pass cut Cut(name='CUT', val_expression='a1_pt>30', is_required=False)
13:13 madminer.utils.inter DEBUG     19591 / 25000 events pass cut Cut(name='CUT', val_expression='b0_pt>30', is_required=False)
13:13 madminer.utils.inter DEBUG     6255 / 25000 events pass cut Cut(name='CUT', val_expression='b1_pt>30', is_required=False)
13:13 madminer.utils.inter DEBUG     23498 / 25000 events pass cut Cut(name='CUT', val_expression='abs(a0_eta)<2.4', is_required=False)
13:13 madminer.utils.inter DEBUG     19942 / 25000 events pass cut Cut(name='CUT', val_expression='abs(a1_eta)<2.4', is_required=False)
13:13 madminer.utils.inter DEBUG     19346 / 25000 events pass cut Cut(name='CUT', val_expression='abs(b0_eta)<2.4', is_required=False)
13:13 madminer.utils.inter DEBUG     6947 / 25000 events pass cut Cut(name='CUT', val_expression='abs(b1_eta)<2.4', is_required=False)
13:13 madminer.utils.inter DEBUG     7431 / 25000 events pass cut Cut(name='CUT', val_expression='bb_deltaR>0.4', is_required=False)
13:13 madminer.utils.inter DEBUG     22312 / 25000 events pass cut Cut(name='CUT', val_expression='aa_deltaR>0.4', is_required=False)
13:13 madminer.utils.inter DEBUG     7015 / 25000 events pass cut Cut(name='CUT', val_expression='b0a0_deltaR>1', is_required=False)
13:13 madminer.utils.inter DEBUG     6006 / 25000 events pass cut Cut(name='CUT', val_expression='b0a1_deltaR>1', is_required=False)
13:13 madminer.utils.inter DEBUG     6903 / 25000 events pass cut Cut(name='CUT', val_expression='b1a0_deltaR>1', is_required=False)
13:13 madminer.utils.inter DEBUG     5997 / 25000 events pass cut Cut(name='CUT', val_expression='b1a1_deltaR>1', is_required=False)
13:13 madminer.utils.inter DEBUG     2430 / 25000 events pass cut Cut(name='CUT', val_expression='abs(m_bb-125)<25', is_required=False)
13:13 madminer.utils.inter DEBUG     11852 / 25000 events pass cut Cut(name='CUT', val_expression='abs(m_aa-125)<3', is_required=False)
13:13 madminer.utils.inter DEBUG     6850 / 25000 events pass cut Cut(name='CUT', val_expression='num_bjets==2', is_required=False)
13:13 madminer.utils.inter DEBUG     10487 / 25000 events pass cut Cut(name='CUT', val_expression='aa_deltaR<2', is_required=False)
13:13 madminer.utils.inter INFO      405 / 25000 events pass everything
13:13 madminer.delphes.del DEBUG   Did not extract weights from Delphes file
13:13 madminer.delphes.del DEBUG   Found 405 events
13:13 madminer.delphes.del DEBUG   Extracting weights from LHE file
13:13 madminer.utils.inter DEBUG   Parsing LHE file /vols/cms/us322/02b_final_events_14_new/signal_supp/mb_vector_6/batch_3//run_01_decayed_1/unweighted_events.lhe.gz
13:13 madminer.utils.inter DEBUG   Parsing header and events as XML with ElementTree
13:13 madminer.utils.inter DEBUG   Found entry event_norm = average in LHE header. Interpreting this as weight_norm_is_average = True.
13:13 madminer.utils.inter DEBUG   Event 1 passes observations, passes cuts, passes efficiencies -> passes
13:13 madminer.utils.inter DEBUG   Event 2 passes observations, passes cuts, passes efficiencies -> passes
13:13 madminer.utils.inter DEBUG   Event 3 passes observations, passes cuts, passes efficiencies -> passes
13:13 madminer.utils.inter DEBUG   Event 4 passes observations, passes cuts, passes efficiencies -> passes
13:13 madminer.utils.inter DEBUG   Event 5 passes observations, passes cuts, passes efficiencies -> passes
13:13 madminer.utils.inter DEBUG   Event 6 passes observations, passes cuts, passes efficiencies -> passes
13:13 madminer.utils.inter DEBUG   Event 7 passes observations, passes cuts, passes efficiencies -> passes
13:13 madminer.utils.inter DEBUG   Event 8 passes observations, passes cuts, passes efficiencies -> passes
13:13 madminer.utils.inter DEBUG   Event 9 passes observations, passes cuts, passes efficiencies -> passes
13:13 madminer.utils.inter DEBUG   Event 10 passes observations, passes cuts, passes efficiencies -> passes
13:13 madminer.utils.inter DEBUG   Event 11 passes observations, passes cuts, passes efficiencies -> passes
13:13 madminer.utils.inter DEBUG   Event 12 passes observations, passes cuts, passes efficiencies -> passes
13:13 madminer.utils.inter DEBUG   Event 13 passes observations, passes cuts, passes efficiencies -> passes
13:13 madminer.utils.inter DEBUG   Event 14 passes observations, passes cuts, passes efficiencies -> passes
13:13 madminer.utils.inter DEBUG   Event 15 passes observations, passes cuts, passes efficiencies -> passes
13:13 madminer.utils.inter DEBUG   Event 16 passes observations, passes cuts, passes efficiencies -> passes
13:13 madminer.utils.inter DEBUG   Event 17 passes observations, passes cuts, passes efficiencies -> passes
13:13 madminer.utils.inter DEBUG   Event 18 passes observations, passes cuts, passes efficiencies -> passes
13:13 madminer.utils.inter DEBUG   Event 19 passes observations, passes cuts, passes efficiencies -> passes
13:13 madminer.utils.inter DEBUG   Event 20 passes observations, passes cuts, passes efficiencies -> passes
13:18 madminer.delphes.del DEBUG   Found weights ['sm', 'morphing_basis_vector_1', 'morphing_basis_vector_2', 'morphing_basis_vector_3', 'morphing_basis_vector_4', 'morphing_basis_vector_5', 'morphing_basis_vector_6', 'morphing_basis_vector_7', 'morphing_basis_vector_8', 'morphing_basis_vector_9'] in LHE file
13:18 madminer.delphes.del DEBUG   Applying Delphes-based cuts to LHE weights
13:18 madminer.delphes.del INFO    Analysing Delphes sample /vols/cms/us322/02b_final_events_14_new/signal_supp/mb_vector_6/batch_3/run_02_decayed_1/tag_1_pythia8_events_delphes.root: Calculating 20 observables, requiring 18 selection cuts, associated with no systematics
13:18 madminer.delphes.del DEBUG   Extracting nuisance parameter definitions from LHE file
13:18 madminer.utils.inter DEBUG   Parsing nuisance parameter setup from LHE file at /vols/cms/us322/02b_final_events_14_new/signal_supp/mb_vector_6/batch_3//run_02_decayed_1/unweighted_events.lhe.gz
13:18 madminer.utils.inter DEBUG   Systematics setup: OrderedDict()
13:18 madminer.utils.inter DEBUG   1 weight groups
13:18 madminer.delphes.del DEBUG   systematics_dict: OrderedDict()
13:18 madminer.utils.inter DEBUG   Parsing Delphes file /vols/cms/us322/02b_final_events_14_new/signal_supp/mb_vector_6/batch_3/run_02_decayed_1/tag_1_pythia8_events_delphes.root
13:18 madminer.utils.inter DEBUG   Not extracting weights
13:18 madminer.utils.inter DEBUG   Found 25000 events
13:21 madminer.utils.inter DEBUG     First 10 values for observable a0_pt:
[ 94.16743469 112.88175201  33.81751251  86.11894989 137.83369446
 117.3534317   90.63005066  70.71112823  71.61949158  78.37052917
  60.47060776  28.43904305 179.7878418  123.38117981  73.52985382
 138.0059967  125.12245178  92.97814941  38.1262207   65.89344025]
13:21 madminer.utils.inter DEBUG     First 10 values for observable a0_eta:
[-2.85088897  1.70549059  1.92618811  0.96350348  1.47846413  1.01024556
 -1.16724658 -1.58239198 -0.89222348 -0.21292594  0.63477582  0.69062501
  0.93783933  0.72714078 -0.27253482 -0.9936077  -2.02749562  1.33698475
 -2.73259425 -0.61379552]
13:22 madminer.utils.inter DEBUG     First 10 values for observable a1_pt:
[ 44.52936554 110.01079559          nan  60.64919281  46.87676239
  35.71017456  48.63851166  69.02902222  30.4083519   69.45797729
   1.99576259   1.21859765   2.22182989  67.56840515  50.95681381
  31.79340744  31.61419106  74.80302429  37.82802963  35.91924667]
13:22 madminer.utils.inter DEBUG     First 10 values for observable a1_eta:
[-2.85861969  1.80227542         nan  2.26257181  2.21583176  1.86603975
 -2.68747807 -3.14642143  1.28787315  0.76249439 -0.44698134 -3.00851226
 -1.25606656  0.85225439  1.1503427   0.53479284 -0.52240086  0.18466258
 -0.45304462  1.07778788]
13:22 madminer.utils.inter DEBUG     First 10 values for observable num_bjets:
[0. 1. 2. 1. 0. 2. 2. 1. 1. 1. 1. 2. 0. 2. 2. 2. 1. 2. 2. 0.]
13:23 madminer.utils.inter DEBUG     First 10 values for observable b0_pt:
[         nan 177.26115417  39.53697205  68.64815521          nan
 148.73161316  42.52038193  86.7556839   26.06372833  74.20043182
 116.85892487 164.86134338          nan 162.32229614  40.72151947
  80.89116669  50.41897583  96.44303131  32.50020218          nan]
13:23 madminer.utils.inter DEBUG     First 10 values for observable b0_eta:
[        nan  2.15584993 -0.15336013 -0.82288986         nan  0.41485214
  0.57456958 -2.65042067  0.41980827  0.90098429  0.99319851  0.11233445
         nan  0.16487029 -0.18326023  0.3812952  -0.5484212   0.96672916
 -0.40478116         nan]
13:23 madminer.utils.inter DEBUG     First 10 values for observable b1_pt:
[         nan          nan  34.39884567          nan          nan
 104.27877808  42.17025375          nan          nan          nan
          nan  55.88565826          nan  98.5395813   28.61714172
  38.97460938          nan  26.42620277  29.42303085          nan]
13:24 madminer.utils.inter DEBUG     First 10 values for observable b1_eta:
[        nan         nan -1.75448859         nan         nan  0.82881993
  1.6860559          nan         nan         nan         nan  0.15509118
         nan  0.29853961 -0.8045879   1.25550842         nan -0.34651434
  0.11900374         nan]
13:24 madminer.utils.inter DEBUG     First 10 values for observable bb_deltaR:
[       nan        nan 2.38225076        nan        nan 0.72495679
 3.1081706         nan        nan        nan        nan 1.85322959
        nan 1.02445019 2.69169497 1.47408075        nan 1.31337447
 3.03891703        nan]
13:24 madminer.utils.inter DEBUG     First 10 values for observable aa_deltaR:
[2.72714143 1.15366719        nan 1.64062403 1.69436231 2.41676825
 1.72049872 1.61266959 2.25656669 1.79294277 1.44989347 3.86863565
 2.4762053  1.48741113 2.13233572 1.63980366 1.85277601 1.42985403
 3.4178108  2.60872336]
13:25 madminer.utils.inter DEBUG     First 10 values for observable b0a0_deltaR:
[       nan        nan 2.54549529        nan        nan 0.60480726
 2.33175723        nan        nan        nan        nan 2.06737904
        nan 1.93043867 3.05887107 2.63303073        nan 2.52009804
 2.34525649        nan]
13:25 madminer.utils.inter DEBUG     First 10 values for observable b0a1_deltaR:
[       nan        nan        nan        nan        nan 2.7759893
 3.34595099        nan        nan        nan        nan 3.2351291
        nan 3.0332199  2.11180952 2.84378934        nan 3.04600122
 2.832501          nan]
13:25 madminer.utils.inter DEBUG     First 10 values for observable b1a0_deltaR:
[       nan        nan 4.7809453         nan        nan 0.5214273
 3.38990261        nan        nan        nan        nan 2.50354606
        nan 0.93506037 0.68950726 3.63116743        nan 2.99263291
 4.14211012        nan]
13:26 madminer.utils.inter DEBUG     First 10 values for observable b1a1_deltaR:
[       nan        nan        nan        nan        nan 2.05266265
 5.10646546        nan        nan        nan        nan 4.1623892
        nan 2.37853585 2.81591897 2.36896357        nan 3.00968258
 0.73259163        nan]
13:26 madminer.utils.inter DEBUG     First 10 values for observable m_tot:
[         nan          nan          nan          nan          nan
 283.70674299 577.22612481          nan          nan          nan
          nan 228.64274033          nan 416.66790388 234.37703661
 398.41249725          nan 336.3768054  241.89503124          nan]
13:26 madminer.utils.inter DEBUG     First 10 values for observable pt_bb:
[         nan          nan  47.16286128          nan          nan
 242.24187112  10.10042774          nan          nan          nan
          nan 158.66878048          nan 230.04022136  21.39139674
 102.09880015          nan 122.86566648   5.51547347          nan]
13:27 madminer.utils.inter DEBUG     First 10 values for observable pt_aa:
[ 56.33819035 187.08044764          nan 129.30958535 147.58280745
  98.56968601 129.17521906 137.05022627  98.44520923 108.11449672
  61.62822969  28.97714774 180.71043629 145.82410341  88.73032485
 165.31252602 142.76010891 153.15652523  22.26672287  61.01568065]
13:27 madminer.utils.inter DEBUG     First 10 values for observable m_bb:
[         nan          nan  87.47546286          nan          nan
  91.92077357  97.99807241          nan          nan          nan
          nan 154.73724273          nan 128.08966404  69.5361503
  82.37178007          nan  72.38662549  64.1214981           nan]
13:27 madminer.utils.inter DEBUG     First 10 values for observable m_aa:
[126.7401738  121.64884372          nan 122.25241074 126.54010849
 130.28296661 122.5425411  123.79794233 126.00135246 125.56893555
  16.11069972  37.04010574  57.44626397 123.80524859 128.75968486
 117.94303219 122.35728951 122.46253078 128.95848352 123.25845067]
13:33 madminer.utils.inter DEBUG     24835 / 25000 events pass required observable a0_pt
13:33 madminer.utils.inter DEBUG     24835 / 25000 events pass required observable a0_eta
13:33 madminer.utils.inter DEBUG     22376 / 25000 events pass required observable a1_pt
13:33 madminer.utils.inter DEBUG     22376 / 25000 events pass required observable a1_eta
13:33 madminer.utils.inter DEBUG     25000 / 25000 events pass required observable num_bjets
13:33 madminer.utils.inter DEBUG     20272 / 25000 events pass required observable b0_pt
13:33 madminer.utils.inter DEBUG     20272 / 25000 events pass required observable b0_eta
13:33 madminer.utils.inter DEBUG     7429 / 25000 events pass required observable b1_pt
13:33 madminer.utils.inter DEBUG     7429 / 25000 events pass required observable b1_eta
13:33 madminer.utils.inter DEBUG     7429 / 25000 events pass required observable bb_deltaR
13:33 madminer.utils.inter DEBUG     22376 / 25000 events pass required observable aa_deltaR
13:33 madminer.utils.inter DEBUG     7364 / 25000 events pass required observable b0a0_deltaR
13:33 madminer.utils.inter DEBUG     6546 / 25000 events pass required observable b0a1_deltaR
13:33 madminer.utils.inter DEBUG     7364 / 25000 events pass required observable b1a0_deltaR
13:33 madminer.utils.inter DEBUG     6546 / 25000 events pass required observable b1a1_deltaR
13:33 madminer.utils.inter DEBUG     6546 / 25000 events pass required observable m_tot
13:33 madminer.utils.inter DEBUG     7429 / 25000 events pass required observable pt_bb
13:33 madminer.utils.inter DEBUG     22376 / 25000 events pass required observable pt_aa
13:33 madminer.utils.inter DEBUG     7429 / 25000 events pass required observable m_bb
13:33 madminer.utils.inter DEBUG     22376 / 25000 events pass required observable m_aa
13:33 madminer.utils.inter DEBUG     23951 / 25000 events pass cut Cut(name='CUT', val_expression='a0_pt>30', is_required=False)
13:33 madminer.utils.inter DEBUG     14296 / 25000 events pass cut Cut(name='CUT', val_expression='a1_pt>30', is_required=False)
13:33 madminer.utils.inter DEBUG     19551 / 25000 events pass cut Cut(name='CUT', val_expression='b0_pt>30', is_required=False)
13:33 madminer.utils.inter DEBUG     6231 / 25000 events pass cut Cut(name='CUT', val_expression='b1_pt>30', is_required=False)
13:33 madminer.utils.inter DEBUG     23556 / 25000 events pass cut Cut(name='CUT', val_expression='abs(a0_eta)<2.4', is_required=False)
13:33 madminer.utils.inter DEBUG     19978 / 25000 events pass cut Cut(name='CUT', val_expression='abs(a1_eta)<2.4', is_required=False)
13:33 madminer.utils.inter DEBUG     19368 / 25000 events pass cut Cut(name='CUT', val_expression='abs(b0_eta)<2.4', is_required=False)
13:33 madminer.utils.inter DEBUG     6980 / 25000 events pass cut Cut(name='CUT', val_expression='abs(b1_eta)<2.4', is_required=False)
13:33 madminer.utils.inter DEBUG     7428 / 25000 events pass cut Cut(name='CUT', val_expression='bb_deltaR>0.4', is_required=False)
13:33 madminer.utils.inter DEBUG     22335 / 25000 events pass cut Cut(name='CUT', val_expression='aa_deltaR>0.4', is_required=False)
13:33 madminer.utils.inter DEBUG     7015 / 25000 events pass cut Cut(name='CUT', val_expression='b0a0_deltaR>1', is_required=False)
13:33 madminer.utils.inter DEBUG     6003 / 25000 events pass cut Cut(name='CUT', val_expression='b0a1_deltaR>1', is_required=False)
13:33 madminer.utils.inter DEBUG     6917 / 25000 events pass cut Cut(name='CUT', val_expression='b1a0_deltaR>1', is_required=False)
13:33 madminer.utils.inter DEBUG     6014 / 25000 events pass cut Cut(name='CUT', val_expression='b1a1_deltaR>1', is_required=False)
13:33 madminer.utils.inter DEBUG     2408 / 25000 events pass cut Cut(name='CUT', val_expression='abs(m_bb-125)<25', is_required=False)
13:33 madminer.utils.inter DEBUG     11827 / 25000 events pass cut Cut(name='CUT', val_expression='abs(m_aa-125)<3', is_required=False)
13:33 madminer.utils.inter DEBUG     6862 / 25000 events pass cut Cut(name='CUT', val_expression='num_bjets==2', is_required=False)
13:33 madminer.utils.inter DEBUG     10510 / 25000 events pass cut Cut(name='CUT', val_expression='aa_deltaR<2', is_required=False)
13:33 madminer.utils.inter INFO      410 / 25000 events pass everything
13:33 madminer.delphes.del DEBUG   Did not extract weights from Delphes file
13:33 madminer.delphes.del DEBUG   Found 410 events
13:33 madminer.delphes.del DEBUG   Extracting weights from LHE file
13:33 madminer.utils.inter DEBUG   Parsing LHE file /vols/cms/us322/02b_final_events_14_new/signal_supp/mb_vector_6/batch_3//run_02_decayed_1/unweighted_events.lhe.gz
13:33 madminer.utils.inter DEBUG   Parsing header and events as XML with ElementTree
13:33 madminer.utils.inter DEBUG   Found entry event_norm = average in LHE header. Interpreting this as weight_norm_is_average = True.
13:33 madminer.utils.inter DEBUG   Event 1 passes observations, passes cuts, passes efficiencies -> passes
13:33 madminer.utils.inter DEBUG   Event 2 passes observations, passes cuts, passes efficiencies -> passes
13:33 madminer.utils.inter DEBUG   Event 3 passes observations, passes cuts, passes efficiencies -> passes
13:33 madminer.utils.inter DEBUG   Event 4 passes observations, passes cuts, passes efficiencies -> passes
13:33 madminer.utils.inter DEBUG   Event 5 passes observations, passes cuts, passes efficiencies -> passes
13:33 madminer.utils.inter DEBUG   Event 6 passes observations, passes cuts, passes efficiencies -> passes
13:33 madminer.utils.inter DEBUG   Event 7 passes observations, passes cuts, passes efficiencies -> passes
13:33 madminer.utils.inter DEBUG   Event 8 passes observations, passes cuts, passes efficiencies -> passes
13:33 madminer.utils.inter DEBUG   Event 9 passes observations, passes cuts, passes efficiencies -> passes
13:33 madminer.utils.inter DEBUG   Event 10 passes observations, passes cuts, passes efficiencies -> passes
13:33 madminer.utils.inter DEBUG   Event 11 passes observations, passes cuts, passes efficiencies -> passes
13:33 madminer.utils.inter DEBUG   Event 12 passes observations, passes cuts, passes efficiencies -> passes
13:33 madminer.utils.inter DEBUG   Event 13 passes observations, passes cuts, passes efficiencies -> passes
13:33 madminer.utils.inter DEBUG   Event 14 passes observations, passes cuts, passes efficiencies -> passes
13:33 madminer.utils.inter DEBUG   Event 15 passes observations, passes cuts, passes efficiencies -> passes
13:33 madminer.utils.inter DEBUG   Event 16 passes observations, passes cuts, passes efficiencies -> passes
13:33 madminer.utils.inter DEBUG   Event 17 passes observations, passes cuts, passes efficiencies -> passes
13:33 madminer.utils.inter DEBUG   Event 18 passes observations, passes cuts, passes efficiencies -> passes
13:33 madminer.utils.inter DEBUG   Event 19 passes observations, passes cuts, passes efficiencies -> passes
13:33 madminer.utils.inter DEBUG   Event 20 passes observations, passes cuts, passes efficiencies -> passes
13:39 madminer.delphes.del DEBUG   Found weights ['sm', 'morphing_basis_vector_1', 'morphing_basis_vector_2', 'morphing_basis_vector_3', 'morphing_basis_vector_4', 'morphing_basis_vector_5', 'morphing_basis_vector_6', 'morphing_basis_vector_7', 'morphing_basis_vector_8', 'morphing_basis_vector_9'] in LHE file
13:39 madminer.delphes.del DEBUG   Applying Delphes-based cuts to LHE weights
13:39 root                 DEBUG   Merging data extracted from this file with data from previous files
13:39 root                 DEBUG     Weights for benchmark sm exist in both
13:39 root                 DEBUG     Weights for benchmark morphing_basis_vector_1 exist in both
13:39 root                 DEBUG     Weights for benchmark morphing_basis_vector_2 exist in both
13:39 root                 DEBUG     Weights for benchmark morphing_basis_vector_3 exist in both
13:39 root                 DEBUG     Weights for benchmark morphing_basis_vector_4 exist in both
13:39 root                 DEBUG     Weights for benchmark morphing_basis_vector_5 exist in both
13:39 root                 DEBUG     Weights for benchmark morphing_basis_vector_6 exist in both
13:39 root                 DEBUG     Weights for benchmark morphing_basis_vector_7 exist in both
13:39 root                 DEBUG     Weights for benchmark morphing_basis_vector_8 exist in both
13:39 root                 DEBUG     Weights for benchmark morphing_basis_vector_9 exist in both
13:39 madminer.delphes.del INFO    Analysed number of events per sampling benchmark:
13:39 madminer.delphes.del INFO      815 from morphing_basis_vector_6
13:39 madminer.delphes.del DEBUG   Loading HDF5 data from /vols/cms/us322/nsbi_for_dihiggs/data/setup.h5 and saving file to /vols/cms/us322/03_post_delphes_data_14/delphes_signal_supp_6_batch_3.h5
13:39 madminer.delphes.del DEBUG   Weight names: ['sm', 'morphing_basis_vector_1', 'morphing_basis_vector_2', 'morphing_basis_vector_3', 'morphing_basis_vector_4', 'morphing_basis_vector_5', 'morphing_basis_vector_6', 'morphing_basis_vector_7', 'morphing_basis_vector_8', 'morphing_basis_vector_9']
13:39 madminer.utils.inter DEBUG   Benchmark morphing_basis_vector_1 already in the list of benchmarks
13:39 madminer.utils.inter DEBUG   Benchmark morphing_basis_vector_2 already in the list of benchmarks
13:39 madminer.utils.inter DEBUG   Benchmark morphing_basis_vector_3 already in the list of benchmarks
13:39 madminer.utils.inter DEBUG   Benchmark morphing_basis_vector_4 already in the list of benchmarks
13:39 madminer.utils.inter DEBUG   Benchmark morphing_basis_vector_5 already in the list of benchmarks
13:39 madminer.utils.inter DEBUG   Benchmark morphing_basis_vector_6 already in the list of benchmarks
13:39 madminer.utils.inter DEBUG   Benchmark morphing_basis_vector_7 already in the list of benchmarks
13:39 madminer.utils.inter DEBUG   Benchmark morphing_basis_vector_8 already in the list of benchmarks
13:39 madminer.utils.inter DEBUG   Benchmark morphing_basis_vector_9 already in the list of benchmarks
13:39 madminer.utils.inter DEBUG   Benchmark sm already in the list of benchmarks
13:39 madminer.utils.inter DEBUG   Weight names to save in event file: odict_keys(['sm', 'morphing_basis_vector_1', 'morphing_basis_vector_2', 'morphing_basis_vector_3', 'morphing_basis_vector_4', 'morphing_basis_vector_5', 'morphing_basis_vector_6', 'morphing_basis_vector_7', 'morphing_basis_vector_8', 'morphing_basis_vector_9'])
13:39 madminer.utils.inter DEBUG   Benchmark names to save in event file: ['sm', 'morphing_basis_vector_1', 'morphing_basis_vector_2', 'morphing_basis_vector_3', 'morphing_basis_vector_4', 'morphing_basis_vector_5', 'morphing_basis_vector_6', 'morphing_basis_vector_7', 'morphing_basis_vector_8', 'morphing_basis_vector_9']
13:39 madminer.sampling.co DEBUG   Combining and shuffling samples
13:39 madminer.sampling.co DEBUG   Copying setup from /vols/cms/us322/03_post_delphes_data_14/delphes_signal_supp_6_batch_3.h5 to /vols/cms/us322/03_post_delphes_data_14/delphes_signal_supp_6_batch_3.h5
13:39 madminer.sampling.co DEBUG   Loading samples from file 1 / 1 at /vols/cms/us322/03_post_delphes_data_14/delphes_signal_supp_6_batch_3.h5, multiplying weights with k factor 1.0
13:39 madminer.utils.inter INFO    HDF5 file does not contain nuisance parameters information
13:39 madminer.utils.inter INFO    HDF5 file does not contain finite difference information
13:39 madminer.utils.inter INFO    HDF5 file does not contain systematic information
13:39 madminer.sampling.co DEBUG   Sampling benchmarks: [6 6 6 6 6 6 6 6 6 6 6 6 6 6 6 6 6 6 6 6 6 6 6 6 6 6 6 6 6 6 6 6 6 6 6 6 6
 6 6 6 6 6 6 6 6 6 6 6 6 6 6 6 6 6 6 6 6 6 6 6 6 6 6 6 6 6 6 6 6 6 6 6 6 6
 6 6 6 6 6 6 6 6 6 6 6 6 6 6 6 6 6 6 6 6 6 6 6 6 6 6 6 6 6 6 6 6 6 6 6 6 6
 6 6 6 6 6 6 6 6 6 6 6 6 6 6 6 6 6 6 6 6 6 6 6 6 6 6 6 6 6 6 6 6 6 6 6 6 6
 6 6 6 6 6 6 6 6 6 6 6 6 6 6 6 6 6 6 6 6 6 6 6 6 6 6 6 6 6 6 6 6 6 6 6 6 6
 6 6 6 6 6 6 6 6 6 6 6 6 6 6 6 6 6 6 6 6 6 6 6 6 6 6 6 6 6 6 6 6 6 6 6 6 6
 6 6 6 6 6 6 6 6 6 6 6 6 6 6 6 6 6 6 6 6 6 6 6 6 6 6 6 6 6 6 6 6 6 6 6 6 6
 6 6 6 6 6 6 6 6 6 6 6 6 6 6 6 6 6 6 6 6 6 6 6 6 6 6 6 6 6 6 6 6 6 6 6 6 6
 6 6 6 6 6 6 6 6 6 6 6 6 6 6 6 6 6 6 6 6 6 6 6 6 6 6 6 6 6 6 6 6 6 6 6 6 6
 6 6 6 6 6 6 6 6 6 6 6 6 6 6 6 6 6 6 6 6 6 6 6 6 6 6 6 6 6 6 6 6 6 6 6 6 6
 6 6 6 6 6 6 6 6 6 6 6 6 6 6 6 6 6 6 6 6 6 6 6 6 6 6 6 6 6 6 6 6 6 6 6 6 6
 6 6 6 6 6 6 6 6 6 6 6 6 6 6 6 6 6 6 6 6 6 6 6 6 6 6 6 6 6 6 6 6 6 6 6 6 6
 6 6 6 6 6 6 6 6 6 6 6 6 6 6 6 6 6 6 6 6 6 6 6 6 6 6 6 6 6 6 6 6 6 6 6 6 6
 6 6 6 6 6 6 6 6 6 6 6 6 6 6 6 6 6 6 6 6 6 6 6 6 6 6 6 6 6 6 6 6 6 6 6 6 6
 6 6 6 6 6 6 6 6 6 6 6 6 6 6 6 6 6 6 6 6 6 6 6 6 6 6 6 6 6 6 6 6 6 6 6 6 6
 6 6 6 6 6 6 6 6 6 6 6 6 6 6 6 6 6 6 6 6 6 6 6 6 6 6 6 6 6 6 6 6 6 6 6 6 6
 6 6 6 6 6 6 6 6 6 6 6 6 6 6 6 6 6 6 6 6 6 6 6 6 6 6 6 6 6 6 6 6 6 6 6 6 6
 6 6 6 6 6 6 6 6 6 6 6 6 6 6 6 6 6 6 6 6 6 6 6 6 6 6 6 6 6 6 6 6 6 6 6 6 6
 6 6 6 6 6 6 6 6 6 6 6 6 6 6 6 6 6 6 6 6 6 6 6 6 6 6 6 6 6 6 6 6 6 6 6 6 6
 6 6 6 6 6 6 6 6 6 6 6 6 6 6 6 6 6 6 6 6 6 6 6 6 6 6 6 6 6 6 6 6 6 6 6 6 6
 6 6 6 6 6 6 6 6 6 6 6 6 6 6 6 6 6 6 6 6 6 6 6 6 6 6 6 6 6 6 6 6 6 6 6 6 6
 6 6 6 6 6 6 6 6 6 6 6 6 6 6 6 6 6 6 6 6 6 6 6 6 6 6 6 6 6 6 6 6 6 6 6 6 6
 6]
13:39 madminer.sampling.co DEBUG   Combined sampling benchmarks: [6 6 6 6 6 6 6 6 6 6 6 6 6 6 6 6 6 6 6 6 6 6 6 6 6 6 6 6 6 6 6 6 6 6 6 6 6
 6 6 6 6 6 6 6 6 6 6 6 6 6 6 6 6 6 6 6 6 6 6 6 6 6 6 6 6 6 6 6 6 6 6 6 6 6
 6 6 6 6 6 6 6 6 6 6 6 6 6 6 6 6 6 6 6 6 6 6 6 6 6 6 6 6 6 6 6 6 6 6 6 6 6
 6 6 6 6 6 6 6 6 6 6 6 6 6 6 6 6 6 6 6 6 6 6 6 6 6 6 6 6 6 6 6 6 6 6 6 6 6
 6 6 6 6 6 6 6 6 6 6 6 6 6 6 6 6 6 6 6 6 6 6 6 6 6 6 6 6 6 6 6 6 6 6 6 6 6
 6 6 6 6 6 6 6 6 6 6 6 6 6 6 6 6 6 6 6 6 6 6 6 6 6 6 6 6 6 6 6 6 6 6 6 6 6
 6 6 6 6 6 6 6 6 6 6 6 6 6 6 6 6 6 6 6 6 6 6 6 6 6 6 6 6 6 6 6 6 6 6 6 6 6
 6 6 6 6 6 6 6 6 6 6 6 6 6 6 6 6 6 6 6 6 6 6 6 6 6 6 6 6 6 6 6 6 6 6 6 6 6
 6 6 6 6 6 6 6 6 6 6 6 6 6 6 6 6 6 6 6 6 6 6 6 6 6 6 6 6 6 6 6 6 6 6 6 6 6
 6 6 6 6 6 6 6 6 6 6 6 6 6 6 6 6 6 6 6 6 6 6 6 6 6 6 6 6 6 6 6 6 6 6 6 6 6
 6 6 6 6 6 6 6 6 6 6 6 6 6 6 6 6 6 6 6 6 6 6 6 6 6 6 6 6 6 6 6 6 6 6 6 6 6
 6 6 6 6 6 6 6 6 6 6 6 6 6 6 6 6 6 6 6 6 6 6 6 6 6 6 6 6 6 6 6 6 6 6 6 6 6
 6 6 6 6 6 6 6 6 6 6 6 6 6 6 6 6 6 6 6 6 6 6 6 6 6 6 6 6 6 6 6 6 6 6 6 6 6
 6 6 6 6 6 6 6 6 6 6 6 6 6 6 6 6 6 6 6 6 6 6 6 6 6 6 6 6 6 6 6 6 6 6 6 6 6
 6 6 6 6 6 6 6 6 6 6 6 6 6 6 6 6 6 6 6 6 6 6 6 6 6 6 6 6 6 6 6 6 6 6 6 6 6
 6 6 6 6 6 6 6 6 6 6 6 6 6 6 6 6 6 6 6 6 6 6 6 6 6 6 6 6 6 6 6 6 6 6 6 6 6
 6 6 6 6 6 6 6 6 6 6 6 6 6 6 6 6 6 6 6 6 6 6 6 6 6 6 6 6 6 6 6 6 6 6 6 6 6
 6 6 6 6 6 6 6 6 6 6 6 6 6 6 6 6 6 6 6 6 6 6 6 6 6 6 6 6 6 6 6 6 6 6 6 6 6
 6 6 6 6 6 6 6 6 6 6 6 6 6 6 6 6 6 6 6 6 6 6 6 6 6 6 6 6 6 6 6 6 6 6 6 6 6
 6 6 6 6 6 6 6 6 6 6 6 6 6 6 6 6 6 6 6 6 6 6 6 6 6 6 6 6 6 6 6 6 6 6 6 6 6
 6 6 6 6 6 6 6 6 6 6 6 6 6 6 6 6 6 6 6 6 6 6 6 6 6 6 6 6 6 6 6 6 6 6 6 6 6
 6 6 6 6 6 6 6 6 6 6 6 6 6 6 6 6 6 6 6 6 6 6 6 6 6 6 6 6 6 6 6 6 6 6 6 6 6
 6]
13:39 madminer.sampling.co DEBUG   Recalculated event numbers per benchmark: [  0   0   0   0   0   0 815   0   0   0], background: 0
