12:38 madminer.utils.inter INFO    HDF5 file does not contain nuisance parameters information
12:38 madminer.utils.inter INFO    HDF5 file does not contain finite difference information
12:38 madminer.utils.inter INFO    HDF5 file does not contain observables information
12:38 madminer.utils.inter INFO    HDF5 file does not contain sample summary information
12:38 madminer.utils.inter INFO    HDF5 file does not contain sample information
12:38 madminer.utils.inter INFO    HDF5 file does not contain systematic information
12:38 madminer.delphes.del DEBUG   Adding event sample /vols/cms/us322/02b_final_events_14_new/signal_supp/mb_vector_5/batch_4//run_01_decayed_1/tag_1_pythia8_events.hepmc.gz
12:38 madminer.delphes.del DEBUG   Adding event sample /vols/cms/us322/02b_final_events_14_new/signal_supp/mb_vector_5/batch_4//run_02_decayed_1/tag_1_pythia8_events.hepmc.gz
12:38 madminer.delphes.del INFO    Running Delphes on HepMC sample at /vols/cms/us322/02b_final_events_14_new/signal_supp/mb_vector_5/batch_4//run_01_decayed_1/tag_1_pythia8_events.hepmc.gz
12:38 madminer.utils.inter DEBUG   Unzipping /vols/cms/us322/02b_final_events_14_new/signal_supp/mb_vector_5/batch_4//run_01_decayed_1/tag_1_pythia8_events.hepmc.gz
12:48 madminer.utils.inter DEBUG   Deleting /vols/cms/us322/02b_final_events_14_new/signal_supp/mb_vector_5/batch_4/run_01_decayed_1/tag_1_pythia8_events.hepmc
12:48 madminer.delphes.del INFO    Running Delphes on HepMC sample at /vols/cms/us322/02b_final_events_14_new/signal_supp/mb_vector_5/batch_4//run_02_decayed_1/tag_1_pythia8_events.hepmc.gz
12:48 madminer.utils.inter DEBUG   Unzipping /vols/cms/us322/02b_final_events_14_new/signal_supp/mb_vector_5/batch_4//run_02_decayed_1/tag_1_pythia8_events.hepmc.gz
12:58 madminer.utils.inter DEBUG   Deleting /vols/cms/us322/02b_final_events_14_new/signal_supp/mb_vector_5/batch_4/run_02_decayed_1/tag_1_pythia8_events.hepmc
12:58 madminer.delphes.del DEBUG   Adding required observable a0_pt = a[0].pt
12:58 madminer.delphes.del DEBUG   Adding required observable a0_eta = a[0].eta
12:58 madminer.delphes.del DEBUG   Adding required observable a1_pt = a[1].pt
12:58 madminer.delphes.del DEBUG   Adding required observable a1_eta = a[1].eta
12:58 madminer.delphes.del DEBUG   Adding required observable num_bjets defined through external function
12:58 madminer.delphes.del DEBUG   Adding required observable b0_pt defined through external function
12:58 madminer.delphes.del DEBUG   Adding required observable b0_eta defined through external function
12:58 madminer.delphes.del DEBUG   Adding required observable b1_pt defined through external function
12:58 madminer.delphes.del DEBUG   Adding required observable b1_eta defined through external function
12:58 madminer.delphes.del DEBUG   Adding required observable bb_deltaR defined through external function
12:58 madminer.delphes.del DEBUG   Adding required observable aa_deltaR = a[0].deltaR(a[1])
12:58 madminer.delphes.del DEBUG   Adding required observable b0a0_deltaR defined through external function
12:58 madminer.delphes.del DEBUG   Adding required observable b0a1_deltaR defined through external function
12:58 madminer.delphes.del DEBUG   Adding required observable b1a0_deltaR defined through external function
12:58 madminer.delphes.del DEBUG   Adding required observable b1a1_deltaR defined through external function
12:58 madminer.delphes.del DEBUG   Adding required observable m_tot defined through external function
12:58 madminer.delphes.del DEBUG   Adding required observable pt_bb defined through external function
12:58 madminer.delphes.del DEBUG   Adding required observable pt_aa = (a[0]+a[1]).pt
12:58 madminer.delphes.del DEBUG   Adding required observable m_bb defined through external function
12:58 madminer.delphes.del DEBUG   Adding required observable m_aa = (a[0]+a[1]).m
12:58 madminer.delphes.del DEBUG   Adding cut a0_pt>30
12:58 madminer.delphes.del DEBUG   Adding cut a1_pt>30
12:58 madminer.delphes.del DEBUG   Adding cut b0_pt>30
12:58 madminer.delphes.del DEBUG   Adding cut b1_pt>30
12:58 madminer.delphes.del DEBUG   Adding cut abs(a0_eta)<2.4
12:58 madminer.delphes.del DEBUG   Adding cut abs(a1_eta)<2.4
12:58 madminer.delphes.del DEBUG   Adding cut abs(b0_eta)<2.4
12:58 madminer.delphes.del DEBUG   Adding cut abs(b1_eta)<2.4
12:58 madminer.delphes.del DEBUG   Adding cut bb_deltaR>0.4
12:58 madminer.delphes.del DEBUG   Adding cut aa_deltaR>0.4
12:58 madminer.delphes.del DEBUG   Adding cut b0a0_deltaR>1
12:58 madminer.delphes.del DEBUG   Adding cut b0a1_deltaR>1
12:58 madminer.delphes.del DEBUG   Adding cut b1a0_deltaR>1
12:58 madminer.delphes.del DEBUG   Adding cut b1a1_deltaR>1
12:58 madminer.delphes.del DEBUG   Adding cut abs(m_bb-125)<25
12:58 madminer.delphes.del DEBUG   Adding cut abs(m_aa-125)<3
12:58 madminer.delphes.del DEBUG   Adding cut num_bjets==2
12:58 madminer.delphes.del DEBUG   Adding cut aa_deltaR<2
12:58 madminer.delphes.del INFO    Analysing Delphes sample /vols/cms/us322/02b_final_events_14_new/signal_supp/mb_vector_5/batch_4/run_01_decayed_1/tag_1_pythia8_events_delphes.root: Calculating 20 observables, requiring 18 selection cuts, associated with no systematics
12:58 madminer.delphes.del DEBUG   Extracting nuisance parameter definitions from LHE file
12:58 madminer.utils.inter DEBUG   Parsing nuisance parameter setup from LHE file at /vols/cms/us322/02b_final_events_14_new/signal_supp/mb_vector_5/batch_4//run_01_decayed_1/unweighted_events.lhe.gz
12:58 madminer.utils.inter DEBUG   Systematics setup: OrderedDict()
12:58 madminer.utils.inter DEBUG   1 weight groups
12:58 madminer.delphes.del DEBUG   systematics_dict: OrderedDict()
12:58 madminer.utils.inter DEBUG   Parsing Delphes file /vols/cms/us322/02b_final_events_14_new/signal_supp/mb_vector_5/batch_4/run_01_decayed_1/tag_1_pythia8_events_delphes.root
12:58 madminer.utils.inter DEBUG   Not extracting weights
12:58 madminer.utils.inter DEBUG   Found 25000 events
13:00 madminer.utils.inter DEBUG     First 10 values for observable a0_pt:
[172.46769714 110.03925323 135.38623047 156.41807556 101.83615112
  61.22341156 194.81111145 106.36478424          nan  51.44754791
 182.31544495  98.6171875  349.78552246 412.53158569  85.96849823
  86.43969727 140.2755127   81.91009521  82.28762054  43.54840469]
13:00 madminer.utils.inter DEBUG     First 10 values for observable a0_eta:
[ 0.12182488  2.21782041 -0.28648937 -1.25416875  0.17459983  3.07895732
  1.169168    2.45861459         nan  0.09842244  1.717875    1.27538812
 -0.52536339 -0.07294305 -1.15268278  0.19707847 -1.35081649  1.2818495
 -0.26464558  2.50060534]
13:01 madminer.utils.inter DEBUG     First 10 values for observable a1_pt:
[ 74.72629547  19.45916748  21.55760193  34.27785873  51.04854965
  47.52833176   2.75478935  41.83568573          nan   1.45455563
  16.4305439   45.96891785 224.04841614  11.24619389  18.06785774
  32.60972595   1.01293516  47.4885788   65.33905029   1.35335457]
13:01 madminer.utils.inter DEBUG     First 10 values for observable a1_eta:
[ 1.13840652  0.21790165 -1.75510478 -2.29855514 -0.1212899   1.92455649
  0.30083957  2.16499782         nan  0.11552383  3.1001153   0.05950777
 -0.87510186 -1.73436797 -3.56417036  1.80608499 -2.58746481  1.96201921
  1.21972382 -0.87729245]
13:01 madminer.utils.inter DEBUG     First 10 values for observable num_bjets:
[0. 0. 1. 1. 2. 2. 0. 0. 1. 2. 2. 1. 2. 2. 1. 0. 2. 0. 1. 1.]
13:02 madminer.utils.inter DEBUG     First 10 values for observable b0_pt:
[         nan          nan 121.34469604  27.87261963  59.42052078
  60.49251556          nan          nan 171.21739197  67.06417084
 103.14674377  80.4691391  406.6505127  289.07006836  72.6343689
          nan 109.77135468          nan  25.87865829  50.7624054 ]
13:02 madminer.utils.inter DEBUG     First 10 values for observable b0_eta:
[        nan         nan  1.48331642 -0.38754907 -0.20448284  1.83556032
         nan         nan -1.16593933  1.51505089  2.25437808  0.54903704
 -0.08169074 -1.06653488 -0.62333399         nan -1.10238564         nan
 -0.17633764  0.98537654]
13:02 madminer.utils.inter DEBUG     First 10 values for observable b1_pt:
[         nan          nan          nan          nan  53.86182022
  35.35720062          nan          nan          nan  29.61682129
  71.72768402          nan  35.49602127 110.36128998          nan
          nan  53.54619598          nan          nan          nan]
13:03 madminer.utils.inter DEBUG     First 10 values for observable b1_eta:
[        nan         nan         nan         nan -1.56957269  1.96257818
         nan         nan         nan  0.14742294  1.95013011         nan
 -0.12063441 -0.55761349         nan         nan -1.6497941          nan
         nan         nan]
13:03 madminer.utils.inter DEBUG     First 10 values for observable bb_deltaR:
[       nan        nan        nan        nan 3.36479573 2.89464531
        nan        nan        nan 2.31839979 0.79755747        nan
 0.65160025 0.5413972         nan        nan 1.50324534        nan
        nan        nan]
13:03 madminer.utils.inter DEBUG     First 10 values for observable aa_deltaR:
[1.06949264 2.51590584 2.43840226 1.79939595 2.09200732 2.66317944
 1.52343878 2.29830606        nan 0.43134557 2.41839971 1.9912853
 0.45501784 1.77819078 2.53802583 2.41563376 3.02186072 2.62129214
 1.64012928 3.65431055]
13:04 madminer.utils.inter DEBUG     First 10 values for observable b0a0_deltaR:
[       nan        nan        nan        nan 1.40670745 2.41143053
        nan        nan        nan 2.85577607 2.77326804        nan
 3.10180859 3.26869723        nan        nan 0.90281757        nan
        nan        nan]
13:04 madminer.utils.inter DEBUG     First 10 values for observable b0a1_deltaR:
[       nan        nan        nan        nan 2.85875269 1.81924128
        nan        nan        nan 2.48104427 1.79021837        nan
 3.02799232 2.56861944        nan        nan 2.40308208        nan
        nan        nan]
13:04 madminer.utils.inter DEBUG     First 10 values for observable b1a0_deltaR:
[       nan        nan        nan        nan 2.54480024 1.38856063
        nan        nan        nan 1.93211545 2.83459221        nan
 2.59459706 2.96916164        nan        nan 2.28761785        nan
        nan        nan]
13:05 madminer.utils.inter DEBUG     First 10 values for observable b1a1_deltaR:
[       nan        nan        nan        nan 1.46458392 1.57472405
        nan        nan        nan 2.36271577 1.42445834        nan
 2.39376742 2.57963267        nan        nan 1.05762963        nan
        nan        nan]
13:05 madminer.utils.inter DEBUG     First 10 values for observable m_tot:
[          nan           nan           nan           nan  317.68891523
  236.38735305           nan           nan           nan  187.35119456
  397.44696862           nan 1060.67798721  918.62561712           nan
           nan  225.69412643           nan           nan           nan]
13:05 madminer.utils.inter DEBUG     First 10 values for observable pt_bb:
[         nan          nan          nan          nan   6.7004941
  27.64936411          nan          nan          nan  64.77701267
 163.51953097          nan 435.42978865 398.0707461           nan
          nan 130.05633296          nan          nan          nan]
13:06 madminer.utils.inter DEBUG     First 10 values for observable pt_aa:
[244.32640239 112.59248948 129.04331029 163.61797077  89.38814317
  41.42389026 195.69267162  85.27313468          nan  52.77257723
 176.35386451 108.54706781 568.06020055 421.64655387  99.50112097
  85.11534918 139.33699959  50.87508602 138.85752293  43.80642731]
13:06 madminer.utils.inter DEBUG     First 10 values for observable m_bb:
[         nan          nan          nan          nan 141.8257864
  92.89751169          nan          nan          nan  98.6335432
  74.29523853          nan  92.88840296 102.45758193          nan
          nan 109.33114173          nan          nan          nan]
13:07 madminer.utils.inter DEBUG     First 10 values for observable m_aa:
[126.15689283 126.17766683 124.4592577  126.46577131 125.86486114
 120.16260047  34.16688574 122.79337676          nan   3.70262536
 122.8567794  129.19762215 127.58126818 133.56173486 123.59458571
 126.263173    28.17916064 126.59281633 129.2289636   41.3359444 ]
13:13 madminer.utils.inter DEBUG     24832 / 25000 events pass required observable a0_pt
13:13 madminer.utils.inter DEBUG     24832 / 25000 events pass required observable a0_eta
13:13 madminer.utils.inter DEBUG     22309 / 25000 events pass required observable a1_pt
13:13 madminer.utils.inter DEBUG     22309 / 25000 events pass required observable a1_eta
13:13 madminer.utils.inter DEBUG     25000 / 25000 events pass required observable num_bjets
13:13 madminer.utils.inter DEBUG     19868 / 25000 events pass required observable b0_pt
13:13 madminer.utils.inter DEBUG     19868 / 25000 events pass required observable b0_eta
13:13 madminer.utils.inter DEBUG     7199 / 25000 events pass required observable b1_pt
13:13 madminer.utils.inter DEBUG     7199 / 25000 events pass required observable b1_eta
13:13 madminer.utils.inter DEBUG     7199 / 25000 events pass required observable bb_deltaR
13:13 madminer.utils.inter DEBUG     22309 / 25000 events pass required observable aa_deltaR
13:13 madminer.utils.inter DEBUG     7134 / 25000 events pass required observable b0a0_deltaR
13:13 madminer.utils.inter DEBUG     6294 / 25000 events pass required observable b0a1_deltaR
13:13 madminer.utils.inter DEBUG     7134 / 25000 events pass required observable b1a0_deltaR
13:13 madminer.utils.inter DEBUG     6294 / 25000 events pass required observable b1a1_deltaR
13:13 madminer.utils.inter DEBUG     6294 / 25000 events pass required observable m_tot
13:13 madminer.utils.inter DEBUG     7199 / 25000 events pass required observable pt_bb
13:13 madminer.utils.inter DEBUG     22309 / 25000 events pass required observable pt_aa
13:13 madminer.utils.inter DEBUG     7199 / 25000 events pass required observable m_bb
13:13 madminer.utils.inter DEBUG     22309 / 25000 events pass required observable m_aa
13:13 madminer.utils.inter DEBUG     23794 / 25000 events pass cut Cut(name='CUT', val_expression='a0_pt>30', is_required=False)
13:13 madminer.utils.inter DEBUG     14213 / 25000 events pass cut Cut(name='CUT', val_expression='a1_pt>30', is_required=False)
13:13 madminer.utils.inter DEBUG     18970 / 25000 events pass cut Cut(name='CUT', val_expression='b0_pt>30', is_required=False)
13:13 madminer.utils.inter DEBUG     6045 / 25000 events pass cut Cut(name='CUT', val_expression='b1_pt>30', is_required=False)
13:13 madminer.utils.inter DEBUG     23379 / 25000 events pass cut Cut(name='CUT', val_expression='abs(a0_eta)<2.4', is_required=False)
13:13 madminer.utils.inter DEBUG     19797 / 25000 events pass cut Cut(name='CUT', val_expression='abs(a1_eta)<2.4', is_required=False)
13:13 madminer.utils.inter DEBUG     18844 / 25000 events pass cut Cut(name='CUT', val_expression='abs(b0_eta)<2.4', is_required=False)
13:13 madminer.utils.inter DEBUG     6735 / 25000 events pass cut Cut(name='CUT', val_expression='abs(b1_eta)<2.4', is_required=False)
13:13 madminer.utils.inter DEBUG     7197 / 25000 events pass cut Cut(name='CUT', val_expression='bb_deltaR>0.4', is_required=False)
13:13 madminer.utils.inter DEBUG     22241 / 25000 events pass cut Cut(name='CUT', val_expression='aa_deltaR>0.4', is_required=False)
13:13 madminer.utils.inter DEBUG     6643 / 25000 events pass cut Cut(name='CUT', val_expression='b0a0_deltaR>1', is_required=False)
13:13 madminer.utils.inter DEBUG     5737 / 25000 events pass cut Cut(name='CUT', val_expression='b0a1_deltaR>1', is_required=False)
13:13 madminer.utils.inter DEBUG     6483 / 25000 events pass cut Cut(name='CUT', val_expression='b1a0_deltaR>1', is_required=False)
13:13 madminer.utils.inter DEBUG     5730 / 25000 events pass cut Cut(name='CUT', val_expression='b1a1_deltaR>1', is_required=False)
13:13 madminer.utils.inter DEBUG     2381 / 25000 events pass cut Cut(name='CUT', val_expression='abs(m_bb-125)<25', is_required=False)
13:13 madminer.utils.inter DEBUG     11701 / 25000 events pass cut Cut(name='CUT', val_expression='abs(m_aa-125)<3', is_required=False)
13:13 madminer.utils.inter DEBUG     6707 / 25000 events pass cut Cut(name='CUT', val_expression='num_bjets==2', is_required=False)
13:13 madminer.utils.inter DEBUG     8800 / 25000 events pass cut Cut(name='CUT', val_expression='aa_deltaR<2', is_required=False)
13:13 madminer.utils.inter INFO      380 / 25000 events pass everything
13:13 madminer.delphes.del DEBUG   Did not extract weights from Delphes file
13:13 madminer.delphes.del DEBUG   Found 380 events
13:13 madminer.delphes.del DEBUG   Extracting weights from LHE file
13:13 madminer.utils.inter DEBUG   Parsing LHE file /vols/cms/us322/02b_final_events_14_new/signal_supp/mb_vector_5/batch_4//run_01_decayed_1/unweighted_events.lhe.gz
13:13 madminer.utils.inter DEBUG   Parsing header and events as XML with ElementTree
13:13 madminer.utils.inter DEBUG   Found entry event_norm = average in LHE header. Interpreting this as weight_norm_is_average = True.
13:13 madminer.utils.inter DEBUG   Event 1 passes observations, passes cuts, passes efficiencies -> passes
13:13 madminer.utils.inter DEBUG   Event 2 passes observations, passes cuts, passes efficiencies -> passes
13:13 madminer.utils.inter DEBUG   Event 3 passes observations, passes cuts, passes efficiencies -> passes
13:13 madminer.utils.inter DEBUG   Event 4 passes observations, passes cuts, passes efficiencies -> passes
13:13 madminer.utils.inter DEBUG   Event 5 passes observations, passes cuts, passes efficiencies -> passes
13:13 madminer.utils.inter DEBUG   Event 6 passes observations, passes cuts, passes efficiencies -> passes
13:13 madminer.utils.inter DEBUG   Event 7 passes observations, passes cuts, passes efficiencies -> passes
13:13 madminer.utils.inter DEBUG   Event 8 passes observations, passes cuts, passes efficiencies -> passes
13:13 madminer.utils.inter DEBUG   Event 9 passes observations, passes cuts, passes efficiencies -> passes
13:13 madminer.utils.inter DEBUG   Event 10 passes observations, passes cuts, passes efficiencies -> passes
13:13 madminer.utils.inter DEBUG   Event 11 passes observations, passes cuts, passes efficiencies -> passes
13:13 madminer.utils.inter DEBUG   Event 12 passes observations, passes cuts, passes efficiencies -> passes
13:13 madminer.utils.inter DEBUG   Event 13 passes observations, passes cuts, passes efficiencies -> passes
13:13 madminer.utils.inter DEBUG   Event 14 passes observations, passes cuts, passes efficiencies -> passes
13:13 madminer.utils.inter DEBUG   Event 15 passes observations, passes cuts, passes efficiencies -> passes
13:13 madminer.utils.inter DEBUG   Event 16 passes observations, passes cuts, passes efficiencies -> passes
13:13 madminer.utils.inter DEBUG   Event 17 passes observations, passes cuts, passes efficiencies -> passes
13:13 madminer.utils.inter DEBUG   Event 18 passes observations, passes cuts, passes efficiencies -> passes
13:13 madminer.utils.inter DEBUG   Event 19 passes observations, passes cuts, passes efficiencies -> passes
13:13 madminer.utils.inter DEBUG   Event 20 passes observations, passes cuts, passes efficiencies -> passes
13:18 madminer.delphes.del DEBUG   Found weights ['sm', 'morphing_basis_vector_1', 'morphing_basis_vector_2', 'morphing_basis_vector_3', 'morphing_basis_vector_4', 'morphing_basis_vector_5', 'morphing_basis_vector_6', 'morphing_basis_vector_7', 'morphing_basis_vector_8', 'morphing_basis_vector_9'] in LHE file
13:18 madminer.delphes.del DEBUG   Applying Delphes-based cuts to LHE weights
13:18 madminer.delphes.del INFO    Analysing Delphes sample /vols/cms/us322/02b_final_events_14_new/signal_supp/mb_vector_5/batch_4/run_02_decayed_1/tag_1_pythia8_events_delphes.root: Calculating 20 observables, requiring 18 selection cuts, associated with no systematics
13:18 madminer.delphes.del DEBUG   Extracting nuisance parameter definitions from LHE file
13:18 madminer.utils.inter DEBUG   Parsing nuisance parameter setup from LHE file at /vols/cms/us322/02b_final_events_14_new/signal_supp/mb_vector_5/batch_4//run_02_decayed_1/unweighted_events.lhe.gz
13:18 madminer.utils.inter DEBUG   Systematics setup: OrderedDict()
13:18 madminer.utils.inter DEBUG   1 weight groups
13:18 madminer.delphes.del DEBUG   systematics_dict: OrderedDict()
13:18 madminer.utils.inter DEBUG   Parsing Delphes file /vols/cms/us322/02b_final_events_14_new/signal_supp/mb_vector_5/batch_4/run_02_decayed_1/tag_1_pythia8_events_delphes.root
13:18 madminer.utils.inter DEBUG   Not extracting weights
13:18 madminer.utils.inter DEBUG   Found 25000 events
13:20 madminer.utils.inter DEBUG     First 10 values for observable a0_pt:
[125.59872437 146.45335388  88.17060852  49.1439209   96.56667328
  71.73482513 277.17993164  29.5703907  506.50234985 222.09901428
  28.9116478   94.83408356  85.90099335  76.38683319 230.21252441
 115.32229614 204.29380798  96.63143158 179.45574951  65.86471558]
13:21 madminer.utils.inter DEBUG     First 10 values for observable a0_eta:
[ 0.51094496  2.3425169   1.59647202 -1.77920163 -0.53188926  1.71081066
  0.53271246 -1.40780509  0.04884459 -0.22251031 -0.6647377  -0.60619146
  2.14012861  0.46312591 -0.81227219 -0.31987652 -1.07529473 -0.08217467
 -0.26205778 -3.54649496]
13:21 madminer.utils.inter DEBUG     First 10 values for observable a1_pt:
[ 34.61338806  29.00826263  48.04088211   1.66319358  16.68840218
  64.53231812 130.65885925  28.00737572   3.09637356   1.96998322
   1.81106901  20.65559387   2.92911553  50.26185989  62.51364136
  93.26985168 201.93267822  39.16028214  17.58356285   2.45908093]
13:21 madminer.utils.inter DEBUG     First 10 values for observable a1_eta:
[-0.21312004  2.65173054  2.1159668  -0.91054839  1.95059323  1.22539246
  0.04592425  1.55065155  0.45339417 -0.61488283  2.22108555  1.17456245
  0.71628636  0.48519439 -1.74761772 -0.48654696 -0.59293485  0.54558808
  1.36893737 -1.00891876]
13:22 madminer.utils.inter DEBUG     First 10 values for observable num_bjets:
[1. 1. 1. 1. 2. 1. 2. 0. 2. 1. 1. 2. 1. 0. 3. 2. 1. 0. 2. 2.]
13:22 madminer.utils.inter DEBUG     First 10 values for observable b0_pt:
[ 47.56792068  45.56581497  75.20526123  26.59500122  62.56236649
  43.1843605   59.63674545          nan 102.02270508  60.76382828
  78.03914642  32.87597656 177.68504333          nan 131.55934143
 165.08674622  49.34446335          nan  83.97568512  74.59151459]
13:22 madminer.utils.inter DEBUG     First 10 values for observable b0_eta:
[-0.70696586  0.34495565  0.46986091  0.47461614 -1.71236646  1.49040437
  1.4977442          nan -0.62741375 -0.5214361   1.84759617  0.90423256
  0.81866008         nan -0.44629762  0.01239945  0.25314376         nan
 -0.52703655 -1.55647898]
13:23 madminer.utils.inter DEBUG     First 10 values for observable b1_pt:
[        nan         nan         nan         nan 56.23033905         nan
 50.23482132         nan 63.33045578         nan         nan 28.55372429
         nan         nan 61.99794388 39.26597595         nan         nan
 65.79934692 41.79138565]
13:23 madminer.utils.inter DEBUG     First 10 values for observable b1_eta:
[        nan         nan         nan         nan -1.34328628         nan
  0.25621516         nan -0.36724144         nan         nan -0.00740962
         nan         nan  0.34252369  0.79210496         nan         nan
  0.36950624 -2.39109826]
13:23 madminer.utils.inter DEBUG     First 10 values for observable bb_deltaR:
[       nan        nan        nan        nan 1.93671931        nan
 1.57861786        nan 0.55578536        nan        nan 3.23181557
        nan        nan 0.79534028 1.00882474        nan        nan
 1.85295862 3.07890653]
13:24 madminer.utils.inter DEBUG     First 10 values for observable aa_deltaR:
[2.51454878 2.30085964 2.31969343 3.13822651 2.48518878 2.26949715
 0.63803687 3.77009433 1.61846909 0.81416918 4.17908801 3.30525989
 1.88998709 2.89297996 1.03078139 1.26374855 0.63533875 2.67277414
 2.03667849 2.62904705]
13:24 madminer.utils.inter DEBUG     First 10 values for observable b0a0_deltaR:
[       nan        nan        nan        nan 2.82133415        nan
 1.39359043        nan 0.80724028        nan        nan 2.4074581
        nan        nan 3.03518184 1.97211127        nan        nan
 1.21495569 3.71455672]
13:24 madminer.utils.inter DEBUG     First 10 values for observable b0a1_deltaR:
[       nan        nan        nan        nan 4.40487056        nan
 1.56822807        nan 2.2803099         nan        nan 0.94915664
        nan        nan 3.12119567 0.85247637        nan        nan
 1.89628042 2.509531  ]
13:25 madminer.utils.inter DEBUG     First 10 values for observable b1a0_deltaR:
[       nan        nan        nan        nan 1.99218488        nan
 1.99960588        nan 1.02060467        nan        nan 1.43847068
        nan        nan 3.13207412 1.71357042        nan        nan
 0.76739589 1.16826136]
13:25 madminer.utils.inter DEBUG     First 10 values for observable b1a1_deltaR:
[       nan        nan        nan        nan 3.82039881        nan
 1.58197031        nan 2.63032227        nan        nan 2.48924348
        nan        nan 3.60611242 1.27967108        nan        nan
 1.93397596 1.47485314]
13:25 madminer.utils.inter DEBUG     First 10 values for observable m_tot:
[         nan          nan          nan          nan 379.13592867
          nan 361.31275714          nan 273.35612589          nan
          nan 213.2889109           nan          nan 559.83803813
 328.02211004          nan          nan 263.18037333 265.91630374]
13:26 madminer.utils.inter DEBUG     First 10 values for observable pt_bb:
[         nan          nan          nan          nan  69.23247036
          nan  97.17191666          nan 160.66818422          nan
          nan   4.50125757          nan          nan 193.3397608
 197.97262354          nan          nan 104.0192412   34.26834822]
13:26 madminer.utils.inter DEBUG     First 10 values for observable pt_aa:
[102.54068986 129.44818868  68.48096505  47.4943683  113.1594932
  61.11809676 400.32233126  22.59178384 506.52327938 223.59233823
  27.11421159  75.82569024  86.88866756  30.31100076 288.1495749
 169.4887311  397.57537331  66.28592349 186.23495042  67.78321273]
13:26 madminer.utils.inter DEBUG     First 10 values for observable m_bb:
[         nan          nan          nan          nan 100.45028055
          nan  89.23351559          nan  48.06178698          nan
          nan  68.31759139          nan          nan  77.44865366
  84.92031443          nan          nan 128.75134476 123.99271519]
13:27 madminer.utils.inter DEBUG     First 10 values for observable m_aa:
[132.41551802 120.16358015 122.60914898  19.78132269 127.3768903
 126.27622656 121.76683082 130.95470581  58.18248352  16.7812439
  32.32840549 125.00078401  30.71617778 122.9756234  127.25643019
 122.81589003 129.3825894  124.84571912 120.70166282  42.55460123]
13:33 madminer.utils.inter DEBUG     24812 / 25000 events pass required observable a0_pt
13:33 madminer.utils.inter DEBUG     24812 / 25000 events pass required observable a0_eta
13:33 madminer.utils.inter DEBUG     22280 / 25000 events pass required observable a1_pt
13:33 madminer.utils.inter DEBUG     22280 / 25000 events pass required observable a1_eta
13:33 madminer.utils.inter DEBUG     25000 / 25000 events pass required observable num_bjets
13:33 madminer.utils.inter DEBUG     19879 / 25000 events pass required observable b0_pt
13:33 madminer.utils.inter DEBUG     19879 / 25000 events pass required observable b0_eta
13:33 madminer.utils.inter DEBUG     7214 / 25000 events pass required observable b1_pt
13:33 madminer.utils.inter DEBUG     7214 / 25000 events pass required observable b1_eta
13:33 madminer.utils.inter DEBUG     7214 / 25000 events pass required observable bb_deltaR
13:33 madminer.utils.inter DEBUG     22280 / 25000 events pass required observable aa_deltaR
13:33 madminer.utils.inter DEBUG     7146 / 25000 events pass required observable b0a0_deltaR
13:33 madminer.utils.inter DEBUG     6245 / 25000 events pass required observable b0a1_deltaR
13:33 madminer.utils.inter DEBUG     7146 / 25000 events pass required observable b1a0_deltaR
13:33 madminer.utils.inter DEBUG     6245 / 25000 events pass required observable b1a1_deltaR
13:33 madminer.utils.inter DEBUG     6245 / 25000 events pass required observable m_tot
13:33 madminer.utils.inter DEBUG     7214 / 25000 events pass required observable pt_bb
13:33 madminer.utils.inter DEBUG     22280 / 25000 events pass required observable pt_aa
13:33 madminer.utils.inter DEBUG     7214 / 25000 events pass required observable m_bb
13:33 madminer.utils.inter DEBUG     22280 / 25000 events pass required observable m_aa
13:33 madminer.utils.inter DEBUG     23767 / 25000 events pass cut Cut(name='CUT', val_expression='a0_pt>30', is_required=False)
13:33 madminer.utils.inter DEBUG     14127 / 25000 events pass cut Cut(name='CUT', val_expression='a1_pt>30', is_required=False)
13:33 madminer.utils.inter DEBUG     18924 / 25000 events pass cut Cut(name='CUT', val_expression='b0_pt>30', is_required=False)
13:33 madminer.utils.inter DEBUG     5998 / 25000 events pass cut Cut(name='CUT', val_expression='b1_pt>30', is_required=False)
13:33 madminer.utils.inter DEBUG     23430 / 25000 events pass cut Cut(name='CUT', val_expression='abs(a0_eta)<2.4', is_required=False)
13:33 madminer.utils.inter DEBUG     19782 / 25000 events pass cut Cut(name='CUT', val_expression='abs(a1_eta)<2.4', is_required=False)
13:33 madminer.utils.inter DEBUG     18889 / 25000 events pass cut Cut(name='CUT', val_expression='abs(b0_eta)<2.4', is_required=False)
13:33 madminer.utils.inter DEBUG     6714 / 25000 events pass cut Cut(name='CUT', val_expression='abs(b1_eta)<2.4', is_required=False)
13:33 madminer.utils.inter DEBUG     7207 / 25000 events pass cut Cut(name='CUT', val_expression='bb_deltaR>0.4', is_required=False)
13:33 madminer.utils.inter DEBUG     22235 / 25000 events pass cut Cut(name='CUT', val_expression='aa_deltaR>0.4', is_required=False)
13:33 madminer.utils.inter DEBUG     6674 / 25000 events pass cut Cut(name='CUT', val_expression='b0a0_deltaR>1', is_required=False)
13:33 madminer.utils.inter DEBUG     5649 / 25000 events pass cut Cut(name='CUT', val_expression='b0a1_deltaR>1', is_required=False)
13:33 madminer.utils.inter DEBUG     6468 / 25000 events pass cut Cut(name='CUT', val_expression='b1a0_deltaR>1', is_required=False)
13:33 madminer.utils.inter DEBUG     5675 / 25000 events pass cut Cut(name='CUT', val_expression='b1a1_deltaR>1', is_required=False)
13:33 madminer.utils.inter DEBUG     2333 / 25000 events pass cut Cut(name='CUT', val_expression='abs(m_bb-125)<25', is_required=False)
13:33 madminer.utils.inter DEBUG     11633 / 25000 events pass cut Cut(name='CUT', val_expression='abs(m_aa-125)<3', is_required=False)
13:33 madminer.utils.inter DEBUG     6680 / 25000 events pass cut Cut(name='CUT', val_expression='num_bjets==2', is_required=False)
13:33 madminer.utils.inter DEBUG     8554 / 25000 events pass cut Cut(name='CUT', val_expression='aa_deltaR<2', is_required=False)
13:33 madminer.utils.inter INFO      318 / 25000 events pass everything
13:33 madminer.delphes.del DEBUG   Did not extract weights from Delphes file
13:33 madminer.delphes.del DEBUG   Found 318 events
13:33 madminer.delphes.del DEBUG   Extracting weights from LHE file
13:33 madminer.utils.inter DEBUG   Parsing LHE file /vols/cms/us322/02b_final_events_14_new/signal_supp/mb_vector_5/batch_4//run_02_decayed_1/unweighted_events.lhe.gz
13:33 madminer.utils.inter DEBUG   Parsing header and events as XML with ElementTree
13:33 madminer.utils.inter DEBUG   Found entry event_norm = average in LHE header. Interpreting this as weight_norm_is_average = True.
13:33 madminer.utils.inter DEBUG   Event 1 passes observations, passes cuts, passes efficiencies -> passes
13:33 madminer.utils.inter DEBUG   Event 2 passes observations, passes cuts, passes efficiencies -> passes
13:33 madminer.utils.inter DEBUG   Event 3 passes observations, passes cuts, passes efficiencies -> passes
13:33 madminer.utils.inter DEBUG   Event 4 passes observations, passes cuts, passes efficiencies -> passes
13:33 madminer.utils.inter DEBUG   Event 5 passes observations, passes cuts, passes efficiencies -> passes
13:33 madminer.utils.inter DEBUG   Event 6 passes observations, passes cuts, passes efficiencies -> passes
13:33 madminer.utils.inter DEBUG   Event 7 passes observations, passes cuts, passes efficiencies -> passes
13:33 madminer.utils.inter DEBUG   Event 8 passes observations, passes cuts, passes efficiencies -> passes
13:33 madminer.utils.inter DEBUG   Event 9 passes observations, passes cuts, passes efficiencies -> passes
13:33 madminer.utils.inter DEBUG   Event 10 passes observations, passes cuts, passes efficiencies -> passes
13:33 madminer.utils.inter DEBUG   Event 11 passes observations, passes cuts, passes efficiencies -> passes
13:33 madminer.utils.inter DEBUG   Event 12 passes observations, passes cuts, passes efficiencies -> passes
13:33 madminer.utils.inter DEBUG   Event 13 passes observations, passes cuts, passes efficiencies -> passes
13:33 madminer.utils.inter DEBUG   Event 14 passes observations, passes cuts, passes efficiencies -> passes
13:33 madminer.utils.inter DEBUG   Event 15 passes observations, passes cuts, passes efficiencies -> passes
13:33 madminer.utils.inter DEBUG   Event 16 passes observations, passes cuts, passes efficiencies -> passes
13:33 madminer.utils.inter DEBUG   Event 17 passes observations, passes cuts, passes efficiencies -> passes
13:33 madminer.utils.inter DEBUG   Event 18 passes observations, passes cuts, passes efficiencies -> passes
13:33 madminer.utils.inter DEBUG   Event 19 passes observations, passes cuts, passes efficiencies -> passes
13:33 madminer.utils.inter DEBUG   Event 20 passes observations, passes cuts, passes efficiencies -> passes
13:38 madminer.delphes.del DEBUG   Found weights ['sm', 'morphing_basis_vector_1', 'morphing_basis_vector_2', 'morphing_basis_vector_3', 'morphing_basis_vector_4', 'morphing_basis_vector_5', 'morphing_basis_vector_6', 'morphing_basis_vector_7', 'morphing_basis_vector_8', 'morphing_basis_vector_9'] in LHE file
13:38 madminer.delphes.del DEBUG   Applying Delphes-based cuts to LHE weights
13:38 root                 DEBUG   Merging data extracted from this file with data from previous files
13:38 root                 DEBUG     Weights for benchmark sm exist in both
13:38 root                 DEBUG     Weights for benchmark morphing_basis_vector_1 exist in both
13:38 root                 DEBUG     Weights for benchmark morphing_basis_vector_2 exist in both
13:38 root                 DEBUG     Weights for benchmark morphing_basis_vector_3 exist in both
13:38 root                 DEBUG     Weights for benchmark morphing_basis_vector_4 exist in both
13:38 root                 DEBUG     Weights for benchmark morphing_basis_vector_5 exist in both
13:38 root                 DEBUG     Weights for benchmark morphing_basis_vector_6 exist in both
13:38 root                 DEBUG     Weights for benchmark morphing_basis_vector_7 exist in both
13:38 root                 DEBUG     Weights for benchmark morphing_basis_vector_8 exist in both
13:38 root                 DEBUG     Weights for benchmark morphing_basis_vector_9 exist in both
13:38 madminer.delphes.del INFO    Analysed number of events per sampling benchmark:
13:38 madminer.delphes.del INFO      698 from morphing_basis_vector_5
13:38 madminer.delphes.del DEBUG   Loading HDF5 data from /vols/cms/us322/nsbi_for_dihiggs/data/setup.h5 and saving file to /vols/cms/us322/03_post_delphes_data_14/delphes_signal_supp_5_batch_4.h5
13:38 madminer.delphes.del DEBUG   Weight names: ['sm', 'morphing_basis_vector_1', 'morphing_basis_vector_2', 'morphing_basis_vector_3', 'morphing_basis_vector_4', 'morphing_basis_vector_5', 'morphing_basis_vector_6', 'morphing_basis_vector_7', 'morphing_basis_vector_8', 'morphing_basis_vector_9']
13:38 madminer.utils.inter DEBUG   Benchmark morphing_basis_vector_1 already in the list of benchmarks
13:38 madminer.utils.inter DEBUG   Benchmark morphing_basis_vector_2 already in the list of benchmarks
13:38 madminer.utils.inter DEBUG   Benchmark morphing_basis_vector_3 already in the list of benchmarks
13:38 madminer.utils.inter DEBUG   Benchmark morphing_basis_vector_4 already in the list of benchmarks
13:38 madminer.utils.inter DEBUG   Benchmark morphing_basis_vector_5 already in the list of benchmarks
13:38 madminer.utils.inter DEBUG   Benchmark morphing_basis_vector_6 already in the list of benchmarks
13:38 madminer.utils.inter DEBUG   Benchmark morphing_basis_vector_7 already in the list of benchmarks
13:38 madminer.utils.inter DEBUG   Benchmark morphing_basis_vector_8 already in the list of benchmarks
13:38 madminer.utils.inter DEBUG   Benchmark morphing_basis_vector_9 already in the list of benchmarks
13:38 madminer.utils.inter DEBUG   Benchmark sm already in the list of benchmarks
13:38 madminer.utils.inter DEBUG   Weight names to save in event file: odict_keys(['sm', 'morphing_basis_vector_1', 'morphing_basis_vector_2', 'morphing_basis_vector_3', 'morphing_basis_vector_4', 'morphing_basis_vector_5', 'morphing_basis_vector_6', 'morphing_basis_vector_7', 'morphing_basis_vector_8', 'morphing_basis_vector_9'])
13:38 madminer.utils.inter DEBUG   Benchmark names to save in event file: ['sm', 'morphing_basis_vector_1', 'morphing_basis_vector_2', 'morphing_basis_vector_3', 'morphing_basis_vector_4', 'morphing_basis_vector_5', 'morphing_basis_vector_6', 'morphing_basis_vector_7', 'morphing_basis_vector_8', 'morphing_basis_vector_9']
13:38 madminer.sampling.co DEBUG   Combining and shuffling samples
13:38 madminer.sampling.co DEBUG   Copying setup from /vols/cms/us322/03_post_delphes_data_14/delphes_signal_supp_5_batch_4.h5 to /vols/cms/us322/03_post_delphes_data_14/delphes_signal_supp_5_batch_4.h5
13:38 madminer.sampling.co DEBUG   Loading samples from file 1 / 1 at /vols/cms/us322/03_post_delphes_data_14/delphes_signal_supp_5_batch_4.h5, multiplying weights with k factor 1.0
13:38 madminer.utils.inter INFO    HDF5 file does not contain nuisance parameters information
13:38 madminer.utils.inter INFO    HDF5 file does not contain finite difference information
13:38 madminer.utils.inter INFO    HDF5 file does not contain systematic information
13:38 madminer.sampling.co DEBUG   Sampling benchmarks: [5 5 5 5 5 5 5 5 5 5 5 5 5 5 5 5 5 5 5 5 5 5 5 5 5 5 5 5 5 5 5 5 5 5 5 5 5
 5 5 5 5 5 5 5 5 5 5 5 5 5 5 5 5 5 5 5 5 5 5 5 5 5 5 5 5 5 5 5 5 5 5 5 5 5
 5 5 5 5 5 5 5 5 5 5 5 5 5 5 5 5 5 5 5 5 5 5 5 5 5 5 5 5 5 5 5 5 5 5 5 5 5
 5 5 5 5 5 5 5 5 5 5 5 5 5 5 5 5 5 5 5 5 5 5 5 5 5 5 5 5 5 5 5 5 5 5 5 5 5
 5 5 5 5 5 5 5 5 5 5 5 5 5 5 5 5 5 5 5 5 5 5 5 5 5 5 5 5 5 5 5 5 5 5 5 5 5
 5 5 5 5 5 5 5 5 5 5 5 5 5 5 5 5 5 5 5 5 5 5 5 5 5 5 5 5 5 5 5 5 5 5 5 5 5
 5 5 5 5 5 5 5 5 5 5 5 5 5 5 5 5 5 5 5 5 5 5 5 5 5 5 5 5 5 5 5 5 5 5 5 5 5
 5 5 5 5 5 5 5 5 5 5 5 5 5 5 5 5 5 5 5 5 5 5 5 5 5 5 5 5 5 5 5 5 5 5 5 5 5
 5 5 5 5 5 5 5 5 5 5 5 5 5 5 5 5 5 5 5 5 5 5 5 5 5 5 5 5 5 5 5 5 5 5 5 5 5
 5 5 5 5 5 5 5 5 5 5 5 5 5 5 5 5 5 5 5 5 5 5 5 5 5 5 5 5 5 5 5 5 5 5 5 5 5
 5 5 5 5 5 5 5 5 5 5 5 5 5 5 5 5 5 5 5 5 5 5 5 5 5 5 5 5 5 5 5 5 5 5 5 5 5
 5 5 5 5 5 5 5 5 5 5 5 5 5 5 5 5 5 5 5 5 5 5 5 5 5 5 5 5 5 5 5 5 5 5 5 5 5
 5 5 5 5 5 5 5 5 5 5 5 5 5 5 5 5 5 5 5 5 5 5 5 5 5 5 5 5 5 5 5 5 5 5 5 5 5
 5 5 5 5 5 5 5 5 5 5 5 5 5 5 5 5 5 5 5 5 5 5 5 5 5 5 5 5 5 5 5 5 5 5 5 5 5
 5 5 5 5 5 5 5 5 5 5 5 5 5 5 5 5 5 5 5 5 5 5 5 5 5 5 5 5 5 5 5 5 5 5 5 5 5
 5 5 5 5 5 5 5 5 5 5 5 5 5 5 5 5 5 5 5 5 5 5 5 5 5 5 5 5 5 5 5 5 5 5 5 5 5
 5 5 5 5 5 5 5 5 5 5 5 5 5 5 5 5 5 5 5 5 5 5 5 5 5 5 5 5 5 5 5 5 5 5 5 5 5
 5 5 5 5 5 5 5 5 5 5 5 5 5 5 5 5 5 5 5 5 5 5 5 5 5 5 5 5 5 5 5 5 5 5 5 5 5
 5 5 5 5 5 5 5 5 5 5 5 5 5 5 5 5 5 5 5 5 5 5 5 5 5 5 5 5 5 5 5 5]
13:38 madminer.sampling.co DEBUG   Combined sampling benchmarks: [5 5 5 5 5 5 5 5 5 5 5 5 5 5 5 5 5 5 5 5 5 5 5 5 5 5 5 5 5 5 5 5 5 5 5 5 5
 5 5 5 5 5 5 5 5 5 5 5 5 5 5 5 5 5 5 5 5 5 5 5 5 5 5 5 5 5 5 5 5 5 5 5 5 5
 5 5 5 5 5 5 5 5 5 5 5 5 5 5 5 5 5 5 5 5 5 5 5 5 5 5 5 5 5 5 5 5 5 5 5 5 5
 5 5 5 5 5 5 5 5 5 5 5 5 5 5 5 5 5 5 5 5 5 5 5 5 5 5 5 5 5 5 5 5 5 5 5 5 5
 5 5 5 5 5 5 5 5 5 5 5 5 5 5 5 5 5 5 5 5 5 5 5 5 5 5 5 5 5 5 5 5 5 5 5 5 5
 5 5 5 5 5 5 5 5 5 5 5 5 5 5 5 5 5 5 5 5 5 5 5 5 5 5 5 5 5 5 5 5 5 5 5 5 5
 5 5 5 5 5 5 5 5 5 5 5 5 5 5 5 5 5 5 5 5 5 5 5 5 5 5 5 5 5 5 5 5 5 5 5 5 5
 5 5 5 5 5 5 5 5 5 5 5 5 5 5 5 5 5 5 5 5 5 5 5 5 5 5 5 5 5 5 5 5 5 5 5 5 5
 5 5 5 5 5 5 5 5 5 5 5 5 5 5 5 5 5 5 5 5 5 5 5 5 5 5 5 5 5 5 5 5 5 5 5 5 5
 5 5 5 5 5 5 5 5 5 5 5 5 5 5 5 5 5 5 5 5 5 5 5 5 5 5 5 5 5 5 5 5 5 5 5 5 5
 5 5 5 5 5 5 5 5 5 5 5 5 5 5 5 5 5 5 5 5 5 5 5 5 5 5 5 5 5 5 5 5 5 5 5 5 5
 5 5 5 5 5 5 5 5 5 5 5 5 5 5 5 5 5 5 5 5 5 5 5 5 5 5 5 5 5 5 5 5 5 5 5 5 5
 5 5 5 5 5 5 5 5 5 5 5 5 5 5 5 5 5 5 5 5 5 5 5 5 5 5 5 5 5 5 5 5 5 5 5 5 5
 5 5 5 5 5 5 5 5 5 5 5 5 5 5 5 5 5 5 5 5 5 5 5 5 5 5 5 5 5 5 5 5 5 5 5 5 5
 5 5 5 5 5 5 5 5 5 5 5 5 5 5 5 5 5 5 5 5 5 5 5 5 5 5 5 5 5 5 5 5 5 5 5 5 5
 5 5 5 5 5 5 5 5 5 5 5 5 5 5 5 5 5 5 5 5 5 5 5 5 5 5 5 5 5 5 5 5 5 5 5 5 5
 5 5 5 5 5 5 5 5 5 5 5 5 5 5 5 5 5 5 5 5 5 5 5 5 5 5 5 5 5 5 5 5 5 5 5 5 5
 5 5 5 5 5 5 5 5 5 5 5 5 5 5 5 5 5 5 5 5 5 5 5 5 5 5 5 5 5 5 5 5 5 5 5 5 5
 5 5 5 5 5 5 5 5 5 5 5 5 5 5 5 5 5 5 5 5 5 5 5 5 5 5 5 5 5 5 5 5]
13:38 madminer.sampling.co DEBUG   Recalculated event numbers per benchmark: [  0   0   0   0   0 698   0   0   0   0], background: 0
