12:37 madminer.utils.inter INFO    HDF5 file does not contain nuisance parameters information
12:37 madminer.utils.inter INFO    HDF5 file does not contain finite difference information
12:37 madminer.utils.inter INFO    HDF5 file does not contain observables information
12:37 madminer.utils.inter INFO    HDF5 file does not contain sample summary information
12:37 madminer.utils.inter INFO    HDF5 file does not contain sample information
12:37 madminer.utils.inter INFO    HDF5 file does not contain systematic information
12:37 madminer.delphes.del DEBUG   Adding event sample /vols/cms/us322/02b_final_events_14_new/background/batch_37//run_01/tag_1_pythia8_events.hepmc.gz
12:37 madminer.delphes.del DEBUG   Adding event sample /vols/cms/us322/02b_final_events_14_new/background/batch_37//run_02/tag_1_pythia8_events.hepmc.gz
12:37 madminer.delphes.del INFO    Running Delphes on HepMC sample at /vols/cms/us322/02b_final_events_14_new/background/batch_37//run_01/tag_1_pythia8_events.hepmc.gz
12:37 madminer.utils.inter DEBUG   Unzipping /vols/cms/us322/02b_final_events_14_new/background/batch_37//run_01/tag_1_pythia8_events.hepmc.gz
12:41 madminer.utils.inter DEBUG   Deleting /vols/cms/us322/02b_final_events_14_new/background/batch_37/run_01/tag_1_pythia8_events.hepmc
12:41 madminer.delphes.del INFO    Running Delphes on HepMC sample at /vols/cms/us322/02b_final_events_14_new/background/batch_37//run_02/tag_1_pythia8_events.hepmc.gz
12:41 madminer.utils.inter DEBUG   Unzipping /vols/cms/us322/02b_final_events_14_new/background/batch_37//run_02/tag_1_pythia8_events.hepmc.gz
12:49 madminer.utils.inter DEBUG   Deleting /vols/cms/us322/02b_final_events_14_new/background/batch_37/run_02/tag_1_pythia8_events.hepmc
12:49 madminer.delphes.del DEBUG   Adding required observable a0_pt = a[0].pt
12:49 madminer.delphes.del DEBUG   Adding required observable a0_eta = a[0].eta
12:49 madminer.delphes.del DEBUG   Adding required observable a1_pt = a[1].pt
12:49 madminer.delphes.del DEBUG   Adding required observable a1_eta = a[1].eta
12:49 madminer.delphes.del DEBUG   Adding required observable num_bjets defined through external function
12:49 madminer.delphes.del DEBUG   Adding required observable b0_pt defined through external function
12:49 madminer.delphes.del DEBUG   Adding required observable b0_eta defined through external function
12:49 madminer.delphes.del DEBUG   Adding required observable b1_pt defined through external function
12:49 madminer.delphes.del DEBUG   Adding required observable b1_eta defined through external function
12:49 madminer.delphes.del DEBUG   Adding required observable bb_deltaR defined through external function
12:49 madminer.delphes.del DEBUG   Adding required observable aa_deltaR = a[0].deltaR(a[1])
12:49 madminer.delphes.del DEBUG   Adding required observable b0a0_deltaR defined through external function
12:49 madminer.delphes.del DEBUG   Adding required observable b0a1_deltaR defined through external function
12:49 madminer.delphes.del DEBUG   Adding required observable b1a0_deltaR defined through external function
12:49 madminer.delphes.del DEBUG   Adding required observable b1a1_deltaR defined through external function
12:49 madminer.delphes.del DEBUG   Adding required observable m_tot defined through external function
12:49 madminer.delphes.del DEBUG   Adding required observable pt_bb defined through external function
12:49 madminer.delphes.del DEBUG   Adding required observable pt_aa = (a[0]+a[1]).pt
12:49 madminer.delphes.del DEBUG   Adding required observable m_bb defined through external function
12:49 madminer.delphes.del DEBUG   Adding required observable m_aa = (a[0]+a[1]).m
12:49 madminer.delphes.del DEBUG   Adding cut a0_pt>30
12:49 madminer.delphes.del DEBUG   Adding cut a1_pt>30
12:49 madminer.delphes.del DEBUG   Adding cut b0_pt>30
12:49 madminer.delphes.del DEBUG   Adding cut b1_pt>30
12:49 madminer.delphes.del DEBUG   Adding cut abs(a0_eta)<2.4
12:49 madminer.delphes.del DEBUG   Adding cut abs(a1_eta)<2.4
12:49 madminer.delphes.del DEBUG   Adding cut abs(b0_eta)<2.4
12:49 madminer.delphes.del DEBUG   Adding cut abs(b1_eta)<2.4
12:49 madminer.delphes.del DEBUG   Adding cut bb_deltaR>0.4
12:49 madminer.delphes.del DEBUG   Adding cut aa_deltaR>0.4
12:49 madminer.delphes.del DEBUG   Adding cut b0a0_deltaR>1
12:49 madminer.delphes.del DEBUG   Adding cut b0a1_deltaR>1
12:49 madminer.delphes.del DEBUG   Adding cut b1a0_deltaR>1
12:49 madminer.delphes.del DEBUG   Adding cut b1a1_deltaR>1
12:49 madminer.delphes.del DEBUG   Adding cut abs(m_bb-125)<25
12:49 madminer.delphes.del DEBUG   Adding cut abs(m_aa-125)<3
12:49 madminer.delphes.del DEBUG   Adding cut num_bjets==2
12:49 madminer.delphes.del DEBUG   Adding cut aa_deltaR<2
12:49 madminer.delphes.del INFO    Analysing Delphes sample /vols/cms/us322/02b_final_events_14_new/background/batch_37/run_01/tag_1_pythia8_events_delphes.root: Calculating 20 observables, requiring 18 selection cuts, associated with no systematics
12:49 madminer.delphes.del DEBUG   Extracting nuisance parameter definitions from LHE file
12:49 madminer.utils.inter DEBUG   Parsing nuisance parameter setup from LHE file at /vols/cms/us322/02b_final_events_14_new/background/batch_37//run_01/unweighted_events.lhe.gz
12:49 madminer.utils.inter DEBUG   Systematics setup: OrderedDict()
12:49 madminer.utils.inter DEBUG   0 weight groups
12:49 madminer.delphes.del DEBUG   systematics_dict: OrderedDict()
12:49 madminer.utils.inter DEBUG   Parsing Delphes file /vols/cms/us322/02b_final_events_14_new/background/batch_37/run_01/tag_1_pythia8_events_delphes.root
12:49 madminer.utils.inter DEBUG   Not extracting weights
12:49 madminer.utils.inter DEBUG   Found 12389 events
12:50 madminer.utils.inter DEBUG     First 10 values for observable a0_pt:
[ 99.31573486  32.68762207  89.03359985 119.56626892 156.29551697
 100.96965027 130.55705261  78.82263184 414.20355225  77.18721771
 121.90246582 203.03378296 128.71983337   1.91580999 119.24155426
  94.84837341  64.6572113   85.65309906 117.69885254  85.4058075 ]
12:50 madminer.utils.inter DEBUG     First 10 values for observable a0_eta:
[ 1.18982828 -0.71294671 -0.90553719 -0.79180735 -0.57624161  1.83826315
 -1.3410809   0.72631484  1.51167941 -0.83548474 -0.07159323  0.53409737
 -0.21723315 -0.569368    2.64159393 -0.32593983 -0.6828261   1.83949351
 -1.36761224 -1.10594141]
12:50 madminer.utils.inter DEBUG     First 10 values for observable a1_pt:
[79.10482788  2.11608887 58.32860947 75.19850159 39.91833878 29.91718864
 40.62502289 53.14757156 37.34181976 25.0371151  47.86603546 40.73849487
 39.72374725         nan 36.67726517 52.94475174         nan 70.55590057
 38.99100494 77.63706207]
12:50 madminer.utils.inter DEBUG     First 10 values for observable a1_eta:
[ 0.63675982  0.85460973  0.36721456 -0.39022461 -1.19424367 -0.11420497
 -2.42438436 -0.58368635  1.15818465  1.25114322 -0.0358383  -0.60748559
  0.88423401         nan  1.29011834  1.21428609         nan  1.60959196
 -0.20880863 -0.87136376]
12:51 madminer.utils.inter DEBUG     First 10 values for observable num_bjets:
[2. 2. 2. 2. 1. 2. 2. 1. 1. 1. 0. 1. 1. 2. 2. 2. 0. 1. 0. 1.]
12:51 madminer.utils.inter DEBUG     First 10 values for observable b0_pt:
[ 45.38226318  50.25203323  59.57396698  69.36724091  68.23344421
  45.50330734 100.64239502  56.18868637 289.59609985  41.83724594
          nan  65.32978058  84.47750092  43.07587051  68.96803284
  71.68562317          nan 111.68143463          nan  55.05649185]
12:51 madminer.utils.inter DEBUG     First 10 values for observable b0_eta:
[ 0.98434639 -1.95093465 -1.57333136  1.03848135  0.94684553  1.42117894
 -2.77413321 -1.39390099  0.94964743 -1.82374132         nan -0.2445029
  2.50650311 -0.1965932   1.05256879 -1.47149682         nan  0.99702734
         nan -2.63484812]
12:51 madminer.utils.inter DEBUG     First 10 values for observable b1_pt:
[29.63788986 49.4321785  55.40381622 59.15509796         nan 28.51132202
 78.12347412         nan         nan         nan         nan         nan
         nan 39.1351738  55.52739334 67.5609436          nan         nan
         nan         nan]
12:51 madminer.utils.inter DEBUG     First 10 values for observable b1_eta:
[-0.34209087 -0.56929624 -0.10195604 -0.30771488         nan  0.02048195
 -1.86208367         nan         nan         nan         nan         nan
         nan -0.08175249  1.87734687 -0.43532073         nan         nan
         nan         nan]
12:51 madminer.utils.inter DEBUG     First 10 values for observable bb_deltaR:
[1.52595912 1.97065316 2.11358223 1.34654396        nan 1.63159268
 1.15741676        nan        nan        nan        nan        nan
        nan 1.84523349 1.30311046 1.33388426        nan        nan
        nan        nan]
12:51 madminer.utils.inter DEBUG     First 10 values for observable aa_deltaR:
[1.57924867 1.57715015 1.65478448 1.46482889 1.62020776 2.03746727
 1.78463692 1.92445234 1.04054546 2.49449558 1.88070647 1.26250742
 1.72245605        nan 1.77455342 1.6130235         nan 1.83544454
 2.00489596 1.67967815]
12:52 madminer.utils.inter DEBUG     First 10 values for observable b0a0_deltaR:
[3.11476989 3.06350857 2.88420203 3.24891976        nan 3.14144629
 3.2205568         nan        nan        nan        nan        nan
        nan 0.69496401 3.33570092 2.72637574        nan        nan
        nan        nan]
12:52 madminer.utils.inter DEBUG     First 10 values for observable b0a1_deltaR:
[1.66542364 4.089887   2.61193242 2.61496395        nan 2.96053507
 1.5070675         nan        nan        nan        nan        nan
        nan        nan 1.79863212 3.99180167        nan        nan
        nan        nan]
12:52 madminer.utils.inter DEBUG     First 10 values for observable b1a0_deltaR:
[2.80822886 1.40440548 2.11836166 2.75773137        nan 2.95741541
 2.73649923        nan        nan        nan        nan        nan
        nan 1.34652096 2.46297717 2.97117761        nan        nan
        nan        nan]
12:52 madminer.utils.inter DEBUG     First 10 values for observable b1a1_deltaR:
[1.3124928  2.12007312 3.05383552 2.16114401        nan 2.91827262
 2.24990704        nan        nan        nan        nan        nan
        nan        nan 2.85284734 2.98689742        nan        nan
        nan        nan]
12:52 madminer.utils.inter DEBUG     First 10 values for observable m_tot:
[262.89534465 156.57716073 330.93358352 406.60720259          nan
 272.72838661 413.91126042          nan          nan          nan
          nan          nan          nan          nan 347.49525524
 415.83823682          nan          nan          nan          nan]
12:52 madminer.utils.inter DEBUG     First 10 values for observable pt_bb:
[ 69.98689585  76.07774377  83.49508666 128.50739164          nan
  67.98238223 167.72271958          nan          nan          nan
          nan          nan          nan  49.84973559 109.18236706
 127.1558542           nan          nan          nan          nan]
12:53 madminer.utils.inter DEBUG     First 10 values for observable pt_aa:
[132.50595174  34.7737936  128.17568954 151.17182315 164.11240946
 127.02574154 142.50484292 101.88774537 436.14728632  85.83266601
 116.60239405 238.91011068 143.67551499          nan 138.33505081
 143.91650099          nan  96.55071546 121.55030595 109.98993225]
12:53 madminer.utils.inter DEBUG     First 10 values for observable m_bb:
[ 59.1766226   99.45158331 122.14723165  94.16051219          nan
  62.6201424  106.13246437          nan          nan          nan
          nan          nan          nan  65.86461418  80.34174681
  95.22397404          nan          nan          nan          nan]
12:53 madminer.utils.inter DEBUG     First 10 values for observable m_aa:
[129.3873788   14.48556521 122.05658706 128.64673512 118.43424158
 129.10187646 125.90898477 123.74543865 124.98699478 122.59356674
 123.42077035 119.78654791 120.77758941          nan 120.22697348
 124.87311443          nan 124.09687065 129.07728035 121.86768313]
12:56 madminer.utils.inter DEBUG     12346 / 12389 events pass required observable a0_pt
12:56 madminer.utils.inter DEBUG     12346 / 12389 events pass required observable a0_eta
12:56 madminer.utils.inter DEBUG     11348 / 12389 events pass required observable a1_pt
12:56 madminer.utils.inter DEBUG     11348 / 12389 events pass required observable a1_eta
12:56 madminer.utils.inter DEBUG     12389 / 12389 events pass required observable num_bjets
12:56 madminer.utils.inter DEBUG     10565 / 12389 events pass required observable b0_pt
12:56 madminer.utils.inter DEBUG     10565 / 12389 events pass required observable b0_eta
12:56 madminer.utils.inter DEBUG     4452 / 12389 events pass required observable b1_pt
12:56 madminer.utils.inter DEBUG     4452 / 12389 events pass required observable b1_eta
12:56 madminer.utils.inter DEBUG     4452 / 12389 events pass required observable bb_deltaR
12:56 madminer.utils.inter DEBUG     11348 / 12389 events pass required observable aa_deltaR
12:56 madminer.utils.inter DEBUG     4431 / 12389 events pass required observable b0a0_deltaR
12:56 madminer.utils.inter DEBUG     4046 / 12389 events pass required observable b0a1_deltaR
12:56 madminer.utils.inter DEBUG     4431 / 12389 events pass required observable b1a0_deltaR
12:56 madminer.utils.inter DEBUG     4046 / 12389 events pass required observable b1a1_deltaR
12:56 madminer.utils.inter DEBUG     4046 / 12389 events pass required observable m_tot
12:56 madminer.utils.inter DEBUG     4452 / 12389 events pass required observable pt_bb
12:56 madminer.utils.inter DEBUG     11348 / 12389 events pass required observable pt_aa
12:56 madminer.utils.inter DEBUG     4452 / 12389 events pass required observable m_bb
12:56 madminer.utils.inter DEBUG     11348 / 12389 events pass required observable m_aa
12:56 madminer.utils.inter DEBUG     12243 / 12389 events pass cut Cut(name='CUT', val_expression='a0_pt>30', is_required=False)
12:56 madminer.utils.inter DEBUG     9877 / 12389 events pass cut Cut(name='CUT', val_expression='a1_pt>30', is_required=False)
12:56 madminer.utils.inter DEBUG     10252 / 12389 events pass cut Cut(name='CUT', val_expression='b0_pt>30', is_required=False)
12:56 madminer.utils.inter DEBUG     3749 / 12389 events pass cut Cut(name='CUT', val_expression='b1_pt>30', is_required=False)
12:56 madminer.utils.inter DEBUG     11897 / 12389 events pass cut Cut(name='CUT', val_expression='abs(a0_eta)<2.4', is_required=False)
12:56 madminer.utils.inter DEBUG     10773 / 12389 events pass cut Cut(name='CUT', val_expression='abs(a1_eta)<2.4', is_required=False)
12:56 madminer.utils.inter DEBUG     10015 / 12389 events pass cut Cut(name='CUT', val_expression='abs(b0_eta)<2.4', is_required=False)
12:56 madminer.utils.inter DEBUG     4164 / 12389 events pass cut Cut(name='CUT', val_expression='abs(b1_eta)<2.4', is_required=False)
12:56 madminer.utils.inter DEBUG     4451 / 12389 events pass cut Cut(name='CUT', val_expression='bb_deltaR>0.4', is_required=False)
12:56 madminer.utils.inter DEBUG     11346 / 12389 events pass cut Cut(name='CUT', val_expression='aa_deltaR>0.4', is_required=False)
12:56 madminer.utils.inter DEBUG     4418 / 12389 events pass cut Cut(name='CUT', val_expression='b0a0_deltaR>1', is_required=False)
12:56 madminer.utils.inter DEBUG     3985 / 12389 events pass cut Cut(name='CUT', val_expression='b0a1_deltaR>1', is_required=False)
12:56 madminer.utils.inter DEBUG     4386 / 12389 events pass cut Cut(name='CUT', val_expression='b1a0_deltaR>1', is_required=False)
12:56 madminer.utils.inter DEBUG     3946 / 12389 events pass cut Cut(name='CUT', val_expression='b1a1_deltaR>1', is_required=False)
12:56 madminer.utils.inter DEBUG     1662 / 12389 events pass cut Cut(name='CUT', val_expression='abs(m_bb-125)<25', is_required=False)
12:56 madminer.utils.inter DEBUG     5236 / 12389 events pass cut Cut(name='CUT', val_expression='abs(m_aa-125)<3', is_required=False)
12:56 madminer.utils.inter DEBUG     4255 / 12389 events pass cut Cut(name='CUT', val_expression='num_bjets==2', is_required=False)
12:56 madminer.utils.inter DEBUG     9304 / 12389 events pass cut Cut(name='CUT', val_expression='aa_deltaR<2', is_required=False)
12:56 madminer.utils.inter INFO      425 / 12389 events pass everything
12:56 madminer.delphes.del DEBUG   Did not extract weights from Delphes file
12:56 madminer.delphes.del DEBUG   Found 425 events
12:56 madminer.delphes.del DEBUG   Extracting weights from LHE file
12:56 madminer.utils.inter DEBUG   Parsing LHE file /vols/cms/us322/02b_final_events_14_new/background/batch_37//run_01/unweighted_events.lhe.gz
12:56 madminer.utils.inter DEBUG   Parsing header and events as XML with ElementTree
12:56 madminer.utils.inter DEBUG   Found entry event_norm = average in LHE header. Interpreting this as weight_norm_is_average = True.
12:56 madminer.utils.inter DEBUG   Event 1 passes observations, passes cuts, passes efficiencies -> passes
12:56 madminer.utils.inter DEBUG   Event 2 passes observations, passes cuts, passes efficiencies -> passes
12:56 madminer.utils.inter DEBUG   Event 3 passes observations, passes cuts, passes efficiencies -> passes
12:56 madminer.utils.inter DEBUG   Event 4 passes observations, passes cuts, passes efficiencies -> passes
12:56 madminer.utils.inter DEBUG   Event 5 passes observations, passes cuts, passes efficiencies -> passes
12:56 madminer.utils.inter DEBUG   Event 6 passes observations, passes cuts, passes efficiencies -> passes
12:56 madminer.utils.inter DEBUG   Event 7 passes observations, passes cuts, passes efficiencies -> passes
12:56 madminer.utils.inter DEBUG   Event 8 passes observations, passes cuts, passes efficiencies -> passes
12:56 madminer.utils.inter DEBUG   Event 9 passes observations, passes cuts, passes efficiencies -> passes
12:56 madminer.utils.inter DEBUG   Event 10 passes observations, passes cuts, passes efficiencies -> passes
12:56 madminer.utils.inter DEBUG   Event 11 passes observations, passes cuts, passes efficiencies -> passes
12:56 madminer.utils.inter DEBUG   Event 12 passes observations, passes cuts, passes efficiencies -> passes
12:56 madminer.utils.inter DEBUG   Event 13 passes observations, passes cuts, passes efficiencies -> passes
12:56 madminer.utils.inter DEBUG   Event 14 passes observations, passes cuts, passes efficiencies -> passes
12:56 madminer.utils.inter DEBUG   Event 15 passes observations, passes cuts, passes efficiencies -> passes
12:56 madminer.utils.inter DEBUG   Event 16 passes observations, passes cuts, passes efficiencies -> passes
12:56 madminer.utils.inter DEBUG   Event 17 passes observations, passes cuts, passes efficiencies -> passes
12:56 madminer.utils.inter DEBUG   Event 18 passes observations, passes cuts, passes efficiencies -> passes
12:56 madminer.utils.inter DEBUG   Event 19 passes observations, passes cuts, passes efficiencies -> passes
12:56 madminer.utils.inter DEBUG   Event 20 passes observations, passes cuts, passes efficiencies -> passes
13:01 madminer.delphes.del DEBUG   Found weights ['sm', 'morphing_basis_vector_1', 'morphing_basis_vector_2', 'morphing_basis_vector_3', 'morphing_basis_vector_4', 'morphing_basis_vector_5', 'morphing_basis_vector_6', 'morphing_basis_vector_7', 'morphing_basis_vector_8', 'morphing_basis_vector_9'] in LHE file
13:01 madminer.delphes.del DEBUG   Applying Delphes-based cuts to LHE weights
Traceback (most recent call last):
  File "03a_read_delphes.py", line 276, in <module>
    delphes.analyse_delphes_samples()
  File "/vols/cms/us322/nsbi_for_dihiggs/madminer/madminer/delphes/delphes_reader.py", line 632, in analyse_delphes_samples
    this_observations, this_weights, this_n_events = self._analyse_delphes_sample(
  File "/vols/cms/us322/nsbi_for_dihiggs/madminer/madminer/delphes/delphes_reader.py", line 820, in _analyse_delphes_sample
    this_weights[key] = weights[cut_filter]
IndexError: boolean index did not match indexed array along dimension 0; dimension is 25000 but corresponding boolean dimension is 12389
