12:37 madminer.utils.inter INFO    HDF5 file does not contain nuisance parameters information
12:37 madminer.utils.inter INFO    HDF5 file does not contain finite difference information
12:37 madminer.utils.inter INFO    HDF5 file does not contain observables information
12:37 madminer.utils.inter INFO    HDF5 file does not contain sample summary information
12:37 madminer.utils.inter INFO    HDF5 file does not contain sample information
12:37 madminer.utils.inter INFO    HDF5 file does not contain systematic information
12:37 madminer.delphes.del DEBUG   Adding event sample /vols/cms/us322/02b_final_events_14_new/background/batch_12//run_01/tag_1_pythia8_events.hepmc.gz
12:37 madminer.delphes.del DEBUG   Adding event sample /vols/cms/us322/02b_final_events_14_new/background/batch_12//run_02/tag_1_pythia8_events.hepmc.gz
12:37 madminer.delphes.del INFO    Running Delphes on HepMC sample at /vols/cms/us322/02b_final_events_14_new/background/batch_12//run_01/tag_1_pythia8_events.hepmc.gz
12:37 madminer.utils.inter DEBUG   Unzipping /vols/cms/us322/02b_final_events_14_new/background/batch_12//run_01/tag_1_pythia8_events.hepmc.gz
12:40 madminer.utils.inter DEBUG   Deleting /vols/cms/us322/02b_final_events_14_new/background/batch_12/run_01/tag_1_pythia8_events.hepmc
12:40 madminer.delphes.del INFO    Running Delphes on HepMC sample at /vols/cms/us322/02b_final_events_14_new/background/batch_12//run_02/tag_1_pythia8_events.hepmc.gz
12:40 madminer.utils.inter DEBUG   Unzipping /vols/cms/us322/02b_final_events_14_new/background/batch_12//run_02/tag_1_pythia8_events.hepmc.gz
12:47 madminer.utils.inter DEBUG   Deleting /vols/cms/us322/02b_final_events_14_new/background/batch_12/run_02/tag_1_pythia8_events.hepmc
12:47 madminer.delphes.del DEBUG   Adding required observable a0_pt = a[0].pt
12:47 madminer.delphes.del DEBUG   Adding required observable a0_eta = a[0].eta
12:47 madminer.delphes.del DEBUG   Adding required observable a1_pt = a[1].pt
12:47 madminer.delphes.del DEBUG   Adding required observable a1_eta = a[1].eta
12:47 madminer.delphes.del DEBUG   Adding required observable num_bjets defined through external function
12:47 madminer.delphes.del DEBUG   Adding required observable b0_pt defined through external function
12:47 madminer.delphes.del DEBUG   Adding required observable b0_eta defined through external function
12:47 madminer.delphes.del DEBUG   Adding required observable b1_pt defined through external function
12:47 madminer.delphes.del DEBUG   Adding required observable b1_eta defined through external function
12:47 madminer.delphes.del DEBUG   Adding required observable bb_deltaR defined through external function
12:47 madminer.delphes.del DEBUG   Adding required observable aa_deltaR = a[0].deltaR(a[1])
12:47 madminer.delphes.del DEBUG   Adding required observable b0a0_deltaR defined through external function
12:47 madminer.delphes.del DEBUG   Adding required observable b0a1_deltaR defined through external function
12:47 madminer.delphes.del DEBUG   Adding required observable b1a0_deltaR defined through external function
12:47 madminer.delphes.del DEBUG   Adding required observable b1a1_deltaR defined through external function
12:47 madminer.delphes.del DEBUG   Adding required observable m_tot defined through external function
12:47 madminer.delphes.del DEBUG   Adding required observable pt_bb defined through external function
12:47 madminer.delphes.del DEBUG   Adding required observable pt_aa = (a[0]+a[1]).pt
12:47 madminer.delphes.del DEBUG   Adding required observable m_bb defined through external function
12:47 madminer.delphes.del DEBUG   Adding required observable m_aa = (a[0]+a[1]).m
12:47 madminer.delphes.del DEBUG   Adding cut a0_pt>30
12:47 madminer.delphes.del DEBUG   Adding cut a1_pt>30
12:47 madminer.delphes.del DEBUG   Adding cut b0_pt>30
12:47 madminer.delphes.del DEBUG   Adding cut b1_pt>30
12:47 madminer.delphes.del DEBUG   Adding cut abs(a0_eta)<2.4
12:47 madminer.delphes.del DEBUG   Adding cut abs(a1_eta)<2.4
12:47 madminer.delphes.del DEBUG   Adding cut abs(b0_eta)<2.4
12:47 madminer.delphes.del DEBUG   Adding cut abs(b1_eta)<2.4
12:47 madminer.delphes.del DEBUG   Adding cut bb_deltaR>0.4
12:47 madminer.delphes.del DEBUG   Adding cut aa_deltaR>0.4
12:47 madminer.delphes.del DEBUG   Adding cut b0a0_deltaR>1
12:47 madminer.delphes.del DEBUG   Adding cut b0a1_deltaR>1
12:47 madminer.delphes.del DEBUG   Adding cut b1a0_deltaR>1
12:47 madminer.delphes.del DEBUG   Adding cut b1a1_deltaR>1
12:47 madminer.delphes.del DEBUG   Adding cut abs(m_bb-125)<25
12:47 madminer.delphes.del DEBUG   Adding cut abs(m_aa-125)<3
12:47 madminer.delphes.del DEBUG   Adding cut num_bjets==2
12:47 madminer.delphes.del DEBUG   Adding cut aa_deltaR<2
12:47 madminer.delphes.del INFO    Analysing Delphes sample /vols/cms/us322/02b_final_events_14_new/background/batch_12/run_01/tag_1_pythia8_events_delphes.root: Calculating 20 observables, requiring 18 selection cuts, associated with no systematics
12:47 madminer.delphes.del DEBUG   Extracting nuisance parameter definitions from LHE file
12:47 madminer.utils.inter DEBUG   Parsing nuisance parameter setup from LHE file at /vols/cms/us322/02b_final_events_14_new/background/batch_12//run_01/unweighted_events.lhe.gz
12:47 madminer.utils.inter DEBUG   Systematics setup: OrderedDict()
12:47 madminer.utils.inter DEBUG   0 weight groups
12:47 madminer.delphes.del DEBUG   systematics_dict: OrderedDict()
12:47 madminer.utils.inter DEBUG   Parsing Delphes file /vols/cms/us322/02b_final_events_14_new/background/batch_12/run_01/tag_1_pythia8_events_delphes.root
12:47 madminer.utils.inter DEBUG   Not extracting weights
12:47 madminer.utils.inter DEBUG   Found 10840 events
12:48 madminer.utils.inter DEBUG     First 10 values for observable a0_pt:
[143.80895996  66.83766174 156.9128418   86.79782867  95.45443726
 106.1461792  118.32033539  53.66543198 510.72189331 252.03141785
  30.86388397  89.58304596 134.71765137  28.66844559 151.84025574
 214.55331421 151.31045532 156.85816956  89.27254486  64.1727066 ]
12:48 madminer.utils.inter DEBUG     First 10 values for observable a0_eta:
[-0.2741566  -2.40991211 -0.57727158  0.46338087  0.79857016 -0.6099844
  0.91082489 -0.33122689 -1.7336762   2.34734273  0.27812251  0.20562975
 -1.55517972  1.52324796  0.72511351  0.29061404  0.16991094  0.23403217
 -0.83220816  0.01289652]
12:49 madminer.utils.inter DEBUG     First 10 values for observable a1_pt:
[ 95.16802979  48.57248688 127.20744324          nan  44.41020584
  47.68862152  44.61820984  52.72460938  60.24298096  57.95884705
   2.32128406  63.74500275  62.08316422   1.6793884   63.44267654
  32.58029556  62.18973541  32.06015015  49.11507416   1.0376358 ]
12:49 madminer.utils.inter DEBUG     First 10 values for observable a1_eta:
[ 4.87499833e-01 -6.04909658e-01  1.96463585e-01             nan
  2.13588047e+00 -1.54167593e+00 -3.61936659e-01 -2.32066894e+00
 -2.27639341e+00  1.45468509e+00  7.08411098e-01  2.50937462e-01
 -1.35103309e+00 -3.54500979e-01  2.42481530e-01  1.10287869e+00
  1.53564167e+00 -1.08994067e-01 -2.96957884e-03  3.00163698e+00]
12:49 madminer.utils.inter DEBUG     First 10 values for observable num_bjets:
[1. 1. 3. 1. 2. 1. 1. 2. 0. 1. 1. 2. 1. 2. 1. 1. 1. 1. 1. 1.]
12:49 madminer.utils.inter DEBUG     First 10 values for observable b0_pt:
[ 51.11098862  48.28846359 248.59849548 110.82183075  63.06535721
  32.43260574  31.67044449  83.8200531           nan  73.72528076
  50.87846375  37.20846176 103.55880737 128.07991028 117.07904053
  68.14950562  88.50113678  37.64871216  66.46213531  73.55158997]
12:49 madminer.utils.inter DEBUG     First 10 values for observable b0_eta:
[ 2.26691198  0.30932856 -0.14419436 -0.68171859  1.11767137 -2.64548779
 -1.61038971 -1.93533826         nan  0.79584378 -1.18106771 -1.65207005
 -0.4238171   2.04956555 -0.96716279 -0.74242002  2.24268484  1.61100149
  0.44755507  0.56668037]
12:49 madminer.utils.inter DEBUG     First 10 values for observable b1_pt:
[        nan         nan 36.76508713         nan 32.74352646         nan
         nan 31.95048523         nan         nan         nan 26.92988205
         nan 38.80854416         nan         nan         nan         nan
         nan         nan]
12:49 madminer.utils.inter DEBUG     First 10 values for observable b1_eta:
[        nan         nan -0.44829693         nan -0.15081206         nan
         nan  0.37093803         nan         nan         nan -0.31196073
         nan  0.91300386         nan         nan         nan         nan
         nan         nan]
12:49 madminer.utils.inter DEBUG     First 10 values for observable bb_deltaR:
[       nan        nan 1.32743297        nan 2.29486555        nan
        nan 2.88155025        nan        nan        nan 2.41116674
        nan 1.80234782        nan        nan        nan        nan
        nan        nan]
12:50 madminer.utils.inter DEBUG     First 10 values for observable aa_deltaR:
[1.02027532 1.90524283 0.82383127        nan 1.84239324 1.94321813
 1.74459873 1.99710211 0.73099249 1.03287083 0.57481061 1.97710877
 1.55596046 2.59075586 1.31499145 1.6347529  3.15415531 1.93352563
 2.10113367 3.11987047]
12:50 madminer.utils.inter DEBUG     First 10 values for observable b0a0_deltaR:
[       nan        nan 2.888881          nan 2.52503372        nan
        nan 2.97738164        nan        nan        nan 1.98506914
        nan 3.04432308        nan        nan        nan        nan
        nan        nan]
12:50 madminer.utils.inter DEBUG     First 10 values for observable b0a1_deltaR:
[       nan        nan 2.59578603        nan 1.60254927        nan
        nan 2.71058932        nan        nan        nan 3.28381935
        nan 2.83350892        nan        nan        nan        nan
        nan        nan]
12:50 madminer.utils.inter DEBUG     First 10 values for observable b1a0_deltaR:
[       nan        nan 2.1387129         nan 2.09360589        nan
        nan 2.1643886         nan        nan        nan 2.75315177
        nan 1.98216324        nan        nan        nan        nan
        nan        nan]
12:50 madminer.utils.inter DEBUG     First 10 values for observable b1a1_deltaR:
[       nan        nan 2.50221574        nan 3.87895365        nan
        nan 3.27891626        nan        nan        nan 1.69852072
        nan 1.27151696        nan        nan        nan        nan
        nan        nan]
12:50 madminer.utils.inter DEBUG     First 10 values for observable m_tot:
[         nan          nan 588.36954718          nan 286.89215186
          nan          nan 351.89229148          nan          nan
          nan 268.99038031          nan 193.92300163          nan
          nan          nan          nan          nan          nan]
12:50 madminer.utils.inter DEBUG     First 10 values for observable pt_bb:
[         nan          nan 261.11509011          nan  60.54552347
          nan          nan  84.91454048          nan          nan
          nan  35.60347341          nan 140.04229237          nan
          nan          nan          nan          nan          nan]
12:50 madminer.utils.inter DEBUG     First 10 values for observable pt_aa:
[225.92353807 110.22271584 281.31385972          nan 116.69508135
 110.37940837 141.00837026 105.984225   564.59621809 303.70728452
  33.02989302  87.0640943  149.92084018  28.35904752 183.42004704
 221.84027155  93.67204738 149.51122481  85.40783509  64.82682382]
12:51 madminer.utils.inter DEBUG     First 10 values for observable m_bb:
[         nan          nan 121.14006787          nan  97.31010813
          nan          nan 168.07685311          nan          nan
          nan  71.00869944          nan 125.43612699          nan
          nan          nan          nan          nan          nan]
12:51 madminer.utils.inter DEBUG     First 10 values for observable m_aa:
[119.99759533 122.27005218 118.93141689          nan 121.34693934
 127.29007073 128.2037415  124.50651129 128.52528504 127.63014289
   4.873626   126.25791384 128.85679696  18.51053689 122.44019518
 129.35644263 239.29698472 118.04271127 122.6721059   35.24949482]
12:53 madminer.utils.inter DEBUG     10792 / 10840 events pass required observable a0_pt
12:53 madminer.utils.inter DEBUG     10792 / 10840 events pass required observable a0_eta
12:53 madminer.utils.inter DEBUG     9906 / 10840 events pass required observable a1_pt
12:53 madminer.utils.inter DEBUG     9906 / 10840 events pass required observable a1_eta
12:53 madminer.utils.inter DEBUG     10840 / 10840 events pass required observable num_bjets
12:53 madminer.utils.inter DEBUG     9300 / 10840 events pass required observable b0_pt
12:53 madminer.utils.inter DEBUG     9300 / 10840 events pass required observable b0_eta
12:53 madminer.utils.inter DEBUG     3889 / 10840 events pass required observable b1_pt
12:53 madminer.utils.inter DEBUG     3889 / 10840 events pass required observable b1_eta
12:53 madminer.utils.inter DEBUG     3889 / 10840 events pass required observable bb_deltaR
12:53 madminer.utils.inter DEBUG     9906 / 10840 events pass required observable aa_deltaR
12:53 madminer.utils.inter DEBUG     3871 / 10840 events pass required observable b0a0_deltaR
12:53 madminer.utils.inter DEBUG     3561 / 10840 events pass required observable b0a1_deltaR
12:53 madminer.utils.inter DEBUG     3871 / 10840 events pass required observable b1a0_deltaR
12:53 madminer.utils.inter DEBUG     3561 / 10840 events pass required observable b1a1_deltaR
12:53 madminer.utils.inter DEBUG     3561 / 10840 events pass required observable m_tot
12:53 madminer.utils.inter DEBUG     3889 / 10840 events pass required observable pt_bb
12:53 madminer.utils.inter DEBUG     9906 / 10840 events pass required observable pt_aa
12:53 madminer.utils.inter DEBUG     3889 / 10840 events pass required observable m_bb
12:53 madminer.utils.inter DEBUG     9906 / 10840 events pass required observable m_aa
12:53 madminer.utils.inter DEBUG     10715 / 10840 events pass cut Cut(name='CUT', val_expression='a0_pt>30', is_required=False)
12:53 madminer.utils.inter DEBUG     8694 / 10840 events pass cut Cut(name='CUT', val_expression='a1_pt>30', is_required=False)
12:53 madminer.utils.inter DEBUG     9030 / 10840 events pass cut Cut(name='CUT', val_expression='b0_pt>30', is_required=False)
12:53 madminer.utils.inter DEBUG     3230 / 10840 events pass cut Cut(name='CUT', val_expression='b1_pt>30', is_required=False)
12:53 madminer.utils.inter DEBUG     10385 / 10840 events pass cut Cut(name='CUT', val_expression='abs(a0_eta)<2.4', is_required=False)
12:53 madminer.utils.inter DEBUG     9337 / 10840 events pass cut Cut(name='CUT', val_expression='abs(a1_eta)<2.4', is_required=False)
12:53 madminer.utils.inter DEBUG     8816 / 10840 events pass cut Cut(name='CUT', val_expression='abs(b0_eta)<2.4', is_required=False)
12:53 madminer.utils.inter DEBUG     3624 / 10840 events pass cut Cut(name='CUT', val_expression='abs(b1_eta)<2.4', is_required=False)
12:53 madminer.utils.inter DEBUG     3889 / 10840 events pass cut Cut(name='CUT', val_expression='bb_deltaR>0.4', is_required=False)
12:53 madminer.utils.inter DEBUG     9903 / 10840 events pass cut Cut(name='CUT', val_expression='aa_deltaR>0.4', is_required=False)
12:53 madminer.utils.inter DEBUG     3858 / 10840 events pass cut Cut(name='CUT', val_expression='b0a0_deltaR>1', is_required=False)
12:53 madminer.utils.inter DEBUG     3513 / 10840 events pass cut Cut(name='CUT', val_expression='b0a1_deltaR>1', is_required=False)
12:53 madminer.utils.inter DEBUG     3827 / 10840 events pass cut Cut(name='CUT', val_expression='b1a0_deltaR>1', is_required=False)
12:53 madminer.utils.inter DEBUG     3469 / 10840 events pass cut Cut(name='CUT', val_expression='b1a1_deltaR>1', is_required=False)
12:53 madminer.utils.inter DEBUG     1420 / 10840 events pass cut Cut(name='CUT', val_expression='abs(m_bb-125)<25', is_required=False)
12:53 madminer.utils.inter DEBUG     4645 / 10840 events pass cut Cut(name='CUT', val_expression='abs(m_aa-125)<3', is_required=False)
12:53 madminer.utils.inter DEBUG     3699 / 10840 events pass cut Cut(name='CUT', val_expression='num_bjets==2', is_required=False)
12:53 madminer.utils.inter DEBUG     8115 / 10840 events pass cut Cut(name='CUT', val_expression='aa_deltaR<2', is_required=False)
12:53 madminer.utils.inter INFO      350 / 10840 events pass everything
12:53 madminer.delphes.del DEBUG   Did not extract weights from Delphes file
12:53 madminer.delphes.del DEBUG   Found 350 events
12:53 madminer.delphes.del DEBUG   Extracting weights from LHE file
12:53 madminer.utils.inter DEBUG   Parsing LHE file /vols/cms/us322/02b_final_events_14_new/background/batch_12//run_01/unweighted_events.lhe.gz
12:53 madminer.utils.inter DEBUG   Parsing header and events as XML with ElementTree
12:53 madminer.utils.inter DEBUG   Found entry event_norm = average in LHE header. Interpreting this as weight_norm_is_average = True.
12:53 madminer.utils.inter DEBUG   Event 1 passes observations, passes cuts, passes efficiencies -> passes
12:53 madminer.utils.inter DEBUG   Event 2 passes observations, passes cuts, passes efficiencies -> passes
12:53 madminer.utils.inter DEBUG   Event 3 passes observations, passes cuts, passes efficiencies -> passes
12:53 madminer.utils.inter DEBUG   Event 4 passes observations, passes cuts, passes efficiencies -> passes
12:53 madminer.utils.inter DEBUG   Event 5 passes observations, passes cuts, passes efficiencies -> passes
12:53 madminer.utils.inter DEBUG   Event 6 passes observations, passes cuts, passes efficiencies -> passes
12:53 madminer.utils.inter DEBUG   Event 7 passes observations, passes cuts, passes efficiencies -> passes
12:53 madminer.utils.inter DEBUG   Event 8 passes observations, passes cuts, passes efficiencies -> passes
12:53 madminer.utils.inter DEBUG   Event 9 passes observations, passes cuts, passes efficiencies -> passes
12:53 madminer.utils.inter DEBUG   Event 10 passes observations, passes cuts, passes efficiencies -> passes
12:53 madminer.utils.inter DEBUG   Event 11 passes observations, passes cuts, passes efficiencies -> passes
12:53 madminer.utils.inter DEBUG   Event 12 passes observations, passes cuts, passes efficiencies -> passes
12:53 madminer.utils.inter DEBUG   Event 13 passes observations, passes cuts, passes efficiencies -> passes
12:53 madminer.utils.inter DEBUG   Event 14 passes observations, passes cuts, passes efficiencies -> passes
12:53 madminer.utils.inter DEBUG   Event 15 passes observations, passes cuts, passes efficiencies -> passes
12:53 madminer.utils.inter DEBUG   Event 16 passes observations, passes cuts, passes efficiencies -> passes
12:53 madminer.utils.inter DEBUG   Event 17 passes observations, passes cuts, passes efficiencies -> passes
12:53 madminer.utils.inter DEBUG   Event 18 passes observations, passes cuts, passes efficiencies -> passes
12:53 madminer.utils.inter DEBUG   Event 19 passes observations, passes cuts, passes efficiencies -> passes
12:53 madminer.utils.inter DEBUG   Event 20 passes observations, passes cuts, passes efficiencies -> passes
12:58 madminer.delphes.del DEBUG   Found weights ['sm', 'morphing_basis_vector_1', 'morphing_basis_vector_2', 'morphing_basis_vector_3', 'morphing_basis_vector_4', 'morphing_basis_vector_5', 'morphing_basis_vector_6', 'morphing_basis_vector_7', 'morphing_basis_vector_8', 'morphing_basis_vector_9'] in LHE file
12:58 madminer.delphes.del DEBUG   Applying Delphes-based cuts to LHE weights
Traceback (most recent call last):
  File "03a_read_delphes.py", line 276, in <module>
    delphes.analyse_delphes_samples()
  File "/vols/cms/us322/nsbi_for_dihiggs/madminer/madminer/delphes/delphes_reader.py", line 632, in analyse_delphes_samples
    this_observations, this_weights, this_n_events = self._analyse_delphes_sample(
  File "/vols/cms/us322/nsbi_for_dihiggs/madminer/madminer/delphes/delphes_reader.py", line 820, in _analyse_delphes_sample
    this_weights[key] = weights[cut_filter]
IndexError: boolean index did not match indexed array along dimension 0; dimension is 25000 but corresponding boolean dimension is 10840
