12:37 madminer.utils.inter INFO    HDF5 file does not contain nuisance parameters information
12:37 madminer.utils.inter INFO    HDF5 file does not contain finite difference information
12:37 madminer.utils.inter INFO    HDF5 file does not contain observables information
12:37 madminer.utils.inter INFO    HDF5 file does not contain sample summary information
12:37 madminer.utils.inter INFO    HDF5 file does not contain sample information
12:37 madminer.utils.inter INFO    HDF5 file does not contain systematic information
12:37 madminer.delphes.del DEBUG   Adding event sample /vols/cms/us322/02b_final_events_14_new/background/batch_28//run_01/tag_1_pythia8_events.hepmc.gz
12:37 madminer.delphes.del DEBUG   Adding event sample /vols/cms/us322/02b_final_events_14_new/background/batch_28//run_02/tag_1_pythia8_events.hepmc.gz
12:37 madminer.delphes.del INFO    Running Delphes on HepMC sample at /vols/cms/us322/02b_final_events_14_new/background/batch_28//run_01/tag_1_pythia8_events.hepmc.gz
12:37 madminer.utils.inter DEBUG   Unzipping /vols/cms/us322/02b_final_events_14_new/background/batch_28//run_01/tag_1_pythia8_events.hepmc.gz
12:40 madminer.utils.inter DEBUG   Deleting /vols/cms/us322/02b_final_events_14_new/background/batch_28/run_01/tag_1_pythia8_events.hepmc
12:40 madminer.delphes.del INFO    Running Delphes on HepMC sample at /vols/cms/us322/02b_final_events_14_new/background/batch_28//run_02/tag_1_pythia8_events.hepmc.gz
12:40 madminer.utils.inter DEBUG   Unzipping /vols/cms/us322/02b_final_events_14_new/background/batch_28//run_02/tag_1_pythia8_events.hepmc.gz
12:43 madminer.utils.inter DEBUG   Deleting /vols/cms/us322/02b_final_events_14_new/background/batch_28/run_02/tag_1_pythia8_events.hepmc
12:43 madminer.delphes.del DEBUG   Adding required observable a0_pt = a[0].pt
12:43 madminer.delphes.del DEBUG   Adding required observable a0_eta = a[0].eta
12:43 madminer.delphes.del DEBUG   Adding required observable a1_pt = a[1].pt
12:43 madminer.delphes.del DEBUG   Adding required observable a1_eta = a[1].eta
12:43 madminer.delphes.del DEBUG   Adding required observable num_bjets defined through external function
12:43 madminer.delphes.del DEBUG   Adding required observable b0_pt defined through external function
12:43 madminer.delphes.del DEBUG   Adding required observable b0_eta defined through external function
12:43 madminer.delphes.del DEBUG   Adding required observable b1_pt defined through external function
12:43 madminer.delphes.del DEBUG   Adding required observable b1_eta defined through external function
12:43 madminer.delphes.del DEBUG   Adding required observable bb_deltaR defined through external function
12:43 madminer.delphes.del DEBUG   Adding required observable aa_deltaR = a[0].deltaR(a[1])
12:43 madminer.delphes.del DEBUG   Adding required observable b0a0_deltaR defined through external function
12:43 madminer.delphes.del DEBUG   Adding required observable b0a1_deltaR defined through external function
12:43 madminer.delphes.del DEBUG   Adding required observable b1a0_deltaR defined through external function
12:43 madminer.delphes.del DEBUG   Adding required observable b1a1_deltaR defined through external function
12:43 madminer.delphes.del DEBUG   Adding required observable m_tot defined through external function
12:43 madminer.delphes.del DEBUG   Adding required observable pt_bb defined through external function
12:43 madminer.delphes.del DEBUG   Adding required observable pt_aa = (a[0]+a[1]).pt
12:43 madminer.delphes.del DEBUG   Adding required observable m_bb defined through external function
12:43 madminer.delphes.del DEBUG   Adding required observable m_aa = (a[0]+a[1]).m
12:43 madminer.delphes.del DEBUG   Adding cut a0_pt>30
12:43 madminer.delphes.del DEBUG   Adding cut a1_pt>30
12:43 madminer.delphes.del DEBUG   Adding cut b0_pt>30
12:43 madminer.delphes.del DEBUG   Adding cut b1_pt>30
12:43 madminer.delphes.del DEBUG   Adding cut abs(a0_eta)<2.4
12:43 madminer.delphes.del DEBUG   Adding cut abs(a1_eta)<2.4
12:43 madminer.delphes.del DEBUG   Adding cut abs(b0_eta)<2.4
12:43 madminer.delphes.del DEBUG   Adding cut abs(b1_eta)<2.4
12:43 madminer.delphes.del DEBUG   Adding cut bb_deltaR>0.4
12:43 madminer.delphes.del DEBUG   Adding cut aa_deltaR>0.4
12:43 madminer.delphes.del DEBUG   Adding cut b0a0_deltaR>1
12:43 madminer.delphes.del DEBUG   Adding cut b0a1_deltaR>1
12:43 madminer.delphes.del DEBUG   Adding cut b1a0_deltaR>1
12:43 madminer.delphes.del DEBUG   Adding cut b1a1_deltaR>1
12:43 madminer.delphes.del DEBUG   Adding cut abs(m_bb-125)<25
12:43 madminer.delphes.del DEBUG   Adding cut abs(m_aa-125)<3
12:43 madminer.delphes.del DEBUG   Adding cut num_bjets==2
12:43 madminer.delphes.del DEBUG   Adding cut aa_deltaR<2
12:43 madminer.delphes.del INFO    Analysing Delphes sample /vols/cms/us322/02b_final_events_14_new/background/batch_28/run_01/tag_1_pythia8_events_delphes.root: Calculating 20 observables, requiring 18 selection cuts, associated with no systematics
12:43 madminer.delphes.del DEBUG   Extracting nuisance parameter definitions from LHE file
12:43 madminer.utils.inter DEBUG   Parsing nuisance parameter setup from LHE file at /vols/cms/us322/02b_final_events_14_new/background/batch_28//run_01/unweighted_events.lhe.gz
12:43 madminer.utils.inter DEBUG   Systematics setup: OrderedDict()
12:43 madminer.utils.inter DEBUG   0 weight groups
12:43 madminer.delphes.del DEBUG   systematics_dict: OrderedDict()
12:43 madminer.utils.inter DEBUG   Parsing Delphes file /vols/cms/us322/02b_final_events_14_new/background/batch_28/run_01/tag_1_pythia8_events_delphes.root
12:43 madminer.utils.inter DEBUG   Not extracting weights
12:43 madminer.utils.inter DEBUG   Found 10029 events
12:44 madminer.utils.inter DEBUG     First 10 values for observable a0_pt:
[138.95118713 119.64467621 137.36457825 177.47761536  67.34303284
  51.25260162  34.06035233 115.48226929  80.39089966  87.22376251
  97.02016449 144.37916565  85.54896545 183.14199829 118.63279724
  78.6407547   87.03507996 109.13806915 149.08718872 237.75540161]
12:44 madminer.utils.inter DEBUG     First 10 values for observable a0_eta:
[ 0.32245526  0.31427574 -1.88388026 -1.72306299  1.87229991  0.04566911
 -0.92203581  0.6440599  -0.83042413 -1.34591627 -0.99713147 -1.34616542
 -0.67284459  0.35330865 -1.82614958 -2.28009677 -1.07015562 -0.47870582
 -1.94704461 -0.07344522]
12:44 madminer.utils.inter DEBUG     First 10 values for observable a1_pt:
[83.2951355  45.90212631 83.08096313 39.35875702 61.22478104 47.2743187
         nan 75.76376343  2.45929456 80.8746109  30.41687775 39.19010162
 55.0904808  33.79987335 52.92725754 60.91802216 64.65266418 51.67607117
 43.91261673 54.67115784]
12:44 madminer.utils.inter DEBUG     First 10 values for observable a1_eta:
[-0.67204535  1.58259845 -2.48003578 -0.25098842  0.20422681 -2.03632307
         nan  0.21515749 -3.48023701 -0.30386126 -2.35553765 -2.38028884
  0.76944607  0.5314669  -0.83664232 -1.56327629 -0.20461676 -1.14315486
 -0.52173752  0.38482997]
12:44 madminer.utils.inter DEBUG     First 10 values for observable num_bjets:
[1. 1. 1. 1. 1. 1. 1. 2. 1. 1. 3. 1. 1. 1. 1. 0. 1. 0. 2. 2.]
12:44 madminer.utils.inter DEBUG     First 10 values for observable b0_pt:
[ 76.70581818 179.64035034 123.60218048  32.60133362  37.84883881
  35.31113052  66.34275818 101.88196564  37.51620865  89.07972717
 138.27235413  32.7206955   56.99780655  63.70417786  99.89962006
          nan  52.34586334          nan 125.28192902 108.45050049]
12:45 madminer.utils.inter DEBUG     First 10 values for observable b0_eta:
[-2.29943466 -1.25380421 -0.55182582  0.3765296   0.5202927  -0.9803046
  0.42290157  1.4470582  -2.11688685 -0.88313609 -0.7349965  -2.04106259
  1.30667269  1.31227911 -1.60648239         nan -0.86651611         nan
 -0.25551802  0.69701529]
12:45 madminer.utils.inter DEBUG     First 10 values for observable b1_pt:
[        nan         nan         nan         nan         nan         nan
         nan 44.32871246         nan         nan 33.05345535         nan
         nan         nan         nan         nan         nan         nan
 66.61038971 33.37488174]
12:45 madminer.utils.inter DEBUG     First 10 values for observable b1_eta:
[        nan         nan         nan         nan         nan         nan
         nan  2.41134691         nan         nan -1.47227287         nan
         nan         nan         nan         nan         nan         nan
 -0.25716585 -0.63170367]
12:45 madminer.utils.inter DEBUG     First 10 values for observable bb_deltaR:
[       nan        nan        nan        nan        nan        nan
        nan 1.58280183        nan        nan 0.73732696        nan
        nan        nan        nan        nan        nan        nan
 1.66692047 1.85341633]
12:45 madminer.utils.inter DEBUG     First 10 values for observable aa_deltaR:
[1.19194709 1.61642737 1.21277333 1.47329401 1.67711981 2.18634595
        nan 1.39081361 3.68386445 1.54766762 2.52867851 1.70072748
 1.70441258 1.87652568 1.74162862 1.9944796  1.73613557 1.75693735
 1.52986373 1.12826182]
12:45 madminer.utils.inter DEBUG     First 10 values for observable b0a0_deltaR:
[       nan        nan        nan        nan        nan        nan
        nan 1.87518696        nan        nan 2.81801154        nan
        nan        nan        nan        nan        nan        nan
 2.99082355 3.06907018]
12:45 madminer.utils.inter DEBUG     First 10 values for observable b0a1_deltaR:
[       nan        nan        nan        nan        nan        nan
        nan 3.25935531        nan        nan 2.1057093         nan
        nan        nan        nan        nan        nan        nan
 3.0340927  1.96474996]
12:45 madminer.utils.inter DEBUG     First 10 values for observable b1a0_deltaR:
[       nan        nan        nan        nan        nan        nan
        nan 3.43861686        nan        nan 2.8542554         nan
        nan        nan        nan        nan        nan        nan
 2.73442127 2.09595825]
12:46 madminer.utils.inter DEBUG     First 10 values for observable b1a1_deltaR:
[       nan        nan        nan        nan        nan        nan
        nan 2.97743977        nan        nan 1.60151928        nan
        nan        nan        nan        nan        nan        nan
 1.61568421 3.21611994]
12:46 madminer.utils.inter DEBUG     First 10 values for observable m_tot:
[         nan          nan          nan          nan          nan
          nan          nan 422.98629336          nan          nan
 327.37904838          nan          nan          nan          nan
          nan          nan          nan 515.69858871 445.21558664]
12:46 madminer.utils.inter DEBUG     First 10 values for observable pt_bb:
[         nan          nan          nan          nan          nan
          nan          nan 123.08103263          nan          nan
 171.32481454          nan          nan          nan          nan
          nan          nan          nan 136.12737362 121.92829103]
12:46 madminer.utils.inter DEBUG     First 10 values for observable pt_aa:
[211.12570373 149.45599997 192.37143454 216.77852936 128.08286751
  93.10105752          nan 152.86496903  78.34874203 141.36914976
  84.81061293 157.66194408 127.09086658 176.23076424 136.37131541
  84.56803198 111.78137296 118.1275401  187.82339114 269.95907757]
12:46 madminer.utils.inter DEBUG     First 10 values for observable m_bb:
[         nan          nan          nan          nan          nan
          nan          nan 105.44961624          nan          nan
  52.25043206          nan          nan          nan          nan
          nan          nan          nan 136.15168183 112.97484953]
12:46 madminer.utils.inter DEBUG     First 10 values for observable m_aa:
[131.30682295 123.09706175 125.5659262  134.54012078 120.48329026
 126.20984874          nan 121.82643753  56.0534806  129.03700152
 124.02998346 124.29887996 123.50323133 127.29295512 132.2945821
 122.03983003 122.47235134 120.37433772 132.96928945 124.15054373]
12:48 madminer.utils.inter DEBUG     9996 / 10029 events pass required observable a0_pt
12:48 madminer.utils.inter DEBUG     9996 / 10029 events pass required observable a0_eta
12:48 madminer.utils.inter DEBUG     9182 / 10029 events pass required observable a1_pt
12:48 madminer.utils.inter DEBUG     9182 / 10029 events pass required observable a1_eta
12:48 madminer.utils.inter DEBUG     10029 / 10029 events pass required observable num_bjets
12:48 madminer.utils.inter DEBUG     8620 / 10029 events pass required observable b0_pt
12:48 madminer.utils.inter DEBUG     8620 / 10029 events pass required observable b0_eta
12:48 madminer.utils.inter DEBUG     3557 / 10029 events pass required observable b1_pt
12:48 madminer.utils.inter DEBUG     3557 / 10029 events pass required observable b1_eta
12:48 madminer.utils.inter DEBUG     3557 / 10029 events pass required observable bb_deltaR
12:48 madminer.utils.inter DEBUG     9182 / 10029 events pass required observable aa_deltaR
12:48 madminer.utils.inter DEBUG     3545 / 10029 events pass required observable b0a0_deltaR
12:48 madminer.utils.inter DEBUG     3253 / 10029 events pass required observable b0a1_deltaR
12:48 madminer.utils.inter DEBUG     3545 / 10029 events pass required observable b1a0_deltaR
12:48 madminer.utils.inter DEBUG     3253 / 10029 events pass required observable b1a1_deltaR
12:48 madminer.utils.inter DEBUG     3253 / 10029 events pass required observable m_tot
12:48 madminer.utils.inter DEBUG     3557 / 10029 events pass required observable pt_bb
12:48 madminer.utils.inter DEBUG     9182 / 10029 events pass required observable pt_aa
12:48 madminer.utils.inter DEBUG     3557 / 10029 events pass required observable m_bb
12:48 madminer.utils.inter DEBUG     9182 / 10029 events pass required observable m_aa
12:48 madminer.utils.inter DEBUG     9927 / 10029 events pass cut Cut(name='CUT', val_expression='a0_pt>30', is_required=False)
12:48 madminer.utils.inter DEBUG     7982 / 10029 events pass cut Cut(name='CUT', val_expression='a1_pt>30', is_required=False)
12:48 madminer.utils.inter DEBUG     8353 / 10029 events pass cut Cut(name='CUT', val_expression='b0_pt>30', is_required=False)
12:48 madminer.utils.inter DEBUG     2988 / 10029 events pass cut Cut(name='CUT', val_expression='b1_pt>30', is_required=False)
12:48 madminer.utils.inter DEBUG     9645 / 10029 events pass cut Cut(name='CUT', val_expression='abs(a0_eta)<2.4', is_required=False)
12:48 madminer.utils.inter DEBUG     8673 / 10029 events pass cut Cut(name='CUT', val_expression='abs(a1_eta)<2.4', is_required=False)
12:48 madminer.utils.inter DEBUG     8182 / 10029 events pass cut Cut(name='CUT', val_expression='abs(b0_eta)<2.4', is_required=False)
12:48 madminer.utils.inter DEBUG     3346 / 10029 events pass cut Cut(name='CUT', val_expression='abs(b1_eta)<2.4', is_required=False)
12:48 madminer.utils.inter DEBUG     3556 / 10029 events pass cut Cut(name='CUT', val_expression='bb_deltaR>0.4', is_required=False)
12:48 madminer.utils.inter DEBUG     9181 / 10029 events pass cut Cut(name='CUT', val_expression='aa_deltaR>0.4', is_required=False)
12:48 madminer.utils.inter DEBUG     3539 / 10029 events pass cut Cut(name='CUT', val_expression='b0a0_deltaR>1', is_required=False)
12:48 madminer.utils.inter DEBUG     3203 / 10029 events pass cut Cut(name='CUT', val_expression='b0a1_deltaR>1', is_required=False)
12:48 madminer.utils.inter DEBUG     3517 / 10029 events pass cut Cut(name='CUT', val_expression='b1a0_deltaR>1', is_required=False)
12:48 madminer.utils.inter DEBUG     3166 / 10029 events pass cut Cut(name='CUT', val_expression='b1a1_deltaR>1', is_required=False)
12:48 madminer.utils.inter DEBUG     1283 / 10029 events pass cut Cut(name='CUT', val_expression='abs(m_bb-125)<25', is_required=False)
12:48 madminer.utils.inter DEBUG     4235 / 10029 events pass cut Cut(name='CUT', val_expression='abs(m_aa-125)<3', is_required=False)
12:48 madminer.utils.inter DEBUG     3376 / 10029 events pass cut Cut(name='CUT', val_expression='num_bjets==2', is_required=False)
12:48 madminer.utils.inter DEBUG     7485 / 10029 events pass cut Cut(name='CUT', val_expression='aa_deltaR<2', is_required=False)
12:48 madminer.utils.inter INFO      317 / 10029 events pass everything
12:48 madminer.delphes.del DEBUG   Did not extract weights from Delphes file
12:48 madminer.delphes.del DEBUG   Found 317 events
12:48 madminer.delphes.del DEBUG   Extracting weights from LHE file
12:48 madminer.utils.inter DEBUG   Parsing LHE file /vols/cms/us322/02b_final_events_14_new/background/batch_28//run_01/unweighted_events.lhe.gz
12:48 madminer.utils.inter DEBUG   Parsing header and events as XML with ElementTree
12:48 madminer.utils.inter DEBUG   Found entry event_norm = average in LHE header. Interpreting this as weight_norm_is_average = True.
12:48 madminer.utils.inter DEBUG   Event 1 passes observations, passes cuts, passes efficiencies -> passes
12:48 madminer.utils.inter DEBUG   Event 2 passes observations, passes cuts, passes efficiencies -> passes
12:48 madminer.utils.inter DEBUG   Event 3 passes observations, passes cuts, passes efficiencies -> passes
12:48 madminer.utils.inter DEBUG   Event 4 passes observations, passes cuts, passes efficiencies -> passes
12:48 madminer.utils.inter DEBUG   Event 5 passes observations, passes cuts, passes efficiencies -> passes
12:48 madminer.utils.inter DEBUG   Event 6 passes observations, passes cuts, passes efficiencies -> passes
12:48 madminer.utils.inter DEBUG   Event 7 passes observations, passes cuts, passes efficiencies -> passes
12:48 madminer.utils.inter DEBUG   Event 8 passes observations, passes cuts, passes efficiencies -> passes
12:48 madminer.utils.inter DEBUG   Event 9 passes observations, passes cuts, passes efficiencies -> passes
12:48 madminer.utils.inter DEBUG   Event 10 passes observations, passes cuts, passes efficiencies -> passes
12:48 madminer.utils.inter DEBUG   Event 11 passes observations, passes cuts, passes efficiencies -> passes
12:48 madminer.utils.inter DEBUG   Event 12 passes observations, passes cuts, passes efficiencies -> passes
12:48 madminer.utils.inter DEBUG   Event 13 passes observations, passes cuts, passes efficiencies -> passes
12:48 madminer.utils.inter DEBUG   Event 14 passes observations, passes cuts, passes efficiencies -> passes
12:48 madminer.utils.inter DEBUG   Event 15 passes observations, passes cuts, passes efficiencies -> passes
12:48 madminer.utils.inter DEBUG   Event 16 passes observations, passes cuts, passes efficiencies -> passes
12:48 madminer.utils.inter DEBUG   Event 17 passes observations, passes cuts, passes efficiencies -> passes
12:48 madminer.utils.inter DEBUG   Event 18 passes observations, passes cuts, passes efficiencies -> passes
12:48 madminer.utils.inter DEBUG   Event 19 passes observations, passes cuts, passes efficiencies -> passes
12:48 madminer.utils.inter DEBUG   Event 20 passes observations, passes cuts, passes efficiencies -> passes
12:54 madminer.delphes.del DEBUG   Found weights ['sm', 'morphing_basis_vector_1', 'morphing_basis_vector_2', 'morphing_basis_vector_3', 'morphing_basis_vector_4', 'morphing_basis_vector_5', 'morphing_basis_vector_6', 'morphing_basis_vector_7', 'morphing_basis_vector_8', 'morphing_basis_vector_9'] in LHE file
12:54 madminer.delphes.del DEBUG   Applying Delphes-based cuts to LHE weights
Traceback (most recent call last):
  File "03a_read_delphes.py", line 276, in <module>
    delphes.analyse_delphes_samples()
  File "/vols/cms/us322/nsbi_for_dihiggs/madminer/madminer/delphes/delphes_reader.py", line 632, in analyse_delphes_samples
    this_observations, this_weights, this_n_events = self._analyse_delphes_sample(
  File "/vols/cms/us322/nsbi_for_dihiggs/madminer/madminer/delphes/delphes_reader.py", line 820, in _analyse_delphes_sample
    this_weights[key] = weights[cut_filter]
IndexError: boolean index did not match indexed array along dimension 0; dimension is 25000 but corresponding boolean dimension is 10029
