12:37 madminer.utils.inter INFO    HDF5 file does not contain nuisance parameters information
12:37 madminer.utils.inter INFO    HDF5 file does not contain finite difference information
12:37 madminer.utils.inter INFO    HDF5 file does not contain observables information
12:37 madminer.utils.inter INFO    HDF5 file does not contain sample summary information
12:37 madminer.utils.inter INFO    HDF5 file does not contain sample information
12:37 madminer.utils.inter INFO    HDF5 file does not contain systematic information
12:37 madminer.delphes.del DEBUG   Adding event sample /vols/cms/us322/02b_final_events_14_new/background/batch_73//run_01/tag_1_pythia8_events.hepmc.gz
12:37 madminer.delphes.del DEBUG   Adding event sample /vols/cms/us322/02b_final_events_14_new/background/batch_73//run_02/tag_1_pythia8_events.hepmc.gz
12:37 madminer.delphes.del INFO    Running Delphes on HepMC sample at /vols/cms/us322/02b_final_events_14_new/background/batch_73//run_01/tag_1_pythia8_events.hepmc.gz
12:37 madminer.utils.inter DEBUG   Unzipping /vols/cms/us322/02b_final_events_14_new/background/batch_73//run_01/tag_1_pythia8_events.hepmc.gz
12:41 madminer.utils.inter DEBUG   Deleting /vols/cms/us322/02b_final_events_14_new/background/batch_73/run_01/tag_1_pythia8_events.hepmc
12:41 madminer.delphes.del INFO    Running Delphes on HepMC sample at /vols/cms/us322/02b_final_events_14_new/background/batch_73//run_02/tag_1_pythia8_events.hepmc.gz
12:41 madminer.utils.inter DEBUG   Unzipping /vols/cms/us322/02b_final_events_14_new/background/batch_73//run_02/tag_1_pythia8_events.hepmc.gz
12:49 madminer.utils.inter DEBUG   Deleting /vols/cms/us322/02b_final_events_14_new/background/batch_73/run_02/tag_1_pythia8_events.hepmc
12:49 madminer.delphes.del DEBUG   Adding required observable a0_pt = a[0].pt
12:49 madminer.delphes.del DEBUG   Adding required observable a0_eta = a[0].eta
12:49 madminer.delphes.del DEBUG   Adding required observable a1_pt = a[1].pt
12:49 madminer.delphes.del DEBUG   Adding required observable a1_eta = a[1].eta
12:49 madminer.delphes.del DEBUG   Adding required observable num_bjets defined through external function
12:49 madminer.delphes.del DEBUG   Adding required observable b0_pt defined through external function
12:49 madminer.delphes.del DEBUG   Adding required observable b0_eta defined through external function
12:49 madminer.delphes.del DEBUG   Adding required observable b1_pt defined through external function
12:49 madminer.delphes.del DEBUG   Adding required observable b1_eta defined through external function
12:49 madminer.delphes.del DEBUG   Adding required observable bb_deltaR defined through external function
12:49 madminer.delphes.del DEBUG   Adding required observable aa_deltaR = a[0].deltaR(a[1])
12:49 madminer.delphes.del DEBUG   Adding required observable b0a0_deltaR defined through external function
12:49 madminer.delphes.del DEBUG   Adding required observable b0a1_deltaR defined through external function
12:49 madminer.delphes.del DEBUG   Adding required observable b1a0_deltaR defined through external function
12:49 madminer.delphes.del DEBUG   Adding required observable b1a1_deltaR defined through external function
12:49 madminer.delphes.del DEBUG   Adding required observable m_tot defined through external function
12:49 madminer.delphes.del DEBUG   Adding required observable pt_bb defined through external function
12:49 madminer.delphes.del DEBUG   Adding required observable pt_aa = (a[0]+a[1]).pt
12:49 madminer.delphes.del DEBUG   Adding required observable m_bb defined through external function
12:49 madminer.delphes.del DEBUG   Adding required observable m_aa = (a[0]+a[1]).m
12:49 madminer.delphes.del DEBUG   Adding cut a0_pt>30
12:49 madminer.delphes.del DEBUG   Adding cut a1_pt>30
12:49 madminer.delphes.del DEBUG   Adding cut b0_pt>30
12:49 madminer.delphes.del DEBUG   Adding cut b1_pt>30
12:49 madminer.delphes.del DEBUG   Adding cut abs(a0_eta)<2.4
12:49 madminer.delphes.del DEBUG   Adding cut abs(a1_eta)<2.4
12:49 madminer.delphes.del DEBUG   Adding cut abs(b0_eta)<2.4
12:49 madminer.delphes.del DEBUG   Adding cut abs(b1_eta)<2.4
12:49 madminer.delphes.del DEBUG   Adding cut bb_deltaR>0.4
12:49 madminer.delphes.del DEBUG   Adding cut aa_deltaR>0.4
12:49 madminer.delphes.del DEBUG   Adding cut b0a0_deltaR>1
12:49 madminer.delphes.del DEBUG   Adding cut b0a1_deltaR>1
12:49 madminer.delphes.del DEBUG   Adding cut b1a0_deltaR>1
12:49 madminer.delphes.del DEBUG   Adding cut b1a1_deltaR>1
12:49 madminer.delphes.del DEBUG   Adding cut abs(m_bb-125)<25
12:49 madminer.delphes.del DEBUG   Adding cut abs(m_aa-125)<3
12:49 madminer.delphes.del DEBUG   Adding cut num_bjets==2
12:49 madminer.delphes.del DEBUG   Adding cut aa_deltaR<2
12:49 madminer.delphes.del INFO    Analysing Delphes sample /vols/cms/us322/02b_final_events_14_new/background/batch_73/run_01/tag_1_pythia8_events_delphes.root: Calculating 20 observables, requiring 18 selection cuts, associated with no systematics
12:49 madminer.delphes.del DEBUG   Extracting nuisance parameter definitions from LHE file
12:49 madminer.utils.inter DEBUG   Parsing nuisance parameter setup from LHE file at /vols/cms/us322/02b_final_events_14_new/background/batch_73//run_01/unweighted_events.lhe.gz
12:49 madminer.utils.inter DEBUG   Systematics setup: OrderedDict()
12:49 madminer.utils.inter DEBUG   0 weight groups
12:49 madminer.delphes.del DEBUG   systematics_dict: OrderedDict()
12:49 madminer.utils.inter DEBUG   Parsing Delphes file /vols/cms/us322/02b_final_events_14_new/background/batch_73/run_01/tag_1_pythia8_events_delphes.root
12:49 madminer.utils.inter DEBUG   Not extracting weights
12:49 madminer.utils.inter DEBUG   Found 14774 events
12:51 madminer.utils.inter DEBUG     First 10 values for observable a0_pt:
[100.42990112  72.15729523  85.78945923 150.89831543 116.25041962
 181.93319702  72.36956787 140.69995117  86.95858765 147.77365112
 305.52264404 145.49899292 171.30377197  68.54502106 155.50445557
 135.30921936 320.28762817 246.35179138 153.23747253  83.40625   ]
12:51 madminer.utils.inter DEBUG     First 10 values for observable a0_eta:
[-0.01323769  0.87222731 -0.89101791  1.17470765  0.62677717  0.85220611
 -0.87155718 -2.55596089  1.88003135 -0.70497268 -0.30281633  1.00554013
  2.55065989 -1.68198454  1.79014933 -0.2006934  -0.65318251  1.31943631
 -0.04739449 -0.70578986]
12:51 madminer.utils.inter DEBUG     First 10 values for observable a1_pt:
[ 57.63018799  53.58096313  54.83653641  75.07918549  64.8266983
  37.27138519          nan   2.50432062          nan  44.08639526
  52.16722107  34.84352112  29.49783707  52.78016663  81.46948242
 105.78811646   4.62339926  35.85566711  58.25307846  40.68475342]
12:51 madminer.utils.inter DEBUG     First 10 values for observable a1_eta:
[ 1.26801944 -0.83160633 -0.92478734  1.19450784  0.70346743 -0.50116509
         nan -0.67605597         nan -0.72867435 -0.21767984 -0.45450264
  1.51115656 -0.09427875  1.22872388  0.54651076 -3.19331002  1.22553396
 -0.18104306  1.1367203 ]
12:51 madminer.utils.inter DEBUG     First 10 values for observable num_bjets:
[1. 1. 2. 1. 1. 1. 2. 2. 2. 1. 1. 1. 2. 1. 1. 2. 1. 2. 1. 2.]
12:52 madminer.utils.inter DEBUG     First 10 values for observable b0_pt:
[ 47.51101685 106.87905121  56.93143082  44.55583954  45.21585846
  81.08526611  63.28752136 113.3310318   44.34828186 159.03639221
 112.15841675 112.95793152 195.51219177  72.42241669  25.91496468
  71.6672287  318.12237549 101.44800568  36.92224503  95.51747894]
12:52 madminer.utils.inter DEBUG     First 10 values for observable b0_eta:
[ 0.62250406  0.41064325 -2.42556739  0.90529597 -1.54574609  0.03027804
  0.42984653 -2.63915372  2.89904904 -0.28758806  0.06055847  1.33120573
 -0.16810538 -1.69585991  1.87390113  1.1962353  -1.80678749  1.20320785
  0.62363023 -0.30627403]
12:52 madminer.utils.inter DEBUG     First 10 values for observable b1_pt:
[        nan         nan 43.24129868         nan         nan         nan
 25.9693203  40.4334259  41.46387863         nan         nan         nan
 33.63808441         nan         nan 45.83564758         nan 61.9851799
         nan 63.28160095]
12:52 madminer.utils.inter DEBUG     First 10 values for observable b1_eta:
[        nan         nan -1.2161237          nan         nan         nan
  0.52045482 -1.45325661  0.70152354         nan         nan         nan
 -0.78917229         nan         nan  1.36223233         nan  0.58634424
         nan  0.68837029]
12:52 madminer.utils.inter DEBUG     First 10 values for observable bb_deltaR:
[       nan        nan 1.95118176        nan        nan        nan
 1.68673941 1.28167201 2.19939712        nan        nan        nan
 1.94515674        nan        nan 1.08006279        nan 0.91724592
        nan 1.88753631]
12:52 madminer.utils.inter DEBUG     First 10 values for observable aa_deltaR:
[1.58789469 2.04746602 2.14142427 1.26374965 1.63908021 1.41997559
        nan 2.1701105         nan 1.8667886  0.956673   1.67900038
 1.68741222 1.95733427 1.13542021 1.02637162 2.5647968  1.36337775
 1.36825222 1.9102456 ]
12:53 madminer.utils.inter DEBUG     First 10 values for observable b0a0_deltaR:
[       nan        nan 3.42250974        nan        nan        nan
 3.14374191 2.98622976 2.77066475        nan        nan        nan
 3.91183847        nan        nan 3.27960511        nan 2.74050368
        nan 3.112256  ]
12:53 madminer.utils.inter DEBUG     First 10 values for observable b0a1_deltaR:
[       nan        nan 1.85063407        nan        nan        nan
        nan 2.95896641        nan        nan        nan        nan
 2.24062808        nan        nan 2.69189962        nan 2.18512135
        nan 2.95815138]
12:53 madminer.utils.inter DEBUG     First 10 values for observable b1a0_deltaR:
[       nan        nan 1.56227643        nan        nan        nan
 2.22607603 3.02045745 2.91594739        nan        nan        nan
 3.71515202        nan        nan 2.46022376        nan 2.95857411
        nan 2.11651882]
12:53 madminer.utils.inter DEBUG     First 10 values for observable b1a1_deltaR:
[       nan        nan 2.63013735        nan        nan        nan
        nan 1.89459555        nan        nan        nan        nan
 3.74593546        nan        nan 2.72843376        nan 1.63618859
        nan 2.14405182]
12:53 madminer.utils.inter DEBUG     First 10 values for observable m_tot:
[         nan          nan 292.14812064          nan          nan
          nan          nan 328.0150039           nan          nan
          nan          nan 903.63625708          nan          nan
 409.52678292          nan 449.21666834          nan 352.46120397]
12:54 madminer.utils.inter DEBUG     First 10 values for observable pt_bb:
[         nan          nan  72.84402078          nan          nan
          nan  65.63085562 150.2721336   85.72400287          nan
          nan          nan 189.25082186          nan          nan
 102.01657351          nan 154.66813331          nan 112.80221077]
12:54 madminer.utils.inter DEBUG     First 10 values for observable pt_aa:
[142.31478958 106.48538386  72.7098756  187.77378102 129.28751944
 216.37297155          nan 141.88844494          nan 141.35749239
 338.42704727 170.97951282 180.64596143 102.34630427 211.62933512
 226.55749244 324.62692141 256.25937689 174.87383635 120.64045978]
12:54 madminer.utils.inter DEBUG     First 10 values for observable m_bb:
[         nan          nan  94.84426608          nan          nan
          nan  60.88690899  94.46129713 115.70780252          nan
          nan          nan 141.31339561          nan          nan
  60.77268941          nan  74.90133595          nan 139.72095956]
12:54 madminer.utils.inter DEBUG     First 10 values for observable m_aa:
[124.91556368 136.70053216 120.39232788 125.74293073 126.95669871
 125.17471454          nan  45.09086514          nan 129.73818035
 116.29603401 127.11489064 116.86826347 124.29432573 124.37386059
 123.1674196  126.95793319 118.53328546 119.61219393 126.55215136]
12:57 madminer.utils.inter DEBUG     14729 / 14774 events pass required observable a0_pt
12:57 madminer.utils.inter DEBUG     14729 / 14774 events pass required observable a0_eta
12:57 madminer.utils.inter DEBUG     13513 / 14774 events pass required observable a1_pt
12:57 madminer.utils.inter DEBUG     13513 / 14774 events pass required observable a1_eta
12:57 madminer.utils.inter DEBUG     14774 / 14774 events pass required observable num_bjets
12:57 madminer.utils.inter DEBUG     12690 / 14774 events pass required observable b0_pt
12:57 madminer.utils.inter DEBUG     12690 / 14774 events pass required observable b0_eta
12:57 madminer.utils.inter DEBUG     5288 / 14774 events pass required observable b1_pt
12:57 madminer.utils.inter DEBUG     5288 / 14774 events pass required observable b1_eta
12:57 madminer.utils.inter DEBUG     5288 / 14774 events pass required observable bb_deltaR
12:57 madminer.utils.inter DEBUG     13513 / 14774 events pass required observable aa_deltaR
12:57 madminer.utils.inter DEBUG     5266 / 14774 events pass required observable b0a0_deltaR
12:57 madminer.utils.inter DEBUG     4847 / 14774 events pass required observable b0a1_deltaR
12:57 madminer.utils.inter DEBUG     5266 / 14774 events pass required observable b1a0_deltaR
12:57 madminer.utils.inter DEBUG     4847 / 14774 events pass required observable b1a1_deltaR
12:57 madminer.utils.inter DEBUG     4847 / 14774 events pass required observable m_tot
12:57 madminer.utils.inter DEBUG     5288 / 14774 events pass required observable pt_bb
12:57 madminer.utils.inter DEBUG     13513 / 14774 events pass required observable pt_aa
12:57 madminer.utils.inter DEBUG     5288 / 14774 events pass required observable m_bb
12:57 madminer.utils.inter DEBUG     13513 / 14774 events pass required observable m_aa
12:57 madminer.utils.inter DEBUG     14594 / 14774 events pass cut Cut(name='CUT', val_expression='a0_pt>30', is_required=False)
12:57 madminer.utils.inter DEBUG     11790 / 14774 events pass cut Cut(name='CUT', val_expression='a1_pt>30', is_required=False)
12:57 madminer.utils.inter DEBUG     12287 / 14774 events pass cut Cut(name='CUT', val_expression='b0_pt>30', is_required=False)
12:57 madminer.utils.inter DEBUG     4385 / 14774 events pass cut Cut(name='CUT', val_expression='b1_pt>30', is_required=False)
12:57 madminer.utils.inter DEBUG     14171 / 14774 events pass cut Cut(name='CUT', val_expression='abs(a0_eta)<2.4', is_required=False)
12:57 madminer.utils.inter DEBUG     12756 / 14774 events pass cut Cut(name='CUT', val_expression='abs(a1_eta)<2.4', is_required=False)
12:57 madminer.utils.inter DEBUG     12022 / 14774 events pass cut Cut(name='CUT', val_expression='abs(b0_eta)<2.4', is_required=False)
12:57 madminer.utils.inter DEBUG     4938 / 14774 events pass cut Cut(name='CUT', val_expression='abs(b1_eta)<2.4', is_required=False)
12:57 madminer.utils.inter DEBUG     5288 / 14774 events pass cut Cut(name='CUT', val_expression='bb_deltaR>0.4', is_required=False)
12:57 madminer.utils.inter DEBUG     13507 / 14774 events pass cut Cut(name='CUT', val_expression='aa_deltaR>0.4', is_required=False)
12:57 madminer.utils.inter DEBUG     5254 / 14774 events pass cut Cut(name='CUT', val_expression='b0a0_deltaR>1', is_required=False)
12:57 madminer.utils.inter DEBUG     4765 / 14774 events pass cut Cut(name='CUT', val_expression='b0a1_deltaR>1', is_required=False)
12:57 madminer.utils.inter DEBUG     5217 / 14774 events pass cut Cut(name='CUT', val_expression='b1a0_deltaR>1', is_required=False)
12:57 madminer.utils.inter DEBUG     4750 / 14774 events pass cut Cut(name='CUT', val_expression='b1a1_deltaR>1', is_required=False)
12:57 madminer.utils.inter DEBUG     1981 / 14774 events pass cut Cut(name='CUT', val_expression='abs(m_bb-125)<25', is_required=False)
12:57 madminer.utils.inter DEBUG     6207 / 14774 events pass cut Cut(name='CUT', val_expression='abs(m_aa-125)<3', is_required=False)
12:57 madminer.utils.inter DEBUG     5054 / 14774 events pass cut Cut(name='CUT', val_expression='num_bjets==2', is_required=False)
12:57 madminer.utils.inter DEBUG     11058 / 14774 events pass cut Cut(name='CUT', val_expression='aa_deltaR<2', is_required=False)
12:57 madminer.utils.inter INFO      494 / 14774 events pass everything
12:57 madminer.delphes.del DEBUG   Did not extract weights from Delphes file
12:57 madminer.delphes.del DEBUG   Found 494 events
12:57 madminer.delphes.del DEBUG   Extracting weights from LHE file
12:57 madminer.utils.inter DEBUG   Parsing LHE file /vols/cms/us322/02b_final_events_14_new/background/batch_73//run_01/unweighted_events.lhe.gz
12:57 madminer.utils.inter DEBUG   Parsing header and events as XML with ElementTree
12:57 madminer.utils.inter DEBUG   Found entry event_norm = average in LHE header. Interpreting this as weight_norm_is_average = True.
12:57 madminer.utils.inter DEBUG   Event 1 passes observations, passes cuts, passes efficiencies -> passes
12:57 madminer.utils.inter DEBUG   Event 2 passes observations, passes cuts, passes efficiencies -> passes
12:57 madminer.utils.inter DEBUG   Event 3 passes observations, passes cuts, passes efficiencies -> passes
12:57 madminer.utils.inter DEBUG   Event 4 passes observations, passes cuts, passes efficiencies -> passes
12:57 madminer.utils.inter DEBUG   Event 5 passes observations, passes cuts, passes efficiencies -> passes
12:57 madminer.utils.inter DEBUG   Event 6 passes observations, passes cuts, passes efficiencies -> passes
12:57 madminer.utils.inter DEBUG   Event 7 passes observations, passes cuts, passes efficiencies -> passes
12:57 madminer.utils.inter DEBUG   Event 8 passes observations, passes cuts, passes efficiencies -> passes
12:57 madminer.utils.inter DEBUG   Event 9 passes observations, passes cuts, passes efficiencies -> passes
12:57 madminer.utils.inter DEBUG   Event 10 passes observations, passes cuts, passes efficiencies -> passes
12:57 madminer.utils.inter DEBUG   Event 11 passes observations, passes cuts, passes efficiencies -> passes
12:57 madminer.utils.inter DEBUG   Event 12 passes observations, passes cuts, passes efficiencies -> passes
12:57 madminer.utils.inter DEBUG   Event 13 passes observations, passes cuts, passes efficiencies -> passes
12:57 madminer.utils.inter DEBUG   Event 14 passes observations, passes cuts, passes efficiencies -> passes
12:57 madminer.utils.inter DEBUG   Event 15 passes observations, passes cuts, passes efficiencies -> passes
12:57 madminer.utils.inter DEBUG   Event 16 passes observations, passes cuts, passes efficiencies -> passes
12:57 madminer.utils.inter DEBUG   Event 17 passes observations, passes cuts, passes efficiencies -> passes
12:57 madminer.utils.inter DEBUG   Event 18 passes observations, passes cuts, passes efficiencies -> passes
12:57 madminer.utils.inter DEBUG   Event 19 passes observations, passes cuts, passes efficiencies -> passes
12:57 madminer.utils.inter DEBUG   Event 20 passes observations, passes cuts, passes efficiencies -> passes
13:03 madminer.delphes.del DEBUG   Found weights ['sm', 'morphing_basis_vector_1', 'morphing_basis_vector_2', 'morphing_basis_vector_3', 'morphing_basis_vector_4', 'morphing_basis_vector_5', 'morphing_basis_vector_6', 'morphing_basis_vector_7', 'morphing_basis_vector_8', 'morphing_basis_vector_9'] in LHE file
13:03 madminer.delphes.del DEBUG   Applying Delphes-based cuts to LHE weights
Traceback (most recent call last):
  File "03a_read_delphes.py", line 276, in <module>
    delphes.analyse_delphes_samples()
  File "/vols/cms/us322/nsbi_for_dihiggs/madminer/madminer/delphes/delphes_reader.py", line 632, in analyse_delphes_samples
    this_observations, this_weights, this_n_events = self._analyse_delphes_sample(
  File "/vols/cms/us322/nsbi_for_dihiggs/madminer/madminer/delphes/delphes_reader.py", line 820, in _analyse_delphes_sample
    this_weights[key] = weights[cut_filter]
IndexError: boolean index did not match indexed array along dimension 0; dimension is 25000 but corresponding boolean dimension is 14774
